<?xml version="1.0" encoding="UTF-8"?>
<testsuite xmlns:xsi="http://www.w3.org/2001/XMLSchema-instance" xsi:noNamespaceSchemaLocation="https://maven.apache.org/surefire/maven-surefire-plugin/xsd/surefire-test-report-3.0.xsd" version="3.0" name="com.example.chatapp.engine.OllamaChatEngineIntegrationTest" time="5.889" tests="2" errors="0" skipped="0" failures="0">
  <properties>
    <property name="java.specification.version" value="21"/>
    <property name="sun.jnu.encoding" value="UTF-8"/>
    <property name="java.class.path" value="/Users/manoj/Documents/GitHub/react-springboot-chat-app/backend/integration-test/target/test-classes:/Users/manoj/Documents/GitHub/react-springboot-chat-app/backend/integration-test/target/classes:/Users/manoj/Documents/GitHub/react-springboot-chat-app/backend/app/target/chatapp-1.0-SNAPSHOT.jar:/Users/manoj/.m2/repository/org/springframework/boot/spring-boot-starter-web/2.6.6/spring-boot-starter-web-2.6.6.jar:/Users/manoj/.m2/repository/org/springframework/boot/spring-boot-starter-json/2.6.6/spring-boot-starter-json-2.6.6.jar:/Users/manoj/.m2/repository/com/fasterxml/jackson/datatype/jackson-datatype-jdk8/2.13.2/jackson-datatype-jdk8-2.13.2.jar:/Users/manoj/.m2/repository/com/fasterxml/jackson/datatype/jackson-datatype-jsr310/2.13.2/jackson-datatype-jsr310-2.13.2.jar:/Users/manoj/.m2/repository/com/fasterxml/jackson/module/jackson-module-parameter-names/2.13.2/jackson-module-parameter-names-2.13.2.jar:/Users/manoj/.m2/repository/org/springframework/boot/spring-boot-starter-tomcat/2.6.6/spring-boot-starter-tomcat-2.6.6.jar:/Users/manoj/.m2/repository/org/apache/tomcat/embed/tomcat-embed-core/9.0.60/tomcat-embed-core-9.0.60.jar:/Users/manoj/.m2/repository/org/apache/tomcat/embed/tomcat-embed-websocket/9.0.60/tomcat-embed-websocket-9.0.60.jar:/Users/manoj/.m2/repository/org/springframework/spring-web/5.3.18/spring-web-5.3.18.jar:/Users/manoj/.m2/repository/org/springframework/spring-beans/5.3.18/spring-beans-5.3.18.jar:/Users/manoj/.m2/repository/org/springframework/spring-webmvc/5.3.18/spring-webmvc-5.3.18.jar:/Users/manoj/.m2/repository/org/springframework/spring-aop/5.3.18/spring-aop-5.3.18.jar:/Users/manoj/.m2/repository/org/springframework/spring-context/5.3.18/spring-context-5.3.18.jar:/Users/manoj/.m2/repository/org/springframework/spring-expression/5.3.18/spring-expression-5.3.18.jar:/Users/manoj/.m2/repository/org/springframework/boot/spring-boot-starter/2.6.6/spring-boot-starter-2.6.6.jar:/Users/manoj/.m2/repository/org/springframework/boot/spring-boot/2.6.6/spring-boot-2.6.6.jar:/Users/manoj/.m2/repository/org/springframework/boot/spring-boot-autoconfigure/2.6.6/spring-boot-autoconfigure-2.6.6.jar:/Users/manoj/.m2/repository/org/springframework/boot/spring-boot-starter-logging/2.6.6/spring-boot-starter-logging-2.6.6.jar:/Users/manoj/.m2/repository/ch/qos/logback/logback-classic/1.2.11/logback-classic-1.2.11.jar:/Users/manoj/.m2/repository/ch/qos/logback/logback-core/1.2.11/logback-core-1.2.11.jar:/Users/manoj/.m2/repository/org/apache/logging/log4j/log4j-to-slf4j/2.17.2/log4j-to-slf4j-2.17.2.jar:/Users/manoj/.m2/repository/org/apache/logging/log4j/log4j-api/2.17.2/log4j-api-2.17.2.jar:/Users/manoj/.m2/repository/org/slf4j/jul-to-slf4j/1.7.36/jul-to-slf4j-1.7.36.jar:/Users/manoj/.m2/repository/jakarta/annotation/jakarta.annotation-api/1.3.5/jakarta.annotation-api-1.3.5.jar:/Users/manoj/.m2/repository/org/yaml/snakeyaml/1.29/snakeyaml-1.29.jar:/Users/manoj/.m2/repository/org/springframework/cloud/spring-cloud-starter-openfeign/3.1.7/spring-cloud-starter-openfeign-3.1.7.jar:/Users/manoj/.m2/repository/org/springframework/cloud/spring-cloud-starter/3.1.6/spring-cloud-starter-3.1.6.jar:/Users/manoj/.m2/repository/org/springframework/cloud/spring-cloud-context/3.1.6/spring-cloud-context-3.1.6.jar:/Users/manoj/.m2/repository/org/springframework/security/spring-security-rsa/1.0.11.RELEASE/spring-security-rsa-1.0.11.RELEASE.jar:/Users/manoj/.m2/repository/org/bouncycastle/bcpkix-jdk15on/1.69/bcpkix-jdk15on-1.69.jar:/Users/manoj/.m2/repository/org/bouncycastle/bcprov-jdk15on/1.69/bcprov-jdk15on-1.69.jar:/Users/manoj/.m2/repository/org/bouncycastle/bcutil-jdk15on/1.69/bcutil-jdk15on-1.69.jar:/Users/manoj/.m2/repository/org/springframework/cloud/spring-cloud-openfeign-core/3.1.7/spring-cloud-openfeign-core-3.1.7.jar:/Users/manoj/.m2/repository/org/springframework/boot/spring-boot-starter-aop/2.6.6/spring-boot-starter-aop-2.6.6.jar:/Users/manoj/.m2/repository/org/aspectj/aspectjweaver/1.9.7/aspectjweaver-1.9.7.jar:/Users/manoj/.m2/repository/io/github/openfeign/form/feign-form-spring/3.8.0/feign-form-spring-3.8.0.jar:/Users/manoj/.m2/repository/io/github/openfeign/form/feign-form/3.8.0/feign-form-3.8.0.jar:/Users/manoj/.m2/repository/commons-fileupload/commons-fileupload/1.4/commons-fileupload-1.4.jar:/Users/manoj/.m2/repository/org/springframework/cloud/spring-cloud-commons/3.1.6/spring-cloud-commons-3.1.6.jar:/Users/manoj/.m2/repository/org/springframework/security/spring-security-crypto/5.6.2/spring-security-crypto-5.6.2.jar:/Users/manoj/.m2/repository/io/github/openfeign/feign-core/11.10/feign-core-11.10.jar:/Users/manoj/.m2/repository/io/github/openfeign/feign-slf4j/11.10/feign-slf4j-11.10.jar:/Users/manoj/.m2/repository/org/springframework/boot/spring-boot-starter-validation/2.6.6/spring-boot-starter-validation-2.6.6.jar:/Users/manoj/.m2/repository/org/apache/tomcat/embed/tomcat-embed-el/9.0.60/tomcat-embed-el-9.0.60.jar:/Users/manoj/.m2/repository/org/hibernate/validator/hibernate-validator/6.2.3.Final/hibernate-validator-6.2.3.Final.jar:/Users/manoj/.m2/repository/jakarta/validation/jakarta.validation-api/2.0.2/jakarta.validation-api-2.0.2.jar:/Users/manoj/.m2/repository/org/jboss/logging/jboss-logging/3.4.3.Final/jboss-logging-3.4.3.Final.jar:/Users/manoj/.m2/repository/com/fasterxml/classmate/1.5.1/classmate-1.5.1.jar:/Users/manoj/.m2/repository/com/github/spotbugs/spotbugs-annotations/4.9.3/spotbugs-annotations-4.9.3.jar:/Users/manoj/.m2/repository/com/google/code/findbugs/jsr305/3.0.2/jsr305-3.0.2.jar:/Users/manoj/.m2/repository/org/junit/jupiter/junit-jupiter/5.9.3/junit-jupiter-5.9.3.jar:/Users/manoj/.m2/repository/org/junit/jupiter/junit-jupiter-api/5.8.2/junit-jupiter-api-5.8.2.jar:/Users/manoj/.m2/repository/org/opentest4j/opentest4j/1.2.0/opentest4j-1.2.0.jar:/Users/manoj/.m2/repository/org/junit/platform/junit-platform-commons/1.8.2/junit-platform-commons-1.8.2.jar:/Users/manoj/.m2/repository/org/apiguardian/apiguardian-api/1.1.2/apiguardian-api-1.1.2.jar:/Users/manoj/.m2/repository/org/junit/jupiter/junit-jupiter-params/5.8.2/junit-jupiter-params-5.8.2.jar:/Users/manoj/.m2/repository/org/junit/jupiter/junit-jupiter-engine/5.8.2/junit-jupiter-engine-5.8.2.jar:/Users/manoj/.m2/repository/org/junit/platform/junit-platform-engine/1.8.2/junit-platform-engine-1.8.2.jar:/Users/manoj/.m2/repository/org/testcontainers/junit-jupiter/1.19.7/junit-jupiter-1.19.7.jar:/Users/manoj/.m2/repository/org/testcontainers/testcontainers/1.19.7/testcontainers-1.19.7.jar:/Users/manoj/.m2/repository/junit/junit/4.13.2/junit-4.13.2.jar:/Users/manoj/.m2/repository/org/hamcrest/hamcrest-core/2.2/hamcrest-core-2.2.jar:/Users/manoj/.m2/repository/org/apache/commons/commons-compress/1.24.0/commons-compress-1.24.0.jar:/Users/manoj/.m2/repository/org/rnorth/duct-tape/duct-tape/1.0.8/duct-tape-1.0.8.jar:/Users/manoj/.m2/repository/org/jetbrains/annotations/17.0.0/annotations-17.0.0.jar:/Users/manoj/.m2/repository/com/github/docker-java/docker-java-api/3.3.6/docker-java-api-3.3.6.jar:/Users/manoj/.m2/repository/com/github/docker-java/docker-java-transport-zerodep/3.3.6/docker-java-transport-zerodep-3.3.6.jar:/Users/manoj/.m2/repository/com/github/docker-java/docker-java-transport/3.3.6/docker-java-transport-3.3.6.jar:/Users/manoj/.m2/repository/net/java/dev/jna/jna/5.13.0/jna-5.13.0.jar:/Users/manoj/.m2/repository/org/testcontainers/mockserver/1.19.7/mockserver-1.19.7.jar:/Users/manoj/.m2/repository/org/mock-server/mockserver-client-java/5.15.0/mockserver-client-java-5.15.0.jar:/Users/manoj/.m2/repository/org/mock-server/mockserver-core/5.15.0/mockserver-core-5.15.0.jar:/Users/manoj/.m2/repository/com/lmax/disruptor/3.4.4/disruptor-3.4.4.jar:/Users/manoj/.m2/repository/javax/servlet/javax.servlet-api/4.0.1/javax.servlet-api-4.0.1.jar:/Users/manoj/.m2/repository/io/netty/netty-buffer/4.1.75.Final/netty-buffer-4.1.75.Final.jar:/Users/manoj/.m2/repository/io/netty/netty-common/4.1.75.Final/netty-common-4.1.75.Final.jar:/Users/manoj/.m2/repository/io/netty/netty-codec/4.1.75.Final/netty-codec-4.1.75.Final.jar:/Users/manoj/.m2/repository/io/netty/netty-codec-http/4.1.75.Final/netty-codec-http-4.1.75.Final.jar:/Users/manoj/.m2/repository/io/netty/netty-codec-http2/4.1.75.Final/netty-codec-http2-4.1.75.Final.jar:/Users/manoj/.m2/repository/io/netty/netty-codec-socks/4.1.75.Final/netty-codec-socks-4.1.75.Final.jar:/Users/manoj/.m2/repository/io/netty/netty-handler/4.1.75.Final/netty-handler-4.1.75.Final.jar:/Users/manoj/.m2/repository/io/netty/netty-resolver/4.1.75.Final/netty-resolver-4.1.75.Final.jar:/Users/manoj/.m2/repository/io/netty/netty-handler-proxy/4.1.75.Final/netty-handler-proxy-4.1.75.Final.jar:/Users/manoj/.m2/repository/io/netty/netty-transport/4.1.75.Final/netty-transport-4.1.75.Final.jar:/Users/manoj/.m2/repository/io/netty/netty-tcnative-boringssl-static/2.0.51.Final/netty-tcnative-boringssl-static-2.0.51.Final.jar:/Users/manoj/.m2/repository/io/netty/netty-tcnative-classes/2.0.51.Final/netty-tcnative-classes-2.0.51.Final.jar:/Users/manoj/.m2/repository/io/netty/netty-tcnative-boringssl-static/2.0.51.Final/netty-tcnative-boringssl-static-2.0.51.Final-linux-x86_64.jar:/Users/manoj/.m2/repository/io/netty/netty-tcnative-boringssl-static/2.0.51.Final/netty-tcnative-boringssl-static-2.0.51.Final-linux-aarch_64.jar:/Users/manoj/.m2/repository/io/netty/netty-tcnative-boringssl-static/2.0.51.Final/netty-tcnative-boringssl-static-2.0.51.Final-osx-x86_64.jar:/Users/manoj/.m2/repository/io/netty/netty-tcnative-boringssl-static/2.0.51.Final/netty-tcnative-boringssl-static-2.0.51.Final-osx-aarch_64.jar:/Users/manoj/.m2/repository/io/netty/netty-tcnative-boringssl-static/2.0.51.Final/netty-tcnative-boringssl-static-2.0.51.Final-windows-x86_64.jar:/Users/manoj/.m2/repository/com/jcraft/jzlib/1.1.3/jzlib-1.1.3.jar:/Users/manoj/.m2/repository/com/fasterxml/uuid/java-uuid-generator/4.1.0/java-uuid-generator-4.1.0.jar:/Users/manoj/.m2/repository/org/bouncycastle/bcprov-jdk18on/1.72/bcprov-jdk18on-1.72.jar:/Users/manoj/.m2/repository/org/bouncycastle/bcpkix-jdk18on/1.72/bcpkix-jdk18on-1.72.jar:/Users/manoj/.m2/repository/org/bouncycastle/bcutil-jdk18on/1.72/bcutil-jdk18on-1.72.jar:/Users/manoj/.m2/repository/com/nimbusds/nimbus-jose-jwt/9.28/nimbus-jose-jwt-9.28.jar:/Users/manoj/.m2/repository/com/github/stephenc/jcip/jcip-annotations/1.0-1/jcip-annotations-1.0-1.jar:/Users/manoj/.m2/repository/org/apache/velocity/velocity-engine-scripting/2.3/velocity-engine-scripting-2.3.jar:/Users/manoj/.m2/repository/org/apache/velocity/velocity-engine-core/2.3/velocity-engine-core-2.3.jar:/Users/manoj/.m2/repository/org/apache/velocity/tools/velocity-tools-generic/3.1/velocity-tools-generic-3.1.jar:/Users/manoj/.m2/repository/commons-beanutils/commons-beanutils/1.9.4/commons-beanutils-1.9.4.jar:/Users/manoj/.m2/repository/commons-logging/commons-logging/1.2/commons-logging-1.2.jar:/Users/manoj/.m2/repository/commons-collections/commons-collections/3.2.2/commons-collections-3.2.2.jar:/Users/manoj/.m2/repository/org/apache/commons/commons-digester3/3.2/commons-digester3-3.2.jar:/Users/manoj/.m2/repository/com/github/cliftonlabs/json-simple/3.0.2/json-simple-3.0.2.jar:/Users/manoj/.m2/repository/com/samskivert/jmustache/1.15/jmustache-1.15.jar:/Users/manoj/.m2/repository/com/fasterxml/jackson/core/jackson-core/2.13.2/jackson-core-2.13.2.jar:/Users/manoj/.m2/repository/com/fasterxml/jackson/core/jackson-annotations/2.13.2/jackson-annotations-2.13.2.jar:/Users/manoj/.m2/repository/com/fasterxml/jackson/core/jackson-databind/2.13.2.2/jackson-databind-2.13.2.2.jar:/Users/manoj/.m2/repository/net/javacrumbs/json-unit/json-unit-core/2.36.0/json-unit-core-2.36.0.jar:/Users/manoj/.m2/repository/com/networknt/json-schema-validator/1.0.76/json-schema-validator-1.0.76.jar:/Users/manoj/.m2/repository/com/ethlo/time/itu/1.7.0/itu-1.7.0.jar:/Users/manoj/.m2/repository/io/swagger/parser/v3/swagger-parser/2.1.10/swagger-parser-2.1.10.jar:/Users/manoj/.m2/repository/io/swagger/parser/v3/swagger-parser-v2-converter/2.1.10/swagger-parser-v2-converter-2.1.10.jar:/Users/manoj/.m2/repository/io/swagger/swagger-core/1.6.9/swagger-core-1.6.9.jar:/Users/manoj/.m2/repository/io/swagger/swagger-models/1.6.9/swagger-models-1.6.9.jar:/Users/manoj/.m2/repository/io/swagger/swagger-annotations/1.6.9/swagger-annotations-1.6.9.jar:/Users/manoj/.m2/repository/io/swagger/swagger-parser/1.0.64/swagger-parser-1.0.64.jar:/Users/manoj/.m2/repository/io/swagger/swagger-compat-spec-parser/1.0.64/swagger-compat-spec-parser-1.0.64.jar:/Users/manoj/.m2/repository/com/github/java-json-tools/json-schema-validator/2.2.14/json-schema-validator-2.2.14.jar:/Users/manoj/.m2/repository/com/github/java-json-tools/jackson-coreutils-equivalence/1.0/jackson-coreutils-equivalence-1.0.jar:/Users/manoj/.m2/repository/com/github/java-json-tools/json-schema-core/1.2.14/json-schema-core-1.2.14.jar:/Users/manoj/.m2/repository/com/github/java-json-tools/uri-template/0.10/uri-template-0.10.jar:/Users/manoj/.m2/repository/org/mozilla/rhino/1.7.7.2/rhino-1.7.7.2.jar:/Users/manoj/.m2/repository/com/sun/mail/mailapi/1.6.2/mailapi-1.6.2.jar:/Users/manoj/.m2/repository/joda-time/joda-time/2.10.5/joda-time-2.10.5.jar:/Users/manoj/.m2/repository/com/googlecode/libphonenumber/libphonenumber/8.11.1/libphonenumber-8.11.1.jar:/Users/manoj/.m2/repository/net/sf/jopt-simple/jopt-simple/5.0.4/jopt-simple-5.0.4.jar:/Users/manoj/.m2/repository/com/github/java-json-tools/json-patch/1.13/json-patch-1.13.jar:/Users/manoj/.m2/repository/com/github/java-json-tools/msg-simple/1.2/msg-simple-1.2.jar:/Users/manoj/.m2/repository/com/github/java-json-tools/btf/1.3/btf-1.3.jar:/Users/manoj/.m2/repository/com/github/java-json-tools/jackson-coreutils/2.0/jackson-coreutils-2.0.jar:/Users/manoj/.m2/repository/org/apache/httpcomponents/httpclient/4.5.13/httpclient-4.5.13.jar:/Users/manoj/.m2/repository/org/apache/httpcomponents/httpcore/4.4.15/httpcore-4.4.15.jar:/Users/manoj/.m2/repository/io/swagger/core/v3/swagger-models/2.2.8/swagger-models-2.2.8.jar:/Users/manoj/.m2/repository/io/swagger/parser/v3/swagger-parser-core/2.1.10/swagger-parser-core-2.1.10.jar:/Users/manoj/.m2/repository/io/swagger/parser/v3/swagger-parser-v3/2.1.10/swagger-parser-v3-2.1.10.jar:/Users/manoj/.m2/repository/io/swagger/core/v3/swagger-core/2.2.8/swagger-core-2.2.8.jar:/Users/manoj/.m2/repository/io/swagger/core/v3/swagger-annotations/2.2.8/swagger-annotations-2.2.8.jar:/Users/manoj/.m2/repository/com/fasterxml/jackson/dataformat/jackson-dataformat-yaml/2.13.2/jackson-dataformat-yaml-2.13.2.jar:/Users/manoj/.m2/repository/com/sun/xml/bind/jaxb-impl/4.0.1/jaxb-impl-4.0.1.jar:/Users/manoj/.m2/repository/com/sun/xml/bind/jaxb-core/4.0.1/jaxb-core-4.0.1.jar:/Users/manoj/.m2/repository/org/eclipse/angus/angus-activation/1.0.0/angus-activation-1.0.0.jar:/Users/manoj/.m2/repository/org/xmlunit/xmlunit-placeholders/2.8.4/xmlunit-placeholders-2.8.4.jar:/Users/manoj/.m2/repository/commons-io/commons-io/2.11.0/commons-io-2.11.0.jar:/Users/manoj/.m2/repository/org/apache/commons/commons-text/1.10.0/commons-text-1.10.0.jar:/Users/manoj/.m2/repository/commons-codec/commons-codec/1.15/commons-codec-1.15.jar:/Users/manoj/.m2/repository/io/github/classgraph/classgraph/4.8.154/classgraph-4.8.154.jar:/Users/manoj/.m2/repository/io/prometheus/simpleclient/0.12.0/simpleclient-0.12.0.jar:/Users/manoj/.m2/repository/io/prometheus/simpleclient_tracer_otel/0.12.0/simpleclient_tracer_otel-0.12.0.jar:/Users/manoj/.m2/repository/io/prometheus/simpleclient_tracer_common/0.12.0/simpleclient_tracer_common-0.12.0.jar:/Users/manoj/.m2/repository/io/prometheus/simpleclient_tracer_otel_agent/0.12.0/simpleclient_tracer_otel_agent-0.12.0.jar:/Users/manoj/.m2/repository/io/prometheus/simpleclient_httpserver/0.12.0/simpleclient_httpserver-0.12.0.jar:/Users/manoj/.m2/repository/io/prometheus/simpleclient_common/0.12.0/simpleclient_common-0.12.0.jar:/Users/manoj/.m2/repository/org/apache/commons/commons-lang3/3.12.0/commons-lang3-3.12.0.jar:/Users/manoj/.m2/repository/com/google/guava/guava/31.1-jre/guava-31.1-jre.jar:/Users/manoj/.m2/repository/com/google/guava/failureaccess/1.0.1/failureaccess-1.0.1.jar:/Users/manoj/.m2/repository/com/google/guava/listenablefuture/9999.0-empty-to-avoid-conflict-with-guava/listenablefuture-9999.0-empty-to-avoid-conflict-with-guava.jar:/Users/manoj/.m2/repository/org/checkerframework/checker-qual/3.12.0/checker-qual-3.12.0.jar:/Users/manoj/.m2/repository/com/google/errorprone/error_prone_annotations/2.11.0/error_prone_annotations-2.11.0.jar:/Users/manoj/.m2/repository/com/google/j2objc/j2objc-annotations/1.3/j2objc-annotations-1.3.jar:/Users/manoj/.m2/repository/org/slf4j/slf4j-api/1.7.36/slf4j-api-1.7.36.jar:/Users/manoj/.m2/repository/org/springframework/boot/spring-boot-starter-test/2.6.6/spring-boot-starter-test-2.6.6.jar:/Users/manoj/.m2/repository/org/springframework/boot/spring-boot-test/2.6.6/spring-boot-test-2.6.6.jar:/Users/manoj/.m2/repository/org/springframework/boot/spring-boot-test-autoconfigure/2.6.6/spring-boot-test-autoconfigure-2.6.6.jar:/Users/manoj/.m2/repository/com/jayway/jsonpath/json-path/2.6.0/json-path-2.6.0.jar:/Users/manoj/.m2/repository/net/minidev/json-smart/2.4.8/json-smart-2.4.8.jar:/Users/manoj/.m2/repository/net/minidev/accessors-smart/2.4.8/accessors-smart-2.4.8.jar:/Users/manoj/.m2/repository/org/ow2/asm/asm/9.1/asm-9.1.jar:/Users/manoj/.m2/repository/jakarta/xml/bind/jakarta.xml.bind-api/2.3.3/jakarta.xml.bind-api-2.3.3.jar:/Users/manoj/.m2/repository/jakarta/activation/jakarta.activation-api/1.2.2/jakarta.activation-api-1.2.2.jar:/Users/manoj/.m2/repository/org/assertj/assertj-core/3.21.0/assertj-core-3.21.0.jar:/Users/manoj/.m2/repository/org/hamcrest/hamcrest/2.2/hamcrest-2.2.jar:/Users/manoj/.m2/repository/org/mockito/mockito-core/4.0.0/mockito-core-4.0.0.jar:/Users/manoj/.m2/repository/net/bytebuddy/byte-buddy/1.11.22/byte-buddy-1.11.22.jar:/Users/manoj/.m2/repository/net/bytebuddy/byte-buddy-agent/1.11.22/byte-buddy-agent-1.11.22.jar:/Users/manoj/.m2/repository/org/objenesis/objenesis/3.2/objenesis-3.2.jar:/Users/manoj/.m2/repository/org/mockito/mockito-junit-jupiter/4.0.0/mockito-junit-jupiter-4.0.0.jar:/Users/manoj/.m2/repository/org/skyscreamer/jsonassert/1.5.0/jsonassert-1.5.0.jar:/Users/manoj/.m2/repository/com/vaadin/external/google/android-json/0.0.20131108.vaadin1/android-json-0.0.20131108.vaadin1.jar:/Users/manoj/.m2/repository/org/springframework/spring-core/5.3.18/spring-core-5.3.18.jar:/Users/manoj/.m2/repository/org/springframework/spring-jcl/5.3.18/spring-jcl-5.3.18.jar:/Users/manoj/.m2/repository/org/springframework/spring-test/5.3.18/spring-test-5.3.18.jar:/Users/manoj/.m2/repository/org/xmlunit/xmlunit-core/2.8.4/xmlunit-core-2.8.4.jar:"/>
    <property name="java.vm.vendor" value="Eclipse Adoptium"/>
    <property name="sun.arch.data.model" value="64"/>
    <property name="java.vendor.url" value="https://adoptium.net/"/>
    <property name="user.timezone" value="Europe/Dublin"/>
    <property name="os.name" value="Mac OS X"/>
    <property name="java.vm.specification.version" value="21"/>
    <property name="sun.java.launcher" value="SUN_STANDARD"/>
    <property name="user.country" value="IE"/>
    <property name="sun.boot.library.path" value="/Library/Java/JavaVirtualMachines/temurin-21.jdk/Contents/Home/lib"/>
    <property name="sun.java.command" value="/Users/manoj/Documents/GitHub/react-springboot-chat-app/backend/integration-test/target/surefire/surefirebooter-20250626174347222_3.jar /Users/manoj/Documents/GitHub/react-springboot-chat-app/backend/integration-test/target/surefire 2025-06-26T17-43-47_145-jvmRun1 surefire-20250626174347222_1tmp surefire_0-20250626174347222_2tmp"/>
    <property name="http.nonProxyHosts" value="local|*.local|169.254/16|*.169.254/16"/>
    <property name="jdk.debug" value="release"/>
    <property name="surefire.test.class.path" value="/Users/manoj/Documents/GitHub/react-springboot-chat-app/backend/integration-test/target/test-classes:/Users/manoj/Documents/GitHub/react-springboot-chat-app/backend/integration-test/target/classes:/Users/manoj/Documents/GitHub/react-springboot-chat-app/backend/app/target/chatapp-1.0-SNAPSHOT.jar:/Users/manoj/.m2/repository/org/springframework/boot/spring-boot-starter-web/2.6.6/spring-boot-starter-web-2.6.6.jar:/Users/manoj/.m2/repository/org/springframework/boot/spring-boot-starter-json/2.6.6/spring-boot-starter-json-2.6.6.jar:/Users/manoj/.m2/repository/com/fasterxml/jackson/datatype/jackson-datatype-jdk8/2.13.2/jackson-datatype-jdk8-2.13.2.jar:/Users/manoj/.m2/repository/com/fasterxml/jackson/datatype/jackson-datatype-jsr310/2.13.2/jackson-datatype-jsr310-2.13.2.jar:/Users/manoj/.m2/repository/com/fasterxml/jackson/module/jackson-module-parameter-names/2.13.2/jackson-module-parameter-names-2.13.2.jar:/Users/manoj/.m2/repository/org/springframework/boot/spring-boot-starter-tomcat/2.6.6/spring-boot-starter-tomcat-2.6.6.jar:/Users/manoj/.m2/repository/org/apache/tomcat/embed/tomcat-embed-core/9.0.60/tomcat-embed-core-9.0.60.jar:/Users/manoj/.m2/repository/org/apache/tomcat/embed/tomcat-embed-websocket/9.0.60/tomcat-embed-websocket-9.0.60.jar:/Users/manoj/.m2/repository/org/springframework/spring-web/5.3.18/spring-web-5.3.18.jar:/Users/manoj/.m2/repository/org/springframework/spring-beans/5.3.18/spring-beans-5.3.18.jar:/Users/manoj/.m2/repository/org/springframework/spring-webmvc/5.3.18/spring-webmvc-5.3.18.jar:/Users/manoj/.m2/repository/org/springframework/spring-aop/5.3.18/spring-aop-5.3.18.jar:/Users/manoj/.m2/repository/org/springframework/spring-context/5.3.18/spring-context-5.3.18.jar:/Users/manoj/.m2/repository/org/springframework/spring-expression/5.3.18/spring-expression-5.3.18.jar:/Users/manoj/.m2/repository/org/springframework/boot/spring-boot-starter/2.6.6/spring-boot-starter-2.6.6.jar:/Users/manoj/.m2/repository/org/springframework/boot/spring-boot/2.6.6/spring-boot-2.6.6.jar:/Users/manoj/.m2/repository/org/springframework/boot/spring-boot-autoconfigure/2.6.6/spring-boot-autoconfigure-2.6.6.jar:/Users/manoj/.m2/repository/org/springframework/boot/spring-boot-starter-logging/2.6.6/spring-boot-starter-logging-2.6.6.jar:/Users/manoj/.m2/repository/ch/qos/logback/logback-classic/1.2.11/logback-classic-1.2.11.jar:/Users/manoj/.m2/repository/ch/qos/logback/logback-core/1.2.11/logback-core-1.2.11.jar:/Users/manoj/.m2/repository/org/apache/logging/log4j/log4j-to-slf4j/2.17.2/log4j-to-slf4j-2.17.2.jar:/Users/manoj/.m2/repository/org/apache/logging/log4j/log4j-api/2.17.2/log4j-api-2.17.2.jar:/Users/manoj/.m2/repository/org/slf4j/jul-to-slf4j/1.7.36/jul-to-slf4j-1.7.36.jar:/Users/manoj/.m2/repository/jakarta/annotation/jakarta.annotation-api/1.3.5/jakarta.annotation-api-1.3.5.jar:/Users/manoj/.m2/repository/org/yaml/snakeyaml/1.29/snakeyaml-1.29.jar:/Users/manoj/.m2/repository/org/springframework/cloud/spring-cloud-starter-openfeign/3.1.7/spring-cloud-starter-openfeign-3.1.7.jar:/Users/manoj/.m2/repository/org/springframework/cloud/spring-cloud-starter/3.1.6/spring-cloud-starter-3.1.6.jar:/Users/manoj/.m2/repository/org/springframework/cloud/spring-cloud-context/3.1.6/spring-cloud-context-3.1.6.jar:/Users/manoj/.m2/repository/org/springframework/security/spring-security-rsa/1.0.11.RELEASE/spring-security-rsa-1.0.11.RELEASE.jar:/Users/manoj/.m2/repository/org/bouncycastle/bcpkix-jdk15on/1.69/bcpkix-jdk15on-1.69.jar:/Users/manoj/.m2/repository/org/bouncycastle/bcprov-jdk15on/1.69/bcprov-jdk15on-1.69.jar:/Users/manoj/.m2/repository/org/bouncycastle/bcutil-jdk15on/1.69/bcutil-jdk15on-1.69.jar:/Users/manoj/.m2/repository/org/springframework/cloud/spring-cloud-openfeign-core/3.1.7/spring-cloud-openfeign-core-3.1.7.jar:/Users/manoj/.m2/repository/org/springframework/boot/spring-boot-starter-aop/2.6.6/spring-boot-starter-aop-2.6.6.jar:/Users/manoj/.m2/repository/org/aspectj/aspectjweaver/1.9.7/aspectjweaver-1.9.7.jar:/Users/manoj/.m2/repository/io/github/openfeign/form/feign-form-spring/3.8.0/feign-form-spring-3.8.0.jar:/Users/manoj/.m2/repository/io/github/openfeign/form/feign-form/3.8.0/feign-form-3.8.0.jar:/Users/manoj/.m2/repository/commons-fileupload/commons-fileupload/1.4/commons-fileupload-1.4.jar:/Users/manoj/.m2/repository/org/springframework/cloud/spring-cloud-commons/3.1.6/spring-cloud-commons-3.1.6.jar:/Users/manoj/.m2/repository/org/springframework/security/spring-security-crypto/5.6.2/spring-security-crypto-5.6.2.jar:/Users/manoj/.m2/repository/io/github/openfeign/feign-core/11.10/feign-core-11.10.jar:/Users/manoj/.m2/repository/io/github/openfeign/feign-slf4j/11.10/feign-slf4j-11.10.jar:/Users/manoj/.m2/repository/org/springframework/boot/spring-boot-starter-validation/2.6.6/spring-boot-starter-validation-2.6.6.jar:/Users/manoj/.m2/repository/org/apache/tomcat/embed/tomcat-embed-el/9.0.60/tomcat-embed-el-9.0.60.jar:/Users/manoj/.m2/repository/org/hibernate/validator/hibernate-validator/6.2.3.Final/hibernate-validator-6.2.3.Final.jar:/Users/manoj/.m2/repository/jakarta/validation/jakarta.validation-api/2.0.2/jakarta.validation-api-2.0.2.jar:/Users/manoj/.m2/repository/org/jboss/logging/jboss-logging/3.4.3.Final/jboss-logging-3.4.3.Final.jar:/Users/manoj/.m2/repository/com/fasterxml/classmate/1.5.1/classmate-1.5.1.jar:/Users/manoj/.m2/repository/com/github/spotbugs/spotbugs-annotations/4.9.3/spotbugs-annotations-4.9.3.jar:/Users/manoj/.m2/repository/com/google/code/findbugs/jsr305/3.0.2/jsr305-3.0.2.jar:/Users/manoj/.m2/repository/org/junit/jupiter/junit-jupiter/5.9.3/junit-jupiter-5.9.3.jar:/Users/manoj/.m2/repository/org/junit/jupiter/junit-jupiter-api/5.8.2/junit-jupiter-api-5.8.2.jar:/Users/manoj/.m2/repository/org/opentest4j/opentest4j/1.2.0/opentest4j-1.2.0.jar:/Users/manoj/.m2/repository/org/junit/platform/junit-platform-commons/1.8.2/junit-platform-commons-1.8.2.jar:/Users/manoj/.m2/repository/org/apiguardian/apiguardian-api/1.1.2/apiguardian-api-1.1.2.jar:/Users/manoj/.m2/repository/org/junit/jupiter/junit-jupiter-params/5.8.2/junit-jupiter-params-5.8.2.jar:/Users/manoj/.m2/repository/org/junit/jupiter/junit-jupiter-engine/5.8.2/junit-jupiter-engine-5.8.2.jar:/Users/manoj/.m2/repository/org/junit/platform/junit-platform-engine/1.8.2/junit-platform-engine-1.8.2.jar:/Users/manoj/.m2/repository/org/testcontainers/junit-jupiter/1.19.7/junit-jupiter-1.19.7.jar:/Users/manoj/.m2/repository/org/testcontainers/testcontainers/1.19.7/testcontainers-1.19.7.jar:/Users/manoj/.m2/repository/junit/junit/4.13.2/junit-4.13.2.jar:/Users/manoj/.m2/repository/org/hamcrest/hamcrest-core/2.2/hamcrest-core-2.2.jar:/Users/manoj/.m2/repository/org/apache/commons/commons-compress/1.24.0/commons-compress-1.24.0.jar:/Users/manoj/.m2/repository/org/rnorth/duct-tape/duct-tape/1.0.8/duct-tape-1.0.8.jar:/Users/manoj/.m2/repository/org/jetbrains/annotations/17.0.0/annotations-17.0.0.jar:/Users/manoj/.m2/repository/com/github/docker-java/docker-java-api/3.3.6/docker-java-api-3.3.6.jar:/Users/manoj/.m2/repository/com/github/docker-java/docker-java-transport-zerodep/3.3.6/docker-java-transport-zerodep-3.3.6.jar:/Users/manoj/.m2/repository/com/github/docker-java/docker-java-transport/3.3.6/docker-java-transport-3.3.6.jar:/Users/manoj/.m2/repository/net/java/dev/jna/jna/5.13.0/jna-5.13.0.jar:/Users/manoj/.m2/repository/org/testcontainers/mockserver/1.19.7/mockserver-1.19.7.jar:/Users/manoj/.m2/repository/org/mock-server/mockserver-client-java/5.15.0/mockserver-client-java-5.15.0.jar:/Users/manoj/.m2/repository/org/mock-server/mockserver-core/5.15.0/mockserver-core-5.15.0.jar:/Users/manoj/.m2/repository/com/lmax/disruptor/3.4.4/disruptor-3.4.4.jar:/Users/manoj/.m2/repository/javax/servlet/javax.servlet-api/4.0.1/javax.servlet-api-4.0.1.jar:/Users/manoj/.m2/repository/io/netty/netty-buffer/4.1.75.Final/netty-buffer-4.1.75.Final.jar:/Users/manoj/.m2/repository/io/netty/netty-common/4.1.75.Final/netty-common-4.1.75.Final.jar:/Users/manoj/.m2/repository/io/netty/netty-codec/4.1.75.Final/netty-codec-4.1.75.Final.jar:/Users/manoj/.m2/repository/io/netty/netty-codec-http/4.1.75.Final/netty-codec-http-4.1.75.Final.jar:/Users/manoj/.m2/repository/io/netty/netty-codec-http2/4.1.75.Final/netty-codec-http2-4.1.75.Final.jar:/Users/manoj/.m2/repository/io/netty/netty-codec-socks/4.1.75.Final/netty-codec-socks-4.1.75.Final.jar:/Users/manoj/.m2/repository/io/netty/netty-handler/4.1.75.Final/netty-handler-4.1.75.Final.jar:/Users/manoj/.m2/repository/io/netty/netty-resolver/4.1.75.Final/netty-resolver-4.1.75.Final.jar:/Users/manoj/.m2/repository/io/netty/netty-handler-proxy/4.1.75.Final/netty-handler-proxy-4.1.75.Final.jar:/Users/manoj/.m2/repository/io/netty/netty-transport/4.1.75.Final/netty-transport-4.1.75.Final.jar:/Users/manoj/.m2/repository/io/netty/netty-tcnative-boringssl-static/2.0.51.Final/netty-tcnative-boringssl-static-2.0.51.Final.jar:/Users/manoj/.m2/repository/io/netty/netty-tcnative-classes/2.0.51.Final/netty-tcnative-classes-2.0.51.Final.jar:/Users/manoj/.m2/repository/io/netty/netty-tcnative-boringssl-static/2.0.51.Final/netty-tcnative-boringssl-static-2.0.51.Final-linux-x86_64.jar:/Users/manoj/.m2/repository/io/netty/netty-tcnative-boringssl-static/2.0.51.Final/netty-tcnative-boringssl-static-2.0.51.Final-linux-aarch_64.jar:/Users/manoj/.m2/repository/io/netty/netty-tcnative-boringssl-static/2.0.51.Final/netty-tcnative-boringssl-static-2.0.51.Final-osx-x86_64.jar:/Users/manoj/.m2/repository/io/netty/netty-tcnative-boringssl-static/2.0.51.Final/netty-tcnative-boringssl-static-2.0.51.Final-osx-aarch_64.jar:/Users/manoj/.m2/repository/io/netty/netty-tcnative-boringssl-static/2.0.51.Final/netty-tcnative-boringssl-static-2.0.51.Final-windows-x86_64.jar:/Users/manoj/.m2/repository/com/jcraft/jzlib/1.1.3/jzlib-1.1.3.jar:/Users/manoj/.m2/repository/com/fasterxml/uuid/java-uuid-generator/4.1.0/java-uuid-generator-4.1.0.jar:/Users/manoj/.m2/repository/org/bouncycastle/bcprov-jdk18on/1.72/bcprov-jdk18on-1.72.jar:/Users/manoj/.m2/repository/org/bouncycastle/bcpkix-jdk18on/1.72/bcpkix-jdk18on-1.72.jar:/Users/manoj/.m2/repository/org/bouncycastle/bcutil-jdk18on/1.72/bcutil-jdk18on-1.72.jar:/Users/manoj/.m2/repository/com/nimbusds/nimbus-jose-jwt/9.28/nimbus-jose-jwt-9.28.jar:/Users/manoj/.m2/repository/com/github/stephenc/jcip/jcip-annotations/1.0-1/jcip-annotations-1.0-1.jar:/Users/manoj/.m2/repository/org/apache/velocity/velocity-engine-scripting/2.3/velocity-engine-scripting-2.3.jar:/Users/manoj/.m2/repository/org/apache/velocity/velocity-engine-core/2.3/velocity-engine-core-2.3.jar:/Users/manoj/.m2/repository/org/apache/velocity/tools/velocity-tools-generic/3.1/velocity-tools-generic-3.1.jar:/Users/manoj/.m2/repository/commons-beanutils/commons-beanutils/1.9.4/commons-beanutils-1.9.4.jar:/Users/manoj/.m2/repository/commons-logging/commons-logging/1.2/commons-logging-1.2.jar:/Users/manoj/.m2/repository/commons-collections/commons-collections/3.2.2/commons-collections-3.2.2.jar:/Users/manoj/.m2/repository/org/apache/commons/commons-digester3/3.2/commons-digester3-3.2.jar:/Users/manoj/.m2/repository/com/github/cliftonlabs/json-simple/3.0.2/json-simple-3.0.2.jar:/Users/manoj/.m2/repository/com/samskivert/jmustache/1.15/jmustache-1.15.jar:/Users/manoj/.m2/repository/com/fasterxml/jackson/core/jackson-core/2.13.2/jackson-core-2.13.2.jar:/Users/manoj/.m2/repository/com/fasterxml/jackson/core/jackson-annotations/2.13.2/jackson-annotations-2.13.2.jar:/Users/manoj/.m2/repository/com/fasterxml/jackson/core/jackson-databind/2.13.2.2/jackson-databind-2.13.2.2.jar:/Users/manoj/.m2/repository/net/javacrumbs/json-unit/json-unit-core/2.36.0/json-unit-core-2.36.0.jar:/Users/manoj/.m2/repository/com/networknt/json-schema-validator/1.0.76/json-schema-validator-1.0.76.jar:/Users/manoj/.m2/repository/com/ethlo/time/itu/1.7.0/itu-1.7.0.jar:/Users/manoj/.m2/repository/io/swagger/parser/v3/swagger-parser/2.1.10/swagger-parser-2.1.10.jar:/Users/manoj/.m2/repository/io/swagger/parser/v3/swagger-parser-v2-converter/2.1.10/swagger-parser-v2-converter-2.1.10.jar:/Users/manoj/.m2/repository/io/swagger/swagger-core/1.6.9/swagger-core-1.6.9.jar:/Users/manoj/.m2/repository/io/swagger/swagger-models/1.6.9/swagger-models-1.6.9.jar:/Users/manoj/.m2/repository/io/swagger/swagger-annotations/1.6.9/swagger-annotations-1.6.9.jar:/Users/manoj/.m2/repository/io/swagger/swagger-parser/1.0.64/swagger-parser-1.0.64.jar:/Users/manoj/.m2/repository/io/swagger/swagger-compat-spec-parser/1.0.64/swagger-compat-spec-parser-1.0.64.jar:/Users/manoj/.m2/repository/com/github/java-json-tools/json-schema-validator/2.2.14/json-schema-validator-2.2.14.jar:/Users/manoj/.m2/repository/com/github/java-json-tools/jackson-coreutils-equivalence/1.0/jackson-coreutils-equivalence-1.0.jar:/Users/manoj/.m2/repository/com/github/java-json-tools/json-schema-core/1.2.14/json-schema-core-1.2.14.jar:/Users/manoj/.m2/repository/com/github/java-json-tools/uri-template/0.10/uri-template-0.10.jar:/Users/manoj/.m2/repository/org/mozilla/rhino/1.7.7.2/rhino-1.7.7.2.jar:/Users/manoj/.m2/repository/com/sun/mail/mailapi/1.6.2/mailapi-1.6.2.jar:/Users/manoj/.m2/repository/joda-time/joda-time/2.10.5/joda-time-2.10.5.jar:/Users/manoj/.m2/repository/com/googlecode/libphonenumber/libphonenumber/8.11.1/libphonenumber-8.11.1.jar:/Users/manoj/.m2/repository/net/sf/jopt-simple/jopt-simple/5.0.4/jopt-simple-5.0.4.jar:/Users/manoj/.m2/repository/com/github/java-json-tools/json-patch/1.13/json-patch-1.13.jar:/Users/manoj/.m2/repository/com/github/java-json-tools/msg-simple/1.2/msg-simple-1.2.jar:/Users/manoj/.m2/repository/com/github/java-json-tools/btf/1.3/btf-1.3.jar:/Users/manoj/.m2/repository/com/github/java-json-tools/jackson-coreutils/2.0/jackson-coreutils-2.0.jar:/Users/manoj/.m2/repository/org/apache/httpcomponents/httpclient/4.5.13/httpclient-4.5.13.jar:/Users/manoj/.m2/repository/org/apache/httpcomponents/httpcore/4.4.15/httpcore-4.4.15.jar:/Users/manoj/.m2/repository/io/swagger/core/v3/swagger-models/2.2.8/swagger-models-2.2.8.jar:/Users/manoj/.m2/repository/io/swagger/parser/v3/swagger-parser-core/2.1.10/swagger-parser-core-2.1.10.jar:/Users/manoj/.m2/repository/io/swagger/parser/v3/swagger-parser-v3/2.1.10/swagger-parser-v3-2.1.10.jar:/Users/manoj/.m2/repository/io/swagger/core/v3/swagger-core/2.2.8/swagger-core-2.2.8.jar:/Users/manoj/.m2/repository/io/swagger/core/v3/swagger-annotations/2.2.8/swagger-annotations-2.2.8.jar:/Users/manoj/.m2/repository/com/fasterxml/jackson/dataformat/jackson-dataformat-yaml/2.13.2/jackson-dataformat-yaml-2.13.2.jar:/Users/manoj/.m2/repository/com/sun/xml/bind/jaxb-impl/4.0.1/jaxb-impl-4.0.1.jar:/Users/manoj/.m2/repository/com/sun/xml/bind/jaxb-core/4.0.1/jaxb-core-4.0.1.jar:/Users/manoj/.m2/repository/org/eclipse/angus/angus-activation/1.0.0/angus-activation-1.0.0.jar:/Users/manoj/.m2/repository/org/xmlunit/xmlunit-placeholders/2.8.4/xmlunit-placeholders-2.8.4.jar:/Users/manoj/.m2/repository/commons-io/commons-io/2.11.0/commons-io-2.11.0.jar:/Users/manoj/.m2/repository/org/apache/commons/commons-text/1.10.0/commons-text-1.10.0.jar:/Users/manoj/.m2/repository/commons-codec/commons-codec/1.15/commons-codec-1.15.jar:/Users/manoj/.m2/repository/io/github/classgraph/classgraph/4.8.154/classgraph-4.8.154.jar:/Users/manoj/.m2/repository/io/prometheus/simpleclient/0.12.0/simpleclient-0.12.0.jar:/Users/manoj/.m2/repository/io/prometheus/simpleclient_tracer_otel/0.12.0/simpleclient_tracer_otel-0.12.0.jar:/Users/manoj/.m2/repository/io/prometheus/simpleclient_tracer_common/0.12.0/simpleclient_tracer_common-0.12.0.jar:/Users/manoj/.m2/repository/io/prometheus/simpleclient_tracer_otel_agent/0.12.0/simpleclient_tracer_otel_agent-0.12.0.jar:/Users/manoj/.m2/repository/io/prometheus/simpleclient_httpserver/0.12.0/simpleclient_httpserver-0.12.0.jar:/Users/manoj/.m2/repository/io/prometheus/simpleclient_common/0.12.0/simpleclient_common-0.12.0.jar:/Users/manoj/.m2/repository/org/apache/commons/commons-lang3/3.12.0/commons-lang3-3.12.0.jar:/Users/manoj/.m2/repository/com/google/guava/guava/31.1-jre/guava-31.1-jre.jar:/Users/manoj/.m2/repository/com/google/guava/failureaccess/1.0.1/failureaccess-1.0.1.jar:/Users/manoj/.m2/repository/com/google/guava/listenablefuture/9999.0-empty-to-avoid-conflict-with-guava/listenablefuture-9999.0-empty-to-avoid-conflict-with-guava.jar:/Users/manoj/.m2/repository/org/checkerframework/checker-qual/3.12.0/checker-qual-3.12.0.jar:/Users/manoj/.m2/repository/com/google/errorprone/error_prone_annotations/2.11.0/error_prone_annotations-2.11.0.jar:/Users/manoj/.m2/repository/com/google/j2objc/j2objc-annotations/1.3/j2objc-annotations-1.3.jar:/Users/manoj/.m2/repository/org/slf4j/slf4j-api/1.7.36/slf4j-api-1.7.36.jar:/Users/manoj/.m2/repository/org/springframework/boot/spring-boot-starter-test/2.6.6/spring-boot-starter-test-2.6.6.jar:/Users/manoj/.m2/repository/org/springframework/boot/spring-boot-test/2.6.6/spring-boot-test-2.6.6.jar:/Users/manoj/.m2/repository/org/springframework/boot/spring-boot-test-autoconfigure/2.6.6/spring-boot-test-autoconfigure-2.6.6.jar:/Users/manoj/.m2/repository/com/jayway/jsonpath/json-path/2.6.0/json-path-2.6.0.jar:/Users/manoj/.m2/repository/net/minidev/json-smart/2.4.8/json-smart-2.4.8.jar:/Users/manoj/.m2/repository/net/minidev/accessors-smart/2.4.8/accessors-smart-2.4.8.jar:/Users/manoj/.m2/repository/org/ow2/asm/asm/9.1/asm-9.1.jar:/Users/manoj/.m2/repository/jakarta/xml/bind/jakarta.xml.bind-api/2.3.3/jakarta.xml.bind-api-2.3.3.jar:/Users/manoj/.m2/repository/jakarta/activation/jakarta.activation-api/1.2.2/jakarta.activation-api-1.2.2.jar:/Users/manoj/.m2/repository/org/assertj/assertj-core/3.21.0/assertj-core-3.21.0.jar:/Users/manoj/.m2/repository/org/hamcrest/hamcrest/2.2/hamcrest-2.2.jar:/Users/manoj/.m2/repository/org/mockito/mockito-core/4.0.0/mockito-core-4.0.0.jar:/Users/manoj/.m2/repository/net/bytebuddy/byte-buddy/1.11.22/byte-buddy-1.11.22.jar:/Users/manoj/.m2/repository/net/bytebuddy/byte-buddy-agent/1.11.22/byte-buddy-agent-1.11.22.jar:/Users/manoj/.m2/repository/org/objenesis/objenesis/3.2/objenesis-3.2.jar:/Users/manoj/.m2/repository/org/mockito/mockito-junit-jupiter/4.0.0/mockito-junit-jupiter-4.0.0.jar:/Users/manoj/.m2/repository/org/skyscreamer/jsonassert/1.5.0/jsonassert-1.5.0.jar:/Users/manoj/.m2/repository/com/vaadin/external/google/android-json/0.0.20131108.vaadin1/android-json-0.0.20131108.vaadin1.jar:/Users/manoj/.m2/repository/org/springframework/spring-core/5.3.18/spring-core-5.3.18.jar:/Users/manoj/.m2/repository/org/springframework/spring-jcl/5.3.18/spring-jcl-5.3.18.jar:/Users/manoj/.m2/repository/org/springframework/spring-test/5.3.18/spring-test-5.3.18.jar:/Users/manoj/.m2/repository/org/xmlunit/xmlunit-core/2.8.4/xmlunit-core-2.8.4.jar:"/>
    <property name="sun.cpu.endian" value="little"/>
    <property name="user.home" value="/Users/manoj"/>
    <property name="user.language" value="en"/>
    <property name="java.specification.vendor" value="Oracle Corporation"/>
    <property name="java.version.date" value="2025-04-15"/>
    <property name="java.home" value="/Library/Java/JavaVirtualMachines/temurin-21.jdk/Contents/Home"/>
    <property name="file.separator" value="/"/>
    <property name="basedir" value="/Users/manoj/Documents/GitHub/react-springboot-chat-app/backend/integration-test"/>
    <property name="java.vm.compressedOopsMode" value="Zero based"/>
    <property name="line.separator" value="&#10;"/>
    <property name="java.vm.specification.vendor" value="Oracle Corporation"/>
    <property name="java.specification.name" value="Java Platform API Specification"/>
    <property name="FILE_LOG_CHARSET" value="UTF-8"/>
    <property name="java.awt.headless" value="true"/>
    <property name="apple.awt.application.name" value="ForkedBooter"/>
    <property name="surefire.real.class.path" value="/Users/manoj/Documents/GitHub/react-springboot-chat-app/backend/integration-test/target/surefire/surefirebooter-20250626174347222_3.jar"/>
    <property name="sun.management.compiler" value="HotSpot 64-Bit Tiered Compilers"/>
    <property name="ftp.nonProxyHosts" value="local|*.local|169.254/16|*.169.254/16"/>
    <property name="java.runtime.version" value="21.0.7+6-LTS"/>
    <property name="user.name" value="manoj"/>
    <property name="stdout.encoding" value="UTF-8"/>
    <property name="path.separator" value=":"/>
    <property name="os.version" value="15.5"/>
    <property name="java.runtime.name" value="OpenJDK Runtime Environment"/>
    <property name="file.encoding" value="UTF-8"/>
    <property name="spring.beaninfo.ignore" value="true"/>
    <property name="java.vm.name" value="OpenJDK 64-Bit Server VM"/>
    <property name="java.vendor.version" value="Temurin-21.0.7+6"/>
    <property name="localRepository" value="/Users/manoj/.m2/repository"/>
    <property name="java.vendor.url.bug" value="https://github.com/adoptium/adoptium-support/issues"/>
    <property name="java.io.tmpdir" value="/var/folders/5j/rpbdn1vn5jz4fw_1wbsqhg6h0000gn/T/"/>
    <property name="java.version" value="21.0.7"/>
    <property name="user.dir" value="/Users/manoj/Documents/GitHub/react-springboot-chat-app/backend/integration-test"/>
    <property name="os.arch" value="aarch64"/>
    <property name="java.vm.specification.name" value="Java Virtual Machine Specification"/>
    <property name="PID" value="48402"/>
    <property name="CONSOLE_LOG_CHARSET" value="UTF-8"/>
    <property name="native.encoding" value="UTF-8"/>
    <property name="java.library.path" value="/Users/manoj/Library/Java/Extensions:/Library/Java/Extensions:/Network/Library/Java/Extensions:/System/Library/Java/Extensions:/usr/lib/java:."/>
    <property name="java.vm.info" value="mixed mode, sharing"/>
    <property name="stderr.encoding" value="UTF-8"/>
    <property name="java.vendor" value="Eclipse Adoptium"/>
    <property name="java.vm.version" value="21.0.7+6-LTS"/>
    <property name="https.protocols" value="TLSv1,TLSv1.1,TLSv1.2"/>
    <property name="sun.io.unicode.encoding" value="UnicodeBig"/>
    <property name="socksNonProxyHosts" value="local|*.local|169.254/16|*.169.254/16"/>
    <property name="java.class.version" value="65.0"/>
  </properties>
  <testcase name="sendMessage_returnsMockedResponse" classname="com.example.chatapp.engine.OllamaChatEngineIntegrationTest" time="0.191">
    <system-out><![CDATA[17:43:47.790 [main] DEBUG org.springframework.test.context.BootstrapUtils - Instantiating CacheAwareContextLoaderDelegate from class [org.springframework.test.context.cache.DefaultCacheAwareContextLoaderDelegate]
17:43:47.797 [main] DEBUG org.springframework.test.context.BootstrapUtils - Instantiating BootstrapContext using constructor [public org.springframework.test.context.support.DefaultBootstrapContext(java.lang.Class,org.springframework.test.context.CacheAwareContextLoaderDelegate)]
17:43:47.824 [main] DEBUG org.springframework.test.context.BootstrapUtils - Instantiating TestContextBootstrapper for test class [com.example.chatapp.engine.OllamaChatEngineIntegrationTest] from class [org.springframework.boot.test.context.SpringBootTestContextBootstrapper]
17:43:47.831 [main] INFO org.springframework.boot.test.context.SpringBootTestContextBootstrapper - Neither @ContextConfiguration nor @ContextHierarchy found for test class [com.example.chatapp.engine.OllamaChatEngineIntegrationTest], using SpringBootContextLoader
17:43:47.834 [main] DEBUG org.springframework.test.context.support.AbstractContextLoader - Did not detect default resource location for test class [com.example.chatapp.engine.OllamaChatEngineIntegrationTest]: class path resource [com/example/chatapp/engine/OllamaChatEngineIntegrationTest-context.xml] does not exist
17:43:47.834 [main] DEBUG org.springframework.test.context.support.AbstractContextLoader - Did not detect default resource location for test class [com.example.chatapp.engine.OllamaChatEngineIntegrationTest]: class path resource [com/example/chatapp/engine/OllamaChatEngineIntegrationTestContext.groovy] does not exist
17:43:47.835 [main] INFO org.springframework.test.context.support.AbstractContextLoader - Could not detect default resource locations for test class [com.example.chatapp.engine.OllamaChatEngineIntegrationTest]: no resource found for suffixes {-context.xml, Context.groovy}.
17:43:47.835 [main] INFO org.springframework.test.context.support.AnnotationConfigContextLoaderUtils - Could not detect default configuration classes for test class [com.example.chatapp.engine.OllamaChatEngineIntegrationTest]: OllamaChatEngineIntegrationTest does not declare any static, non-private, non-final, nested classes annotated with @Configuration.
17:43:47.860 [main] DEBUG org.springframework.test.context.support.ActiveProfilesUtils - Could not find an 'annotation declaring class' for annotation type [org.springframework.test.context.ActiveProfiles] and class [com.example.chatapp.engine.OllamaChatEngineIntegrationTest]
17:43:47.904 [main] DEBUG org.springframework.context.annotation.ClassPathScanningCandidateComponentProvider - Identified candidate component class: URL [jar:file:/Users/manoj/Documents/GitHub/react-springboot-chat-app/backend/app/target/chatapp-1.0-SNAPSHOT.jar!/com/example/chatapp/Application.class]
17:43:47.905 [main] INFO org.springframework.boot.test.context.SpringBootTestContextBootstrapper - Found @SpringBootConfiguration com.example.chatapp.Application for test class com.example.chatapp.engine.OllamaChatEngineIntegrationTest
17:43:47.974 [main] DEBUG org.springframework.boot.test.context.SpringBootTestContextBootstrapper - @TestExecutionListeners is not present for class [com.example.chatapp.engine.OllamaChatEngineIntegrationTest]: using defaults.
17:43:47.974 [main] INFO org.springframework.boot.test.context.SpringBootTestContextBootstrapper - Loaded default TestExecutionListener class names from location [META-INF/spring.factories]: [org.springframework.boot.test.mock.mockito.MockitoTestExecutionListener, org.springframework.boot.test.mock.mockito.ResetMocksTestExecutionListener, org.springframework.boot.test.autoconfigure.restdocs.RestDocsTestExecutionListener, org.springframework.boot.test.autoconfigure.web.client.MockRestServiceServerResetTestExecutionListener, org.springframework.boot.test.autoconfigure.web.servlet.MockMvcPrintOnlyOnFailureTestExecutionListener, org.springframework.boot.test.autoconfigure.web.servlet.WebDriverTestExecutionListener, org.springframework.boot.test.autoconfigure.webservices.client.MockWebServiceServerTestExecutionListener, org.springframework.test.context.web.ServletTestExecutionListener, org.springframework.test.context.support.DirtiesContextBeforeModesTestExecutionListener, org.springframework.test.context.event.ApplicationEventsTestExecutionListener, org.springframework.test.context.support.DependencyInjectionTestExecutionListener, org.springframework.test.context.support.DirtiesContextTestExecutionListener, org.springframework.test.context.transaction.TransactionalTestExecutionListener, org.springframework.test.context.jdbc.SqlScriptsTestExecutionListener, org.springframework.test.context.event.EventPublishingTestExecutionListener]
17:43:47.981 [main] DEBUG org.springframework.boot.test.context.SpringBootTestContextBootstrapper - Skipping candidate TestExecutionListener [org.springframework.test.context.transaction.TransactionalTestExecutionListener] due to a missing dependency. Specify custom listener classes or make the default listener classes and their required dependencies available. Offending class: [org/springframework/transaction/TransactionDefinition]
17:43:47.982 [main] DEBUG org.springframework.boot.test.context.SpringBootTestContextBootstrapper - Skipping candidate TestExecutionListener [org.springframework.test.context.jdbc.SqlScriptsTestExecutionListener] due to a missing dependency. Specify custom listener classes or make the default listener classes and their required dependencies available. Offending class: [org/springframework/transaction/interceptor/TransactionAttribute]
17:43:47.982 [main] INFO org.springframework.boot.test.context.SpringBootTestContextBootstrapper - Using TestExecutionListeners: [org.springframework.test.context.web.ServletTestExecutionListener@5e1dde44, org.springframework.test.context.support.DirtiesContextBeforeModesTestExecutionListener@7f37b6d9, org.springframework.test.context.event.ApplicationEventsTestExecutionListener@71e35c4, org.springframework.boot.test.mock.mockito.MockitoTestExecutionListener@22a10ac6, org.springframework.boot.test.autoconfigure.SpringBootDependencyInjectionTestExecutionListener@12fe1f28, org.springframework.test.context.support.DirtiesContextTestExecutionListener@503df2d0, org.springframework.test.context.event.EventPublishingTestExecutionListener@26fb4d06, org.springframework.boot.test.mock.mockito.ResetMocksTestExecutionListener@c269425, org.springframework.boot.test.autoconfigure.restdocs.RestDocsTestExecutionListener@6e43ddd6, org.springframework.boot.test.autoconfigure.web.client.MockRestServiceServerResetTestExecutionListener@51d719bc, org.springframework.boot.test.autoconfigure.web.servlet.MockMvcPrintOnlyOnFailureTestExecutionListener@2d38edfd, org.springframework.boot.test.autoconfigure.web.servlet.WebDriverTestExecutionListener@1507c3c3, org.springframework.boot.test.autoconfigure.webservices.client.MockWebServiceServerTestExecutionListener@655a01d8]
17:43:47.984 [main] DEBUG org.springframework.test.context.support.AbstractDirtiesContextTestExecutionListener - Before test class: context [DefaultTestContext@56399b9e testClass = OllamaChatEngineIntegrationTest, testInstance = [null], testMethod = [null], testException = [null], mergedContextConfiguration = [WebMergedContextConfiguration@34b9eb03 testClass = OllamaChatEngineIntegrationTest, locations = '{}', classes = '{class com.example.chatapp.Application}', contextInitializerClasses = '[]', activeProfiles = '{}', propertySourceLocations = '{}', propertySourceProperties = '{org.springframework.boot.test.context.SpringBootTestContextBootstrapper=true}', contextCustomizers = set[org.springframework.boot.test.context.filter.ExcludeFilterContextCustomizer@2571066a, org.springframework.boot.test.json.DuplicateJsonObjectContextCustomizerFactory$DuplicateJsonObjectContextCustomizer@4a9486c0, org.springframework.boot.test.mock.mockito.MockitoContextCustomizer@0, org.springframework.boot.test.web.client.TestRestTemplateContextCustomizer@22d1886d, org.springframework.boot.test.autoconfigure.actuate.metrics.MetricsExportContextCustomizerFactory$DisableMetricExportContextCustomizer@af78c87, org.springframework.boot.test.autoconfigure.properties.PropertyMappingContextCustomizer@0, org.springframework.boot.test.autoconfigure.web.servlet.WebDriverContextCustomizerFactory$Customizer@51ec2df1, org.springframework.test.context.support.DynamicPropertiesContextCustomizer@fc9085f4, org.springframework.boot.test.context.SpringBootTestArgs@1, org.springframework.boot.test.context.SpringBootTestWebEnvironment@13b3d178], resourceBasePath = 'src/main/webapp', contextLoader = 'org.springframework.boot.test.context.SpringBootContextLoader', parent = [null]], attributes = map['org.springframework.test.context.web.ServletTestExecutionListener.activateListener' -> true]], class annotated with @DirtiesContext [false] with mode [null].
17:43:48.003 [main] DEBUG org.testcontainers.utility.TestcontainersConfiguration - Testcontainers configuration overrides will be loaded from file:/Users/manoj/.testcontainers.properties
17:43:48.006 [main] INFO org.testcontainers.images.PullPolicy - Image pull policy will be performed by: DefaultPullPolicy()
17:43:48.008 [main] INFO org.testcontainers.utility.ImageNameSubstitutor - Image name substitution will be performed by: DefaultImageNameSubstitutor (composite of 'ConfigurationFileImageNameSubstitutor' and 'PrefixingImageNameSubstitutor')
17:43:48.224 [main] INFO org.testcontainers.dockerclient.DockerClientProviderStrategy - Loaded org.testcontainers.dockerclient.UnixSocketClientProviderStrategy from ~/.testcontainers.properties, will try it first
17:43:48.233 [main] DEBUG org.testcontainers.dockerclient.DockerClientProviderStrategy - Trying out strategy: UnixSocketClientProviderStrategy
17:43:48.333 [main] DEBUG org.testcontainers.shaded.com.github.dockerjava.core.command.AbstrDockerCmd - Cmd: 
17:43:48.350 [main] DEBUG com.github.dockerjava.zerodep.shaded.org.apache.hc.client5.http.impl.classic.InternalHttpClient - ex-00000001: preparing request execution
17:43:48.352 [main] DEBUG com.github.dockerjava.zerodep.shaded.org.apache.hc.client5.http.protocol.RequestAddCookies - Cookie spec selected: strict
17:43:48.354 [main] DEBUG com.github.dockerjava.zerodep.shaded.org.apache.hc.client5.http.protocol.RequestAuthCache - Auth cache not set in the context
17:43:48.355 [main] DEBUG com.github.dockerjava.zerodep.shaded.org.apache.hc.client5.http.impl.classic.ProtocolExec - ex-00000001: target auth state: UNCHALLENGED
17:43:48.355 [main] DEBUG com.github.dockerjava.zerodep.shaded.org.apache.hc.client5.http.impl.classic.ProtocolExec - ex-00000001: proxy auth state: UNCHALLENGED
17:43:48.355 [main] DEBUG com.github.dockerjava.zerodep.shaded.org.apache.hc.client5.http.impl.classic.ConnectExec - ex-00000001: acquiring connection with route {}->unix://localhost:2375
17:43:48.355 [main] DEBUG com.github.dockerjava.zerodep.shaded.org.apache.hc.client5.http.impl.classic.InternalHttpClient - ex-00000001: acquiring endpoint (3 MINUTES)
17:43:48.356 [main] DEBUG com.github.dockerjava.zerodep.shaded.org.apache.hc.client5.http.impl.io.PoolingHttpClientConnectionManager - ex-00000001: endpoint lease request (3 MINUTES) [route: {}->unix://localhost:2375][total available: 0; route allocated: 0 of 2147483647; total allocated: 0 of 2147483647]
17:43:48.358 [main] DEBUG com.github.dockerjava.zerodep.shaded.org.apache.hc.client5.http.impl.io.PoolingHttpClientConnectionManager - ex-00000001: endpoint leased [route: {}->unix://localhost:2375][total available: 0; route allocated: 1 of 2147483647; total allocated: 1 of 2147483647]
17:43:48.364 [main] DEBUG com.github.dockerjava.zerodep.shaded.org.apache.hc.client5.http.impl.io.PoolingHttpClientConnectionManager - ex-00000001: acquired ep-00000000
17:43:48.364 [main] DEBUG com.github.dockerjava.zerodep.shaded.org.apache.hc.client5.http.impl.classic.InternalHttpClient - ex-00000001: acquired endpoint ep-00000000
17:43:48.364 [main] DEBUG com.github.dockerjava.zerodep.shaded.org.apache.hc.client5.http.impl.classic.ConnectExec - ex-00000001: opening connection {}->unix://localhost:2375
17:43:48.365 [main] DEBUG com.github.dockerjava.zerodep.shaded.org.apache.hc.client5.http.impl.classic.InternalHttpClient - ep-00000000: connecting endpoint (3 MINUTES)
17:43:48.365 [main] DEBUG com.github.dockerjava.zerodep.shaded.org.apache.hc.client5.http.impl.io.PoolingHttpClientConnectionManager - ep-00000000: connecting endpoint to unix://localhost:2375 (3 MINUTES)
17:43:48.370 [main] DEBUG com.github.dockerjava.zerodep.shaded.org.apache.hc.client5.http.impl.io.DefaultHttpClientConnectionOperator - http-outgoing-0: connecting to localhost/127.0.0.1:2375
17:43:48.370 [main] DEBUG com.github.dockerjava.zerodep.shaded.org.apache.hc.client5.http.impl.io.DefaultHttpClientConnectionOperator - http-outgoing-0: connection established /var/run/docker.sock<->/var/run/docker.sock
17:43:48.371 [main] DEBUG com.github.dockerjava.zerodep.shaded.org.apache.hc.client5.http.impl.io.PoolingHttpClientConnectionManager - ep-00000000: connected http-outgoing-0
17:43:48.371 [main] DEBUG com.github.dockerjava.zerodep.shaded.org.apache.hc.client5.http.impl.classic.InternalHttpClient - ep-00000000: endpoint connected
17:43:48.371 [main] DEBUG com.github.dockerjava.zerodep.shaded.org.apache.hc.client5.http.impl.classic.MainClientExec - ex-00000001: executing GET /v1.32/info HTTP/1.1
17:43:48.372 [main] DEBUG com.github.dockerjava.zerodep.shaded.org.apache.hc.client5.http.impl.classic.InternalHttpClient - ep-00000000: start execution ex-00000001
17:43:48.372 [main] DEBUG com.github.dockerjava.zerodep.shaded.org.apache.hc.client5.http.impl.io.PoolingHttpClientConnectionManager - ep-00000000: executing exchange ex-00000001 over http-outgoing-0
17:43:48.372 [main] DEBUG com.github.dockerjava.zerodep.shaded.org.apache.hc.client5.http.headers - http-outgoing-0 >> GET /v1.32/info HTTP/1.1
17:43:48.372 [main] DEBUG com.github.dockerjava.zerodep.shaded.org.apache.hc.client5.http.headers - http-outgoing-0 >> x-tc-sid: 866cccf5-0380-4737-9007-32cd48c5f550
17:43:48.372 [main] DEBUG com.github.dockerjava.zerodep.shaded.org.apache.hc.client5.http.headers - http-outgoing-0 >> User-Agent: tc-java/1.19.7
17:43:48.372 [main] DEBUG com.github.dockerjava.zerodep.shaded.org.apache.hc.client5.http.headers - http-outgoing-0 >> Accept-Encoding: gzip, x-gzip, deflate
17:43:48.372 [main] DEBUG com.github.dockerjava.zerodep.shaded.org.apache.hc.client5.http.headers - http-outgoing-0 >> Host: localhost:2375
17:43:48.372 [main] DEBUG com.github.dockerjava.zerodep.shaded.org.apache.hc.client5.http.headers - http-outgoing-0 >> Connection: keep-alive
17:43:48.372 [main] DEBUG com.github.dockerjava.zerodep.shaded.org.apache.hc.client5.http.wire - http-outgoing-0 >> "GET /v1.32/info HTTP/1.1[\r][\n]"
17:43:48.372 [main] DEBUG com.github.dockerjava.zerodep.shaded.org.apache.hc.client5.http.wire - http-outgoing-0 >> "x-tc-sid: 866cccf5-0380-4737-9007-32cd48c5f550[\r][\n]"
17:43:48.372 [main] DEBUG com.github.dockerjava.zerodep.shaded.org.apache.hc.client5.http.wire - http-outgoing-0 >> "User-Agent: tc-java/1.19.7[\r][\n]"
17:43:48.373 [main] DEBUG com.github.dockerjava.zerodep.shaded.org.apache.hc.client5.http.wire - http-outgoing-0 >> "Accept-Encoding: gzip, x-gzip, deflate[\r][\n]"
17:43:48.373 [main] DEBUG com.github.dockerjava.zerodep.shaded.org.apache.hc.client5.http.wire - http-outgoing-0 >> "Host: localhost:2375[\r][\n]"
17:43:48.373 [main] DEBUG com.github.dockerjava.zerodep.shaded.org.apache.hc.client5.http.wire - http-outgoing-0 >> "Connection: keep-alive[\r][\n]"
17:43:48.373 [main] DEBUG com.github.dockerjava.zerodep.shaded.org.apache.hc.client5.http.wire - http-outgoing-0 >> "[\r][\n]"
17:43:48.396 [main] DEBUG com.github.dockerjava.zerodep.shaded.org.apache.hc.client5.http.wire - http-outgoing-0 << "HTTP/1.1 200 OK[\r][\n]"
17:43:48.397 [main] DEBUG com.github.dockerjava.zerodep.shaded.org.apache.hc.client5.http.wire - http-outgoing-0 << "Api-Version: 1.47[\r][\n]"
17:43:48.397 [main] DEBUG com.github.dockerjava.zerodep.shaded.org.apache.hc.client5.http.wire - http-outgoing-0 << "Content-Type: application/json[\r][\n]"
17:43:48.397 [main] DEBUG com.github.dockerjava.zerodep.shaded.org.apache.hc.client5.http.wire - http-outgoing-0 << "Date: Thu, 26 Jun 2025 16:43:48 GMT[\r][\n]"
17:43:48.397 [main] DEBUG com.github.dockerjava.zerodep.shaded.org.apache.hc.client5.http.wire - http-outgoing-0 << "Docker-Experimental: false[\r][\n]"
17:43:48.397 [main] DEBUG com.github.dockerjava.zerodep.shaded.org.apache.hc.client5.http.wire - http-outgoing-0 << "Ostype: linux[\r][\n]"
17:43:48.397 [main] DEBUG com.github.dockerjava.zerodep.shaded.org.apache.hc.client5.http.wire - http-outgoing-0 << "Server: Docker/27.4.0 (linux)[\r][\n]"
17:43:48.397 [main] DEBUG com.github.dockerjava.zerodep.shaded.org.apache.hc.client5.http.wire - http-outgoing-0 << "Transfer-Encoding: chunked[\r][\n]"
17:43:48.397 [main] DEBUG com.github.dockerjava.zerodep.shaded.org.apache.hc.client5.http.wire - http-outgoing-0 << "[\r][\n]"
17:43:48.399 [main] DEBUG com.github.dockerjava.zerodep.shaded.org.apache.hc.client5.http.headers - http-outgoing-0 << HTTP/1.1 200 OK
17:43:48.399 [main] DEBUG com.github.dockerjava.zerodep.shaded.org.apache.hc.client5.http.headers - http-outgoing-0 << Api-Version: 1.47
17:43:48.399 [main] DEBUG com.github.dockerjava.zerodep.shaded.org.apache.hc.client5.http.headers - http-outgoing-0 << Content-Type: application/json
17:43:48.399 [main] DEBUG com.github.dockerjava.zerodep.shaded.org.apache.hc.client5.http.headers - http-outgoing-0 << Date: Thu, 26 Jun 2025 16:43:48 GMT
17:43:48.399 [main] DEBUG com.github.dockerjava.zerodep.shaded.org.apache.hc.client5.http.headers - http-outgoing-0 << Docker-Experimental: false
17:43:48.399 [main] DEBUG com.github.dockerjava.zerodep.shaded.org.apache.hc.client5.http.headers - http-outgoing-0 << Ostype: linux
17:43:48.399 [main] DEBUG com.github.dockerjava.zerodep.shaded.org.apache.hc.client5.http.headers - http-outgoing-0 << Server: Docker/27.4.0 (linux)
17:43:48.399 [main] DEBUG com.github.dockerjava.zerodep.shaded.org.apache.hc.client5.http.headers - http-outgoing-0 << Transfer-Encoding: chunked
17:43:48.401 [main] DEBUG com.github.dockerjava.zerodep.shaded.org.apache.hc.client5.http.impl.classic.MainClientExec - ex-00000001: connection can be kept alive for 3 MINUTES
17:43:48.403 [main] DEBUG com.github.dockerjava.zerodep.shaded.org.apache.hc.client5.http.wire - http-outgoing-0 << "a25[\r][\n]"
17:43:48.403 [main] DEBUG com.github.dockerjava.zerodep.shaded.org.apache.hc.client5.http.wire - http-outgoing-0 << "{"ID":"6fcda7fe-6dcb-4d03-aa49-31183fe965d7","Containers":39,"ContainersRunning":3,"ContainersPaused":0,"ContainersStopped":36,"Images":28,"Driver":"overlay2","DriverStatus":[["Backing Filesystem","extfs"],["Supports d_type","true"],["Using metacopy","false"],["Native Overlay Diff","true"],["userxattr","false"]],"Plugins":{"Volume":["local"],"Network":["bridge","host","ipvlan","macvlan","null","overlay"],"Authorization":null,"Log":["awslogs","fluentd","gcplogs","gelf","journald","json-file","local","splunk","syslog"]},"MemoryLimit":true,"SwapLimit":true,"CpuCfsPeriod":true,"CpuCfsQuota":true,"CPUShares":true,"CPUSet":true,"PidsLimit":true,"IPv4Forwarding":true,"BridgeNfIptables":true,"BridgeNfIp6tables":true,"Debug":false,"NFd":56,"OomKillDisable":false,"NGoroutines":85,"SystemTime":"2025-06-26T16:43:48.387972171Z","LoggingDriver":"json-file","CgroupDriver":"cgroupfs","CgroupVersion":"2","NEventsListener":17,"KernelVersion":"6.10.14-linuxkit","OperatingSystem":"Docker Desktop","OSVersion":"","OSType":"linux","Architecture":"aarch64","IndexServerAddress":"https://index.docker.io/v1/","RegistryConfig":{"AllowNondistributableArtifactsCIDRs":null,"AllowNondistributableArtifactsHostnames":null,"InsecureRegistryCIDRs":["127.0.0.0/8"],"IndexConfigs":{"docker.io":{"Name":"docker.io","Mirrors":[],"Secure":true,"Official":true},"hubproxy.docker.internal:5555":{"Name":"hubproxy.docker.internal:5555","Mirrors":[],"Secure":false,"Official":false}},"Mirrors":null},"NCPU":8,"MemTotal":8218251264,"GenericResources":null,"DockerRootDir":"/var/lib/docker","HttpProxy":"http.docker.internal:3128","HttpsProxy":"http.docker.internal:3128","NoProxy":"hubproxy.docker.internal","Name":"docker-desktop","Labels":["com.docker.desktop.address=unix:///Users/manoj/Library/Containers/com.docker.docker/Data/docker-cli.sock"],"ExperimentalBuild":false,"ServerVersion":"27.4.0","Runtimes":{"io.containerd.runc.v2":{"path":"runc"},"runc":{"path":"runc"}},"DefaultRuntime":"runc","Swarm":{"NodeID":"","NodeAddr":"","LocalNodeState":"inactive","ControlAvailable":false,"Error":"","RemoteManagers":null},"LiveRestoreEnabled":false,"Isolation":"","InitBinary":"docker-init","ContainerdCommit":{"ID":"472731909fa34bd7bc9c087e4c27943f9835f111","Expected":"472731909fa34bd7bc9c087e4c27943f9835f111"},"RuncCommit":{"ID":"v1.1.13-0-g58aa920","Expected":"v1.1.13-0-g58aa920"},"InitCommit":{"ID":"de40ad0","Expected":"de40ad0"},"SecurityOptions":["name=seccomp,profile=unconfined","name=cgroupns"],"CDISpecDirs":["/etc/cdi","/var/run/cdi"],"Warnings":["WARNING: daemon is not using the default seccomp profile"]}[\r][\n]"
17:43:48.404 [main] DEBUG com.github.dockerjava.zerodep.shaded.org.apache.hc.client5.http.wire - http-outgoing-0 << "0[\r][\n]"
17:43:48.404 [main] DEBUG com.github.dockerjava.zerodep.shaded.org.apache.hc.client5.http.wire - http-outgoing-0 << "[\r][\n]"
17:43:48.448 [main] DEBUG com.github.dockerjava.zerodep.shaded.org.apache.hc.client5.http.impl.classic.InternalHttpClient - ep-00000000: releasing valid endpoint
17:43:48.449 [main] DEBUG com.github.dockerjava.zerodep.shaded.org.apache.hc.client5.http.impl.io.PoolingHttpClientConnectionManager - ep-00000000: releasing endpoint
17:43:48.449 [main] DEBUG com.github.dockerjava.zerodep.shaded.org.apache.hc.client5.http.impl.io.PoolingHttpClientConnectionManager - ep-00000000: connection http-outgoing-0 can be kept alive for 3 MINUTES
17:43:48.449 [main] DEBUG com.github.dockerjava.zerodep.shaded.org.apache.hc.client5.http.impl.io.PoolingHttpClientConnectionManager - ep-00000000: connection released [route: {}->unix://localhost:2375][total available: 1; route allocated: 1 of 2147483647; total allocated: 1 of 2147483647]
17:43:48.449 [main] INFO org.testcontainers.dockerclient.DockerClientProviderStrategy - Found Docker environment with local Unix socket (unix:///var/run/docker.sock)
17:43:48.449 [main] DEBUG org.testcontainers.dockerclient.DockerClientProviderStrategy - Transport type: 'httpclient5', Docker host: 'unix:///var/run/docker.sock'
17:43:48.449 [main] DEBUG org.testcontainers.dockerclient.DockerClientProviderStrategy - Checking Docker OS type for local Unix socket (unix:///var/run/docker.sock)
17:43:48.450 [main] INFO org.testcontainers.DockerClientFactory - Docker host IP address is localhost
17:43:48.450 [main] DEBUG org.testcontainers.DockerClientFactory - Docker info: {CDISpecDirs=[/etc/cdi, /var/run/cdi], NGoroutines=85, Name=docker-desktop, Swarm={NodeID=, NodeAddr=, LocalNodeState=inactive, ControlAvailable=false, Error=, RemoteManagers=null}, RuncCommit={ID=v1.1.13-0-g58aa920, Expected=v1.1.13-0-g58aa920}, OSVersion=, Runtimes={io.containerd.runc.v2={path=runc}, runc={path=runc}}, ID=6fcda7fe-6dcb-4d03-aa49-31183fe965d7, DriverStatus=[[Backing Filesystem, extfs], [Supports d_type, true], [Using metacopy, false], [Native Overlay Diff, true], [userxattr, false]], BridgeNfIptables=true, LiveRestoreEnabled=false, SystemTime=2025-06-26T16:43:48.387972171Z, NoProxy=hubproxy.docker.internal, Architecture=aarch64, NEventsListener=17, HttpsProxy=http.docker.internal:3128, Images=28, ContainersRunning=3, Labels=[com.docker.desktop.address=unix:///Users/manoj/Library/Containers/com.docker.docker/Data/docker-cli.sock], InitCommit={ID=de40ad0, Expected=de40ad0}, NFd=56, KernelVersion=6.10.14-linuxkit, LoggingDriver=json-file, OSType=linux, SecurityOptions=[name=seccomp,profile=unconfined, name=cgroupns], ContainerdCommit={ID=472731909fa34bd7bc9c087e4c27943f9835f111, Expected=472731909fa34bd7bc9c087e4c27943f9835f111}, GenericResources=null, OperatingSystem=Docker Desktop, RegistryConfig={AllowNondistributableArtifactsCIDRs=null, AllowNondistributableArtifactsHostnames=null, InsecureRegistryCIDRs=[127.0.0.0/8], IndexConfigs={docker.io={Name=docker.io, Mirrors=[], Secure=true, Official=true}, hubproxy.docker.internal:5555={Name=hubproxy.docker.internal:5555, Mirrors=[], Secure=false, Official=false}}, Mirrors=null}, ServerVersion=27.4.0, OomKillDisable=false, CpuCfsQuota=true, Containers=39, Driver=overlay2, IPv4Forwarding=true, ExperimentalBuild=false, DockerRootDir=/var/lib/docker, CPUSet=true, CpuCfsPeriod=true, DefaultRuntime=runc, CPUShares=true, Debug=false, NCPU=8, Plugins={Volume=[local], Network=[bridge, host, ipvlan, macvlan, null, overlay], Authorization=null, Log=[awslogs, fluentd, gcplogs, gelf, journald, json-file, local, splunk, syslog]}, SwapLimit=true, CgroupDriver=cgroupfs, ContainersPaused=0, MemTotal=8218251264, IndexServerAddress=https://index.docker.io/v1/, MemoryLimit=true, HttpProxy=http.docker.internal:3128, InitBinary=docker-init, CgroupVersion=2, PidsLimit=true, Isolation=, BridgeNfIp6tables=true, Warnings=[WARNING: daemon is not using the default seccomp profile], ContainersStopped=36}
17:43:48.452 [main] DEBUG org.testcontainers.shaded.com.github.dockerjava.core.command.AbstrDockerCmd - Cmd: 
17:43:48.452 [main] DEBUG com.github.dockerjava.zerodep.shaded.org.apache.hc.client5.http.impl.classic.InternalHttpClient - ex-00000002: preparing request execution
17:43:48.452 [main] DEBUG com.github.dockerjava.zerodep.shaded.org.apache.hc.client5.http.protocol.RequestAddCookies - Cookie spec selected: strict
17:43:48.452 [main] DEBUG com.github.dockerjava.zerodep.shaded.org.apache.hc.client5.http.protocol.RequestAuthCache - Auth cache not set in the context
17:43:48.453 [main] DEBUG com.github.dockerjava.zerodep.shaded.org.apache.hc.client5.http.impl.classic.ProtocolExec - ex-00000002: target auth state: UNCHALLENGED
17:43:48.453 [main] DEBUG com.github.dockerjava.zerodep.shaded.org.apache.hc.client5.http.impl.classic.ProtocolExec - ex-00000002: proxy auth state: UNCHALLENGED
17:43:48.453 [main] DEBUG com.github.dockerjava.zerodep.shaded.org.apache.hc.client5.http.impl.classic.ConnectExec - ex-00000002: acquiring connection with route {}->unix://localhost:2375
17:43:48.453 [main] DEBUG com.github.dockerjava.zerodep.shaded.org.apache.hc.client5.http.impl.classic.InternalHttpClient - ex-00000002: acquiring endpoint (3 MINUTES)
17:43:48.453 [main] DEBUG com.github.dockerjava.zerodep.shaded.org.apache.hc.client5.http.impl.io.PoolingHttpClientConnectionManager - ex-00000002: endpoint lease request (3 MINUTES) [route: {}->unix://localhost:2375][total available: 1; route allocated: 1 of 2147483647; total allocated: 1 of 2147483647]
17:43:48.453 [main] DEBUG com.github.dockerjava.zerodep.shaded.org.apache.hc.client5.http.impl.io.PoolingHttpClientConnectionManager - ex-00000002: endpoint leased [route: {}->unix://localhost:2375][total available: 0; route allocated: 1 of 2147483647; total allocated: 1 of 2147483647]
17:43:48.453 [main] DEBUG com.github.dockerjava.zerodep.shaded.org.apache.hc.client5.http.impl.io.PoolingHttpClientConnectionManager - ex-00000002: acquired ep-00000001
17:43:48.453 [main] DEBUG com.github.dockerjava.zerodep.shaded.org.apache.hc.client5.http.impl.classic.InternalHttpClient - ex-00000002: acquired endpoint ep-00000001
17:43:48.453 [main] DEBUG com.github.dockerjava.zerodep.shaded.org.apache.hc.client5.http.impl.classic.MainClientExec - ex-00000002: executing GET /v1.32/version HTTP/1.1
17:43:48.453 [main] DEBUG com.github.dockerjava.zerodep.shaded.org.apache.hc.client5.http.impl.classic.InternalHttpClient - ep-00000001: start execution ex-00000002
17:43:48.453 [main] DEBUG com.github.dockerjava.zerodep.shaded.org.apache.hc.client5.http.impl.io.PoolingHttpClientConnectionManager - ep-00000001: executing exchange ex-00000002 over http-outgoing-0
17:43:48.453 [main] DEBUG com.github.dockerjava.zerodep.shaded.org.apache.hc.client5.http.headers - http-outgoing-0 >> GET /v1.32/version HTTP/1.1
17:43:48.453 [main] DEBUG com.github.dockerjava.zerodep.shaded.org.apache.hc.client5.http.headers - http-outgoing-0 >> accept: application/json
17:43:48.453 [main] DEBUG com.github.dockerjava.zerodep.shaded.org.apache.hc.client5.http.headers - http-outgoing-0 >> x-tc-sid: 866cccf5-0380-4737-9007-32cd48c5f550
17:43:48.453 [main] DEBUG com.github.dockerjava.zerodep.shaded.org.apache.hc.client5.http.headers - http-outgoing-0 >> User-Agent: tc-java/1.19.7
17:43:48.453 [main] DEBUG com.github.dockerjava.zerodep.shaded.org.apache.hc.client5.http.headers - http-outgoing-0 >> Accept-Encoding: gzip, x-gzip, deflate
17:43:48.453 [main] DEBUG com.github.dockerjava.zerodep.shaded.org.apache.hc.client5.http.headers - http-outgoing-0 >> Host: localhost:2375
17:43:48.453 [main] DEBUG com.github.dockerjava.zerodep.shaded.org.apache.hc.client5.http.headers - http-outgoing-0 >> Connection: keep-alive
17:43:48.453 [main] DEBUG com.github.dockerjava.zerodep.shaded.org.apache.hc.client5.http.wire - http-outgoing-0 >> "GET /v1.32/version HTTP/1.1[\r][\n]"
17:43:48.453 [main] DEBUG com.github.dockerjava.zerodep.shaded.org.apache.hc.client5.http.wire - http-outgoing-0 >> "accept: application/json[\r][\n]"
17:43:48.453 [main] DEBUG com.github.dockerjava.zerodep.shaded.org.apache.hc.client5.http.wire - http-outgoing-0 >> "x-tc-sid: 866cccf5-0380-4737-9007-32cd48c5f550[\r][\n]"
17:43:48.453 [main] DEBUG com.github.dockerjava.zerodep.shaded.org.apache.hc.client5.http.wire - http-outgoing-0 >> "User-Agent: tc-java/1.19.7[\r][\n]"
17:43:48.453 [main] DEBUG com.github.dockerjava.zerodep.shaded.org.apache.hc.client5.http.wire - http-outgoing-0 >> "Accept-Encoding: gzip, x-gzip, deflate[\r][\n]"
17:43:48.453 [main] DEBUG com.github.dockerjava.zerodep.shaded.org.apache.hc.client5.http.wire - http-outgoing-0 >> "Host: localhost:2375[\r][\n]"
17:43:48.454 [main] DEBUG com.github.dockerjava.zerodep.shaded.org.apache.hc.client5.http.wire - http-outgoing-0 >> "Connection: keep-alive[\r][\n]"
17:43:48.454 [main] DEBUG com.github.dockerjava.zerodep.shaded.org.apache.hc.client5.http.wire - http-outgoing-0 >> "[\r][\n]"
17:43:48.465 [main] DEBUG com.github.dockerjava.zerodep.shaded.org.apache.hc.client5.http.wire - http-outgoing-0 << "HTTP/1.1 200 OK[\r][\n]"
17:43:48.465 [main] DEBUG com.github.dockerjava.zerodep.shaded.org.apache.hc.client5.http.wire - http-outgoing-0 << "Api-Version: 1.47[\r][\n]"
17:43:48.465 [main] DEBUG com.github.dockerjava.zerodep.shaded.org.apache.hc.client5.http.wire - http-outgoing-0 << "Content-Type: application/json[\r][\n]"
17:43:48.465 [main] DEBUG com.github.dockerjava.zerodep.shaded.org.apache.hc.client5.http.wire - http-outgoing-0 << "Date: Thu, 26 Jun 2025 16:43:48 GMT[\r][\n]"
17:43:48.465 [main] DEBUG com.github.dockerjava.zerodep.shaded.org.apache.hc.client5.http.wire - http-outgoing-0 << "Docker-Experimental: false[\r][\n]"
17:43:48.465 [main] DEBUG com.github.dockerjava.zerodep.shaded.org.apache.hc.client5.http.wire - http-outgoing-0 << "Ostype: linux[\r][\n]"
17:43:48.465 [main] DEBUG com.github.dockerjava.zerodep.shaded.org.apache.hc.client5.http.wire - http-outgoing-0 << "Server: Docker/27.4.0 (linux)[\r][\n]"
17:43:48.465 [main] DEBUG com.github.dockerjava.zerodep.shaded.org.apache.hc.client5.http.wire - http-outgoing-0 << "Transfer-Encoding: chunked[\r][\n]"
17:43:48.465 [main] DEBUG com.github.dockerjava.zerodep.shaded.org.apache.hc.client5.http.wire - http-outgoing-0 << "[\r][\n]"
17:43:48.465 [main] DEBUG com.github.dockerjava.zerodep.shaded.org.apache.hc.client5.http.headers - http-outgoing-0 << HTTP/1.1 200 OK
17:43:48.465 [main] DEBUG com.github.dockerjava.zerodep.shaded.org.apache.hc.client5.http.headers - http-outgoing-0 << Api-Version: 1.47
17:43:48.465 [main] DEBUG com.github.dockerjava.zerodep.shaded.org.apache.hc.client5.http.headers - http-outgoing-0 << Content-Type: application/json
17:43:48.465 [main] DEBUG com.github.dockerjava.zerodep.shaded.org.apache.hc.client5.http.headers - http-outgoing-0 << Date: Thu, 26 Jun 2025 16:43:48 GMT
17:43:48.465 [main] DEBUG com.github.dockerjava.zerodep.shaded.org.apache.hc.client5.http.headers - http-outgoing-0 << Docker-Experimental: false
17:43:48.465 [main] DEBUG com.github.dockerjava.zerodep.shaded.org.apache.hc.client5.http.headers - http-outgoing-0 << Ostype: linux
17:43:48.465 [main] DEBUG com.github.dockerjava.zerodep.shaded.org.apache.hc.client5.http.headers - http-outgoing-0 << Server: Docker/27.4.0 (linux)
17:43:48.465 [main] DEBUG com.github.dockerjava.zerodep.shaded.org.apache.hc.client5.http.headers - http-outgoing-0 << Transfer-Encoding: chunked
17:43:48.465 [main] DEBUG com.github.dockerjava.zerodep.shaded.org.apache.hc.client5.http.impl.classic.MainClientExec - ex-00000002: connection can be kept alive for 3 MINUTES
17:43:48.466 [main] DEBUG com.github.dockerjava.zerodep.shaded.org.apache.hc.client5.http.wire - http-outgoing-0 << "33d[\r][\n]"
17:43:48.466 [main] DEBUG com.github.dockerjava.zerodep.shaded.org.apache.hc.client5.http.wire - http-outgoing-0 << "{"Platform":{"Name":"Docker Desktop 4.37.1 (178610)"},"Components":[{"Name":"Engine","Version":"27.4.0","Details":{"ApiVersion":"1.47","Arch":"arm64","BuildTime":"2024-12-07T10:38:33.000000000+00:00","Experimental":"false","GitCommit":"92a8393","GoVersion":"go1.22.10","KernelVersion":"6.10.14-linuxkit","MinAPIVersion":"1.24","Os":"linux"}},{"Name":"containerd","Version":"1.7.21","Details":{"GitCommit":"472731909fa34bd7bc9c087e4c27943f9835f111"}},{"Name":"runc","Version":"1.1.13","Details":{"GitCommit":"v1.1.13-0-g58aa920"}},{"Name":"docker-init","Version":"0.19.0","Details":{"GitCommit":"de40ad0"}}],"Version":"27.4.0","ApiVersion":"1.47","MinAPIVersion":"1.24","GitCommit":"92a8393","GoVersion":"go1.22.10","Os":"linux","Arch":"arm64","KernelVersion":"6.10.14-linuxkit","BuildTime":"2024-12-07T10:38:33.000000000+00:00"}[\n]"
17:43:48.466 [main] DEBUG com.github.dockerjava.zerodep.shaded.org.apache.hc.client5.http.wire - http-outgoing-0 << "[\r][\n]"
17:43:48.466 [main] DEBUG com.github.dockerjava.zerodep.shaded.org.apache.hc.client5.http.wire - http-outgoing-0 << "0[\r][\n]"
17:43:48.466 [main] DEBUG com.github.dockerjava.zerodep.shaded.org.apache.hc.client5.http.wire - http-outgoing-0 << "[\r][\n]"
17:43:48.470 [main] DEBUG com.github.dockerjava.zerodep.shaded.org.apache.hc.client5.http.impl.classic.InternalHttpClient - ep-00000001: releasing valid endpoint
17:43:48.470 [main] DEBUG com.github.dockerjava.zerodep.shaded.org.apache.hc.client5.http.impl.io.PoolingHttpClientConnectionManager - ep-00000001: releasing endpoint
17:43:48.470 [main] DEBUG com.github.dockerjava.zerodep.shaded.org.apache.hc.client5.http.impl.io.PoolingHttpClientConnectionManager - ep-00000001: connection http-outgoing-0 can be kept alive for 3 MINUTES
17:43:48.470 [main] DEBUG com.github.dockerjava.zerodep.shaded.org.apache.hc.client5.http.impl.io.PoolingHttpClientConnectionManager - ep-00000001: connection released [route: {}->unix://localhost:2375][total available: 1; route allocated: 1 of 2147483647; total allocated: 1 of 2147483647]
17:43:48.470 [main] DEBUG org.testcontainers.DockerClientFactory - Docker version: {Components=[{Name=Engine, Version=27.4.0, Details={ApiVersion=1.47, Arch=arm64, BuildTime=2024-12-07T10:38:33.000000000+00:00, Experimental=false, GitCommit=92a8393, GoVersion=go1.22.10, KernelVersion=6.10.14-linuxkit, MinAPIVersion=1.24, Os=linux}}, {Name=containerd, Version=1.7.21, Details={GitCommit=472731909fa34bd7bc9c087e4c27943f9835f111}}, {Name=runc, Version=1.1.13, Details={GitCommit=v1.1.13-0-g58aa920}}, {Name=docker-init, Version=0.19.0, Details={GitCommit=de40ad0}}], KernelVersion=6.10.14-linuxkit, ApiVersion=1.47, Platform={Name=Docker Desktop 4.37.1 (178610)}, GitCommit=92a8393, Os=linux, Version=27.4.0, MinAPIVersion=1.24, Arch=arm64, GoVersion=go1.22.10, BuildTime=2024-12-07T10:38:33.000000000+00:00}
17:43:48.470 [main] INFO org.testcontainers.DockerClientFactory - Connected to docker: 
  Server Version: 27.4.0
  API Version: 1.47
  Operating System: Docker Desktop
  Total Memory: 7837 MB
17:43:48.477 [main] DEBUG org.testcontainers.utility.RyukResourceReaper - Ryuk is enabled
17:43:48.478 [main] DEBUG org.testcontainers.utility.PrefixingImageNameSubstitutor - No prefix is configured
17:43:48.478 [main] DEBUG org.testcontainers.utility.ImageNameSubstitutor - Did not find a substitute image for testcontainers/ryuk:0.6.0 (using image substitutor: DefaultImageNameSubstitutor (composite of 'ConfigurationFileImageNameSubstitutor' and 'PrefixingImageNameSubstitutor'))
17:43:48.480 [main] DEBUG org.testcontainers.shaded.com.github.dockerjava.core.command.AbstrDockerCmd - Cmd: ListImagesCmdImpl[filters=org.testcontainers.shaded.com.github.dockerjava.core.util.FiltersBuilder@0,imageNameFilter=<null>,showAll=false]
17:43:48.482 [main] DEBUG com.github.dockerjava.zerodep.shaded.org.apache.hc.client5.http.impl.classic.InternalHttpClient - ex-00000003: preparing request execution
17:43:48.482 [main] DEBUG com.github.dockerjava.zerodep.shaded.org.apache.hc.client5.http.protocol.RequestAddCookies - Cookie spec selected: strict
17:43:48.482 [main] DEBUG com.github.dockerjava.zerodep.shaded.org.apache.hc.client5.http.protocol.RequestAuthCache - Auth cache not set in the context
17:43:48.482 [main] DEBUG com.github.dockerjava.zerodep.shaded.org.apache.hc.client5.http.impl.classic.ProtocolExec - ex-00000003: target auth state: UNCHALLENGED
17:43:48.482 [main] DEBUG com.github.dockerjava.zerodep.shaded.org.apache.hc.client5.http.impl.classic.ProtocolExec - ex-00000003: proxy auth state: UNCHALLENGED
17:43:48.482 [main] DEBUG com.github.dockerjava.zerodep.shaded.org.apache.hc.client5.http.impl.classic.ConnectExec - ex-00000003: acquiring connection with route {}->unix://localhost:2375
17:43:48.483 [main] DEBUG com.github.dockerjava.zerodep.shaded.org.apache.hc.client5.http.impl.classic.InternalHttpClient - ex-00000003: acquiring endpoint (3 MINUTES)
17:43:48.483 [main] DEBUG com.github.dockerjava.zerodep.shaded.org.apache.hc.client5.http.impl.io.PoolingHttpClientConnectionManager - ex-00000003: endpoint lease request (3 MINUTES) [route: {}->unix://localhost:2375][total available: 1; route allocated: 1 of 2147483647; total allocated: 1 of 2147483647]
17:43:48.483 [main] DEBUG com.github.dockerjava.zerodep.shaded.org.apache.hc.client5.http.impl.io.PoolingHttpClientConnectionManager - ex-00000003: endpoint leased [route: {}->unix://localhost:2375][total available: 0; route allocated: 1 of 2147483647; total allocated: 1 of 2147483647]
17:43:48.483 [main] DEBUG com.github.dockerjava.zerodep.shaded.org.apache.hc.client5.http.impl.io.PoolingHttpClientConnectionManager - ex-00000003: acquired ep-00000002
17:43:48.483 [main] DEBUG com.github.dockerjava.zerodep.shaded.org.apache.hc.client5.http.impl.classic.InternalHttpClient - ex-00000003: acquired endpoint ep-00000002
17:43:48.483 [main] DEBUG com.github.dockerjava.zerodep.shaded.org.apache.hc.client5.http.impl.classic.MainClientExec - ex-00000003: executing GET /v1.32/images/json HTTP/1.1
17:43:48.483 [main] DEBUG com.github.dockerjava.zerodep.shaded.org.apache.hc.client5.http.impl.classic.InternalHttpClient - ep-00000002: start execution ex-00000003
17:43:48.483 [main] DEBUG com.github.dockerjava.zerodep.shaded.org.apache.hc.client5.http.impl.io.PoolingHttpClientConnectionManager - ep-00000002: executing exchange ex-00000003 over http-outgoing-0
17:43:48.483 [main] DEBUG com.github.dockerjava.zerodep.shaded.org.apache.hc.client5.http.headers - http-outgoing-0 >> GET /v1.32/images/json HTTP/1.1
17:43:48.483 [main] DEBUG com.github.dockerjava.zerodep.shaded.org.apache.hc.client5.http.headers - http-outgoing-0 >> accept: application/json
17:43:48.483 [main] DEBUG com.github.dockerjava.zerodep.shaded.org.apache.hc.client5.http.headers - http-outgoing-0 >> x-tc-sid: 866cccf5-0380-4737-9007-32cd48c5f550
17:43:48.483 [main] DEBUG com.github.dockerjava.zerodep.shaded.org.apache.hc.client5.http.headers - http-outgoing-0 >> User-Agent: tc-java/1.19.7
17:43:48.483 [main] DEBUG com.github.dockerjava.zerodep.shaded.org.apache.hc.client5.http.headers - http-outgoing-0 >> Accept-Encoding: gzip, x-gzip, deflate
17:43:48.483 [main] DEBUG com.github.dockerjava.zerodep.shaded.org.apache.hc.client5.http.headers - http-outgoing-0 >> Host: localhost:2375
17:43:48.483 [main] DEBUG com.github.dockerjava.zerodep.shaded.org.apache.hc.client5.http.headers - http-outgoing-0 >> Connection: keep-alive
17:43:48.483 [main] DEBUG com.github.dockerjava.zerodep.shaded.org.apache.hc.client5.http.wire - http-outgoing-0 >> "GET /v1.32/images/json HTTP/1.1[\r][\n]"
17:43:48.483 [main] DEBUG com.github.dockerjava.zerodep.shaded.org.apache.hc.client5.http.wire - http-outgoing-0 >> "accept: application/json[\r][\n]"
17:43:48.483 [main] DEBUG com.github.dockerjava.zerodep.shaded.org.apache.hc.client5.http.wire - http-outgoing-0 >> "x-tc-sid: 866cccf5-0380-4737-9007-32cd48c5f550[\r][\n]"
17:43:48.483 [main] DEBUG com.github.dockerjava.zerodep.shaded.org.apache.hc.client5.http.wire - http-outgoing-0 >> "User-Agent: tc-java/1.19.7[\r][\n]"
17:43:48.483 [main] DEBUG com.github.dockerjava.zerodep.shaded.org.apache.hc.client5.http.wire - http-outgoing-0 >> "Accept-Encoding: gzip, x-gzip, deflate[\r][\n]"
17:43:48.483 [main] DEBUG com.github.dockerjava.zerodep.shaded.org.apache.hc.client5.http.wire - http-outgoing-0 >> "Host: localhost:2375[\r][\n]"
17:43:48.483 [main] DEBUG com.github.dockerjava.zerodep.shaded.org.apache.hc.client5.http.wire - http-outgoing-0 >> "Connection: keep-alive[\r][\n]"
17:43:48.483 [main] DEBUG com.github.dockerjava.zerodep.shaded.org.apache.hc.client5.http.wire - http-outgoing-0 >> "[\r][\n]"
17:43:48.487 [main] DEBUG com.github.dockerjava.zerodep.shaded.org.apache.hc.client5.http.wire - http-outgoing-0 << "HTTP/1.1 200 OK[\r][\n]"
17:43:48.487 [main] DEBUG com.github.dockerjava.zerodep.shaded.org.apache.hc.client5.http.wire - http-outgoing-0 << "Api-Version: 1.47[\r][\n]"
17:43:48.487 [main] DEBUG com.github.dockerjava.zerodep.shaded.org.apache.hc.client5.http.wire - http-outgoing-0 << "Content-Type: application/json[\r][\n]"
17:43:48.487 [main] DEBUG com.github.dockerjava.zerodep.shaded.org.apache.hc.client5.http.wire - http-outgoing-0 << "Date: Thu, 26 Jun 2025 16:43:48 GMT[\r][\n]"
17:43:48.487 [main] DEBUG com.github.dockerjava.zerodep.shaded.org.apache.hc.client5.http.wire - http-outgoing-0 << "Docker-Experimental: false[\r][\n]"
17:43:48.487 [main] DEBUG com.github.dockerjava.zerodep.shaded.org.apache.hc.client5.http.wire - http-outgoing-0 << "Ostype: linux[\r][\n]"
17:43:48.487 [main] DEBUG com.github.dockerjava.zerodep.shaded.org.apache.hc.client5.http.wire - http-outgoing-0 << "Server: Docker/27.4.0 (linux)[\r][\n]"
17:43:48.488 [main] DEBUG com.github.dockerjava.zerodep.shaded.org.apache.hc.client5.http.wire - http-outgoing-0 << "Transfer-Encoding: chunked[\r][\n]"
17:43:48.488 [main] DEBUG com.github.dockerjava.zerodep.shaded.org.apache.hc.client5.http.wire - http-outgoing-0 << "[\r][\n]"
17:43:48.488 [main] DEBUG com.github.dockerjava.zerodep.shaded.org.apache.hc.client5.http.headers - http-outgoing-0 << HTTP/1.1 200 OK
17:43:48.488 [main] DEBUG com.github.dockerjava.zerodep.shaded.org.apache.hc.client5.http.headers - http-outgoing-0 << Api-Version: 1.47
17:43:48.488 [main] DEBUG com.github.dockerjava.zerodep.shaded.org.apache.hc.client5.http.headers - http-outgoing-0 << Content-Type: application/json
17:43:48.488 [main] DEBUG com.github.dockerjava.zerodep.shaded.org.apache.hc.client5.http.headers - http-outgoing-0 << Date: Thu, 26 Jun 2025 16:43:48 GMT
17:43:48.488 [main] DEBUG com.github.dockerjava.zerodep.shaded.org.apache.hc.client5.http.headers - http-outgoing-0 << Docker-Experimental: false
17:43:48.488 [main] DEBUG com.github.dockerjava.zerodep.shaded.org.apache.hc.client5.http.headers - http-outgoing-0 << Ostype: linux
17:43:48.488 [main] DEBUG com.github.dockerjava.zerodep.shaded.org.apache.hc.client5.http.headers - http-outgoing-0 << Server: Docker/27.4.0 (linux)
17:43:48.488 [main] DEBUG com.github.dockerjava.zerodep.shaded.org.apache.hc.client5.http.headers - http-outgoing-0 << Transfer-Encoding: chunked
17:43:48.488 [main] DEBUG com.github.dockerjava.zerodep.shaded.org.apache.hc.client5.http.impl.classic.MainClientExec - ex-00000003: connection can be kept alive for 3 MINUTES
17:43:48.488 [main] DEBUG com.github.dockerjava.zerodep.shaded.org.apache.hc.client5.http.wire - http-outgoing-0 << "302e[\r][\n]"
17:43:48.488 [main] DEBUG com.github.dockerjava.zerodep.shaded.org.apache.hc.client5.http.wire - http-outgoing-0 << "[{"Containers":-1,"Created":1731094401,"Id":"sha256:c80b6f78bc5cd52a343a491f02e40c0b1ea89a5f7823393a0afe8a7325ecc29a","Labels":null,"ParentId":"","RepoDigests":["ai/chat-demo-backend@sha256:72dd1804008efb7fbdf97ab8305cf47d15632ce17fee9d0aaaf5bfa932056f7d"],"RepoTags":["ai/chat-demo-backend:latest"],"SharedSize":-1,"Size":84156355,"VirtualSize":84156355},{"Containers":-1,"Created":1731094291,"Id":"sha256:31ff78ae8b7e4b6dfa93dc91262ad25b33de505db45c576aed2b3a9e428d09b5","Labels":null,"ParentId":"","RepoDigests":["ai/chat-demo-frontend@sha256:7a102ab1e316849461343c1a98d29c2e168b2f16d69c45ccc468c8df64fdfe0a"],"RepoTags":["ai/chat-demo-frontend:latest"],"SharedSize":-1,"Size":193985044,"VirtualSize":193985044},{"Containers":-1,"Created":1731093598,"Id":"sha256:39a17b8ab387e45304fd9274b56b12688ad262c0e989c2539db0f5594b1d219f","Labels":{"com.docker.compose.project":"ai-chat-app","com.docker.compose.service":"ollama","com.docker.compose.version":"2.30.1","org.opencontainers.image.ref.name":"ubuntu","org.opencontainers.image.version":"22.04"},"ParentId":"","RepoDigests":["ai/chat-demo-model@sha256:de1bb24e0de6167e4c0b0d1024c824536216c581846b3912e7e1ba551beece90"],"RepoTags":["ai/chat-demo-model:latest"],"SharedSize":-1,"Size":3253256425,"VirtualSize":3253256425},{"Containers":-1,"Created":1729067832,"Id":"sha256:a7b8c38c701e8375fce59cec4d7e5edf7a4c0fc22aa1824e1b30533a9a127784","Labels":{"com.docker.image.source.entrypoint":"kubernetes/Dockerfile","org.opencontainers.image.revision":"585664e2cd553a35d5a540e692eb6025b7805a19","org.opencontainers.image.source":"https://github.com/docker/pinata"},"ParentId":"","RepoDigests":["docker/desktop-kubernetes@sha256:7a7b02256c8de9f08984cc7db4a4d28a7765806be3faf7a4df2bd534be5a860b"],"RepoTags":["docker/desktop-kubernetes:kubernetes-v1.30.5-cni-v1.4.0-critools-v1.29.0-cri-dockerd-v0.3.11-1-debian"],"SharedSize":-1,"Size":419360594,"VirtualSize":419360594},{"Containers":-1,"Created":1726100897,"Id":"sha256:2bf7f63bc5e4cb1f93cdd13e325e181862614b805d7cc45282599fb6dd1d329d","Labels":{"description":"go based runner for distroless scenarios","maintainers":"Kubernetes Authors"},"ParentId":"","RepoDigests":null,"RepoTags":["registry.k8s.io/kube-apiserver:v1.30.5"],"SharedSize":-1,"Size":112480918,"VirtualSize":112480918},{"Containers":-1,"Created":1726100896,"Id":"sha256:b6db73bf7694d702f3d1cb29dc3e4051df33cc6316cd3636eabbab1e6d26466f","Labels":{"description":"go based runner for distroless scenarios","maintainers":"Kubernetes Authors"},"ParentId":"","RepoDigests":null,"RepoTags":["registry.k8s.io/kube-scheduler:v1.30.5"],"SharedSize":-1,"Size":60511220,"VirtualSize":60511220},{"Containers":-1,"Created":1726100896,"Id":"sha256:e1be44cf89df192ebc5b44737bf94ac472fe9a0eb3ddf9422d96eed2380ea7e6","Labels":{"description":"go based runner for distroless scenarios","maintainers":"Kubernetes Authors"},"ParentId":"","RepoDigests":null,"RepoTags":["registry.k8s.io/kube-controller-manager:v1.30.5"],"SharedSize":-1,"Size":107172852,"VirtualSize":107172852},{"Containers":-1,"Created":1726100895,"Id":"sha256:57f247cd1b5672dc99f46b3e3e288bbc06e9c17dfcfdb6b855cd83af9a418d43","Labels":null,"ParentId":"","RepoDigests":null,"RepoTags":["registry.k8s.io/kube-proxy:v1.30.5"],"SharedSize":-1,"Size":87942272,"VirtualSize":87942272},{"Containers":-1,"Created":1722274205,"Id":"sha256:2f6c962e7b8311337352d9fdea917da2184d9919f4da7695bc2a6517cf392fe4","Labels":null,"ParentId":"","RepoDigests":null,"RepoTags":["registry.k8s.io/coredns/coredns:v1.11.3"],"SharedSize":-1,"Size":60192455,"VirtualSize":60192455},{"Containers":-1,"Created":1716390883,"Id":"sha256:fcfabb79e738d80c603faacd2f7cdc71029e3258c545f2e3a0e8fca7142b56bf","Labels":{"com.vmware.cp.artifact.flavor":"sha256:c50c90cfd9d12b445b011e6ad529f1ad3daea45c26d20b00732fae3cd71f6a83","org.opencontainers.image.base.name":"docker.io/bitnami/minideb:bookworm","org.opencontainers.image.created":"2024-05-22T15:10:18Z","org.opencontainers.image.description":"Application packaged by Broadcom, Inc.","org.opencontainers.image.documentation":"https://github.com/bitnami/containers/tree/main/bitnami/mysql/README.md","org.opencontainers.image.licenses":"Apache-2.0","org.opencontainers.image.ref.name":"8.4.0-debian-12-r3","org.opencontainers.image.source":"https://github.com/bitnami/containers/tree/main/bitnami/mysql","org.opencontainers.image.title":"mysql","org.opencontainers.image.vendor":"Broadcom, Inc.","org.opencontainers.image.version":"8.4.0"},"ParentId":"","RepoDigests":["bitnami/mysql@sha256:3594854f53d90497601c9ccff37d61819978fe37b348f6abff8c08b0f4c63dd1"],"RepoTags":["bitnami/mysql:8.4.0-debian-12-r3"],"SharedSize":-1,"Size":745353760,"VirtualSize":745353760},{"Containers":-1,"Created":1715213114,"Id":"sha256:648c6affc8e4f1b193cc2e4e8a03c67ff0631737c2114bc464a7766d3de2a2a9","Labels":null,"ParentId":"","RepoDigests":["gcr.io/k8s-minikube/kicbase@sha256:eb04641328b06c5c4a14f4348470e1046bbcf9c2cbc551486e343d3a49db557e"],"RepoTags":["gcr.io/k8s-minikube/kicbase:v0.0.44"],"SharedSize":-1,"Size":1172453729,"VirtualSize":1172453729},{"Containers":-1,"Created":1715212430,"Id":"sha256:5a6e59a9bdc0d32876fd51e3702c6cb16f38b145ed5528e5f0bfb1de21e70803","Labels":null,"ParentId":"","RepoDigests":["\u003cnone\u003e@\u003cnone\u003e"],"RepoTags":["\u003cnone\u003e:\u003cnone\u003e"],"SharedSize":-1,"Size":1262272485,"VirtualSize":1262272485},{"Containers":-1,"Created":1712755724,"Id":"sha256:9451c336356d6360a1b13f52d75dcab2e2f927626cc44d88d456234834d40e5d","Labels":{"maintainer":"NGINX Docker Maintainers \u003cdocker-maint@nginx.com\u003e","org.opencontainers.image.created":"2024-04-10T13:07:28.236Z","org.opencontainers.image.description":"Little helper to run CNCF's k3s in Docker","org.opencontainers.image.licenses":"MIT","org.opencontainers.image.revision":"934b3c87a447ce373b5eb7f048b3cc81ad1f40d9","org.opencontainers.image.source":"https://github.com/k3d-io/k3d","org.opencontainers.image.title":"k3d","org.opencontainers.image.url":"https://github.com/k3d-io/k3d","org.opencontainers.image.version":"5"},"ParentId":"","RepoDigests":["ghcr.io/k3d-io/k3d-proxy@sha256:3d7790b1aa60d639c58cfd8ae42b138f9fb30b5db3289512bb6516f5e0f679d5"],"RepoTags":["ghcr.io/k3d-io/k3d-proxy:5.6.3"],"SharedSize":-1,"Size":59391879,"VirtualSize":59391879},{"Containers":-1,"Created":1712755158,"Id":"sha256:26714f7f5e27a807701dfd32c48934318b78a444fd25535dd96211cd9ad95b59","Labels":{"org.opencontainers.image.created":"2024-04-10T13:07:28.700Z","org.opencontainers.image.description":"Little helper to run CNCF's k3s in Docker","org.opencontainers.image.licenses":"MIT","org.opencontainers.image.revision":"934b3c87a447ce373b5eb7f048b3cc81ad1f40d9","org.opencontainers.image.source":"https://github.com/k3d-io/k3d","org.opencontainers.image.title":"k3d","org.opencontainers.image.url":"https://github.com/k3d-io/k3d","org.opencontainers.image.version":"5"},"ParentId":"","RepoDigests":["ghcr.io/k3d-io/k3d-tools@sha256:c5619857ab4eccbc867f049390ce0ad7309fbaa85f85e0fed4463d64883b7ea8"],"RepoTags":["ghcr.io/k3d-io/k3d-tools:5.6.3"],"SharedSize":-1,"Size":22379147,"VirtualSize":22379147},{"Containers":-1,"Created":1711412580,"Id":"sha256:aeb848d335b667f13ebcc641cfba7eb5f9c657914020659581b4e6f5a3668a0c","Labels":{"org.opencontainers.image.created":"2024-03-26T00:22:49Z","org.opencontainers.image.revision":"653dd61aaa2d0ef8bd83ac4dbc6d150dde792efc","org.opencontainers.image.source":"https://github.com/k3s-io/k3s.git","org.opencontainers.image.url":"https://github.com/k3s-io/k3s"},"ParentId":"","RepoDigests":["rancher/k3s@sha256:c54d8a5404c212ff8782b074f62b8d8af74b8d4d8937141cc816702b89b3156b"],"RepoTags":["rancher/k3s:v1.28.8-k3s1"],"SharedSize":-1,"Size":199791584,"VirtualSize":199791584},{"Containers":-1,"Created":1709935227,"Id":"sha256:c8405f018c81730ffbfd948a84e63d825d259df975b5b9500fd6426ea48fbd27","Labels":{"com.docker.image.source.entrypoint":"kubernetes/Dockerfile","org.opencontainers.image.revision":"d9b726426a08730485d2061d663a14c8287ebd68","org.opencontainers.image.source":"https://github.com/docker/pinata"},"ParentId":"","RepoDigests":["docker/desktop-kubernetes@sha256:ee4d0cb41223b7c5e27369aacedcbc17000df6990f03f5bb725f9e1b42678d34"],""
17:43:48.493 [main] DEBUG com.github.dockerjava.zerodep.shaded.org.apache.hc.client5.http.wire - http-outgoing-0 << "RepoTags":["docker/desktop-kubernetes:kubernetes-v1.29.2-cni-v1.4.0-critools-v1.29.0-cri-dockerd-v0.3.11-1-debian"],"SharedSize":-1,"Size":423235319,"VirtualSize":423235319},{"Containers":-1,"Created":1707908215,"Id":"sha256:2bceedbd3273e5cc709fc640b29d04fb7dde67b9261dcdf3f69d4a02efca7219","Labels":{"description":"go based runner for distroless scenarios","maintainers":"Kubernetes Authors"},"ParentId":"","RepoDigests":null,"RepoTags":["registry.k8s.io/kube-apiserver:v1.29.2"],"SharedSize":-1,"Size":122639158,"VirtualSize":122639158},{"Containers":-1,"Created":1707908213,"Id":"sha256:6241433e83b5a5599bb4d5c54927bcc77d330f52504cedb7eb7685b9b5d6bce4","Labels":null,"ParentId":"","RepoDigests":null,"RepoTags":["registry.k8s.io/kube-proxy:v1.29.2"],"SharedSize":-1,"Size":85384562,"VirtualSize":85384562},{"Containers":-1,"Created":1707908213,"Id":"sha256:96e2c08ad32ed230afea843bed0bebdfc0bc379775f12615466645dac97a2ecf","Labels":{"description":"go based runner for distroless scenarios","maintainers":"Kubernetes Authors"},"ParentId":"","RepoDigests":null,"RepoTags":["registry.k8s.io/kube-scheduler:v1.29.2"],"SharedSize":-1,"Size":58020999,"VirtualSize":58020999},{"Containers":-1,"Created":1707908213,"Id":"sha256:32eb28f276a5415919c40d989d9a5d49852dcbb8d18d8b0f4510102f9a0c1d12","Labels":{"description":"go based runner for distroless scenarios","maintainers":"Kubernetes Authors"},"ParentId":"","RepoDigests":null,"RepoTags":["registry.k8s.io/kube-controller-manager:v1.29.2"],"SharedSize":-1,"Size":117527791,"VirtualSize":117527791},{"Containers":-1,"Created":1707152022,"Id":"sha256:014faa467e29798aeef733fe6d1a3b5e382688217b053ad23410e6cccd5d22fd","Labels":null,"ParentId":"","RepoDigests":null,"RepoTags":["registry.k8s.io/etcd:3.5.12-0"],"SharedSize":-1,"Size":138984067,"VirtualSize":138984067},{"Containers":-1,"Created":1703169619,"Id":"sha256:00b74ac764e1bd0e8eefa5ca9ad4ff60b1e7a8099181b2446d7bb6695eac6fbf","Labels":{"org.testcontainers.ryuk":"true"},"ParentId":"","RepoDigests":["testcontainers/ryuk@sha256:739f19eb83b1710f22ff452d7bec9cdd3f53d0ba5ff4096c6516a85de88eba0c"],"RepoTags":["testcontainers/ryuk:0.6.0"],"SharedSize":-1,"Size":15036068,"VirtualSize":15036068},{"Containers":-1,"Created":1698845025,"Id":"sha256:79f8d13ae8b8839cadfb2f83416935f5184206d386028e2d1263577f0ab3620b","Labels":null,"ParentId":"","RepoDigests":null,"RepoTags":["registry.k8s.io/etcd:3.5.10-0"],"SharedSize":-1,"Size":136467208,"VirtualSize":136467208},{"Containers":-1,"Created":1692129668,"Id":"sha256:2437cf762177702dec2dfe99a09c37427a15af6d9a57c456b65352667c223d93","Labels":null,"ParentId":"","RepoDigests":null,"RepoTags":["registry.k8s.io/coredns/coredns:v1.11.1"],"SharedSize":-1,"Size":57387595,"VirtualSize":57387595},{"Containers":-1,"Created":1684159213,"Id":"sha256:3750dfec169f630ab8042ca29bca08cbf436ccf1a74ae6f2778f31d0235651d5","Labels":null,"ParentId":"","RepoDigests":["docker/desktop-vpnkit-controller@sha256:7ecf567ea07095f9af6ce2004055d4d37e4ee3bc19b553cce2f6c37ee9b916bf"],"RepoTags":["docker/desktop-vpnkit-controller:dc331cb22850be0cdd97c84a9cfecaf44a1afb6e"],"SharedSize":-1,"Size":34992760,"VirtualSize":34992760},{"Containers":-1,"Created":1673515472,"Id":"sha256:95de41c9a8f374c82ed7ddb5c3c239d745667a6c6ef37819d48507e8039aab68","Labels":null,"ParentId":"","RepoDigests":["mockserver/mockserver@sha256:0f9ef78c94894ac3e70135d156193b25e23872575d58e2228344964273b4af6b"],"RepoTags":["mockserver/mockserver:5.15.0"],"SharedSize":-1,"Size":275668416,"VirtualSize":275668416},{"Containers":-1,"Created":1665686149,"Id":"sha256:829e9de338bd5fdd3f16f68f83a9fb288fbc8453e881e5d5cfd0f6f2ff72b43e","Labels":null,"ParentId":"","RepoDigests":null,"RepoTags":["registry.k8s.io/pause:3.9"],"SharedSize":-1,"Size":514000,"VirtualSize":514000},{"Containers":-1,"Created":1619456760,"Id":"sha256:c027a58fa0bb1f8ff35555e068fc8d1a67173782978e25d0450bac0eb5848cd7","Labels":null,"ParentId":"","RepoDigests":["docker/desktop-storage-provisioner@sha256:115d77efe6e256cefbcdf1d3292bede9339ef3952a2a83393cea217a3ffdef36"],"RepoTags":["docker/desktop-storage-provisioner:v2.0"],"SharedSize":-1,"Size":39816902,"VirtualSize":39816902}][\n]"
17:43:48.495 [main] DEBUG com.github.dockerjava.zerodep.shaded.org.apache.hc.client5.http.wire - http-outgoing-0 << "[\r][\n]"
17:43:48.495 [main] DEBUG com.github.dockerjava.zerodep.shaded.org.apache.hc.client5.http.wire - http-outgoing-0 << "0[\r][\n]"
17:43:48.495 [main] DEBUG com.github.dockerjava.zerodep.shaded.org.apache.hc.client5.http.wire - http-outgoing-0 << "[\r][\n]"
17:43:48.495 [main] DEBUG com.github.dockerjava.zerodep.shaded.org.apache.hc.client5.http.impl.classic.InternalHttpClient - ep-00000002: releasing valid endpoint
17:43:48.495 [main] DEBUG com.github.dockerjava.zerodep.shaded.org.apache.hc.client5.http.impl.io.PoolingHttpClientConnectionManager - ep-00000002: releasing endpoint
17:43:48.495 [main] DEBUG com.github.dockerjava.zerodep.shaded.org.apache.hc.client5.http.impl.io.PoolingHttpClientConnectionManager - ep-00000002: connection http-outgoing-0 can be kept alive for 3 MINUTES
17:43:48.495 [main] DEBUG com.github.dockerjava.zerodep.shaded.org.apache.hc.client5.http.impl.io.PoolingHttpClientConnectionManager - ep-00000002: connection released [route: {}->unix://localhost:2375][total available: 1; route allocated: 1 of 2147483647; total allocated: 1 of 2147483647]
17:43:48.497 [main] DEBUG org.testcontainers.images.AbstractImagePullPolicy - Using locally available and not pulling image: testcontainers/ryuk:0.6.0
17:43:48.497 [main] DEBUG tc.testcontainers/ryuk:0.6.0 - Starting container: testcontainers/ryuk:0.6.0
17:43:48.498 [main] DEBUG tc.testcontainers/ryuk:0.6.0 - Trying to start container: testcontainers/ryuk:0.6.0 (attempt 1/1)
17:43:48.498 [main] DEBUG tc.testcontainers/ryuk:0.6.0 - Starting container: testcontainers/ryuk:0.6.0
17:43:48.498 [main] INFO tc.testcontainers/ryuk:0.6.0 - Creating container for image: testcontainers/ryuk:0.6.0
17:43:48.503 [main] DEBUG org.testcontainers.utility.RegistryAuthLocator - Looking up auth config for image: testcontainers/ryuk:0.6.0 at registry: https://index.docker.io/v1/
17:43:48.504 [main] DEBUG org.testcontainers.utility.RegistryAuthLocator - RegistryAuthLocator has configFile: /Users/manoj/.docker/config.json (exists) configEnv: DOCKER_AUTH_CONFIG (does not exist) and commandPathPrefix: 
17:43:48.504 [main] DEBUG org.testcontainers.utility.RegistryAuthLocator - RegistryAuthLocator reading from configFile: /Users/manoj/.docker/config.json
17:43:48.504 [main] DEBUG org.testcontainers.utility.RegistryAuthLocator - registryName [https://index.docker.io/v1/] for dockerImageName [testcontainers/ryuk:0.6.0]
17:43:48.504 [main] DEBUG org.testcontainers.utility.RegistryAuthLocator - Executing docker credential provider: docker-credential-desktop to locate auth config for: https://index.docker.io/v1/
17:43:48.508 [main] DEBUG org.testcontainers.shaded.org.zeroturnaround.exec.ProcessExecutor - Executing [docker-credential-desktop, get].
17:43:48.514 [main] DEBUG org.testcontainers.shaded.org.zeroturnaround.exec.ProcessExecutor - Started Process[pid=48417, exitValue="not exited"]
17:43:48.640 [WaitForProcess-Process[pid=48417, exitValue="not exited"]] DEBUG org.testcontainers.shaded.org.zeroturnaround.exec.WaitForProcess - Process[pid=48417, exitValue=0] stopped with exit code 0
17:43:48.642 [main] DEBUG org.testcontainers.utility.RegistryAuthLocator - Credential helper/store provided auth config for: https://index.docker.io/v1/
17:43:48.645 [main] DEBUG org.testcontainers.utility.RegistryAuthLocator - found creds store auth config [AuthConfig{username=dumanoj, password=hidden non-blank value, auth=blank, email=null, registryAddress=https://index.docker.io/v1/, registryToken=blank}]
17:43:48.645 [main] DEBUG org.testcontainers.utility.RegistryAuthLocator - Cached auth found: [AuthConfig{username=dumanoj, password=hidden non-blank value, auth=blank, email=null, registryAddress=https://index.docker.io/v1/, registryToken=blank}]
17:43:48.645 [main] DEBUG org.testcontainers.dockerclient.AuthDelegatingDockerClientConfig - Effective auth config [AuthConfig{username=dumanoj, password=hidden non-blank value, auth=blank, email=null, registryAddress=https://index.docker.io/v1/, registryToken=blank}]
17:43:48.655 [main] DEBUG org.testcontainers.shaded.com.github.dockerjava.core.command.AbstrDockerCmd - Cmd: org.testcontainers.shaded.com.github.dockerjava.core.command.CreateContainerCmdImpl@14b9df65[aliases=<null>,argsEscaped=<null>,attachStderr=<null>,attachStdin=<null>,attachStdout=<null>,authConfig=AuthConfig(username=dumanoj, email=null, registryAddress=https://index.docker.io/v1/, stackOrchestrator=null),cmd={},domainName=<null>,entrypoint=<null>,env={},exposedPorts=ExposedPorts(exposedPorts=[8080/tcp]),healthcheck=<null>,hostConfig=HostConfig(binds=[/var/run/docker.sock:/var/run/docker.sock:rw], blkioWeight=null, blkioWeightDevice=null, blkioDeviceReadBps=null, blkioDeviceWriteBps=null, blkioDeviceReadIOps=null, blkioDeviceWriteIOps=null, memorySwappiness=null, nanoCPUs=null, capAdd=null, capDrop=null, containerIDFile=null, cpuPeriod=null, cpuRealtimePeriod=null, cpuRealtimeRuntime=null, cpuShares=null, cpuQuota=null, cpusetCpus=null, cpusetMems=null, devices=null, deviceCgroupRules=null, deviceRequests=null, diskQuota=null, dns=null, dnsOptions=null, dnsSearch=null, extraHosts=[], groupAdd=null, ipcMode=null, cgroup=null, links=[], logConfig=LogConfig(type=null, config=null), lxcConf=null, memory=null, memorySwap=null, memoryReservation=null, kernelMemory=null, networkMode=null, oomKillDisable=null, init=null, autoRemove=true, oomScoreAdj=null, portBindings={8080/tcp=[Lcom.github.dockerjava.api.model.Ports$Binding;@21ab919c}, privileged=true, publishAllPorts=null, readonlyRootfs=null, restartPolicy=null, ulimits=null, cpuCount=null, cpuPercent=null, ioMaximumIOps=null, ioMaximumBandwidth=null, volumesFrom=[], mounts=null, pidMode=null, isolation=null, securityOpts=null, storageOpt=null, cgroupParent=null, volumeDriver=null, shmSize=null, pidsLimit=null, runtime=null, tmpFs=null, utSMode=null, usernsMode=null, sysctls=null, consoleSize=null, cgroupnsMode=null),hostName=<null>,image=testcontainers/ryuk:0.6.0,ipv4Address=<null>,ipv6Address=<null>,labels={org.testcontainers=true, org.testcontainers.lang=java, org.testcontainers.version=1.19.7},macAddress=<null>,name=testcontainers-ryuk-866cccf5-0380-4737-9007-32cd48c5f550,networkDisabled=<null>,networkingConfig=<null>,onBuild=<null>,platform=<null>,portSpecs=<null>,shell=<null>,stdInOnce=<null>,stdinOpen=<null>,stopSignal=<null>,stopTimeout=<null>,tty=<null>,user=<null>,volumes=Volumes(volumes=[]),workingDir=<null>]
17:43:48.698 [main] DEBUG com.github.dockerjava.zerodep.shaded.org.apache.hc.client5.http.impl.classic.InternalHttpClient - ex-00000004: preparing request execution
17:43:48.699 [main] DEBUG com.github.dockerjava.zerodep.shaded.org.apache.hc.client5.http.protocol.RequestAddCookies - Cookie spec selected: strict
17:43:48.699 [main] DEBUG com.github.dockerjava.zerodep.shaded.org.apache.hc.client5.http.protocol.RequestAuthCache - Auth cache not set in the context
17:43:48.699 [main] DEBUG com.github.dockerjava.zerodep.shaded.org.apache.hc.client5.http.impl.classic.ProtocolExec - ex-00000004: target auth state: UNCHALLENGED
17:43:48.699 [main] DEBUG com.github.dockerjava.zerodep.shaded.org.apache.hc.client5.http.impl.classic.ProtocolExec - ex-00000004: proxy auth state: UNCHALLENGED
17:43:48.699 [main] DEBUG com.github.dockerjava.zerodep.shaded.org.apache.hc.client5.http.impl.classic.ConnectExec - ex-00000004: acquiring connection with route {}->unix://localhost:2375
17:43:48.699 [main] DEBUG com.github.dockerjava.zerodep.shaded.org.apache.hc.client5.http.impl.classic.InternalHttpClient - ex-00000004: acquiring endpoint (3 MINUTES)
17:43:48.699 [main] DEBUG com.github.dockerjava.zerodep.shaded.org.apache.hc.client5.http.impl.io.PoolingHttpClientConnectionManager - ex-00000004: endpoint lease request (3 MINUTES) [route: {}->unix://localhost:2375][total available: 1; route allocated: 1 of 2147483647; total allocated: 1 of 2147483647]
17:43:48.699 [main] DEBUG com.github.dockerjava.zerodep.shaded.org.apache.hc.client5.http.impl.io.PoolingHttpClientConnectionManager - ex-00000004: endpoint leased [route: {}->unix://localhost:2375][total available: 0; route allocated: 1 of 2147483647; total allocated: 1 of 2147483647]
17:43:48.699 [main] DEBUG com.github.dockerjava.zerodep.shaded.org.apache.hc.client5.http.impl.io.PoolingHttpClientConnectionManager - ex-00000004: acquired ep-00000003
17:43:48.699 [main] DEBUG com.github.dockerjava.zerodep.shaded.org.apache.hc.client5.http.impl.classic.InternalHttpClient - ex-00000004: acquired endpoint ep-00000003
17:43:48.699 [main] DEBUG com.github.dockerjava.zerodep.shaded.org.apache.hc.client5.http.impl.classic.MainClientExec - ex-00000004: executing POST /v1.32/containers/create?name=testcontainers-ryuk-866cccf5-0380-4737-9007-32cd48c5f550 HTTP/1.1
17:43:48.699 [main] DEBUG com.github.dockerjava.zerodep.shaded.org.apache.hc.client5.http.impl.classic.InternalHttpClient - ep-00000003: start execution ex-00000004
17:43:48.699 [main] DEBUG com.github.dockerjava.zerodep.shaded.org.apache.hc.client5.http.impl.io.PoolingHttpClientConnectionManager - ep-00000003: executing exchange ex-00000004 over http-outgoing-0
17:43:48.699 [main] DEBUG com.github.dockerjava.zerodep.shaded.org.apache.hc.client5.http.headers - http-outgoing-0 >> POST /v1.32/containers/create?name=testcontainers-ryuk-866cccf5-0380-4737-9007-32cd48c5f550 HTTP/1.1
17:43:48.699 [main] DEBUG com.github.dockerjava.zerodep.shaded.org.apache.hc.client5.http.headers - http-outgoing-0 >> X-Registry-Auth: eyJ1c2VybmFtZSI6ImR1bWFub2oiLCJwYXNzd29yZCI6ImRja3JfcGF0X0JGa3ZyLXEwa1VVblNlbnFESnQyUXlkQ0duNCIsImVtYWlsIjpudWxsLCJzZXJ2ZXJhZGRyZXNzIjoiaHR0cHM6Ly9pbmRleC5kb2NrZXIuaW8vdjEvIiwiYXV0aCI6bnVsbCwicmVnaXN0cnl0b2tlbiI6bnVsbCwiaWRlbnRpdHl0b2tlbiI6bnVsbCwic3RhY2tPcmNoZXN0cmF0b3IiOm51bGx9
17:43:48.699 [main] DEBUG com.github.dockerjava.zerodep.shaded.org.apache.hc.client5.http.headers - http-outgoing-0 >> accept: application/json
17:43:48.699 [main] DEBUG com.github.dockerjava.zerodep.shaded.org.apache.hc.client5.http.headers - http-outgoing-0 >> content-type: application/json
17:43:48.699 [main] DEBUG com.github.dockerjava.zerodep.shaded.org.apache.hc.client5.http.headers - http-outgoing-0 >> x-tc-sid: 866cccf5-0380-4737-9007-32cd48c5f550
17:43:48.699 [main] DEBUG com.github.dockerjava.zerodep.shaded.org.apache.hc.client5.http.headers - http-outgoing-0 >> User-Agent: tc-java/1.19.7
17:43:48.699 [main] DEBUG com.github.dockerjava.zerodep.shaded.org.apache.hc.client5.http.headers - http-outgoing-0 >> Accept-Encoding: gzip, x-gzip, deflate
17:43:48.699 [main] DEBUG com.github.dockerjava.zerodep.shaded.org.apache.hc.client5.http.headers - http-outgoing-0 >> Content-Length: 1954
17:43:48.699 [main] DEBUG com.github.dockerjava.zerodep.shaded.org.apache.hc.client5.http.headers - http-outgoing-0 >> Host: localhost:2375
17:43:48.700 [main] DEBUG com.github.dockerjava.zerodep.shaded.org.apache.hc.client5.http.headers - http-outgoing-0 >> Connection: keep-alive
17:43:48.700 [main] DEBUG com.github.dockerjava.zerodep.shaded.org.apache.hc.client5.http.wire - http-outgoing-0 >> "POST /v1.32/containers/create?name=testcontainers-ryuk-866cccf5-0380-4737-9007-32cd48c5f550 HTTP/1.1[\r][\n]"
17:43:48.700 [main] DEBUG com.github.dockerjava.zerodep.shaded.org.apache.hc.client5.http.wire - http-outgoing-0 >> "X-Registry-Auth: eyJ1c2VybmFtZSI6ImR1bWFub2oiLCJwYXNzd29yZCI6ImRja3JfcGF0X0JGa3ZyLXEwa1VVblNlbnFESnQyUXlkQ0duNCIsImVtYWlsIjpudWxsLCJzZXJ2ZXJhZGRyZXNzIjoiaHR0cHM6Ly9pbmRleC5kb2NrZXIuaW8vdjEvIiwiYXV0aCI6bnVsbCwicmVnaXN0cnl0b2tlbiI6bnVsbCwiaWRlbnRpdHl0b2tlbiI6bnVsbCwic3RhY2tPcmNoZXN0cmF0b3IiOm51bGx9[\r][\n]"
17:43:48.700 [main] DEBUG com.github.dockerjava.zerodep.shaded.org.apache.hc.client5.http.wire - http-outgoing-0 >> "accept: application/json[\r][\n]"
17:43:48.700 [main] DEBUG com.github.dockerjava.zerodep.shaded.org.apache.hc.client5.http.wire - http-outgoing-0 >> "content-type: application/json[\r][\n]"
17:43:48.700 [main] DEBUG com.github.dockerjava.zerodep.shaded.org.apache.hc.client5.http.wire - http-outgoing-0 >> "x-tc-sid: 866cccf5-0380-4737-9007-32cd48c5f550[\r][\n]"
17:43:48.700 [main] DEBUG com.github.dockerjava.zerodep.shaded.org.apache.hc.client5.http.wire - http-outgoing-0 >> "User-Agent: tc-java/1.19.7[\r][\n]"
17:43:48.700 [main] DEBUG com.github.dockerjava.zerodep.shaded.org.apache.hc.client5.http.wire - http-outgoing-0 >> "Accept-Encoding: gzip, x-gzip, deflate[\r][\n]"
17:43:48.700 [main] DEBUG com.github.dockerjava.zerodep.shaded.org.apache.hc.client5.http.wire - http-outgoing-0 >> "Content-Length: 1954[\r][\n]"
17:43:48.700 [main] DEBUG com.github.dockerjava.zerodep.shaded.org.apache.hc.client5.http.wire - http-outgoing-0 >> "Host: localhost:2375[\r][\n]"
17:43:48.700 [main] DEBUG com.github.dockerjava.zerodep.shaded.org.apache.hc.client5.http.wire - http-outgoing-0 >> "Connection: keep-alive[\r][\n]"
17:43:48.700 [main] DEBUG com.github.dockerjava.zerodep.shaded.org.apache.hc.client5.http.wire - http-outgoing-0 >> "[\r][\n]"
17:43:48.700 [main] DEBUG com.github.dockerjava.zerodep.shaded.org.apache.hc.client5.http.wire - http-outgoing-0 >> "{"Hostname":null,"Domainname":null,"User":null,"AttachStdin":null,"AttachStdout":null,"AttachStderr":null,"PortSpecs":null,"Tty":null,"OpenStdin":null,"StdinOnce":null,"Env":[],"Cmd":[],"Healthcheck":null,"ArgsEscaped":null,"Entrypoint":null,"Image":"testcontainers/ryuk:0.6.0","Volumes":{},"WorkingDir":null,"MacAddress":null,"OnBuild":null,"NetworkDisabled":null,"ExposedPorts":{"8080/tcp":{}},"StopSignal":null,"StopTimeout":null,"HostConfig":{"Binds":["/var/run/docker.sock:/var/run/docker.sock:rw"],"BlkioWeight":null,"BlkioWeightDevice":null,"BlkioDeviceReadBps":null,"BlkioDeviceWriteBps":null,"BlkioDeviceReadIOps":null,"BlkioDeviceWriteIOps":null,"MemorySwappiness":null,"NanoCpus":null,"CapAdd":null,"CapDrop":null,"ContainerIDFile":null,"CpuPeriod":null,"CpuRealtimePeriod":null,"CpuRealtimeRuntime":null,"CpuShares":null,"CpuQuota":null,"CpusetCpus":null,"CpusetMems":null,"Devices":null,"DeviceCgroupRules":null,"DeviceRequests":null,"DiskQuota":null,"Dns":null,"DnsOptions":null,"DnsSearch":null,"ExtraHosts":[],"GroupAdd":null,"IpcMode":null,"Cgroup":null,"Links":[],"LogConfig":null,"LxcConf":null,"Memory":null,"MemorySwap":null,"MemoryReservation":null,"KernelMemory":null,"NetworkMode":null,"OomKillDisable":null,"Init":null,"AutoRemove":true,"OomScoreAdj":null,"PortBindings":{"8080/tcp":[{"HostIp":"","HostPort":""}]},"Privileged":true,"PublishAllPorts":null,"ReadonlyRootfs":null,"RestartPolicy":null,"Ulimits":null,"CpuCount":null,"CpuPercent":null,"IOMaximumIOps":null,"IOMaximumBandwidth":null,"VolumesFrom":[],"Mounts":null,"PidMode":null,"Isolation":null,"SecurityOpt":null,"StorageOpt":null,"CgroupParent":null,"VolumeDriver":null,"ShmSize":null,"PidsLimit":null,"Runtime":null,"Tmpfs":null,"UTSMode":null,"UsernsMode":null,"Sysctls":null,"ConsoleSize":null,"CgroupnsMode":null},"Labels":{"org.testcontainers":"true","org.testcontainers.lang":"java","org.testcontainers.version":"1.19.7"},"Shell":null,"NetworkingConfig":null}"
17:43:48.726 [main] DEBUG com.github.dockerjava.zerodep.shaded.org.apache.hc.client5.http.wire - http-outgoing-0 << "HTTP/1.1 201 Created[\r][\n]"
17:43:48.727 [main] DEBUG com.github.dockerjava.zerodep.shaded.org.apache.hc.client5.http.wire - http-outgoing-0 << "Api-Version: 1.47[\r][\n]"
17:43:48.727 [main] DEBUG com.github.dockerjava.zerodep.shaded.org.apache.hc.client5.http.wire - http-outgoing-0 << "Content-Type: application/json[\r][\n]"
17:43:48.727 [main] DEBUG com.github.dockerjava.zerodep.shaded.org.apache.hc.client5.http.wire - http-outgoing-0 << "Date: Thu, 26 Jun 2025 16:43:48 GMT[\r][\n]"
17:43:48.727 [main] DEBUG com.github.dockerjava.zerodep.shaded.org.apache.hc.client5.http.wire - http-outgoing-0 << "Docker-Experimental: false[\r][\n]"
17:43:48.727 [main] DEBUG com.github.dockerjava.zerodep.shaded.org.apache.hc.client5.http.wire - http-outgoing-0 << "Ostype: linux[\r][\n]"
17:43:48.727 [main] DEBUG com.github.dockerjava.zerodep.shaded.org.apache.hc.client5.http.wire - http-outgoing-0 << "Server: Docker/27.4.0 (linux)[\r][\n]"
17:43:48.727 [main] DEBUG com.github.dockerjava.zerodep.shaded.org.apache.hc.client5.http.wire - http-outgoing-0 << "Transfer-Encoding: chunked[\r][\n]"
17:43:48.727 [main] DEBUG com.github.dockerjava.zerodep.shaded.org.apache.hc.client5.http.wire - http-outgoing-0 << "[\r][\n]"
17:43:48.727 [main] DEBUG com.github.dockerjava.zerodep.shaded.org.apache.hc.client5.http.headers - http-outgoing-0 << HTTP/1.1 201 Created
17:43:48.727 [main] DEBUG com.github.dockerjava.zerodep.shaded.org.apache.hc.client5.http.headers - http-outgoing-0 << Api-Version: 1.47
17:43:48.727 [main] DEBUG com.github.dockerjava.zerodep.shaded.org.apache.hc.client5.http.headers - http-outgoing-0 << Content-Type: application/json
17:43:48.727 [main] DEBUG com.github.dockerjava.zerodep.shaded.org.apache.hc.client5.http.headers - http-outgoing-0 << Date: Thu, 26 Jun 2025 16:43:48 GMT
17:43:48.727 [main] DEBUG com.github.dockerjava.zerodep.shaded.org.apache.hc.client5.http.headers - http-outgoing-0 << Docker-Experimental: false
17:43:48.728 [main] DEBUG com.github.dockerjava.zerodep.shaded.org.apache.hc.client5.http.headers - http-outgoing-0 << Ostype: linux
17:43:48.728 [main] DEBUG com.github.dockerjava.zerodep.shaded.org.apache.hc.client5.http.headers - http-outgoing-0 << Server: Docker/27.4.0 (linux)
17:43:48.728 [main] DEBUG com.github.dockerjava.zerodep.shaded.org.apache.hc.client5.http.headers - http-outgoing-0 << Transfer-Encoding: chunked
17:43:48.728 [main] DEBUG com.github.dockerjava.zerodep.shaded.org.apache.hc.client5.http.impl.classic.MainClientExec - ex-00000004: connection can be kept alive for 3 MINUTES
17:43:48.728 [main] DEBUG com.github.dockerjava.zerodep.shaded.org.apache.hc.client5.http.wire - http-outgoing-0 << "58[\r][\n]"
17:43:48.728 [main] DEBUG com.github.dockerjava.zerodep.shaded.org.apache.hc.client5.http.wire - http-outgoing-0 << "{"Id":"461bc9db6352615e0065fba44f9d6a00697aaa81175e6123b7bf02fcc6820ebc","Warnings":[]}[\n]"
17:43:48.728 [main] DEBUG com.github.dockerjava.zerodep.shaded.org.apache.hc.client5.http.wire - http-outgoing-0 << "[\r][\n]"
17:43:48.728 [main] DEBUG com.github.dockerjava.zerodep.shaded.org.apache.hc.client5.http.wire - http-outgoing-0 << "0[\r][\n]"
17:43:48.728 [main] DEBUG com.github.dockerjava.zerodep.shaded.org.apache.hc.client5.http.wire - http-outgoing-0 << "[\r][\n]"
17:43:48.731 [main] DEBUG com.github.dockerjava.zerodep.shaded.org.apache.hc.client5.http.impl.classic.InternalHttpClient - ep-00000003: releasing valid endpoint
17:43:48.731 [main] DEBUG com.github.dockerjava.zerodep.shaded.org.apache.hc.client5.http.impl.io.PoolingHttpClientConnectionManager - ep-00000003: releasing endpoint
17:43:48.731 [main] DEBUG com.github.dockerjava.zerodep.shaded.org.apache.hc.client5.http.impl.io.PoolingHttpClientConnectionManager - ep-00000003: connection http-outgoing-0 can be kept alive for 3 MINUTES
17:43:48.731 [main] DEBUG com.github.dockerjava.zerodep.shaded.org.apache.hc.client5.http.impl.io.PoolingHttpClientConnectionManager - ep-00000003: connection released [route: {}->unix://localhost:2375][total available: 1; route allocated: 1 of 2147483647; total allocated: 1 of 2147483647]
17:43:48.735 [main] INFO tc.testcontainers/ryuk:0.6.0 - Container testcontainers/ryuk:0.6.0 is starting: 461bc9db6352615e0065fba44f9d6a00697aaa81175e6123b7bf02fcc6820ebc
17:43:48.736 [main] DEBUG org.testcontainers.shaded.com.github.dockerjava.core.command.AbstrDockerCmd - Cmd: 461bc9db6352615e0065fba44f9d6a00697aaa81175e6123b7bf02fcc6820ebc
17:43:48.737 [main] DEBUG com.github.dockerjava.zerodep.shaded.org.apache.hc.client5.http.impl.classic.InternalHttpClient - ex-00000005: preparing request execution
17:43:48.737 [main] DEBUG com.github.dockerjava.zerodep.shaded.org.apache.hc.client5.http.protocol.RequestAddCookies - Cookie spec selected: strict
17:43:48.737 [main] DEBUG com.github.dockerjava.zerodep.shaded.org.apache.hc.client5.http.protocol.RequestAuthCache - Auth cache not set in the context
17:43:48.737 [main] DEBUG com.github.dockerjava.zerodep.shaded.org.apache.hc.client5.http.impl.classic.ProtocolExec - ex-00000005: target auth state: UNCHALLENGED
17:43:48.737 [main] DEBUG com.github.dockerjava.zerodep.shaded.org.apache.hc.client5.http.impl.classic.ProtocolExec - ex-00000005: proxy auth state: UNCHALLENGED
17:43:48.737 [main] DEBUG com.github.dockerjava.zerodep.shaded.org.apache.hc.client5.http.impl.classic.ConnectExec - ex-00000005: acquiring connection with route {}->unix://localhost:2375
17:43:48.737 [main] DEBUG com.github.dockerjava.zerodep.shaded.org.apache.hc.client5.http.impl.classic.InternalHttpClient - ex-00000005: acquiring endpoint (3 MINUTES)
17:43:48.737 [main] DEBUG com.github.dockerjava.zerodep.shaded.org.apache.hc.client5.http.impl.io.PoolingHttpClientConnectionManager - ex-00000005: endpoint lease request (3 MINUTES) [route: {}->unix://localhost:2375][total available: 1; route allocated: 1 of 2147483647; total allocated: 1 of 2147483647]
17:43:48.738 [main] DEBUG com.github.dockerjava.zerodep.shaded.org.apache.hc.client5.http.impl.io.PoolingHttpClientConnectionManager - ex-00000005: endpoint leased [route: {}->unix://localhost:2375][total available: 0; route allocated: 1 of 2147483647; total allocated: 1 of 2147483647]
17:43:48.738 [main] DEBUG com.github.dockerjava.zerodep.shaded.org.apache.hc.client5.http.impl.io.PoolingHttpClientConnectionManager - ex-00000005: acquired ep-00000004
17:43:48.738 [main] DEBUG com.github.dockerjava.zerodep.shaded.org.apache.hc.client5.http.impl.classic.InternalHttpClient - ex-00000005: acquired endpoint ep-00000004
17:43:48.738 [main] DEBUG com.github.dockerjava.zerodep.shaded.org.apache.hc.client5.http.impl.classic.MainClientExec - ex-00000005: executing POST /v1.32/containers/461bc9db6352615e0065fba44f9d6a00697aaa81175e6123b7bf02fcc6820ebc/start HTTP/1.1
17:43:48.738 [main] DEBUG com.github.dockerjava.zerodep.shaded.org.apache.hc.client5.http.impl.classic.InternalHttpClient - ep-00000004: start execution ex-00000005
17:43:48.738 [main] DEBUG com.github.dockerjava.zerodep.shaded.org.apache.hc.client5.http.impl.io.PoolingHttpClientConnectionManager - ep-00000004: executing exchange ex-00000005 over http-outgoing-0
17:43:48.738 [main] DEBUG com.github.dockerjava.zerodep.shaded.org.apache.hc.client5.http.headers - http-outgoing-0 >> POST /v1.32/containers/461bc9db6352615e0065fba44f9d6a00697aaa81175e6123b7bf02fcc6820ebc/start HTTP/1.1
17:43:48.738 [main] DEBUG com.github.dockerjava.zerodep.shaded.org.apache.hc.client5.http.headers - http-outgoing-0 >> accept: application/json
17:43:48.738 [main] DEBUG com.github.dockerjava.zerodep.shaded.org.apache.hc.client5.http.headers - http-outgoing-0 >> content-type: application/json
17:43:48.738 [main] DEBUG com.github.dockerjava.zerodep.shaded.org.apache.hc.client5.http.headers - http-outgoing-0 >> x-tc-sid: 866cccf5-0380-4737-9007-32cd48c5f550
17:43:48.738 [main] DEBUG com.github.dockerjava.zerodep.shaded.org.apache.hc.client5.http.headers - http-outgoing-0 >> User-Agent: tc-java/1.19.7
17:43:48.738 [main] DEBUG com.github.dockerjava.zerodep.shaded.org.apache.hc.client5.http.headers - http-outgoing-0 >> Accept-Encoding: gzip, x-gzip, deflate
17:43:48.738 [main] DEBUG com.github.dockerjava.zerodep.shaded.org.apache.hc.client5.http.headers - http-outgoing-0 >> Host: localhost:2375
17:43:48.738 [main] DEBUG com.github.dockerjava.zerodep.shaded.org.apache.hc.client5.http.headers - http-outgoing-0 >> Connection: keep-alive
17:43:48.738 [main] DEBUG com.github.dockerjava.zerodep.shaded.org.apache.hc.client5.http.wire - http-outgoing-0 >> "POST /v1.32/containers/461bc9db6352615e0065fba44f9d6a00697aaa81175e6123b7bf02fcc6820ebc/start HTTP/1.1[\r][\n]"
17:43:48.738 [main] DEBUG com.github.dockerjava.zerodep.shaded.org.apache.hc.client5.http.wire - http-outgoing-0 >> "accept: application/json[\r][\n]"
17:43:48.738 [main] DEBUG com.github.dockerjava.zerodep.shaded.org.apache.hc.client5.http.wire - http-outgoing-0 >> "content-type: application/json[\r][\n]"
17:43:48.738 [main] DEBUG com.github.dockerjava.zerodep.shaded.org.apache.hc.client5.http.wire - http-outgoing-0 >> "x-tc-sid: 866cccf5-0380-4737-9007-32cd48c5f550[\r][\n]"
17:43:48.738 [main] DEBUG com.github.dockerjava.zerodep.shaded.org.apache.hc.client5.http.wire - http-outgoing-0 >> "User-Agent: tc-java/1.19.7[\r][\n]"
17:43:48.738 [main] DEBUG com.github.dockerjava.zerodep.shaded.org.apache.hc.client5.http.wire - http-outgoing-0 >> "Accept-Encoding: gzip, x-gzip, deflate[\r][\n]"
17:43:48.738 [main] DEBUG com.github.dockerjava.zerodep.shaded.org.apache.hc.client5.http.wire - http-outgoing-0 >> "Host: localhost:2375[\r][\n]"
17:43:48.738 [main] DEBUG com.github.dockerjava.zerodep.shaded.org.apache.hc.client5.http.wire - http-outgoing-0 >> "Connection: keep-alive[\r][\n]"
17:43:48.738 [main] DEBUG com.github.dockerjava.zerodep.shaded.org.apache.hc.client5.http.wire - http-outgoing-0 >> "[\r][\n]"
17:43:49.039 [main] DEBUG com.github.dockerjava.zerodep.shaded.org.apache.hc.client5.http.wire - http-outgoing-0 << "HTTP/1.1 204 No Content[\r][\n]"
17:43:49.039 [main] DEBUG com.github.dockerjava.zerodep.shaded.org.apache.hc.client5.http.wire - http-outgoing-0 << "Api-Version: 1.47[\r][\n]"
17:43:49.039 [main] DEBUG com.github.dockerjava.zerodep.shaded.org.apache.hc.client5.http.wire - http-outgoing-0 << "Date: Thu, 26 Jun 2025 16:43:49 GMT[\r][\n]"
17:43:49.039 [main] DEBUG com.github.dockerjava.zerodep.shaded.org.apache.hc.client5.http.wire - http-outgoing-0 << "Docker-Experimental: false[\r][\n]"
17:43:49.040 [main] DEBUG com.github.dockerjava.zerodep.shaded.org.apache.hc.client5.http.wire - http-outgoing-0 << "Ostype: linux[\r][\n]"
17:43:49.040 [main] DEBUG com.github.dockerjava.zerodep.shaded.org.apache.hc.client5.http.wire - http-outgoing-0 << "Server: Docker/27.4.0 (linux)[\r][\n]"
17:43:49.040 [main] DEBUG com.github.dockerjava.zerodep.shaded.org.apache.hc.client5.http.wire - http-outgoing-0 << "[\r][\n]"
17:43:49.040 [main] DEBUG com.github.dockerjava.zerodep.shaded.org.apache.hc.client5.http.headers - http-outgoing-0 << HTTP/1.1 204 No Content
17:43:49.040 [main] DEBUG com.github.dockerjava.zerodep.shaded.org.apache.hc.client5.http.headers - http-outgoing-0 << Api-Version: 1.47
17:43:49.040 [main] DEBUG com.github.dockerjava.zerodep.shaded.org.apache.hc.client5.http.headers - http-outgoing-0 << Date: Thu, 26 Jun 2025 16:43:49 GMT
17:43:49.040 [main] DEBUG com.github.dockerjava.zerodep.shaded.org.apache.hc.client5.http.headers - http-outgoing-0 << Docker-Experimental: false
17:43:49.040 [main] DEBUG com.github.dockerjava.zerodep.shaded.org.apache.hc.client5.http.headers - http-outgoing-0 << Ostype: linux
17:43:49.040 [main] DEBUG com.github.dockerjava.zerodep.shaded.org.apache.hc.client5.http.headers - http-outgoing-0 << Server: Docker/27.4.0 (linux)
17:43:49.041 [main] DEBUG com.github.dockerjava.zerodep.shaded.org.apache.hc.client5.http.impl.classic.MainClientExec - ex-00000005: connection can be kept alive for 3 MINUTES
17:43:49.041 [main] DEBUG com.github.dockerjava.zerodep.shaded.org.apache.hc.client5.http.impl.classic.InternalHttpClient - ep-00000004: releasing valid endpoint
17:43:49.041 [main] DEBUG com.github.dockerjava.zerodep.shaded.org.apache.hc.client5.http.impl.io.PoolingHttpClientConnectionManager - ep-00000004: releasing endpoint
17:43:49.041 [main] DEBUG com.github.dockerjava.zerodep.shaded.org.apache.hc.client5.http.impl.io.PoolingHttpClientConnectionManager - ep-00000004: connection http-outgoing-0 can be kept alive for 3 MINUTES
17:43:49.041 [main] DEBUG com.github.dockerjava.zerodep.shaded.org.apache.hc.client5.http.impl.io.PoolingHttpClientConnectionManager - ep-00000004: connection released [route: {}->unix://localhost:2375][total available: 1; route allocated: 1 of 2147483647; total allocated: 1 of 2147483647]
17:43:49.050 [main] DEBUG org.testcontainers.shaded.com.github.dockerjava.core.command.AbstrDockerCmd - Cmd: 461bc9db6352615e0065fba44f9d6a00697aaa81175e6123b7bf02fcc6820ebc,false
17:43:49.050 [main] DEBUG org.testcontainers.shaded.com.github.dockerjava.core.exec.InspectContainerCmdExec - GET: DefaultWebTarget{path=[/containers/461bc9db6352615e0065fba44f9d6a00697aaa81175e6123b7bf02fcc6820ebc/json], queryParams={}}
17:43:49.051 [main] DEBUG com.github.dockerjava.zerodep.shaded.org.apache.hc.client5.http.impl.classic.InternalHttpClient - ex-00000006: preparing request execution
17:43:49.051 [main] DEBUG com.github.dockerjava.zerodep.shaded.org.apache.hc.client5.http.protocol.RequestAddCookies - Cookie spec selected: strict
17:43:49.051 [main] DEBUG com.github.dockerjava.zerodep.shaded.org.apache.hc.client5.http.protocol.RequestAuthCache - Auth cache not set in the context
17:43:49.051 [main] DEBUG com.github.dockerjava.zerodep.shaded.org.apache.hc.client5.http.impl.classic.ProtocolExec - ex-00000006: target auth state: UNCHALLENGED
17:43:49.051 [main] DEBUG com.github.dockerjava.zerodep.shaded.org.apache.hc.client5.http.impl.classic.ProtocolExec - ex-00000006: proxy auth state: UNCHALLENGED
17:43:49.051 [main] DEBUG com.github.dockerjava.zerodep.shaded.org.apache.hc.client5.http.impl.classic.ConnectExec - ex-00000006: acquiring connection with route {}->unix://localhost:2375
17:43:49.051 [main] DEBUG com.github.dockerjava.zerodep.shaded.org.apache.hc.client5.http.impl.classic.InternalHttpClient - ex-00000006: acquiring endpoint (3 MINUTES)
17:43:49.051 [main] DEBUG com.github.dockerjava.zerodep.shaded.org.apache.hc.client5.http.impl.io.PoolingHttpClientConnectionManager - ex-00000006: endpoint lease request (3 MINUTES) [route: {}->unix://localhost:2375][total available: 1; route allocated: 1 of 2147483647; total allocated: 1 of 2147483647]
17:43:49.052 [main] DEBUG com.github.dockerjava.zerodep.shaded.org.apache.hc.client5.http.impl.io.PoolingHttpClientConnectionManager - ex-00000006: endpoint leased [route: {}->unix://localhost:2375][total available: 0; route allocated: 1 of 2147483647; total allocated: 1 of 2147483647]
17:43:49.052 [main] DEBUG com.github.dockerjava.zerodep.shaded.org.apache.hc.client5.http.impl.io.PoolingHttpClientConnectionManager - ex-00000006: acquired ep-00000005
17:43:49.052 [main] DEBUG com.github.dockerjava.zerodep.shaded.org.apache.hc.client5.http.impl.classic.InternalHttpClient - ex-00000006: acquired endpoint ep-00000005
17:43:49.052 [main] DEBUG com.github.dockerjava.zerodep.shaded.org.apache.hc.client5.http.impl.classic.MainClientExec - ex-00000006: executing GET /v1.32/containers/461bc9db6352615e0065fba44f9d6a00697aaa81175e6123b7bf02fcc6820ebc/json HTTP/1.1
17:43:49.052 [main] DEBUG com.github.dockerjava.zerodep.shaded.org.apache.hc.client5.http.impl.classic.InternalHttpClient - ep-00000005: start execution ex-00000006
17:43:49.052 [main] DEBUG com.github.dockerjava.zerodep.shaded.org.apache.hc.client5.http.impl.io.PoolingHttpClientConnectionManager - ep-00000005: executing exchange ex-00000006 over http-outgoing-0
17:43:49.052 [main] DEBUG com.github.dockerjava.zerodep.shaded.org.apache.hc.client5.http.headers - http-outgoing-0 >> GET /v1.32/containers/461bc9db6352615e0065fba44f9d6a00697aaa81175e6123b7bf02fcc6820ebc/json HTTP/1.1
17:43:49.052 [main] DEBUG com.github.dockerjava.zerodep.shaded.org.apache.hc.client5.http.headers - http-outgoing-0 >> accept: application/json
17:43:49.052 [main] DEBUG com.github.dockerjava.zerodep.shaded.org.apache.hc.client5.http.headers - http-outgoing-0 >> x-tc-sid: 866cccf5-0380-4737-9007-32cd48c5f550
17:43:49.052 [main] DEBUG com.github.dockerjava.zerodep.shaded.org.apache.hc.client5.http.headers - http-outgoing-0 >> User-Agent: tc-java/1.19.7
17:43:49.052 [main] DEBUG com.github.dockerjava.zerodep.shaded.org.apache.hc.client5.http.headers - http-outgoing-0 >> Accept-Encoding: gzip, x-gzip, deflate
17:43:49.052 [main] DEBUG com.github.dockerjava.zerodep.shaded.org.apache.hc.client5.http.headers - http-outgoing-0 >> Host: localhost:2375
17:43:49.052 [main] DEBUG com.github.dockerjava.zerodep.shaded.org.apache.hc.client5.http.headers - http-outgoing-0 >> Connection: keep-alive
17:43:49.052 [main] DEBUG com.github.dockerjava.zerodep.shaded.org.apache.hc.client5.http.wire - http-outgoing-0 >> "GET /v1.32/containers/461bc9db6352615e0065fba44f9d6a00697aaa81175e6123b7bf02fcc6820ebc/json HTTP/1.1[\r][\n]"
17:43:49.052 [main] DEBUG com.github.dockerjava.zerodep.shaded.org.apache.hc.client5.http.wire - http-outgoing-0 >> "accept: application/json[\r][\n]"
17:43:49.052 [main] DEBUG com.github.dockerjava.zerodep.shaded.org.apache.hc.client5.http.wire - http-outgoing-0 >> "x-tc-sid: 866cccf5-0380-4737-9007-32cd48c5f550[\r][\n]"
17:43:49.052 [main] DEBUG com.github.dockerjava.zerodep.shaded.org.apache.hc.client5.http.wire - http-outgoing-0 >> "User-Agent: tc-java/1.19.7[\r][\n]"
17:43:49.052 [main] DEBUG com.github.dockerjava.zerodep.shaded.org.apache.hc.client5.http.wire - http-outgoing-0 >> "Accept-Encoding: gzip, x-gzip, deflate[\r][\n]"
17:43:49.052 [main] DEBUG com.github.dockerjava.zerodep.shaded.org.apache.hc.client5.http.wire - http-outgoing-0 >> "Host: localhost:2375[\r][\n]"
17:43:49.052 [main] DEBUG com.github.dockerjava.zerodep.shaded.org.apache.hc.client5.http.wire - http-outgoing-0 >> "Connection: keep-alive[\r][\n]"
17:43:49.052 [main] DEBUG com.github.dockerjava.zerodep.shaded.org.apache.hc.client5.http.wire - http-outgoing-0 >> "[\r][\n]"
17:43:49.053 [main] DEBUG com.github.dockerjava.zerodep.shaded.org.apache.hc.client5.http.wire - http-outgoing-0 << "HTTP/1.1 200 OK[\r][\n]"
17:43:49.054 [main] DEBUG com.github.dockerjava.zerodep.shaded.org.apache.hc.client5.http.wire - http-outgoing-0 << "Api-Version: 1.47[\r][\n]"
17:43:49.054 [main] DEBUG com.github.dockerjava.zerodep.shaded.org.apache.hc.client5.http.wire - http-outgoing-0 << "Content-Type: application/json[\r][\n]"
17:43:49.054 [main] DEBUG com.github.dockerjava.zerodep.shaded.org.apache.hc.client5.http.wire - http-outgoing-0 << "Date: Thu, 26 Jun 2025 16:43:49 GMT[\r][\n]"
17:43:49.054 [main] DEBUG com.github.dockerjava.zerodep.shaded.org.apache.hc.client5.http.wire - http-outgoing-0 << "Docker-Experimental: false[\r][\n]"
17:43:49.054 [main] DEBUG com.github.dockerjava.zerodep.shaded.org.apache.hc.client5.http.wire - http-outgoing-0 << "Ostype: linux[\r][\n]"
17:43:49.054 [main] DEBUG com.github.dockerjava.zerodep.shaded.org.apache.hc.client5.http.wire - http-outgoing-0 << "Server: Docker/27.4.0 (linux)[\r][\n]"
17:43:49.054 [main] DEBUG com.github.dockerjava.zerodep.shaded.org.apache.hc.client5.http.wire - http-outgoing-0 << "Transfer-Encoding: chunked[\r][\n]"
17:43:49.054 [main] DEBUG com.github.dockerjava.zerodep.shaded.org.apache.hc.client5.http.wire - http-outgoing-0 << "[\r][\n]"
17:43:49.054 [main] DEBUG com.github.dockerjava.zerodep.shaded.org.apache.hc.client5.http.headers - http-outgoing-0 << HTTP/1.1 200 OK
17:43:49.054 [main] DEBUG com.github.dockerjava.zerodep.shaded.org.apache.hc.client5.http.headers - http-outgoing-0 << Api-Version: 1.47
17:43:49.054 [main] DEBUG com.github.dockerjava.zerodep.shaded.org.apache.hc.client5.http.headers - http-outgoing-0 << Content-Type: application/json
17:43:49.054 [main] DEBUG com.github.dockerjava.zerodep.shaded.org.apache.hc.client5.http.headers - http-outgoing-0 << Date: Thu, 26 Jun 2025 16:43:49 GMT
17:43:49.054 [main] DEBUG com.github.dockerjava.zerodep.shaded.org.apache.hc.client5.http.headers - http-outgoing-0 << Docker-Experimental: false
17:43:49.054 [main] DEBUG com.github.dockerjava.zerodep.shaded.org.apache.hc.client5.http.headers - http-outgoing-0 << Ostype: linux
17:43:49.054 [main] DEBUG com.github.dockerjava.zerodep.shaded.org.apache.hc.client5.http.headers - http-outgoing-0 << Server: Docker/27.4.0 (linux)
17:43:49.054 [main] DEBUG com.github.dockerjava.zerodep.shaded.org.apache.hc.client5.http.headers - http-outgoing-0 << Transfer-Encoding: chunked
17:43:49.054 [main] DEBUG com.github.dockerjava.zerodep.shaded.org.apache.hc.client5.http.impl.classic.MainClientExec - ex-00000006: connection can be kept alive for 3 MINUTES
17:43:49.054 [main] DEBUG com.github.dockerjava.zerodep.shaded.org.apache.hc.client5.http.wire - http-outgoing-0 << "1377[\r][\n]"
17:43:49.054 [main] DEBUG com.github.dockerjava.zerodep.shaded.org.apache.hc.client5.http.wire - http-outgoing-0 << "{"Id":"461bc9db6352615e0065fba44f9d6a00697aaa81175e6123b7bf02fcc6820ebc","Created":"2025-06-26T16:43:48.71976063Z","Path":"/bin/ryuk","Args":[],"State":{"Status":"running","Running":true,"Paused":false,"Restarting":false,"OOMKilled":false,"Dead":false,"Pid":8383,"ExitCode":0,"Error":"","StartedAt":"2025-06-26T16:43:48.925302671Z","FinishedAt":"0001-01-01T00:00:00Z"},"Image":"sha256:00b74ac764e1bd0e8eefa5ca9ad4ff60b1e7a8099181b2446d7bb6695eac6fbf","ResolvConfPath":"/var/lib/docker/containers/461bc9db6352615e0065fba44f9d6a00697aaa81175e6123b7bf02fcc6820ebc/resolv.conf","HostnamePath":"/var/lib/docker/containers/461bc9db6352615e0065fba44f9d6a00697aaa81175e6123b7bf02fcc6820ebc/hostname","HostsPath":"/var/lib/docker/containers/461bc9db6352615e0065fba44f9d6a00697aaa81175e6123b7bf02fcc6820ebc/hosts","LogPath":"/var/lib/docker/containers/461bc9db6352615e0065fba44f9d6a00697aaa81175e6123b7bf02fcc6820ebc/461bc9db6352615e0065fba44f9d6a00697aaa81175e6123b7bf02fcc6820ebc-json.log","Name":"/testcontainers-ryuk-866cccf5-0380-4737-9007-32cd48c5f550","RestartCount":0,"Driver":"overlay2","Platform":"linux","MountLabel":"","ProcessLabel":"","AppArmorProfile":"","ExecIDs":null,"HostConfig":{"Binds":["/var/run/docker.sock:/var/run/docker.sock:rw"],"ContainerIDFile":"","LogConfig":{"Type":"json-file","Config":{}},"NetworkMode":"bridge","PortBindings":{"8080/tcp":[{"HostIp":"0.0.0.0","HostPort":"0"}]},"RestartPolicy":{"Name":"no","MaximumRetryCount":0},"AutoRemove":true,"VolumeDriver":"","VolumesFrom":[],"ConsoleSize":[0,0],"CapAdd":null,"CapDrop":null,"CgroupnsMode":"private","Dns":null,"DnsOptions":null,"DnsSearch":null,"ExtraHosts":[],"GroupAdd":null,"IpcMode":"shareable","Cgroup":"","Links":null,"OomScoreAdj":0,"PidMode":"","Privileged":true,"PublishAllPorts":false,"ReadonlyRootfs":false,"SecurityOpt":["label=disable"],"UTSMode":"","UsernsMode":"","ShmSize":67108864,"Runtime":"runc","Isolation":"","CpuShares":0,"Memory":0,"NanoCpus":0,"CgroupParent":"","BlkioWeight":0,"BlkioWeightDevice":null,"BlkioDeviceReadBps":null,"BlkioDeviceWriteBps":null,"BlkioDeviceReadIOps":null,"BlkioDeviceWriteIOps":null,"CpuPeriod":0,"CpuQuota":0,"CpuRealtimePeriod":0,"CpuRealtimeRuntime":0,"CpusetCpus":"","CpusetMems":"","Devices":null,"DeviceCgroupRules":null,"DeviceRequests":null,"MemoryReservation":0,"MemorySwap":0,"MemorySwappiness":null,"OomKillDisable":null,"PidsLimit":null,"Ulimits":null,"CpuCount":0,"CpuPercent":0,"IOMaximumIOps":0,"IOMaximumBandwidth":0,"MaskedPaths":null,"ReadonlyPaths":null},"GraphDriver":{"Data":{"LowerDir":"/var/lib/docker/overlay2/3c4d25e9aa3de71057f69e996e8557d19e901342c57c3c1243a25afaaa444426-init/diff:/var/lib/docker/overlay2/8c859eb48f72fc0c2d053cdeb00312c6e40ed0c973b6c6820f3a1cc96c092e4b/diff:/var/lib/docker/overlay2/a8060aae01248fa7d5edd29934383fce8370d36b4d71ed027d03277b474db4b6/diff:/var/lib/docker/overlay2/cc5197db4ad9e2a31ff39a44edc4e2e5d9c166b51fa6036e3f3bfd6fcfc5cafb/diff","MergedDir":"/var/lib/docker/overlay2/3c4d25e9aa3de71057f69e996e8557d19e901342c57c3c1243a25afaaa444426/merged","UpperDir":"/var/lib/docker/overlay2/3c4d25e9aa3de71057f69e996e8557d19e901342c57c3c1243a25afaaa444426/diff","WorkDir":"/var/lib/docker/overlay2/3c4d25e9aa3de71057f69e996e8557d19e901342c57c3c1243a25afaaa444426/work"},"Name":"overlay2"},"Mounts":[{"Type":"bind","Source":"/var/run/docker.sock","Destination":"/var/run/docker.sock","Mode":"rw","RW":true,"Propagation":"rprivate"}],"Config":{"Hostname":"461bc9db6352","Domainname":"","User":"","AttachStdin":false,"AttachStdout":false,"AttachStderr":false,"ExposedPorts":{"8080/tcp":{}},"Tty":false,"OpenStdin":false,"StdinOnce":false,"Env":["PATH=/usr/local/sbin:/usr/local/bin:/usr/sbin:/usr/bin:/sbin:/bin"],"Cmd":["/bin/ryuk"],"Image":"testcontainers/ryuk:0.6.0","Volumes":null,"WorkingDir":"","Entrypoint":null,"OnBuild":null,"Labels":{"org.testcontainers":"true","org.testcontainers.lang":"java","org.testcontainers.ryuk":"true","org.testcontainers.version":"1.19.7"}},"NetworkSettings":{"Bridge":"","SandboxID":"974e0fe1a3adad4772863c0e330d86e7bb52fbb6a21e4ac1709d596493031769","SandboxKey":"/var/run/docker/netns/974e0fe1a3ad","Ports":{"8080/tcp":[{"HostIp":"0.0.0.0","HostPort":"58236"}]},"HairpinMode":false,"LinkLocalIPv6Address":"","LinkLocalIPv6PrefixLen":0,"SecondaryIPAddresses":null,"SecondaryIPv6Addresses":null,"EndpointID":"2b9a46cff4c2bdd58315885a26136315f60eb808b379ee856f25866cd80c0621","Gateway":"172.17.0.1","GlobalIPv6Address":"","GlobalIPv6PrefixLen":0,"IPAddress":"172.17.0.2","IPPrefixLen":16,"IPv6Gateway":"","MacAddress":"02:42:ac:11:00:02","Networks":{"bridge":{"IPAMConfig":null,"Links":null,"Aliases":null,"MacAddress":"02:42:ac:11:00:02","DriverOpts":null,"NetworkID":"7af083136120d3fe2d01c03f59a72388b31236f6e3373668a4af64c6e3d90d73","EndpointID":"2b9a46cff4c2bdd58315885a26136315f60eb808b379ee856f25866cd80c0621","Gateway":"172.17.0.1","IPAddress":"172.17.0.2","IPPrefixLen":16,"IPv6Gateway":"","GlobalIPv6Address":"","GlobalIPv6PrefixLen":0,"DNSNames":null}}}}[\n]"
17:43:49.054 [main] DEBUG com.github.dockerjava.zerodep.shaded.org.apache.hc.client5.http.wire - http-outgoing-0 << "[\r][\n]"
17:43:49.054 [main] DEBUG com.github.dockerjava.zerodep.shaded.org.apache.hc.client5.http.wire - http-outgoing-0 << "0[\r][\n]"
17:43:49.054 [main] DEBUG com.github.dockerjava.zerodep.shaded.org.apache.hc.client5.http.wire - http-outgoing-0 << "[\r][\n]"
17:43:49.100 [main] DEBUG com.github.dockerjava.zerodep.shaded.org.apache.hc.client5.http.impl.classic.InternalHttpClient - ep-00000005: releasing valid endpoint
17:43:49.100 [main] DEBUG com.github.dockerjava.zerodep.shaded.org.apache.hc.client5.http.impl.io.PoolingHttpClientConnectionManager - ep-00000005: releasing endpoint
17:43:49.100 [main] DEBUG com.github.dockerjava.zerodep.shaded.org.apache.hc.client5.http.impl.io.PoolingHttpClientConnectionManager - ep-00000005: connection http-outgoing-0 can be kept alive for 3 MINUTES
17:43:49.100 [main] DEBUG com.github.dockerjava.zerodep.shaded.org.apache.hc.client5.http.impl.io.PoolingHttpClientConnectionManager - ep-00000005: connection released [route: {}->unix://localhost:2375][total available: 1; route allocated: 1 of 2147483647; total allocated: 1 of 2147483647]
17:43:49.102 [main] DEBUG org.testcontainers.shaded.com.github.dockerjava.core.command.AbstrDockerCmd - Cmd: sha256:00b74ac764e1bd0e8eefa5ca9ad4ff60b1e7a8099181b2446d7bb6695eac6fbf
17:43:49.102 [main] DEBUG com.github.dockerjava.zerodep.shaded.org.apache.hc.client5.http.impl.classic.InternalHttpClient - ex-00000007: preparing request execution
17:43:49.103 [main] DEBUG com.github.dockerjava.zerodep.shaded.org.apache.hc.client5.http.protocol.RequestAddCookies - Cookie spec selected: strict
17:43:49.103 [main] DEBUG com.github.dockerjava.zerodep.shaded.org.apache.hc.client5.http.protocol.RequestAuthCache - Auth cache not set in the context
17:43:49.103 [main] DEBUG com.github.dockerjava.zerodep.shaded.org.apache.hc.client5.http.impl.classic.ProtocolExec - ex-00000007: target auth state: UNCHALLENGED
17:43:49.103 [main] DEBUG com.github.dockerjava.zerodep.shaded.org.apache.hc.client5.http.impl.classic.ProtocolExec - ex-00000007: proxy auth state: UNCHALLENGED
17:43:49.103 [main] DEBUG com.github.dockerjava.zerodep.shaded.org.apache.hc.client5.http.impl.classic.ConnectExec - ex-00000007: acquiring connection with route {}->unix://localhost:2375
17:43:49.103 [main] DEBUG com.github.dockerjava.zerodep.shaded.org.apache.hc.client5.http.impl.classic.InternalHttpClient - ex-00000007: acquiring endpoint (3 MINUTES)
17:43:49.103 [main] DEBUG com.github.dockerjava.zerodep.shaded.org.apache.hc.client5.http.impl.io.PoolingHttpClientConnectionManager - ex-00000007: endpoint lease request (3 MINUTES) [route: {}->unix://localhost:2375][total available: 1; route allocated: 1 of 2147483647; total allocated: 1 of 2147483647]
17:43:49.103 [main] DEBUG com.github.dockerjava.zerodep.shaded.org.apache.hc.client5.http.impl.io.PoolingHttpClientConnectionManager - ex-00000007: endpoint leased [route: {}->unix://localhost:2375][total available: 0; route allocated: 1 of 2147483647; total allocated: 1 of 2147483647]
17:43:49.103 [main] DEBUG com.github.dockerjava.zerodep.shaded.org.apache.hc.client5.http.impl.io.PoolingHttpClientConnectionManager - ex-00000007: acquired ep-00000006
17:43:49.103 [main] DEBUG com.github.dockerjava.zerodep.shaded.org.apache.hc.client5.http.impl.classic.InternalHttpClient - ex-00000007: acquired endpoint ep-00000006
17:43:49.103 [main] DEBUG com.github.dockerjava.zerodep.shaded.org.apache.hc.client5.http.impl.classic.MainClientExec - ex-00000007: executing GET /v1.32/images/sha256:00b74ac764e1bd0e8eefa5ca9ad4ff60b1e7a8099181b2446d7bb6695eac6fbf/json HTTP/1.1
17:43:49.103 [main] DEBUG com.github.dockerjava.zerodep.shaded.org.apache.hc.client5.http.impl.classic.InternalHttpClient - ep-00000006: start execution ex-00000007
17:43:49.103 [main] DEBUG com.github.dockerjava.zerodep.shaded.org.apache.hc.client5.http.impl.io.PoolingHttpClientConnectionManager - ep-00000006: executing exchange ex-00000007 over http-outgoing-0
17:43:49.103 [main] DEBUG com.github.dockerjava.zerodep.shaded.org.apache.hc.client5.http.headers - http-outgoing-0 >> GET /v1.32/images/sha256:00b74ac764e1bd0e8eefa5ca9ad4ff60b1e7a8099181b2446d7bb6695eac6fbf/json HTTP/1.1
17:43:49.103 [main] DEBUG com.github.dockerjava.zerodep.shaded.org.apache.hc.client5.http.headers - http-outgoing-0 >> accept: application/json
17:43:49.103 [main] DEBUG com.github.dockerjava.zerodep.shaded.org.apache.hc.client5.http.headers - http-outgoing-0 >> x-tc-sid: 866cccf5-0380-4737-9007-32cd48c5f550
17:43:49.103 [main] DEBUG com.github.dockerjava.zerodep.shaded.org.apache.hc.client5.http.headers - http-outgoing-0 >> User-Agent: tc-java/1.19.7
17:43:49.103 [main] DEBUG com.github.dockerjava.zerodep.shaded.org.apache.hc.client5.http.headers - http-outgoing-0 >> Accept-Encoding: gzip, x-gzip, deflate
17:43:49.103 [main] DEBUG com.github.dockerjava.zerodep.shaded.org.apache.hc.client5.http.headers - http-outgoing-0 >> Host: localhost:2375
17:43:49.103 [main] DEBUG com.github.dockerjava.zerodep.shaded.org.apache.hc.client5.http.headers - http-outgoing-0 >> Connection: keep-alive
17:43:49.103 [main] DEBUG com.github.dockerjava.zerodep.shaded.org.apache.hc.client5.http.wire - http-outgoing-0 >> "GET /v1.32/images/sha256:00b74ac764e1bd0e8eefa5ca9ad4ff60b1e7a8099181b2446d7bb6695eac6fbf/json HTTP/1.1[\r][\n]"
17:43:49.103 [main] DEBUG com.github.dockerjava.zerodep.shaded.org.apache.hc.client5.http.wire - http-outgoing-0 >> "accept: application/json[\r][\n]"
17:43:49.103 [main] DEBUG com.github.dockerjava.zerodep.shaded.org.apache.hc.client5.http.wire - http-outgoing-0 >> "x-tc-sid: 866cccf5-0380-4737-9007-32cd48c5f550[\r][\n]"
17:43:49.103 [main] DEBUG com.github.dockerjava.zerodep.shaded.org.apache.hc.client5.http.wire - http-outgoing-0 >> "User-Agent: tc-java/1.19.7[\r][\n]"
17:43:49.103 [main] DEBUG com.github.dockerjava.zerodep.shaded.org.apache.hc.client5.http.wire - http-outgoing-0 >> "Accept-Encoding: gzip, x-gzip, deflate[\r][\n]"
17:43:49.103 [main] DEBUG com.github.dockerjava.zerodep.shaded.org.apache.hc.client5.http.wire - http-outgoing-0 >> "Host: localhost:2375[\r][\n]"
17:43:49.103 [main] DEBUG com.github.dockerjava.zerodep.shaded.org.apache.hc.client5.http.wire - http-outgoing-0 >> "Connection: keep-alive[\r][\n]"
17:43:49.103 [main] DEBUG com.github.dockerjava.zerodep.shaded.org.apache.hc.client5.http.wire - http-outgoing-0 >> "[\r][\n]"
17:43:49.105 [main] DEBUG com.github.dockerjava.zerodep.shaded.org.apache.hc.client5.http.wire - http-outgoing-0 << "HTTP/1.1 200 OK[\r][\n]"
17:43:49.106 [main] DEBUG com.github.dockerjava.zerodep.shaded.org.apache.hc.client5.http.wire - http-outgoing-0 << "Api-Version: 1.47[\r][\n]"
17:43:49.106 [main] DEBUG com.github.dockerjava.zerodep.shaded.org.apache.hc.client5.http.wire - http-outgoing-0 << "Content-Type: application/json[\r][\n]"
17:43:49.106 [main] DEBUG com.github.dockerjava.zerodep.shaded.org.apache.hc.client5.http.wire - http-outgoing-0 << "Date: Thu, 26 Jun 2025 16:43:49 GMT[\r][\n]"
17:43:49.106 [main] DEBUG com.github.dockerjava.zerodep.shaded.org.apache.hc.client5.http.wire - http-outgoing-0 << "Docker-Experimental: false[\r][\n]"
17:43:49.106 [main] DEBUG com.github.dockerjava.zerodep.shaded.org.apache.hc.client5.http.wire - http-outgoing-0 << "Ostype: linux[\r][\n]"
17:43:49.106 [main] DEBUG com.github.dockerjava.zerodep.shaded.org.apache.hc.client5.http.wire - http-outgoing-0 << "Server: Docker/27.4.0 (linux)[\r][\n]"
17:43:49.106 [main] DEBUG com.github.dockerjava.zerodep.shaded.org.apache.hc.client5.http.wire - http-outgoing-0 << "Transfer-Encoding: chunked[\r][\n]"
17:43:49.106 [main] DEBUG com.github.dockerjava.zerodep.shaded.org.apache.hc.client5.http.wire - http-outgoing-0 << "[\r][\n]"
17:43:49.106 [main] DEBUG com.github.dockerjava.zerodep.shaded.org.apache.hc.client5.http.headers - http-outgoing-0 << HTTP/1.1 200 OK
17:43:49.106 [main] DEBUG com.github.dockerjava.zerodep.shaded.org.apache.hc.client5.http.headers - http-outgoing-0 << Api-Version: 1.47
17:43:49.106 [main] DEBUG com.github.dockerjava.zerodep.shaded.org.apache.hc.client5.http.headers - http-outgoing-0 << Content-Type: application/json
17:43:49.106 [main] DEBUG com.github.dockerjava.zerodep.shaded.org.apache.hc.client5.http.headers - http-outgoing-0 << Date: Thu, 26 Jun 2025 16:43:49 GMT
17:43:49.106 [main] DEBUG com.github.dockerjava.zerodep.shaded.org.apache.hc.client5.http.headers - http-outgoing-0 << Docker-Experimental: false
17:43:49.106 [main] DEBUG com.github.dockerjava.zerodep.shaded.org.apache.hc.client5.http.headers - http-outgoing-0 << Ostype: linux
17:43:49.106 [main] DEBUG com.github.dockerjava.zerodep.shaded.org.apache.hc.client5.http.headers - http-outgoing-0 << Server: Docker/27.4.0 (linux)
17:43:49.106 [main] DEBUG com.github.dockerjava.zerodep.shaded.org.apache.hc.client5.http.headers - http-outgoing-0 << Transfer-Encoding: chunked
17:43:49.106 [main] DEBUG com.github.dockerjava.zerodep.shaded.org.apache.hc.client5.http.impl.classic.MainClientExec - ex-00000007: connection can be kept alive for 3 MINUTES
17:43:49.106 [main] DEBUG com.github.dockerjava.zerodep.shaded.org.apache.hc.client5.http.wire - http-outgoing-0 << "7c2[\r][\n]"
17:43:49.106 [main] DEBUG com.github.dockerjava.zerodep.shaded.org.apache.hc.client5.http.wire - http-outgoing-0 << "{"Id":"sha256:00b74ac764e1bd0e8eefa5ca9ad4ff60b1e7a8099181b2446d7bb6695eac6fbf","RepoTags":["testcontainers/ryuk:0.6.0"],"RepoDigests":["testcontainers/ryuk@sha256:739f19eb83b1710f22ff452d7bec9cdd3f53d0ba5ff4096c6516a85de88eba0c"],"Parent":"","Comment":"buildkit.dockerfile.v0","Created":"2023-12-21T14:40:19.615086677Z","ContainerConfig":{"Hostname":"","Domainname":"","User":"","AttachStdin":false,"AttachStdout":false,"AttachStderr":false,"Tty":false,"OpenStdin":false,"StdinOnce":false,"Env":null,"Cmd":null,"Image":"","Volumes":null,"WorkingDir":"","Entrypoint":null,"OnBuild":null,"Labels":null},"DockerVersion":"","Author":"","Config":{"Hostname":"","Domainname":"","User":"","AttachStdin":false,"AttachStdout":false,"AttachStderr":false,"Tty":false,"OpenStdin":false,"StdinOnce":false,"Env":["PATH=/usr/local/sbin:/usr/local/bin:/usr/sbin:/usr/bin:/sbin:/bin"],"Cmd":["/bin/ryuk"],"ArgsEscaped":true,"Image":"","Volumes":null,"WorkingDir":"","Entrypoint":null,"OnBuild":null,"Labels":{"org.testcontainers.ryuk":"true"}},"Architecture":"arm64","Os":"linux","Size":15036068,"VirtualSize":15036068,"GraphDriver":{"Data":{"LowerDir":"/var/lib/docker/overlay2/a8060aae01248fa7d5edd29934383fce8370d36b4d71ed027d03277b474db4b6/diff:/var/lib/docker/overlay2/cc5197db4ad9e2a31ff39a44edc4e2e5d9c166b51fa6036e3f3bfd6fcfc5cafb/diff","MergedDir":"/var/lib/docker/overlay2/8c859eb48f72fc0c2d053cdeb00312c6e40ed0c973b6c6820f3a1cc96c092e4b/merged","UpperDir":"/var/lib/docker/overlay2/8c859eb48f72fc0c2d053cdeb00312c6e40ed0c973b6c6820f3a1cc96c092e4b/diff","WorkDir":"/var/lib/docker/overlay2/8c859eb48f72fc0c2d053cdeb00312c6e40ed0c973b6c6820f3a1cc96c092e4b/work"},"Name":"overlay2"},"RootFS":{"Type":"layers","Layers":["sha256:3ce819cc49704a39ce4614b73a325ad6efff50e1754005a2a8f17834071027dc","sha256:15ea2ddf622b306783278269acbac1e8e526a997e1ee47c773ec9e33dfc6ea7d","sha256:50f1fa6a30d506fde0ebe49249e4dd81ff493efa8cf48c0f717082e2b2e59d4e"]},"Metadata":{"LastTagTime":"0001-01-01T00:00:00Z"}}[\n]"
17:43:49.106 [main] DEBUG com.github.dockerjava.zerodep.shaded.org.apache.hc.client5.http.wire - http-outgoing-0 << "[\r][\n]"
17:43:49.106 [main] DEBUG com.github.dockerjava.zerodep.shaded.org.apache.hc.client5.http.wire - http-outgoing-0 << "0[\r][\n]"
17:43:49.106 [main] DEBUG com.github.dockerjava.zerodep.shaded.org.apache.hc.client5.http.wire - http-outgoing-0 << "[\r][\n]"
17:43:49.109 [main] DEBUG com.github.dockerjava.zerodep.shaded.org.apache.hc.client5.http.impl.classic.InternalHttpClient - ep-00000006: releasing valid endpoint
17:43:49.109 [main] DEBUG com.github.dockerjava.zerodep.shaded.org.apache.hc.client5.http.impl.io.PoolingHttpClientConnectionManager - ep-00000006: releasing endpoint
17:43:49.109 [main] DEBUG com.github.dockerjava.zerodep.shaded.org.apache.hc.client5.http.impl.io.PoolingHttpClientConnectionManager - ep-00000006: connection http-outgoing-0 can be kept alive for 3 MINUTES
17:43:49.109 [main] DEBUG com.github.dockerjava.zerodep.shaded.org.apache.hc.client5.http.impl.io.PoolingHttpClientConnectionManager - ep-00000006: connection released [route: {}->unix://localhost:2375][total available: 1; route allocated: 1 of 2147483647; total allocated: 1 of 2147483647]
17:43:49.109 [main] DEBUG org.testcontainers.shaded.com.github.dockerjava.core.command.AbstrDockerCmd - Cmd: 
17:43:49.109 [main] DEBUG com.github.dockerjava.zerodep.shaded.org.apache.hc.client5.http.impl.classic.InternalHttpClient - ex-00000008: preparing request execution
17:43:49.109 [main] DEBUG com.github.dockerjava.zerodep.shaded.org.apache.hc.client5.http.protocol.RequestAddCookies - Cookie spec selected: strict
17:43:49.109 [main] DEBUG com.github.dockerjava.zerodep.shaded.org.apache.hc.client5.http.protocol.RequestAuthCache - Auth cache not set in the context
17:43:49.109 [main] DEBUG com.github.dockerjava.zerodep.shaded.org.apache.hc.client5.http.impl.classic.ProtocolExec - ex-00000008: target auth state: UNCHALLENGED
17:43:49.109 [main] DEBUG com.github.dockerjava.zerodep.shaded.org.apache.hc.client5.http.impl.classic.ProtocolExec - ex-00000008: proxy auth state: UNCHALLENGED
17:43:49.109 [main] DEBUG com.github.dockerjava.zerodep.shaded.org.apache.hc.client5.http.impl.classic.ConnectExec - ex-00000008: acquiring connection with route {}->unix://localhost:2375
17:43:49.109 [main] DEBUG com.github.dockerjava.zerodep.shaded.org.apache.hc.client5.http.impl.classic.InternalHttpClient - ex-00000008: acquiring endpoint (3 MINUTES)
17:43:49.109 [main] DEBUG com.github.dockerjava.zerodep.shaded.org.apache.hc.client5.http.impl.io.PoolingHttpClientConnectionManager - ex-00000008: endpoint lease request (3 MINUTES) [route: {}->unix://localhost:2375][total available: 1; route allocated: 1 of 2147483647; total allocated: 1 of 2147483647]
17:43:49.109 [main] DEBUG com.github.dockerjava.zerodep.shaded.org.apache.hc.client5.http.impl.io.PoolingHttpClientConnectionManager - ex-00000008: endpoint leased [route: {}->unix://localhost:2375][total available: 0; route allocated: 1 of 2147483647; total allocated: 1 of 2147483647]
17:43:49.109 [main] DEBUG com.github.dockerjava.zerodep.shaded.org.apache.hc.client5.http.impl.io.PoolingHttpClientConnectionManager - ex-00000008: acquired ep-00000007
17:43:49.109 [main] DEBUG com.github.dockerjava.zerodep.shaded.org.apache.hc.client5.http.impl.classic.InternalHttpClient - ex-00000008: acquired endpoint ep-00000007
17:43:49.110 [main] DEBUG com.github.dockerjava.zerodep.shaded.org.apache.hc.client5.http.impl.classic.MainClientExec - ex-00000008: executing GET /v1.32/version HTTP/1.1
17:43:49.110 [main] DEBUG com.github.dockerjava.zerodep.shaded.org.apache.hc.client5.http.impl.classic.InternalHttpClient - ep-00000007: start execution ex-00000008
17:43:49.110 [main] DEBUG com.github.dockerjava.zerodep.shaded.org.apache.hc.client5.http.impl.io.PoolingHttpClientConnectionManager - ep-00000007: executing exchange ex-00000008 over http-outgoing-0
17:43:49.110 [main] DEBUG com.github.dockerjava.zerodep.shaded.org.apache.hc.client5.http.headers - http-outgoing-0 >> GET /v1.32/version HTTP/1.1
17:43:49.110 [main] DEBUG com.github.dockerjava.zerodep.shaded.org.apache.hc.client5.http.headers - http-outgoing-0 >> accept: application/json
17:43:49.110 [main] DEBUG com.github.dockerjava.zerodep.shaded.org.apache.hc.client5.http.headers - http-outgoing-0 >> x-tc-sid: 866cccf5-0380-4737-9007-32cd48c5f550
17:43:49.110 [main] DEBUG com.github.dockerjava.zerodep.shaded.org.apache.hc.client5.http.headers - http-outgoing-0 >> User-Agent: tc-java/1.19.7
17:43:49.110 [main] DEBUG com.github.dockerjava.zerodep.shaded.org.apache.hc.client5.http.headers - http-outgoing-0 >> Accept-Encoding: gzip, x-gzip, deflate
17:43:49.110 [main] DEBUG com.github.dockerjava.zerodep.shaded.org.apache.hc.client5.http.headers - http-outgoing-0 >> Host: localhost:2375
17:43:49.110 [main] DEBUG com.github.dockerjava.zerodep.shaded.org.apache.hc.client5.http.headers - http-outgoing-0 >> Connection: keep-alive
17:43:49.110 [main] DEBUG com.github.dockerjava.zerodep.shaded.org.apache.hc.client5.http.wire - http-outgoing-0 >> "GET /v1.32/version HTTP/1.1[\r][\n]"
17:43:49.110 [main] DEBUG com.github.dockerjava.zerodep.shaded.org.apache.hc.client5.http.wire - http-outgoing-0 >> "accept: application/json[\r][\n]"
17:43:49.110 [main] DEBUG com.github.dockerjava.zerodep.shaded.org.apache.hc.client5.http.wire - http-outgoing-0 >> "x-tc-sid: 866cccf5-0380-4737-9007-32cd48c5f550[\r][\n]"
17:43:49.110 [main] DEBUG com.github.dockerjava.zerodep.shaded.org.apache.hc.client5.http.wire - http-outgoing-0 >> "User-Agent: tc-java/1.19.7[\r][\n]"
17:43:49.110 [main] DEBUG com.github.dockerjava.zerodep.shaded.org.apache.hc.client5.http.wire - http-outgoing-0 >> "Accept-Encoding: gzip, x-gzip, deflate[\r][\n]"
17:43:49.110 [main] DEBUG com.github.dockerjava.zerodep.shaded.org.apache.hc.client5.http.wire - http-outgoing-0 >> "Host: localhost:2375[\r][\n]"
17:43:49.110 [main] DEBUG com.github.dockerjava.zerodep.shaded.org.apache.hc.client5.http.wire - http-outgoing-0 >> "Connection: keep-alive[\r][\n]"
17:43:49.110 [main] DEBUG com.github.dockerjava.zerodep.shaded.org.apache.hc.client5.http.wire - http-outgoing-0 >> "[\r][\n]"
17:43:49.114 [main] DEBUG com.github.dockerjava.zerodep.shaded.org.apache.hc.client5.http.wire - http-outgoing-0 << "HTTP/1.1 200 OK[\r][\n]"
17:43:49.114 [main] DEBUG com.github.dockerjava.zerodep.shaded.org.apache.hc.client5.http.wire - http-outgoing-0 << "Api-Version: 1.47[\r][\n]"
17:43:49.114 [main] DEBUG com.github.dockerjava.zerodep.shaded.org.apache.hc.client5.http.wire - http-outgoing-0 << "Content-Type: application/json[\r][\n]"
17:43:49.114 [main] DEBUG com.github.dockerjava.zerodep.shaded.org.apache.hc.client5.http.wire - http-outgoing-0 << "Date: Thu, 26 Jun 2025 16:43:49 GMT[\r][\n]"
17:43:49.114 [main] DEBUG com.github.dockerjava.zerodep.shaded.org.apache.hc.client5.http.wire - http-outgoing-0 << "Docker-Experimental: false[\r][\n]"
17:43:49.114 [main] DEBUG com.github.dockerjava.zerodep.shaded.org.apache.hc.client5.http.wire - http-outgoing-0 << "Ostype: linux[\r][\n]"
17:43:49.114 [main] DEBUG com.github.dockerjava.zerodep.shaded.org.apache.hc.client5.http.wire - http-outgoing-0 << "Server: Docker/27.4.0 (linux)[\r][\n]"
17:43:49.114 [main] DEBUG com.github.dockerjava.zerodep.shaded.org.apache.hc.client5.http.wire - http-outgoing-0 << "Transfer-Encoding: chunked[\r][\n]"
17:43:49.114 [main] DEBUG com.github.dockerjava.zerodep.shaded.org.apache.hc.client5.http.wire - http-outgoing-0 << "[\r][\n]"
17:43:49.114 [main] DEBUG com.github.dockerjava.zerodep.shaded.org.apache.hc.client5.http.headers - http-outgoing-0 << HTTP/1.1 200 OK
17:43:49.114 [main] DEBUG com.github.dockerjava.zerodep.shaded.org.apache.hc.client5.http.headers - http-outgoing-0 << Api-Version: 1.47
17:43:49.114 [main] DEBUG com.github.dockerjava.zerodep.shaded.org.apache.hc.client5.http.headers - http-outgoing-0 << Content-Type: application/json
17:43:49.114 [main] DEBUG com.github.dockerjava.zerodep.shaded.org.apache.hc.client5.http.headers - http-outgoing-0 << Date: Thu, 26 Jun 2025 16:43:49 GMT
17:43:49.114 [main] DEBUG com.github.dockerjava.zerodep.shaded.org.apache.hc.client5.http.headers - http-outgoing-0 << Docker-Experimental: false
17:43:49.114 [main] DEBUG com.github.dockerjava.zerodep.shaded.org.apache.hc.client5.http.headers - http-outgoing-0 << Ostype: linux
17:43:49.114 [main] DEBUG com.github.dockerjava.zerodep.shaded.org.apache.hc.client5.http.headers - http-outgoing-0 << Server: Docker/27.4.0 (linux)
17:43:49.114 [main] DEBUG com.github.dockerjava.zerodep.shaded.org.apache.hc.client5.http.headers - http-outgoing-0 << Transfer-Encoding: chunked
17:43:49.114 [main] DEBUG com.github.dockerjava.zerodep.shaded.org.apache.hc.client5.http.impl.classic.MainClientExec - ex-00000008: connection can be kept alive for 3 MINUTES
17:43:49.114 [main] DEBUG com.github.dockerjava.zerodep.shaded.org.apache.hc.client5.http.wire - http-outgoing-0 << "33d[\r][\n]"
17:43:49.114 [main] DEBUG com.github.dockerjava.zerodep.shaded.org.apache.hc.client5.http.wire - http-outgoing-0 << "{"Platform":{"Name":"Docker Desktop 4.37.1 (178610)"},"Components":[{"Name":"Engine","Version":"27.4.0","Details":{"ApiVersion":"1.47","Arch":"arm64","BuildTime":"2024-12-07T10:38:33.000000000+00:00","Experimental":"false","GitCommit":"92a8393","GoVersion":"go1.22.10","KernelVersion":"6.10.14-linuxkit","MinAPIVersion":"1.24","Os":"linux"}},{"Name":"containerd","Version":"1.7.21","Details":{"GitCommit":"472731909fa34bd7bc9c087e4c27943f9835f111"}},{"Name":"runc","Version":"1.1.13","Details":{"GitCommit":"v1.1.13-0-g58aa920"}},{"Name":"docker-init","Version":"0.19.0","Details":{"GitCommit":"de40ad0"}}],"Version":"27.4.0","ApiVersion":"1.47","MinAPIVersion":"1.24","GitCommit":"92a8393","GoVersion":"go1.22.10","Os":"linux","Arch":"arm64","KernelVersion":"6.10.14-linuxkit","BuildTime":"2024-12-07T10:38:33.000000000+00:00"}[\n]"
17:43:49.114 [main] DEBUG com.github.dockerjava.zerodep.shaded.org.apache.hc.client5.http.wire - http-outgoing-0 << "[\r][\n]"
17:43:49.114 [main] DEBUG com.github.dockerjava.zerodep.shaded.org.apache.hc.client5.http.wire - http-outgoing-0 << "0[\r][\n]"
17:43:49.114 [main] DEBUG com.github.dockerjava.zerodep.shaded.org.apache.hc.client5.http.wire - http-outgoing-0 << "[\r][\n]"
17:43:49.115 [main] DEBUG com.github.dockerjava.zerodep.shaded.org.apache.hc.client5.http.impl.classic.InternalHttpClient - ep-00000007: releasing valid endpoint
17:43:49.115 [main] DEBUG com.github.dockerjava.zerodep.shaded.org.apache.hc.client5.http.impl.io.PoolingHttpClientConnectionManager - ep-00000007: releasing endpoint
17:43:49.115 [main] DEBUG com.github.dockerjava.zerodep.shaded.org.apache.hc.client5.http.impl.io.PoolingHttpClientConnectionManager - ep-00000007: connection http-outgoing-0 can be kept alive for 3 MINUTES
17:43:49.115 [main] DEBUG com.github.dockerjava.zerodep.shaded.org.apache.hc.client5.http.impl.io.PoolingHttpClientConnectionManager - ep-00000007: connection released [route: {}->unix://localhost:2375][total available: 1; route allocated: 1 of 2147483647; total allocated: 1 of 2147483647]
17:43:49.120 [docker-java-stream--1716831598] DEBUG com.github.dockerjava.zerodep.shaded.org.apache.hc.client5.http.impl.classic.InternalHttpClient - ex-00000009: preparing request execution
17:43:49.121 [docker-java-stream--1716831598] DEBUG com.github.dockerjava.zerodep.shaded.org.apache.hc.client5.http.protocol.RequestAddCookies - Cookie spec selected: strict
17:43:49.121 [docker-java-stream--1716831598] DEBUG com.github.dockerjava.zerodep.shaded.org.apache.hc.client5.http.protocol.RequestAuthCache - Auth cache not set in the context
17:43:49.121 [docker-java-stream--1716831598] DEBUG com.github.dockerjava.zerodep.shaded.org.apache.hc.client5.http.impl.classic.ProtocolExec - ex-00000009: target auth state: UNCHALLENGED
17:43:49.121 [docker-java-stream--1716831598] DEBUG com.github.dockerjava.zerodep.shaded.org.apache.hc.client5.http.impl.classic.ProtocolExec - ex-00000009: proxy auth state: UNCHALLENGED
17:43:49.121 [docker-java-stream--1716831598] DEBUG com.github.dockerjava.zerodep.shaded.org.apache.hc.client5.http.impl.classic.ConnectExec - ex-00000009: acquiring connection with route {}->unix://localhost:2375
17:43:49.121 [docker-java-stream--1716831598] DEBUG com.github.dockerjava.zerodep.shaded.org.apache.hc.client5.http.impl.classic.InternalHttpClient - ex-00000009: acquiring endpoint (3 MINUTES)
17:43:49.121 [docker-java-stream--1716831598] DEBUG com.github.dockerjava.zerodep.shaded.org.apache.hc.client5.http.impl.io.PoolingHttpClientConnectionManager - ex-00000009: endpoint lease request (3 MINUTES) [route: {}->unix://localhost:2375][total available: 1; route allocated: 1 of 2147483647; total allocated: 1 of 2147483647]
17:43:49.121 [docker-java-stream--1716831598] DEBUG com.github.dockerjava.zerodep.shaded.org.apache.hc.client5.http.impl.io.PoolingHttpClientConnectionManager - ex-00000009: endpoint leased [route: {}->unix://localhost:2375][total available: 0; route allocated: 1 of 2147483647; total allocated: 1 of 2147483647]
17:43:49.121 [docker-java-stream--1716831598] DEBUG com.github.dockerjava.zerodep.shaded.org.apache.hc.client5.http.impl.io.PoolingHttpClientConnectionManager - ex-00000009: acquired ep-00000008
17:43:49.121 [docker-java-stream--1716831598] DEBUG com.github.dockerjava.zerodep.shaded.org.apache.hc.client5.http.impl.classic.InternalHttpClient - ex-00000009: acquired endpoint ep-00000008
17:43:49.121 [docker-java-stream--1716831598] DEBUG com.github.dockerjava.zerodep.shaded.org.apache.hc.client5.http.impl.classic.MainClientExec - ex-00000009: executing GET /v1.32/containers/461bc9db6352615e0065fba44f9d6a00697aaa81175e6123b7bf02fcc6820ebc/logs?stdout=true&stderr=true&follow=true&since=0 HTTP/1.1
17:43:49.121 [docker-java-stream--1716831598] DEBUG com.github.dockerjava.zerodep.shaded.org.apache.hc.client5.http.impl.classic.InternalHttpClient - ep-00000008: start execution ex-00000009
17:43:49.121 [docker-java-stream--1716831598] DEBUG com.github.dockerjava.zerodep.shaded.org.apache.hc.client5.http.impl.io.PoolingHttpClientConnectionManager - ep-00000008: executing exchange ex-00000009 over http-outgoing-0
17:43:49.121 [docker-java-stream--1716831598] DEBUG com.github.dockerjava.zerodep.shaded.org.apache.hc.client5.http.headers - http-outgoing-0 >> GET /v1.32/containers/461bc9db6352615e0065fba44f9d6a00697aaa81175e6123b7bf02fcc6820ebc/logs?stdout=true&stderr=true&follow=true&since=0 HTTP/1.1
17:43:49.121 [docker-java-stream--1716831598] DEBUG com.github.dockerjava.zerodep.shaded.org.apache.hc.client5.http.headers - http-outgoing-0 >> x-tc-sid: 866cccf5-0380-4737-9007-32cd48c5f550
17:43:49.121 [docker-java-stream--1716831598] DEBUG com.github.dockerjava.zerodep.shaded.org.apache.hc.client5.http.headers - http-outgoing-0 >> User-Agent: tc-java/1.19.7
17:43:49.121 [docker-java-stream--1716831598] DEBUG com.github.dockerjava.zerodep.shaded.org.apache.hc.client5.http.headers - http-outgoing-0 >> Accept-Encoding: gzip, x-gzip, deflate
17:43:49.121 [docker-java-stream--1716831598] DEBUG com.github.dockerjava.zerodep.shaded.org.apache.hc.client5.http.headers - http-outgoing-0 >> Host: localhost:2375
17:43:49.121 [docker-java-stream--1716831598] DEBUG com.github.dockerjava.zerodep.shaded.org.apache.hc.client5.http.headers - http-outgoing-0 >> Connection: keep-alive
17:43:49.121 [docker-java-stream--1716831598] DEBUG com.github.dockerjava.zerodep.shaded.org.apache.hc.client5.http.wire - http-outgoing-0 >> "GET /v1.32/containers/461bc9db6352615e0065fba44f9d6a00697aaa81175e6123b7bf02fcc6820ebc/logs?stdout=true&stderr=true&follow=true&since=0 HTTP/1.1[\r][\n]"
17:43:49.121 [docker-java-stream--1716831598] DEBUG com.github.dockerjava.zerodep.shaded.org.apache.hc.client5.http.wire - http-outgoing-0 >> "x-tc-sid: 866cccf5-0380-4737-9007-32cd48c5f550[\r][\n]"
17:43:49.121 [docker-java-stream--1716831598] DEBUG com.github.dockerjava.zerodep.shaded.org.apache.hc.client5.http.wire - http-outgoing-0 >> "User-Agent: tc-java/1.19.7[\r][\n]"
17:43:49.121 [docker-java-stream--1716831598] DEBUG com.github.dockerjava.zerodep.shaded.org.apache.hc.client5.http.wire - http-outgoing-0 >> "Accept-Encoding: gzip, x-gzip, deflate[\r][\n]"
17:43:49.121 [docker-java-stream--1716831598] DEBUG com.github.dockerjava.zerodep.shaded.org.apache.hc.client5.http.wire - http-outgoing-0 >> "Host: localhost:2375[\r][\n]"
17:43:49.121 [docker-java-stream--1716831598] DEBUG com.github.dockerjava.zerodep.shaded.org.apache.hc.client5.http.wire - http-outgoing-0 >> "Connection: keep-alive[\r][\n]"
17:43:49.121 [docker-java-stream--1716831598] DEBUG com.github.dockerjava.zerodep.shaded.org.apache.hc.client5.http.wire - http-outgoing-0 >> "[\r][\n]"
17:43:49.122 [docker-java-stream--1716831598] DEBUG com.github.dockerjava.zerodep.shaded.org.apache.hc.client5.http.wire - http-outgoing-0 << "HTTP/1.1 200 OK[\r][\n]"
17:43:49.122 [docker-java-stream--1716831598] DEBUG com.github.dockerjava.zerodep.shaded.org.apache.hc.client5.http.wire - http-outgoing-0 << "Api-Version: 1.47[\r][\n]"
17:43:49.122 [docker-java-stream--1716831598] DEBUG com.github.dockerjava.zerodep.shaded.org.apache.hc.client5.http.wire - http-outgoing-0 << "Content-Type: application/vnd.docker.raw-stream[\r][\n]"
17:43:49.122 [docker-java-stream--1716831598] DEBUG com.github.dockerjava.zerodep.shaded.org.apache.hc.client5.http.wire - http-outgoing-0 << "Date: Thu, 26 Jun 2025 16:43:49 GMT[\r][\n]"
17:43:49.122 [docker-java-stream--1716831598] DEBUG com.github.dockerjava.zerodep.shaded.org.apache.hc.client5.http.wire - http-outgoing-0 << "Docker-Experimental: false[\r][\n]"
17:43:49.122 [docker-java-stream--1716831598] DEBUG com.github.dockerjava.zerodep.shaded.org.apache.hc.client5.http.wire - http-outgoing-0 << "Ostype: linux[\r][\n]"
17:43:49.122 [docker-java-stream--1716831598] DEBUG com.github.dockerjava.zerodep.shaded.org.apache.hc.client5.http.wire - http-outgoing-0 << "Server: Docker/27.4.0 (linux)[\r][\n]"
17:43:49.122 [docker-java-stream--1716831598] DEBUG com.github.dockerjava.zerodep.shaded.org.apache.hc.client5.http.wire - http-outgoing-0 << "Transfer-Encoding: chunked[\r][\n]"
17:43:49.122 [docker-java-stream--1716831598] DEBUG com.github.dockerjava.zerodep.shaded.org.apache.hc.client5.http.wire - http-outgoing-0 << "[\r][\n]"
17:43:49.122 [docker-java-stream--1716831598] DEBUG com.github.dockerjava.zerodep.shaded.org.apache.hc.client5.http.headers - http-outgoing-0 << HTTP/1.1 200 OK
17:43:49.122 [docker-java-stream--1716831598] DEBUG com.github.dockerjava.zerodep.shaded.org.apache.hc.client5.http.headers - http-outgoing-0 << Api-Version: 1.47
17:43:49.122 [docker-java-stream--1716831598] DEBUG com.github.dockerjava.zerodep.shaded.org.apache.hc.client5.http.headers - http-outgoing-0 << Content-Type: application/vnd.docker.raw-stream
17:43:49.122 [docker-java-stream--1716831598] DEBUG com.github.dockerjava.zerodep.shaded.org.apache.hc.client5.http.headers - http-outgoing-0 << Date: Thu, 26 Jun 2025 16:43:49 GMT
17:43:49.122 [docker-java-stream--1716831598] DEBUG com.github.dockerjava.zerodep.shaded.org.apache.hc.client5.http.headers - http-outgoing-0 << Docker-Experimental: false
17:43:49.122 [docker-java-stream--1716831598] DEBUG com.github.dockerjava.zerodep.shaded.org.apache.hc.client5.http.headers - http-outgoing-0 << Ostype: linux
17:43:49.122 [docker-java-stream--1716831598] DEBUG com.github.dockerjava.zerodep.shaded.org.apache.hc.client5.http.headers - http-outgoing-0 << Server: Docker/27.4.0 (linux)
17:43:49.122 [docker-java-stream--1716831598] DEBUG com.github.dockerjava.zerodep.shaded.org.apache.hc.client5.http.headers - http-outgoing-0 << Transfer-Encoding: chunked
17:43:49.122 [docker-java-stream--1716831598] DEBUG com.github.dockerjava.zerodep.shaded.org.apache.hc.client5.http.impl.classic.MainClientExec - ex-00000009: connection can be kept alive for 3 MINUTES
17:43:49.123 [docker-java-stream--1716831598] DEBUG com.github.dockerjava.zerodep.shaded.org.apache.hc.client5.http.wire - http-outgoing-0 << "c0[\r][\n]"
17:43:49.123 [docker-java-stream--1716831598] DEBUG com.github.dockerjava.zerodep.shaded.org.apache.hc.client5.http.wire - http-outgoing-0 << "[0x2][0x0][0x0][0x0][0x0][0x0][0x0]&2025/06/26 16:43:49 Pinging Docker...[\n]"
17:43:49.123 [docker-java-stream--1716831598] DEBUG com.github.dockerjava.zerodep.shaded.org.apache.hc.client5.http.wire - http-outgoing-0 << "[0x2][0x0][0x0][0x0][0x0][0x0][0x0]02025/06/26 16:43:49 Docker daemon is available![\n]"
17:43:49.123 [docker-java-stream--1716831598] DEBUG com.github.dockerjava.zerodep.shaded.org.apache.hc.client5.http.wire - http-outgoing-0 << "[0x2][0x0][0x0][0x0][0x0][0x0][0x0]-2025/06/26 16:43:49 Starting on port 8080...[\n]"
17:43:49.123 [docker-java-stream--1716831598] DEBUG com.github.dockerjava.zerodep.shaded.org.apache.hc.client5.http.wire - http-outgoing-0 << "[0x2][0x0][0x0][0x0][0x0][0x0][0x0][0x1d]2025/06/26 16:43:49 Started![\n]"
17:43:49.123 [docker-java-stream--1716831598] DEBUG com.github.dockerjava.zerodep.shaded.org.apache.hc.client5.http.wire - http-outgoing-0 << "[\r][\n]"
17:43:49.124 [main] DEBUG org.testcontainers.containers.output.WaitingConsumer - STDERR: 2025/06/26 16:43:49 Started!
17:43:49.125 [main] DEBUG com.github.dockerjava.zerodep.shaded.org.apache.hc.client5.http.impl.classic.InternalHttpClient - ep-00000008: cancel
17:43:49.125 [docker-java-stream--1716831598] DEBUG com.github.dockerjava.zerodep.shaded.org.apache.hc.client5.http.wire - http-outgoing-0 << "[read] I/O error: null"
17:43:49.125 [main] DEBUG com.github.dockerjava.zerodep.shaded.org.apache.hc.client5.http.impl.io.DefaultManagedHttpClientConnection - http-outgoing-0: close connection IMMEDIATE
17:43:49.125 [docker-java-stream--1716831598] DEBUG com.github.dockerjava.zerodep.shaded.org.apache.hc.client5.http.wire - http-outgoing-0 << "[read] I/O error: null"
17:43:49.125 [main] DEBUG com.github.dockerjava.zerodep.shaded.org.apache.hc.client5.http.impl.classic.InternalHttpClient - ep-00000008: endpoint closed
17:43:49.125 [main] DEBUG com.github.dockerjava.zerodep.shaded.org.apache.hc.client5.http.impl.classic.InternalHttpClient - ep-00000008: discarding endpoint
17:43:49.125 [main] DEBUG com.github.dockerjava.zerodep.shaded.org.apache.hc.client5.http.impl.io.PoolingHttpClientConnectionManager - ep-00000008: releasing endpoint
17:43:49.125 [main] DEBUG com.github.dockerjava.zerodep.shaded.org.apache.hc.client5.http.impl.io.PoolingHttpClientConnectionManager - ep-00000008: connection is not kept alive
17:43:49.125 [main] DEBUG com.github.dockerjava.zerodep.shaded.org.apache.hc.client5.http.impl.io.PoolingHttpClientConnectionManager - ep-00000008: connection released [route: {}->unix://localhost:2375][total available: 0; route allocated: 0 of 2147483647; total allocated: 0 of 2147483647]
17:43:49.125 [main] INFO tc.testcontainers/ryuk:0.6.0 - Container testcontainers/ryuk:0.6.0 started in PT0.62733S
17:43:49.127 [docker-java-stream--1716831598] DEBUG com.github.dockerjava.zerodep.ApacheDockerHttpClientImpl$ApacheResponse - Failed to close the response
java.nio.channels.ClosedChannelException: null
	at java.base/sun.nio.ch.SocketChannelImpl.ensureOpenAndConnected(SocketChannelImpl.java:222)
	at java.base/sun.nio.ch.SocketChannelImpl.blockingRead(SocketChannelImpl.java:1311)
	at java.base/sun.nio.ch.SocketInputStream.read(SocketInputStream.java:70)
	at com.github.dockerjava.zerodep.shaded.org.apache.hc.client5.http.impl.io.LoggingInputStream.read(LoggingInputStream.java:81)
	at com.github.dockerjava.zerodep.shaded.org.apache.hc.core5.http.impl.io.SessionInputBufferImpl.fillBuffer(SessionInputBufferImpl.java:149)
	at com.github.dockerjava.zerodep.shaded.org.apache.hc.core5.http.impl.io.SessionInputBufferImpl.readLine(SessionInputBufferImpl.java:280)
	at com.github.dockerjava.zerodep.shaded.org.apache.hc.core5.http.impl.io.ChunkedInputStream.getChunkSize(ChunkedInputStream.java:261)
	at com.github.dockerjava.zerodep.shaded.org.apache.hc.core5.http.impl.io.ChunkedInputStream.nextChunk(ChunkedInputStream.java:222)
	at com.github.dockerjava.zerodep.shaded.org.apache.hc.core5.http.impl.io.ChunkedInputStream.read(ChunkedInputStream.java:147)
	at com.github.dockerjava.zerodep.shaded.org.apache.hc.core5.http.impl.io.ChunkedInputStream.close(ChunkedInputStream.java:314)
	at com.github.dockerjava.zerodep.shaded.org.apache.hc.core5.io.Closer.close(Closer.java:48)
	at com.github.dockerjava.zerodep.shaded.org.apache.hc.core5.http.impl.io.IncomingHttpEntity.close(IncomingHttpEntity.java:111)
	at com.github.dockerjava.zerodep.shaded.org.apache.hc.core5.http.io.entity.HttpEntityWrapper.close(HttpEntityWrapper.java:120)
	at com.github.dockerjava.zerodep.shaded.org.apache.hc.core5.io.Closer.close(Closer.java:48)
	at com.github.dockerjava.zerodep.shaded.org.apache.hc.core5.http.message.BasicClassicHttpResponse.close(BasicClassicHttpResponse.java:93)
	at com.github.dockerjava.zerodep.shaded.org.apache.hc.client5.http.impl.classic.CloseableHttpResponse.close(CloseableHttpResponse.java:200)
	at com.github.dockerjava.zerodep.ApacheDockerHttpClientImpl$ApacheResponse.close(ApacheDockerHttpClientImpl.java:271)
	at org.testcontainers.shaded.com.github.dockerjava.core.DefaultInvocationBuilder.lambda$executeAndStream$1(DefaultInvocationBuilder.java:277)
	at java.base/java.lang.Thread.run(Thread.java:1583)
17:43:49.128 [testcontainers-ryuk] DEBUG org.testcontainers.utility.ResourceReaper - Sending 'label=org.testcontainers%3Dtrue&label=org.testcontainers.lang%3Djava&label=org.testcontainers.version%3D1.19.7&label=org.testcontainers.sessionId%3D866cccf5-0380-4737-9007-32cd48c5f550' to Ryuk
17:43:49.135 [testcontainers-ryuk] DEBUG org.testcontainers.utility.RyukResourceReaper - Received 'ACK' from Ryuk
17:43:49.136 [main] INFO org.testcontainers.utility.RyukResourceReaper - Ryuk started - will monitor and terminate Testcontainers containers on JVM exit
17:43:49.136 [main] DEBUG org.testcontainers.DockerClientFactory - Checks are enabled
17:43:49.136 [main] INFO org.testcontainers.DockerClientFactory - Checking the system...
17:43:49.137 [main] INFO org.testcontainers.DockerClientFactory - ✔︎ Docker server version should be at least 1.6.0
17:43:49.137 [main] DEBUG org.testcontainers.utility.PrefixingImageNameSubstitutor - No prefix is configured
17:43:49.138 [main] DEBUG org.testcontainers.utility.ImageNameSubstitutor - Did not find a substitute image for mockserver/mockserver:5.15.0 (using image substitutor: DefaultImageNameSubstitutor (composite of 'ConfigurationFileImageNameSubstitutor' and 'PrefixingImageNameSubstitutor'))
17:43:49.138 [main] DEBUG org.testcontainers.images.AbstractImagePullPolicy - Using locally available and not pulling image: mockserver/mockserver:5.15.0
17:43:49.138 [main] DEBUG tc.mockserver/mockserver:5.15.0 - Starting container: mockserver/mockserver:5.15.0
17:43:49.138 [main] DEBUG tc.mockserver/mockserver:5.15.0 - Trying to start container: mockserver/mockserver:5.15.0 (attempt 1/1)
17:43:49.138 [main] DEBUG tc.mockserver/mockserver:5.15.0 - Starting container: mockserver/mockserver:5.15.0
17:43:49.138 [main] INFO tc.mockserver/mockserver:5.15.0 - Creating container for image: mockserver/mockserver:5.15.0
17:43:49.138 [main] DEBUG org.testcontainers.utility.RegistryAuthLocator - Looking up auth config for image: mockserver/mockserver:5.15.0 at registry: https://index.docker.io/v1/
17:43:49.138 [main] DEBUG org.testcontainers.utility.RegistryAuthLocator - Cached auth found: [AuthConfig{username=dumanoj, password=hidden non-blank value, auth=blank, email=null, registryAddress=https://index.docker.io/v1/, registryToken=blank}]
17:43:49.138 [main] DEBUG org.testcontainers.dockerclient.AuthDelegatingDockerClientConfig - Effective auth config [AuthConfig{username=dumanoj, password=hidden non-blank value, auth=blank, email=null, registryAddress=https://index.docker.io/v1/, registryToken=blank}]
17:43:49.138 [main] DEBUG org.testcontainers.shaded.com.github.dockerjava.core.command.AbstrDockerCmd - Cmd: org.testcontainers.shaded.com.github.dockerjava.core.command.CreateContainerCmdImpl@5a9baba8[aliases=<null>,argsEscaped=<null>,attachStderr=<null>,attachStdin=<null>,attachStdout=<null>,authConfig=AuthConfig(username=dumanoj, email=null, registryAddress=https://index.docker.io/v1/, stackOrchestrator=null),cmd={-serverPort,1080},domainName=<null>,entrypoint=<null>,env={},exposedPorts=ExposedPorts(exposedPorts=[1080/tcp]),healthcheck=<null>,hostConfig=HostConfig(binds=[], blkioWeight=null, blkioWeightDevice=null, blkioDeviceReadBps=null, blkioDeviceWriteBps=null, blkioDeviceReadIOps=null, blkioDeviceWriteIOps=null, memorySwappiness=null, nanoCPUs=null, capAdd=null, capDrop=null, containerIDFile=null, cpuPeriod=null, cpuRealtimePeriod=null, cpuRealtimeRuntime=null, cpuShares=null, cpuQuota=null, cpusetCpus=null, cpusetMems=null, devices=null, deviceCgroupRules=null, deviceRequests=null, diskQuota=null, dns=null, dnsOptions=null, dnsSearch=null, extraHosts=[], groupAdd=null, ipcMode=null, cgroup=null, links=[], logConfig=LogConfig(type=null, config=null), lxcConf=null, memory=null, memorySwap=null, memoryReservation=null, kernelMemory=null, networkMode=null, oomKillDisable=null, init=null, autoRemove=null, oomScoreAdj=null, portBindings={1080/tcp=[Lcom.github.dockerjava.api.model.Ports$Binding;@8636cf4}, privileged=null, publishAllPorts=null, readonlyRootfs=null, restartPolicy=null, ulimits=null, cpuCount=null, cpuPercent=null, ioMaximumIOps=null, ioMaximumBandwidth=null, volumesFrom=[], mounts=null, pidMode=null, isolation=null, securityOpts=null, storageOpt=null, cgroupParent=null, volumeDriver=null, shmSize=null, pidsLimit=null, runtime=null, tmpFs=null, utSMode=null, usernsMode=null, sysctls=null, consoleSize=null, cgroupnsMode=null),hostName=<null>,image=mockserver/mockserver:5.15.0,ipv4Address=<null>,ipv6Address=<null>,labels={org.testcontainers=true, org.testcontainers.lang=java, org.testcontainers.version=1.19.7, org.testcontainers.sessionId=866cccf5-0380-4737-9007-32cd48c5f550},macAddress=<null>,name=<null>,networkDisabled=<null>,networkingConfig=<null>,onBuild=<null>,platform=<null>,portSpecs=<null>,shell=<null>,stdInOnce=<null>,stdinOpen=<null>,stopSignal=<null>,stopTimeout=<null>,tty=<null>,user=<null>,volumes=Volumes(volumes=[]),workingDir=<null>]
17:43:49.140 [main] DEBUG com.github.dockerjava.zerodep.shaded.org.apache.hc.client5.http.impl.classic.InternalHttpClient - ex-0000000A: preparing request execution
17:43:49.140 [main] DEBUG com.github.dockerjava.zerodep.shaded.org.apache.hc.client5.http.protocol.RequestAddCookies - Cookie spec selected: strict
17:43:49.140 [main] DEBUG com.github.dockerjava.zerodep.shaded.org.apache.hc.client5.http.protocol.RequestAuthCache - Auth cache not set in the context
17:43:49.140 [main] DEBUG com.github.dockerjava.zerodep.shaded.org.apache.hc.client5.http.impl.classic.ProtocolExec - ex-0000000A: target auth state: UNCHALLENGED
17:43:49.140 [main] DEBUG com.github.dockerjava.zerodep.shaded.org.apache.hc.client5.http.impl.classic.ProtocolExec - ex-0000000A: proxy auth state: UNCHALLENGED
17:43:49.140 [main] DEBUG com.github.dockerjava.zerodep.shaded.org.apache.hc.client5.http.impl.classic.ConnectExec - ex-0000000A: acquiring connection with route {}->unix://localhost:2375
17:43:49.140 [main] DEBUG com.github.dockerjava.zerodep.shaded.org.apache.hc.client5.http.impl.classic.InternalHttpClient - ex-0000000A: acquiring endpoint (3 MINUTES)
17:43:49.140 [main] DEBUG com.github.dockerjava.zerodep.shaded.org.apache.hc.client5.http.impl.io.PoolingHttpClientConnectionManager - ex-0000000A: endpoint lease request (3 MINUTES) [route: {}->unix://localhost:2375][total available: 0; route allocated: 0 of 2147483647; total allocated: 0 of 2147483647]
17:43:49.140 [main] DEBUG com.github.dockerjava.zerodep.shaded.org.apache.hc.client5.http.impl.io.PoolingHttpClientConnectionManager - ex-0000000A: endpoint leased [route: {}->unix://localhost:2375][total available: 0; route allocated: 1 of 2147483647; total allocated: 1 of 2147483647]
17:43:49.141 [main] DEBUG com.github.dockerjava.zerodep.shaded.org.apache.hc.client5.http.impl.io.PoolingHttpClientConnectionManager - ex-0000000A: acquired ep-00000009
17:43:49.141 [main] DEBUG com.github.dockerjava.zerodep.shaded.org.apache.hc.client5.http.impl.classic.InternalHttpClient - ex-0000000A: acquired endpoint ep-00000009
17:43:49.141 [main] DEBUG com.github.dockerjava.zerodep.shaded.org.apache.hc.client5.http.impl.classic.ConnectExec - ex-0000000A: opening connection {}->unix://localhost:2375
17:43:49.141 [main] DEBUG com.github.dockerjava.zerodep.shaded.org.apache.hc.client5.http.impl.classic.InternalHttpClient - ep-00000009: connecting endpoint (3 MINUTES)
17:43:49.141 [main] DEBUG com.github.dockerjava.zerodep.shaded.org.apache.hc.client5.http.impl.io.PoolingHttpClientConnectionManager - ep-00000009: connecting endpoint to unix://localhost:2375 (3 MINUTES)
17:43:49.141 [main] DEBUG com.github.dockerjava.zerodep.shaded.org.apache.hc.client5.http.impl.io.DefaultHttpClientConnectionOperator - http-outgoing-1: connecting to localhost/127.0.0.1:2375
17:43:49.141 [main] DEBUG com.github.dockerjava.zerodep.shaded.org.apache.hc.client5.http.impl.io.DefaultHttpClientConnectionOperator - http-outgoing-1: connection established /var/run/docker.sock<->/var/run/docker.sock
17:43:49.141 [main] DEBUG com.github.dockerjava.zerodep.shaded.org.apache.hc.client5.http.impl.io.PoolingHttpClientConnectionManager - ep-00000009: connected http-outgoing-1
17:43:49.141 [main] DEBUG com.github.dockerjava.zerodep.shaded.org.apache.hc.client5.http.impl.classic.InternalHttpClient - ep-00000009: endpoint connected
17:43:49.141 [main] DEBUG com.github.dockerjava.zerodep.shaded.org.apache.hc.client5.http.impl.classic.MainClientExec - ex-0000000A: executing POST /v1.32/containers/create HTTP/1.1
17:43:49.141 [main] DEBUG com.github.dockerjava.zerodep.shaded.org.apache.hc.client5.http.impl.classic.InternalHttpClient - ep-00000009: start execution ex-0000000A
17:43:49.141 [main] DEBUG com.github.dockerjava.zerodep.shaded.org.apache.hc.client5.http.impl.io.PoolingHttpClientConnectionManager - ep-00000009: executing exchange ex-0000000A over http-outgoing-1
17:43:49.141 [main] DEBUG com.github.dockerjava.zerodep.shaded.org.apache.hc.client5.http.headers - http-outgoing-1 >> POST /v1.32/containers/create HTTP/1.1
17:43:49.141 [main] DEBUG com.github.dockerjava.zerodep.shaded.org.apache.hc.client5.http.headers - http-outgoing-1 >> X-Registry-Auth: eyJ1c2VybmFtZSI6ImR1bWFub2oiLCJwYXNzd29yZCI6ImRja3JfcGF0X0JGa3ZyLXEwa1VVblNlbnFESnQyUXlkQ0duNCIsImVtYWlsIjpudWxsLCJzZXJ2ZXJhZGRyZXNzIjoiaHR0cHM6Ly9pbmRleC5kb2NrZXIuaW8vdjEvIiwiYXV0aCI6bnVsbCwicmVnaXN0cnl0b2tlbiI6bnVsbCwiaWRlbnRpdHl0b2tlbiI6bnVsbCwic3RhY2tPcmNoZXN0cmF0b3IiOm51bGx9
17:43:49.141 [main] DEBUG com.github.dockerjava.zerodep.shaded.org.apache.hc.client5.http.headers - http-outgoing-1 >> accept: application/json
17:43:49.141 [main] DEBUG com.github.dockerjava.zerodep.shaded.org.apache.hc.client5.http.headers - http-outgoing-1 >> content-type: application/json
17:43:49.141 [main] DEBUG com.github.dockerjava.zerodep.shaded.org.apache.hc.client5.http.headers - http-outgoing-1 >> x-tc-sid: 866cccf5-0380-4737-9007-32cd48c5f550
17:43:49.141 [main] DEBUG com.github.dockerjava.zerodep.shaded.org.apache.hc.client5.http.headers - http-outgoing-1 >> User-Agent: tc-java/1.19.7
17:43:49.141 [main] DEBUG com.github.dockerjava.zerodep.shaded.org.apache.hc.client5.http.headers - http-outgoing-1 >> Accept-Encoding: gzip, x-gzip, deflate
17:43:49.141 [main] DEBUG com.github.dockerjava.zerodep.shaded.org.apache.hc.client5.http.headers - http-outgoing-1 >> Content-Length: 2001
17:43:49.141 [main] DEBUG com.github.dockerjava.zerodep.shaded.org.apache.hc.client5.http.headers - http-outgoing-1 >> Host: localhost:2375
17:43:49.141 [main] DEBUG com.github.dockerjava.zerodep.shaded.org.apache.hc.client5.http.headers - http-outgoing-1 >> Connection: keep-alive
17:43:49.141 [main] DEBUG com.github.dockerjava.zerodep.shaded.org.apache.hc.client5.http.wire - http-outgoing-1 >> "POST /v1.32/containers/create HTTP/1.1[\r][\n]"
17:43:49.141 [main] DEBUG com.github.dockerjava.zerodep.shaded.org.apache.hc.client5.http.wire - http-outgoing-1 >> "X-Registry-Auth: eyJ1c2VybmFtZSI6ImR1bWFub2oiLCJwYXNzd29yZCI6ImRja3JfcGF0X0JGa3ZyLXEwa1VVblNlbnFESnQyUXlkQ0duNCIsImVtYWlsIjpudWxsLCJzZXJ2ZXJhZGRyZXNzIjoiaHR0cHM6Ly9pbmRleC5kb2NrZXIuaW8vdjEvIiwiYXV0aCI6bnVsbCwicmVnaXN0cnl0b2tlbiI6bnVsbCwiaWRlbnRpdHl0b2tlbiI6bnVsbCwic3RhY2tPcmNoZXN0cmF0b3IiOm51bGx9[\r][\n]"
17:43:49.141 [main] DEBUG com.github.dockerjava.zerodep.shaded.org.apache.hc.client5.http.wire - http-outgoing-1 >> "accept: application/json[\r][\n]"
17:43:49.141 [main] DEBUG com.github.dockerjava.zerodep.shaded.org.apache.hc.client5.http.wire - http-outgoing-1 >> "content-type: application/json[\r][\n]"
17:43:49.141 [main] DEBUG com.github.dockerjava.zerodep.shaded.org.apache.hc.client5.http.wire - http-outgoing-1 >> "x-tc-sid: 866cccf5-0380-4737-9007-32cd48c5f550[\r][\n]"
17:43:49.141 [main] DEBUG com.github.dockerjava.zerodep.shaded.org.apache.hc.client5.http.wire - http-outgoing-1 >> "User-Agent: tc-java/1.19.7[\r][\n]"
17:43:49.141 [main] DEBUG com.github.dockerjava.zerodep.shaded.org.apache.hc.client5.http.wire - http-outgoing-1 >> "Accept-Encoding: gzip, x-gzip, deflate[\r][\n]"
17:43:49.141 [main] DEBUG com.github.dockerjava.zerodep.shaded.org.apache.hc.client5.http.wire - http-outgoing-1 >> "Content-Length: 2001[\r][\n]"
17:43:49.141 [main] DEBUG com.github.dockerjava.zerodep.shaded.org.apache.hc.client5.http.wire - http-outgoing-1 >> "Host: localhost:2375[\r][\n]"
17:43:49.141 [main] DEBUG com.github.dockerjava.zerodep.shaded.org.apache.hc.client5.http.wire - http-outgoing-1 >> "Connection: keep-alive[\r][\n]"
17:43:49.141 [main] DEBUG com.github.dockerjava.zerodep.shaded.org.apache.hc.client5.http.wire - http-outgoing-1 >> "[\r][\n]"
17:43:49.141 [main] DEBUG com.github.dockerjava.zerodep.shaded.org.apache.hc.client5.http.wire - http-outgoing-1 >> "{"Hostname":null,"Domainname":null,"User":null,"AttachStdin":null,"AttachStdout":null,"AttachStderr":null,"PortSpecs":null,"Tty":null,"OpenStdin":null,"StdinOnce":null,"Env":[],"Cmd":["-serverPort","1080"],"Healthcheck":null,"ArgsEscaped":null,"Entrypoint":null,"Image":"mockserver/mockserver:5.15.0","Volumes":{},"WorkingDir":null,"MacAddress":null,"OnBuild":null,"NetworkDisabled":null,"ExposedPorts":{"1080/tcp":{}},"StopSignal":null,"StopTimeout":null,"HostConfig":{"Binds":[],"BlkioWeight":null,"BlkioWeightDevice":null,"BlkioDeviceReadBps":null,"BlkioDeviceWriteBps":null,"BlkioDeviceReadIOps":null,"BlkioDeviceWriteIOps":null,"MemorySwappiness":null,"NanoCpus":null,"CapAdd":null,"CapDrop":null,"ContainerIDFile":null,"CpuPeriod":null,"CpuRealtimePeriod":null,"CpuRealtimeRuntime":null,"CpuShares":null,"CpuQuota":null,"CpusetCpus":null,"CpusetMems":null,"Devices":null,"DeviceCgroupRules":null,"DeviceRequests":null,"DiskQuota":null,"Dns":null,"DnsOptions":null,"DnsSearch":null,"ExtraHosts":[],"GroupAdd":null,"IpcMode":null,"Cgroup":null,"Links":[],"LogConfig":null,"LxcConf":null,"Memory":null,"MemorySwap":null,"MemoryReservation":null,"KernelMemory":null,"NetworkMode":null,"OomKillDisable":null,"Init":null,"AutoRemove":null,"OomScoreAdj":null,"PortBindings":{"1080/tcp":[{"HostIp":"","HostPort":""}]},"Privileged":null,"PublishAllPorts":null,"ReadonlyRootfs":null,"RestartPolicy":null,"Ulimits":null,"CpuCount":null,"CpuPercent":null,"IOMaximumIOps":null,"IOMaximumBandwidth":null,"VolumesFrom":[],"Mounts":null,"PidMode":null,"Isolation":null,"SecurityOpt":null,"StorageOpt":null,"CgroupParent":null,"VolumeDriver":null,"ShmSize":null,"PidsLimit":null,"Runtime":null,"Tmpfs":null,"UTSMode":null,"UsernsMode":null,"Sysctls":null,"ConsoleSize":null,"CgroupnsMode":null},"Labels":{"org.testcontainers":"true","org.testcontainers.lang":"java","org.testcontainers.version":"1.19.7","org.testcontainers.sessionId":"866cccf5-0380-4737-9007-32cd48c5f550"},"Shell":null,"NetworkingConfig":null}"
17:43:49.160 [main] DEBUG com.github.dockerjava.zerodep.shaded.org.apache.hc.client5.http.wire - http-outgoing-1 << "HTTP/1.1 201 Created[\r][\n]"
17:43:49.161 [main] DEBUG com.github.dockerjava.zerodep.shaded.org.apache.hc.client5.http.wire - http-outgoing-1 << "Api-Version: 1.47[\r][\n]"
17:43:49.161 [main] DEBUG com.github.dockerjava.zerodep.shaded.org.apache.hc.client5.http.wire - http-outgoing-1 << "Content-Type: application/json[\r][\n]"
17:43:49.161 [main] DEBUG com.github.dockerjava.zerodep.shaded.org.apache.hc.client5.http.wire - http-outgoing-1 << "Date: Thu, 26 Jun 2025 16:43:49 GMT[\r][\n]"
17:43:49.161 [main] DEBUG com.github.dockerjava.zerodep.shaded.org.apache.hc.client5.http.wire - http-outgoing-1 << "Docker-Experimental: false[\r][\n]"
17:43:49.161 [main] DEBUG com.github.dockerjava.zerodep.shaded.org.apache.hc.client5.http.wire - http-outgoing-1 << "Ostype: linux[\r][\n]"
17:43:49.161 [main] DEBUG com.github.dockerjava.zerodep.shaded.org.apache.hc.client5.http.wire - http-outgoing-1 << "Server: Docker/27.4.0 (linux)[\r][\n]"
17:43:49.161 [main] DEBUG com.github.dockerjava.zerodep.shaded.org.apache.hc.client5.http.wire - http-outgoing-1 << "Transfer-Encoding: chunked[\r][\n]"
17:43:49.161 [main] DEBUG com.github.dockerjava.zerodep.shaded.org.apache.hc.client5.http.wire - http-outgoing-1 << "[\r][\n]"
17:43:49.161 [main] DEBUG com.github.dockerjava.zerodep.shaded.org.apache.hc.client5.http.headers - http-outgoing-1 << HTTP/1.1 201 Created
17:43:49.161 [main] DEBUG com.github.dockerjava.zerodep.shaded.org.apache.hc.client5.http.headers - http-outgoing-1 << Api-Version: 1.47
17:43:49.161 [main] DEBUG com.github.dockerjava.zerodep.shaded.org.apache.hc.client5.http.headers - http-outgoing-1 << Content-Type: application/json
17:43:49.161 [main] DEBUG com.github.dockerjava.zerodep.shaded.org.apache.hc.client5.http.headers - http-outgoing-1 << Date: Thu, 26 Jun 2025 16:43:49 GMT
17:43:49.161 [main] DEBUG com.github.dockerjava.zerodep.shaded.org.apache.hc.client5.http.headers - http-outgoing-1 << Docker-Experimental: false
17:43:49.161 [main] DEBUG com.github.dockerjava.zerodep.shaded.org.apache.hc.client5.http.headers - http-outgoing-1 << Ostype: linux
17:43:49.161 [main] DEBUG com.github.dockerjava.zerodep.shaded.org.apache.hc.client5.http.headers - http-outgoing-1 << Server: Docker/27.4.0 (linux)
17:43:49.161 [main] DEBUG com.github.dockerjava.zerodep.shaded.org.apache.hc.client5.http.headers - http-outgoing-1 << Transfer-Encoding: chunked
17:43:49.161 [main] DEBUG com.github.dockerjava.zerodep.shaded.org.apache.hc.client5.http.impl.classic.MainClientExec - ex-0000000A: connection can be kept alive for 3 MINUTES
17:43:49.161 [main] DEBUG com.github.dockerjava.zerodep.shaded.org.apache.hc.client5.http.wire - http-outgoing-1 << "58[\r][\n]"
17:43:49.161 [main] DEBUG com.github.dockerjava.zerodep.shaded.org.apache.hc.client5.http.wire - http-outgoing-1 << "{"Id":"1c6250b3e6ad9ba6fc240d62d878929876a59f7e8353afccabb68d0300c1df36","Warnings":[]}[\n]"
17:43:49.161 [main] DEBUG com.github.dockerjava.zerodep.shaded.org.apache.hc.client5.http.wire - http-outgoing-1 << "[\r][\n]"
17:43:49.161 [main] DEBUG com.github.dockerjava.zerodep.shaded.org.apache.hc.client5.http.wire - http-outgoing-1 << "0[\r][\n]"
17:43:49.161 [main] DEBUG com.github.dockerjava.zerodep.shaded.org.apache.hc.client5.http.wire - http-outgoing-1 << "[\r][\n]"
17:43:49.162 [main] DEBUG com.github.dockerjava.zerodep.shaded.org.apache.hc.client5.http.impl.classic.InternalHttpClient - ep-00000009: releasing valid endpoint
17:43:49.162 [main] DEBUG com.github.dockerjava.zerodep.shaded.org.apache.hc.client5.http.impl.io.PoolingHttpClientConnectionManager - ep-00000009: releasing endpoint
17:43:49.162 [main] DEBUG com.github.dockerjava.zerodep.shaded.org.apache.hc.client5.http.impl.io.PoolingHttpClientConnectionManager - ep-00000009: connection http-outgoing-1 can be kept alive for 3 MINUTES
17:43:49.162 [main] DEBUG com.github.dockerjava.zerodep.shaded.org.apache.hc.client5.http.impl.io.PoolingHttpClientConnectionManager - ep-00000009: connection released [route: {}->unix://localhost:2375][total available: 1; route allocated: 1 of 2147483647; total allocated: 1 of 2147483647]
17:43:49.162 [main] INFO tc.mockserver/mockserver:5.15.0 - Container mockserver/mockserver:5.15.0 is starting: 1c6250b3e6ad9ba6fc240d62d878929876a59f7e8353afccabb68d0300c1df36
17:43:49.162 [main] DEBUG org.testcontainers.shaded.com.github.dockerjava.core.command.AbstrDockerCmd - Cmd: 1c6250b3e6ad9ba6fc240d62d878929876a59f7e8353afccabb68d0300c1df36
17:43:49.163 [main] DEBUG com.github.dockerjava.zerodep.shaded.org.apache.hc.client5.http.impl.classic.InternalHttpClient - ex-0000000B: preparing request execution
17:43:49.163 [main] DEBUG com.github.dockerjava.zerodep.shaded.org.apache.hc.client5.http.protocol.RequestAddCookies - Cookie spec selected: strict
17:43:49.163 [main] DEBUG com.github.dockerjava.zerodep.shaded.org.apache.hc.client5.http.protocol.RequestAuthCache - Auth cache not set in the context
17:43:49.163 [main] DEBUG com.github.dockerjava.zerodep.shaded.org.apache.hc.client5.http.impl.classic.ProtocolExec - ex-0000000B: target auth state: UNCHALLENGED
17:43:49.163 [main] DEBUG com.github.dockerjava.zerodep.shaded.org.apache.hc.client5.http.impl.classic.ProtocolExec - ex-0000000B: proxy auth state: UNCHALLENGED
17:43:49.163 [main] DEBUG com.github.dockerjava.zerodep.shaded.org.apache.hc.client5.http.impl.classic.ConnectExec - ex-0000000B: acquiring connection with route {}->unix://localhost:2375
17:43:49.163 [main] DEBUG com.github.dockerjava.zerodep.shaded.org.apache.hc.client5.http.impl.classic.InternalHttpClient - ex-0000000B: acquiring endpoint (3 MINUTES)
17:43:49.164 [main] DEBUG com.github.dockerjava.zerodep.shaded.org.apache.hc.client5.http.impl.io.PoolingHttpClientConnectionManager - ex-0000000B: endpoint lease request (3 MINUTES) [route: {}->unix://localhost:2375][total available: 1; route allocated: 1 of 2147483647; total allocated: 1 of 2147483647]
17:43:49.164 [main] DEBUG com.github.dockerjava.zerodep.shaded.org.apache.hc.client5.http.impl.io.PoolingHttpClientConnectionManager - ex-0000000B: endpoint leased [route: {}->unix://localhost:2375][total available: 0; route allocated: 1 of 2147483647; total allocated: 1 of 2147483647]
17:43:49.164 [main] DEBUG com.github.dockerjava.zerodep.shaded.org.apache.hc.client5.http.impl.io.PoolingHttpClientConnectionManager - ex-0000000B: acquired ep-0000000A
17:43:49.164 [main] DEBUG com.github.dockerjava.zerodep.shaded.org.apache.hc.client5.http.impl.classic.InternalHttpClient - ex-0000000B: acquired endpoint ep-0000000A
17:43:49.164 [main] DEBUG com.github.dockerjava.zerodep.shaded.org.apache.hc.client5.http.impl.classic.MainClientExec - ex-0000000B: executing POST /v1.32/containers/1c6250b3e6ad9ba6fc240d62d878929876a59f7e8353afccabb68d0300c1df36/start HTTP/1.1
17:43:49.164 [main] DEBUG com.github.dockerjava.zerodep.shaded.org.apache.hc.client5.http.impl.classic.InternalHttpClient - ep-0000000A: start execution ex-0000000B
17:43:49.164 [main] DEBUG com.github.dockerjava.zerodep.shaded.org.apache.hc.client5.http.impl.io.PoolingHttpClientConnectionManager - ep-0000000A: executing exchange ex-0000000B over http-outgoing-1
17:43:49.164 [main] DEBUG com.github.dockerjava.zerodep.shaded.org.apache.hc.client5.http.headers - http-outgoing-1 >> POST /v1.32/containers/1c6250b3e6ad9ba6fc240d62d878929876a59f7e8353afccabb68d0300c1df36/start HTTP/1.1
17:43:49.164 [main] DEBUG com.github.dockerjava.zerodep.shaded.org.apache.hc.client5.http.headers - http-outgoing-1 >> accept: application/json
17:43:49.164 [main] DEBUG com.github.dockerjava.zerodep.shaded.org.apache.hc.client5.http.headers - http-outgoing-1 >> content-type: application/json
17:43:49.164 [main] DEBUG com.github.dockerjava.zerodep.shaded.org.apache.hc.client5.http.headers - http-outgoing-1 >> x-tc-sid: 866cccf5-0380-4737-9007-32cd48c5f550
17:43:49.164 [main] DEBUG com.github.dockerjava.zerodep.shaded.org.apache.hc.client5.http.headers - http-outgoing-1 >> User-Agent: tc-java/1.19.7
17:43:49.164 [main] DEBUG com.github.dockerjava.zerodep.shaded.org.apache.hc.client5.http.headers - http-outgoing-1 >> Accept-Encoding: gzip, x-gzip, deflate
17:43:49.164 [main] DEBUG com.github.dockerjava.zerodep.shaded.org.apache.hc.client5.http.headers - http-outgoing-1 >> Host: localhost:2375
17:43:49.164 [main] DEBUG com.github.dockerjava.zerodep.shaded.org.apache.hc.client5.http.headers - http-outgoing-1 >> Connection: keep-alive
17:43:49.164 [main] DEBUG com.github.dockerjava.zerodep.shaded.org.apache.hc.client5.http.wire - http-outgoing-1 >> "POST /v1.32/containers/1c6250b3e6ad9ba6fc240d62d878929876a59f7e8353afccabb68d0300c1df36/start HTTP/1.1[\r][\n]"
17:43:49.164 [main] DEBUG com.github.dockerjava.zerodep.shaded.org.apache.hc.client5.http.wire - http-outgoing-1 >> "accept: application/json[\r][\n]"
17:43:49.164 [main] DEBUG com.github.dockerjava.zerodep.shaded.org.apache.hc.client5.http.wire - http-outgoing-1 >> "content-type: application/json[\r][\n]"
17:43:49.164 [main] DEBUG com.github.dockerjava.zerodep.shaded.org.apache.hc.client5.http.wire - http-outgoing-1 >> "x-tc-sid: 866cccf5-0380-4737-9007-32cd48c5f550[\r][\n]"
17:43:49.164 [main] DEBUG com.github.dockerjava.zerodep.shaded.org.apache.hc.client5.http.wire - http-outgoing-1 >> "User-Agent: tc-java/1.19.7[\r][\n]"
17:43:49.164 [main] DEBUG com.github.dockerjava.zerodep.shaded.org.apache.hc.client5.http.wire - http-outgoing-1 >> "Accept-Encoding: gzip, x-gzip, deflate[\r][\n]"
17:43:49.164 [main] DEBUG com.github.dockerjava.zerodep.shaded.org.apache.hc.client5.http.wire - http-outgoing-1 >> "Host: localhost:2375[\r][\n]"
17:43:49.164 [main] DEBUG com.github.dockerjava.zerodep.shaded.org.apache.hc.client5.http.wire - http-outgoing-1 >> "Connection: keep-alive[\r][\n]"
17:43:49.164 [main] DEBUG com.github.dockerjava.zerodep.shaded.org.apache.hc.client5.http.wire - http-outgoing-1 >> "[\r][\n]"
17:43:49.279 [main] DEBUG com.github.dockerjava.zerodep.shaded.org.apache.hc.client5.http.wire - http-outgoing-1 << "HTTP/1.1 204 No Content[\r][\n]"
17:43:49.280 [main] DEBUG com.github.dockerjava.zerodep.shaded.org.apache.hc.client5.http.wire - http-outgoing-1 << "Api-Version: 1.47[\r][\n]"
17:43:49.280 [main] DEBUG com.github.dockerjava.zerodep.shaded.org.apache.hc.client5.http.wire - http-outgoing-1 << "Date: Thu, 26 Jun 2025 16:43:49 GMT[\r][\n]"
17:43:49.280 [main] DEBUG com.github.dockerjava.zerodep.shaded.org.apache.hc.client5.http.wire - http-outgoing-1 << "Docker-Experimental: false[\r][\n]"
17:43:49.280 [main] DEBUG com.github.dockerjava.zerodep.shaded.org.apache.hc.client5.http.wire - http-outgoing-1 << "Ostype: linux[\r][\n]"
17:43:49.280 [main] DEBUG com.github.dockerjava.zerodep.shaded.org.apache.hc.client5.http.wire - http-outgoing-1 << "Server: Docker/27.4.0 (linux)[\r][\n]"
17:43:49.280 [main] DEBUG com.github.dockerjava.zerodep.shaded.org.apache.hc.client5.http.wire - http-outgoing-1 << "[\r][\n]"
17:43:49.280 [main] DEBUG com.github.dockerjava.zerodep.shaded.org.apache.hc.client5.http.headers - http-outgoing-1 << HTTP/1.1 204 No Content
17:43:49.280 [main] DEBUG com.github.dockerjava.zerodep.shaded.org.apache.hc.client5.http.headers - http-outgoing-1 << Api-Version: 1.47
17:43:49.280 [main] DEBUG com.github.dockerjava.zerodep.shaded.org.apache.hc.client5.http.headers - http-outgoing-1 << Date: Thu, 26 Jun 2025 16:43:49 GMT
17:43:49.280 [main] DEBUG com.github.dockerjava.zerodep.shaded.org.apache.hc.client5.http.headers - http-outgoing-1 << Docker-Experimental: false
17:43:49.280 [main] DEBUG com.github.dockerjava.zerodep.shaded.org.apache.hc.client5.http.headers - http-outgoing-1 << Ostype: linux
17:43:49.280 [main] DEBUG com.github.dockerjava.zerodep.shaded.org.apache.hc.client5.http.headers - http-outgoing-1 << Server: Docker/27.4.0 (linux)
17:43:49.280 [main] DEBUG com.github.dockerjava.zerodep.shaded.org.apache.hc.client5.http.impl.classic.MainClientExec - ex-0000000B: connection can be kept alive for 3 MINUTES
17:43:49.280 [main] DEBUG com.github.dockerjava.zerodep.shaded.org.apache.hc.client5.http.impl.classic.InternalHttpClient - ep-0000000A: releasing valid endpoint
17:43:49.280 [main] DEBUG com.github.dockerjava.zerodep.shaded.org.apache.hc.client5.http.impl.io.PoolingHttpClientConnectionManager - ep-0000000A: releasing endpoint
17:43:49.281 [main] DEBUG com.github.dockerjava.zerodep.shaded.org.apache.hc.client5.http.impl.io.PoolingHttpClientConnectionManager - ep-0000000A: connection http-outgoing-1 can be kept alive for 3 MINUTES
17:43:49.281 [main] DEBUG com.github.dockerjava.zerodep.shaded.org.apache.hc.client5.http.impl.io.PoolingHttpClientConnectionManager - ep-0000000A: connection released [route: {}->unix://localhost:2375][total available: 1; route allocated: 1 of 2147483647; total allocated: 1 of 2147483647]
17:43:49.281 [main] DEBUG org.testcontainers.shaded.com.github.dockerjava.core.command.AbstrDockerCmd - Cmd: 1c6250b3e6ad9ba6fc240d62d878929876a59f7e8353afccabb68d0300c1df36,false
17:43:49.282 [main] DEBUG org.testcontainers.shaded.com.github.dockerjava.core.exec.InspectContainerCmdExec - GET: DefaultWebTarget{path=[/containers/1c6250b3e6ad9ba6fc240d62d878929876a59f7e8353afccabb68d0300c1df36/json], queryParams={}}
17:43:49.282 [main] DEBUG com.github.dockerjava.zerodep.shaded.org.apache.hc.client5.http.impl.classic.InternalHttpClient - ex-0000000C: preparing request execution
17:43:49.282 [main] DEBUG com.github.dockerjava.zerodep.shaded.org.apache.hc.client5.http.protocol.RequestAddCookies - Cookie spec selected: strict
17:43:49.282 [main] DEBUG com.github.dockerjava.zerodep.shaded.org.apache.hc.client5.http.protocol.RequestAuthCache - Auth cache not set in the context
17:43:49.282 [main] DEBUG com.github.dockerjava.zerodep.shaded.org.apache.hc.client5.http.impl.classic.ProtocolExec - ex-0000000C: target auth state: UNCHALLENGED
17:43:49.282 [main] DEBUG com.github.dockerjava.zerodep.shaded.org.apache.hc.client5.http.impl.classic.ProtocolExec - ex-0000000C: proxy auth state: UNCHALLENGED
17:43:49.282 [main] DEBUG com.github.dockerjava.zerodep.shaded.org.apache.hc.client5.http.impl.classic.ConnectExec - ex-0000000C: acquiring connection with route {}->unix://localhost:2375
17:43:49.282 [main] DEBUG com.github.dockerjava.zerodep.shaded.org.apache.hc.client5.http.impl.classic.InternalHttpClient - ex-0000000C: acquiring endpoint (3 MINUTES)
17:43:49.282 [main] DEBUG com.github.dockerjava.zerodep.shaded.org.apache.hc.client5.http.impl.io.PoolingHttpClientConnectionManager - ex-0000000C: endpoint lease request (3 MINUTES) [route: {}->unix://localhost:2375][total available: 1; route allocated: 1 of 2147483647; total allocated: 1 of 2147483647]
17:43:49.282 [main] DEBUG com.github.dockerjava.zerodep.shaded.org.apache.hc.client5.http.impl.io.PoolingHttpClientConnectionManager - ex-0000000C: endpoint leased [route: {}->unix://localhost:2375][total available: 0; route allocated: 1 of 2147483647; total allocated: 1 of 2147483647]
17:43:49.282 [main] DEBUG com.github.dockerjava.zerodep.shaded.org.apache.hc.client5.http.impl.io.PoolingHttpClientConnectionManager - ex-0000000C: acquired ep-0000000B
17:43:49.282 [main] DEBUG com.github.dockerjava.zerodep.shaded.org.apache.hc.client5.http.impl.classic.InternalHttpClient - ex-0000000C: acquired endpoint ep-0000000B
17:43:49.282 [main] DEBUG com.github.dockerjava.zerodep.shaded.org.apache.hc.client5.http.impl.classic.MainClientExec - ex-0000000C: executing GET /v1.32/containers/1c6250b3e6ad9ba6fc240d62d878929876a59f7e8353afccabb68d0300c1df36/json HTTP/1.1
17:43:49.282 [main] DEBUG com.github.dockerjava.zerodep.shaded.org.apache.hc.client5.http.impl.classic.InternalHttpClient - ep-0000000B: start execution ex-0000000C
17:43:49.282 [main] DEBUG com.github.dockerjava.zerodep.shaded.org.apache.hc.client5.http.impl.io.PoolingHttpClientConnectionManager - ep-0000000B: executing exchange ex-0000000C over http-outgoing-1
17:43:49.282 [main] DEBUG com.github.dockerjava.zerodep.shaded.org.apache.hc.client5.http.headers - http-outgoing-1 >> GET /v1.32/containers/1c6250b3e6ad9ba6fc240d62d878929876a59f7e8353afccabb68d0300c1df36/json HTTP/1.1
17:43:49.282 [main] DEBUG com.github.dockerjava.zerodep.shaded.org.apache.hc.client5.http.headers - http-outgoing-1 >> accept: application/json
17:43:49.282 [main] DEBUG com.github.dockerjava.zerodep.shaded.org.apache.hc.client5.http.headers - http-outgoing-1 >> x-tc-sid: 866cccf5-0380-4737-9007-32cd48c5f550
17:43:49.282 [main] DEBUG com.github.dockerjava.zerodep.shaded.org.apache.hc.client5.http.headers - http-outgoing-1 >> User-Agent: tc-java/1.19.7
17:43:49.282 [main] DEBUG com.github.dockerjava.zerodep.shaded.org.apache.hc.client5.http.headers - http-outgoing-1 >> Accept-Encoding: gzip, x-gzip, deflate
17:43:49.282 [main] DEBUG com.github.dockerjava.zerodep.shaded.org.apache.hc.client5.http.headers - http-outgoing-1 >> Host: localhost:2375
17:43:49.282 [main] DEBUG com.github.dockerjava.zerodep.shaded.org.apache.hc.client5.http.headers - http-outgoing-1 >> Connection: keep-alive
17:43:49.282 [main] DEBUG com.github.dockerjava.zerodep.shaded.org.apache.hc.client5.http.wire - http-outgoing-1 >> "GET /v1.32/containers/1c6250b3e6ad9ba6fc240d62d878929876a59f7e8353afccabb68d0300c1df36/json HTTP/1.1[\r][\n]"
17:43:49.282 [main] DEBUG com.github.dockerjava.zerodep.shaded.org.apache.hc.client5.http.wire - http-outgoing-1 >> "accept: application/json[\r][\n]"
17:43:49.282 [main] DEBUG com.github.dockerjava.zerodep.shaded.org.apache.hc.client5.http.wire - http-outgoing-1 >> "x-tc-sid: 866cccf5-0380-4737-9007-32cd48c5f550[\r][\n]"
17:43:49.282 [main] DEBUG com.github.dockerjava.zerodep.shaded.org.apache.hc.client5.http.wire - http-outgoing-1 >> "User-Agent: tc-java/1.19.7[\r][\n]"
17:43:49.282 [main] DEBUG com.github.dockerjava.zerodep.shaded.org.apache.hc.client5.http.wire - http-outgoing-1 >> "Accept-Encoding: gzip, x-gzip, deflate[\r][\n]"
17:43:49.282 [main] DEBUG com.github.dockerjava.zerodep.shaded.org.apache.hc.client5.http.wire - http-outgoing-1 >> "Host: localhost:2375[\r][\n]"
17:43:49.282 [main] DEBUG com.github.dockerjava.zerodep.shaded.org.apache.hc.client5.http.wire - http-outgoing-1 >> "Connection: keep-alive[\r][\n]"
17:43:49.282 [main] DEBUG com.github.dockerjava.zerodep.shaded.org.apache.hc.client5.http.wire - http-outgoing-1 >> "[\r][\n]"
17:43:49.288 [main] DEBUG com.github.dockerjava.zerodep.shaded.org.apache.hc.client5.http.wire - http-outgoing-1 << "HTTP/1.1 200 OK[\r][\n]"
17:43:49.288 [main] DEBUG com.github.dockerjava.zerodep.shaded.org.apache.hc.client5.http.wire - http-outgoing-1 << "Api-Version: 1.47[\r][\n]"
17:43:49.288 [main] DEBUG com.github.dockerjava.zerodep.shaded.org.apache.hc.client5.http.wire - http-outgoing-1 << "Content-Type: application/json[\r][\n]"
17:43:49.288 [main] DEBUG com.github.dockerjava.zerodep.shaded.org.apache.hc.client5.http.wire - http-outgoing-1 << "Date: Thu, 26 Jun 2025 16:43:49 GMT[\r][\n]"
17:43:49.288 [main] DEBUG com.github.dockerjava.zerodep.shaded.org.apache.hc.client5.http.wire - http-outgoing-1 << "Docker-Experimental: false[\r][\n]"
17:43:49.288 [main] DEBUG com.github.dockerjava.zerodep.shaded.org.apache.hc.client5.http.wire - http-outgoing-1 << "Ostype: linux[\r][\n]"
17:43:49.288 [main] DEBUG com.github.dockerjava.zerodep.shaded.org.apache.hc.client5.http.wire - http-outgoing-1 << "Server: Docker/27.4.0 (linux)[\r][\n]"
17:43:49.288 [main] DEBUG com.github.dockerjava.zerodep.shaded.org.apache.hc.client5.http.wire - http-outgoing-1 << "Transfer-Encoding: chunked[\r][\n]"
17:43:49.288 [main] DEBUG com.github.dockerjava.zerodep.shaded.org.apache.hc.client5.http.wire - http-outgoing-1 << "[\r][\n]"
17:43:49.288 [main] DEBUG com.github.dockerjava.zerodep.shaded.org.apache.hc.client5.http.headers - http-outgoing-1 << HTTP/1.1 200 OK
17:43:49.288 [main] DEBUG com.github.dockerjava.zerodep.shaded.org.apache.hc.client5.http.headers - http-outgoing-1 << Api-Version: 1.47
17:43:49.288 [main] DEBUG com.github.dockerjava.zerodep.shaded.org.apache.hc.client5.http.headers - http-outgoing-1 << Content-Type: application/json
17:43:49.288 [main] DEBUG com.github.dockerjava.zerodep.shaded.org.apache.hc.client5.http.headers - http-outgoing-1 << Date: Thu, 26 Jun 2025 16:43:49 GMT
17:43:49.288 [main] DEBUG com.github.dockerjava.zerodep.shaded.org.apache.hc.client5.http.headers - http-outgoing-1 << Docker-Experimental: false
17:43:49.288 [main] DEBUG com.github.dockerjava.zerodep.shaded.org.apache.hc.client5.http.headers - http-outgoing-1 << Ostype: linux
17:43:49.288 [main] DEBUG com.github.dockerjava.zerodep.shaded.org.apache.hc.client5.http.headers - http-outgoing-1 << Server: Docker/27.4.0 (linux)
17:43:49.288 [main] DEBUG com.github.dockerjava.zerodep.shaded.org.apache.hc.client5.http.headers - http-outgoing-1 << Transfer-Encoding: chunked
17:43:49.288 [main] DEBUG com.github.dockerjava.zerodep.shaded.org.apache.hc.client5.http.impl.classic.MainClientExec - ex-0000000C: connection can be kept alive for 3 MINUTES
17:43:49.289 [main] DEBUG com.github.dockerjava.zerodep.shaded.org.apache.hc.client5.http.wire - http-outgoing-1 << "16fd[\r][\n]"
17:43:49.289 [main] DEBUG com.github.dockerjava.zerodep.shaded.org.apache.hc.client5.http.wire - http-outgoing-1 << "{"Id":"1c6250b3e6ad9ba6fc240d62d878929876a59f7e8353afccabb68d0300c1df36","Created":"2025-06-26T16:43:49.160424672Z","Path":"java","Args":["-Dfile.encoding=UTF-8","-cp","/mockserver-netty-jar-with-dependencies.jar:/libs/*","-Dmockserver.propertyFile=/config/mockserver.properties","org.mockserver.cli.Main","-serverPort","1080"],"State":{"Status":"running","Running":true,"Paused":false,"Restarting":false,"OOMKilled":false,"Dead":false,"Pid":8453,"ExitCode":0,"Error":"","StartedAt":"2025-06-26T16:43:49.199123172Z","FinishedAt":"0001-01-01T00:00:00Z"},"Image":"sha256:95de41c9a8f374c82ed7ddb5c3c239d745667a6c6ef37819d48507e8039aab68","ResolvConfPath":"/var/lib/docker/containers/1c6250b3e6ad9ba6fc240d62d878929876a59f7e8353afccabb68d0300c1df36/resolv.conf","HostnamePath":"/var/lib/docker/containers/1c6250b3e6ad9ba6fc240d62d878929876a59f7e8353afccabb68d0300c1df36/hostname","HostsPath":"/var/lib/docker/containers/1c6250b3e6ad9ba6fc240d62d878929876a59f7e8353afccabb68d0300c1df36/hosts","LogPath":"/var/lib/docker/containers/1c6250b3e6ad9ba6fc240d62d878929876a59f7e8353afccabb68d0300c1df36/1c6250b3e6ad9ba6fc240d62d878929876a59f7e8353afccabb68d0300c1df36-json.log","Name":"/fervent_knuth","RestartCount":0,"Driver":"overlay2","Platform":"linux","MountLabel":"","ProcessLabel":"","AppArmorProfile":"","ExecIDs":null,"HostConfig":{"Binds":[],"ContainerIDFile":"","LogConfig":{"Type":"json-file","Config":{}},"NetworkMode":"bridge","PortBindings":{"1080/tcp":[{"HostIp":"0.0.0.0","HostPort":"0"}]},"RestartPolicy":{"Name":"no","MaximumRetryCount":0},"AutoRemove":false,"VolumeDriver":"","VolumesFrom":[],"ConsoleSize":[0,0],"CapAdd":null,"CapDrop":null,"CgroupnsMode":"private","Dns":null,"DnsOptions":null,"DnsSearch":null,"ExtraHosts":[],"GroupAdd":null,"IpcMode":"shareable","Cgroup":"","Links":null,"OomScoreAdj":0,"PidMode":"","Privileged":false,"PublishAllPorts":false,"ReadonlyRootfs":false,"SecurityOpt":null,"UTSMode":"","UsernsMode":"","ShmSize":67108864,"Runtime":"runc","Isolation":"","CpuShares":0,"Memory":0,"NanoCpus":0,"CgroupParent":"","BlkioWeight":0,"BlkioWeightDevice":null,"BlkioDeviceReadBps":null,"BlkioDeviceWriteBps":null,"BlkioDeviceReadIOps":null,"BlkioDeviceWriteIOps":null,"CpuPeriod":0,"CpuQuota":0,"CpuRealtimePeriod":0,"CpuRealtimeRuntime":0,"CpusetCpus":"","CpusetMems":"","Devices":null,"DeviceCgroupRules":null,"DeviceRequests":null,"MemoryReservation":0,"MemorySwap":0,"MemorySwappiness":null,"OomKillDisable":null,"PidsLimit":null,"Ulimits":null,"CpuCount":0,"CpuPercent":0,"IOMaximumIOps":0,"IOMaximumBandwidth":0,"MaskedPaths":["/proc/asound","/proc/acpi","/proc/kcore","/proc/keys","/proc/latency_stats","/proc/timer_list","/proc/timer_stats","/proc/sched_debug","/proc/scsi","/sys/firmware","/sys/devices/virtual/powercap"],"ReadonlyPaths":["/proc/bus","/proc/fs","/proc/irq","/proc/sys","/proc/sysrq-trigger"]},"GraphDriver":{"Data":{"LowerDir":"/var/lib/docker/overlay2/66cc59c0d92fa7dd9f7520aaabe2188334fe5656d10de1c0fe731b7d15e4fb06-init/diff:/var/lib/docker/overlay2/ef31536a949eb326e630eb5c06585f89f277d3194120108b4f62d19f3eeb4e09/diff:/var/lib/docker/overlay2/95f9afcc94b6e837673962e05eb93d4d7ec4221b858a133e1c25e38942277eec/diff:/var/lib/docker/overlay2/ee331284b3fc2b424b72a2bc16b2cd5a07e8a26cb42b36ff09c059771bda81b3/diff:/var/lib/docker/overlay2/ec41620e23d481075ee2c97dc71b3451bcf58cd3c77b6d44011c4d88e14819ee/diff:/var/lib/docker/overlay2/0c4d236976d94078616e13631c6d62114bd47f517e6c20ae87fd16b2af323bf3/diff:/var/lib/docker/overlay2/9cbd09a4730f3b94bad2699ca90d2623bef87b5d29ad35f6791567228dc6ea50/diff:/var/lib/docker/overlay2/49c6b144a5af1003acb8874315c20f87e5b38b69ef10a2609fd73a0f58db860b/diff","MergedDir":"/var/lib/docker/overlay2/66cc59c0d92fa7dd9f7520aaabe2188334fe5656d10de1c0fe731b7d15e4fb06/merged","UpperDir":"/var/lib/docker/overlay2/66cc59c0d92fa7dd9f7520aaabe2188334fe5656d10de1c0fe731b7d15e4fb06/diff","WorkDir":"/var/lib/docker/overlay2/66cc59c0d92fa7dd9f7520aaabe2188334fe5656d10de1c0fe731b7d15e4fb06/work"},"Name":"overlay2"},"Mounts":[],"Config":{"Hostname":"1c6250b3e6ad","Domainname":"","User":"nonroot","AttachStdin":false,"AttachStdout":false,"AttachStderr":false,"ExposedPorts":{"1080/tcp":{}},"Tty":false,"OpenStdin":false,"StdinOnce":false,"Env":["JAVA_VERSION=17.0.4","LANG=C.UTF-8","PATH=/usr/local/sbin:/usr/local/bin:/usr/sbin:/usr/bin:/sbin:/bin","SSL_CERT_FILE=/etc/ssl/certs/ca-certificates.crt","SERVER_PORT=1080"],"Cmd":["-serverPort","1080"],"Image":"mockserver/mockserver:5.15.0","Volumes":null,"WorkingDir":"/home/nonroot","Entrypoint":["java","-Dfile.encoding=UTF-8","-cp","/mockserver-netty-jar-with-dependencies.jar:/libs/*","-Dmockserver.propertyFile=/config/mockserver.properties","org.mockserver.cli.Main"],"OnBuild":null,"Labels":{"org.testcontainers":"true","org.testcontainers.lang":"java","org.testcontainers.sessionId":"866cccf5-0380-4737-9007-32cd48c5f550","org.testcontainers.version":"1.19.7"}},"NetworkSettings":{"Bridge":"","SandboxID":"f2e459c8dcea13fb4f62899692a4157e7d59aff2dcfa370ac05b8db3e8b40816","SandboxKey":"/var/run/docker/netns/f2e459c8dcea","Ports":{"1080/tcp":[]},"HairpinMode":false,"LinkLocalIPv6Address":"","LinkLocalIPv6PrefixLen":0,"SecondaryIPAddresses":null,"SecondaryIPv6Addresses":null,"EndpointID":"44ae08c6f318814314d5143e688fcdef6582bf59321ab7ff1a351c123a9d7d2d","Gateway":"172.17.0.1","GlobalIPv6Address":"","GlobalIPv6PrefixLen":0,"IPAddress":"172.17.0.3","IPPrefixLen":16,"IPv6Gateway":"","MacAddress":"02:42:ac:11:00:03","Networks":{"bridge":{"IPAMConfig":null,"Links":null,"Aliases":null,"MacAddress":"02:42:ac:11:00:03","DriverOpts":null,"NetworkID":"7af083136120d3fe2d01c03f59a72388b31236f6e3373668a4af64c6e3d90d73","EndpointID":"44ae08c6f318814314d5143e688fcdef6582bf59321ab7ff1a351c123a9d7d2d","Gateway":"172.17.0.1","IPAddress":"172.17.0.3","IPPrefixLen":16,"IPv6Gateway":"","GlobalIPv6Address":"","GlobalIPv6PrefixLen":0,"DNSNames":null}}}}[\n]"
17:43:49.289 [main] DEBUG com.github.dockerjava.zerodep.shaded.org.apache.hc.client5.http.wire - http-outgoing-1 << "[\r][\n]"
17:43:49.289 [main] DEBUG com.github.dockerjava.zerodep.shaded.org.apache.hc.client5.http.wire - http-outgoing-1 << "0[\r][\n]"
17:43:49.289 [main] DEBUG com.github.dockerjava.zerodep.shaded.org.apache.hc.client5.http.wire - http-outgoing-1 << "[\r][\n]"
17:43:49.290 [main] DEBUG com.github.dockerjava.zerodep.shaded.org.apache.hc.client5.http.impl.classic.InternalHttpClient - ep-0000000B: releasing valid endpoint
17:43:49.290 [main] DEBUG com.github.dockerjava.zerodep.shaded.org.apache.hc.client5.http.impl.io.PoolingHttpClientConnectionManager - ep-0000000B: releasing endpoint
17:43:49.291 [main] DEBUG com.github.dockerjava.zerodep.shaded.org.apache.hc.client5.http.impl.io.PoolingHttpClientConnectionManager - ep-0000000B: connection http-outgoing-1 can be kept alive for 3 MINUTES
17:43:49.291 [main] DEBUG com.github.dockerjava.zerodep.shaded.org.apache.hc.client5.http.impl.io.PoolingHttpClientConnectionManager - ep-0000000B: connection released [route: {}->unix://localhost:2375][total available: 1; route allocated: 1 of 2147483647; total allocated: 1 of 2147483647]
17:43:49.336 [main] DEBUG org.testcontainers.shaded.com.github.dockerjava.core.command.AbstrDockerCmd - Cmd: 1c6250b3e6ad9ba6fc240d62d878929876a59f7e8353afccabb68d0300c1df36,false
17:43:49.337 [main] DEBUG org.testcontainers.shaded.com.github.dockerjava.core.exec.InspectContainerCmdExec - GET: DefaultWebTarget{path=[/containers/1c6250b3e6ad9ba6fc240d62d878929876a59f7e8353afccabb68d0300c1df36/json], queryParams={}}
17:43:49.337 [main] DEBUG com.github.dockerjava.zerodep.shaded.org.apache.hc.client5.http.impl.classic.InternalHttpClient - ex-0000000D: preparing request execution
17:43:49.337 [main] DEBUG com.github.dockerjava.zerodep.shaded.org.apache.hc.client5.http.protocol.RequestAddCookies - Cookie spec selected: strict
17:43:49.337 [main] DEBUG com.github.dockerjava.zerodep.shaded.org.apache.hc.client5.http.protocol.RequestAuthCache - Auth cache not set in the context
17:43:49.337 [main] DEBUG com.github.dockerjava.zerodep.shaded.org.apache.hc.client5.http.impl.classic.ProtocolExec - ex-0000000D: target auth state: UNCHALLENGED
17:43:49.337 [main] DEBUG com.github.dockerjava.zerodep.shaded.org.apache.hc.client5.http.impl.classic.ProtocolExec - ex-0000000D: proxy auth state: UNCHALLENGED
17:43:49.337 [main] DEBUG com.github.dockerjava.zerodep.shaded.org.apache.hc.client5.http.impl.classic.ConnectExec - ex-0000000D: acquiring connection with route {}->unix://localhost:2375
17:43:49.337 [main] DEBUG com.github.dockerjava.zerodep.shaded.org.apache.hc.client5.http.impl.classic.InternalHttpClient - ex-0000000D: acquiring endpoint (3 MINUTES)
17:43:49.337 [main] DEBUG com.github.dockerjava.zerodep.shaded.org.apache.hc.client5.http.impl.io.PoolingHttpClientConnectionManager - ex-0000000D: endpoint lease request (3 MINUTES) [route: {}->unix://localhost:2375][total available: 1; route allocated: 1 of 2147483647; total allocated: 1 of 2147483647]
17:43:49.337 [main] DEBUG com.github.dockerjava.zerodep.shaded.org.apache.hc.client5.http.impl.io.PoolingHttpClientConnectionManager - ex-0000000D: endpoint leased [route: {}->unix://localhost:2375][total available: 0; route allocated: 1 of 2147483647; total allocated: 1 of 2147483647]
17:43:49.337 [main] DEBUG com.github.dockerjava.zerodep.shaded.org.apache.hc.client5.http.impl.io.PoolingHttpClientConnectionManager - ex-0000000D: acquired ep-0000000C
17:43:49.337 [main] DEBUG com.github.dockerjava.zerodep.shaded.org.apache.hc.client5.http.impl.classic.InternalHttpClient - ex-0000000D: acquired endpoint ep-0000000C
17:43:49.337 [main] DEBUG com.github.dockerjava.zerodep.shaded.org.apache.hc.client5.http.impl.classic.MainClientExec - ex-0000000D: executing GET /v1.32/containers/1c6250b3e6ad9ba6fc240d62d878929876a59f7e8353afccabb68d0300c1df36/json HTTP/1.1
17:43:49.337 [main] DEBUG com.github.dockerjava.zerodep.shaded.org.apache.hc.client5.http.impl.classic.InternalHttpClient - ep-0000000C: start execution ex-0000000D
17:43:49.337 [main] DEBUG com.github.dockerjava.zerodep.shaded.org.apache.hc.client5.http.impl.io.PoolingHttpClientConnectionManager - ep-0000000C: executing exchange ex-0000000D over http-outgoing-1
17:43:49.337 [main] DEBUG com.github.dockerjava.zerodep.shaded.org.apache.hc.client5.http.headers - http-outgoing-1 >> GET /v1.32/containers/1c6250b3e6ad9ba6fc240d62d878929876a59f7e8353afccabb68d0300c1df36/json HTTP/1.1
17:43:49.337 [main] DEBUG com.github.dockerjava.zerodep.shaded.org.apache.hc.client5.http.headers - http-outgoing-1 >> accept: application/json
17:43:49.337 [main] DEBUG com.github.dockerjava.zerodep.shaded.org.apache.hc.client5.http.headers - http-outgoing-1 >> x-tc-sid: 866cccf5-0380-4737-9007-32cd48c5f550
17:43:49.337 [main] DEBUG com.github.dockerjava.zerodep.shaded.org.apache.hc.client5.http.headers - http-outgoing-1 >> User-Agent: tc-java/1.19.7
17:43:49.337 [main] DEBUG com.github.dockerjava.zerodep.shaded.org.apache.hc.client5.http.headers - http-outgoing-1 >> Accept-Encoding: gzip, x-gzip, deflate
17:43:49.337 [main] DEBUG com.github.dockerjava.zerodep.shaded.org.apache.hc.client5.http.headers - http-outgoing-1 >> Host: localhost:2375
17:43:49.337 [main] DEBUG com.github.dockerjava.zerodep.shaded.org.apache.hc.client5.http.headers - http-outgoing-1 >> Connection: keep-alive
17:43:49.337 [main] DEBUG com.github.dockerjava.zerodep.shaded.org.apache.hc.client5.http.wire - http-outgoing-1 >> "GET /v1.32/containers/1c6250b3e6ad9ba6fc240d62d878929876a59f7e8353afccabb68d0300c1df36/json HTTP/1.1[\r][\n]"
17:43:49.337 [main] DEBUG com.github.dockerjava.zerodep.shaded.org.apache.hc.client5.http.wire - http-outgoing-1 >> "accept: application/json[\r][\n]"
17:43:49.337 [main] DEBUG com.github.dockerjava.zerodep.shaded.org.apache.hc.client5.http.wire - http-outgoing-1 >> "x-tc-sid: 866cccf5-0380-4737-9007-32cd48c5f550[\r][\n]"
17:43:49.337 [main] DEBUG com.github.dockerjava.zerodep.shaded.org.apache.hc.client5.http.wire - http-outgoing-1 >> "User-Agent: tc-java/1.19.7[\r][\n]"
17:43:49.337 [main] DEBUG com.github.dockerjava.zerodep.shaded.org.apache.hc.client5.http.wire - http-outgoing-1 >> "Accept-Encoding: gzip, x-gzip, deflate[\r][\n]"
17:43:49.337 [main] DEBUG com.github.dockerjava.zerodep.shaded.org.apache.hc.client5.http.wire - http-outgoing-1 >> "Host: localhost:2375[\r][\n]"
17:43:49.337 [main] DEBUG com.github.dockerjava.zerodep.shaded.org.apache.hc.client5.http.wire - http-outgoing-1 >> "Connection: keep-alive[\r][\n]"
17:43:49.337 [main] DEBUG com.github.dockerjava.zerodep.shaded.org.apache.hc.client5.http.wire - http-outgoing-1 >> "[\r][\n]"
17:43:49.339 [main] DEBUG com.github.dockerjava.zerodep.shaded.org.apache.hc.client5.http.wire - http-outgoing-1 << "HTTP/1.1 200 OK[\r][\n]"
17:43:49.339 [main] DEBUG com.github.dockerjava.zerodep.shaded.org.apache.hc.client5.http.wire - http-outgoing-1 << "Api-Version: 1.47[\r][\n]"
17:43:49.339 [main] DEBUG com.github.dockerjava.zerodep.shaded.org.apache.hc.client5.http.wire - http-outgoing-1 << "Content-Type: application/json[\r][\n]"
17:43:49.339 [main] DEBUG com.github.dockerjava.zerodep.shaded.org.apache.hc.client5.http.wire - http-outgoing-1 << "Date: Thu, 26 Jun 2025 16:43:49 GMT[\r][\n]"
17:43:49.339 [main] DEBUG com.github.dockerjava.zerodep.shaded.org.apache.hc.client5.http.wire - http-outgoing-1 << "Docker-Experimental: false[\r][\n]"
17:43:49.339 [main] DEBUG com.github.dockerjava.zerodep.shaded.org.apache.hc.client5.http.wire - http-outgoing-1 << "Ostype: linux[\r][\n]"
17:43:49.339 [main] DEBUG com.github.dockerjava.zerodep.shaded.org.apache.hc.client5.http.wire - http-outgoing-1 << "Server: Docker/27.4.0 (linux)[\r][\n]"
17:43:49.339 [main] DEBUG com.github.dockerjava.zerodep.shaded.org.apache.hc.client5.http.wire - http-outgoing-1 << "Transfer-Encoding: chunked[\r][\n]"
17:43:49.339 [main] DEBUG com.github.dockerjava.zerodep.shaded.org.apache.hc.client5.http.wire - http-outgoing-1 << "[\r][\n]"
17:43:49.339 [main] DEBUG com.github.dockerjava.zerodep.shaded.org.apache.hc.client5.http.headers - http-outgoing-1 << HTTP/1.1 200 OK
17:43:49.339 [main] DEBUG com.github.dockerjava.zerodep.shaded.org.apache.hc.client5.http.headers - http-outgoing-1 << Api-Version: 1.47
17:43:49.339 [main] DEBUG com.github.dockerjava.zerodep.shaded.org.apache.hc.client5.http.headers - http-outgoing-1 << Content-Type: application/json
17:43:49.339 [main] DEBUG com.github.dockerjava.zerodep.shaded.org.apache.hc.client5.http.headers - http-outgoing-1 << Date: Thu, 26 Jun 2025 16:43:49 GMT
17:43:49.339 [main] DEBUG com.github.dockerjava.zerodep.shaded.org.apache.hc.client5.http.headers - http-outgoing-1 << Docker-Experimental: false
17:43:49.339 [main] DEBUG com.github.dockerjava.zerodep.shaded.org.apache.hc.client5.http.headers - http-outgoing-1 << Ostype: linux
17:43:49.339 [main] DEBUG com.github.dockerjava.zerodep.shaded.org.apache.hc.client5.http.headers - http-outgoing-1 << Server: Docker/27.4.0 (linux)
17:43:49.339 [main] DEBUG com.github.dockerjava.zerodep.shaded.org.apache.hc.client5.http.headers - http-outgoing-1 << Transfer-Encoding: chunked
17:43:49.339 [main] DEBUG com.github.dockerjava.zerodep.shaded.org.apache.hc.client5.http.impl.classic.MainClientExec - ex-0000000D: connection can be kept alive for 3 MINUTES
17:43:49.339 [main] DEBUG com.github.dockerjava.zerodep.shaded.org.apache.hc.client5.http.wire - http-outgoing-1 << "1724[\r][\n]"
17:43:49.339 [main] DEBUG com.github.dockerjava.zerodep.shaded.org.apache.hc.client5.http.wire - http-outgoing-1 << "{"Id":"1c6250b3e6ad9ba6fc240d62d878929876a59f7e8353afccabb68d0300c1df36","Created":"2025-06-26T16:43:49.160424672Z","Path":"java","Args":["-Dfile.encoding=UTF-8","-cp","/mockserver-netty-jar-with-dependencies.jar:/libs/*","-Dmockserver.propertyFile=/config/mockserver.properties","org.mockserver.cli.Main","-serverPort","1080"],"State":{"Status":"running","Running":true,"Paused":false,"Restarting":false,"OOMKilled":false,"Dead":false,"Pid":8453,"ExitCode":0,"Error":"","StartedAt":"2025-06-26T16:43:49.199123172Z","FinishedAt":"0001-01-01T00:00:00Z"},"Image":"sha256:95de41c9a8f374c82ed7ddb5c3c239d745667a6c6ef37819d48507e8039aab68","ResolvConfPath":"/var/lib/docker/containers/1c6250b3e6ad9ba6fc240d62d878929876a59f7e8353afccabb68d0300c1df36/resolv.conf","HostnamePath":"/var/lib/docker/containers/1c6250b3e6ad9ba6fc240d62d878929876a59f7e8353afccabb68d0300c1df36/hostname","HostsPath":"/var/lib/docker/containers/1c6250b3e6ad9ba6fc240d62d878929876a59f7e8353afccabb68d0300c1df36/hosts","LogPath":"/var/lib/docker/containers/1c6250b3e6ad9ba6fc240d62d878929876a59f7e8353afccabb68d0300c1df36/1c6250b3e6ad9ba6fc240d62d878929876a59f7e8353afccabb68d0300c1df36-json.log","Name":"/fervent_knuth","RestartCount":0,"Driver":"overlay2","Platform":"linux","MountLabel":"","ProcessLabel":"","AppArmorProfile":"","ExecIDs":null,"HostConfig":{"Binds":[],"ContainerIDFile":"","LogConfig":{"Type":"json-file","Config":{}},"NetworkMode":"bridge","PortBindings":{"1080/tcp":[{"HostIp":"0.0.0.0","HostPort":"0"}]},"RestartPolicy":{"Name":"no","MaximumRetryCount":0},"AutoRemove":false,"VolumeDriver":"","VolumesFrom":[],"ConsoleSize":[0,0],"CapAdd":null,"CapDrop":null,"CgroupnsMode":"private","Dns":null,"DnsOptions":null,"DnsSearch":null,"ExtraHosts":[],"GroupAdd":null,"IpcMode":"shareable","Cgroup":"","Links":null,"OomScoreAdj":0,"PidMode":"","Privileged":false,"PublishAllPorts":false,"ReadonlyRootfs":false,"SecurityOpt":null,"UTSMode":"","UsernsMode":"","ShmSize":67108864,"Runtime":"runc","Isolation":"","CpuShares":0,"Memory":0,"NanoCpus":0,"CgroupParent":"","BlkioWeight":0,"BlkioWeightDevice":null,"BlkioDeviceReadBps":null,"BlkioDeviceWriteBps":null,"BlkioDeviceReadIOps":null,"BlkioDeviceWriteIOps":null,"CpuPeriod":0,"CpuQuota":0,"CpuRealtimePeriod":0,"CpuRealtimeRuntime":0,"CpusetCpus":"","CpusetMems":"","Devices":null,"DeviceCgroupRules":null,"DeviceRequests":null,"MemoryReservation":0,"MemorySwap":0,"MemorySwappiness":null,"OomKillDisable":null,"PidsLimit":null,"Ulimits":null,"CpuCount":0,"CpuPercent":0,"IOMaximumIOps":0,"IOMaximumBandwidth":0,"MaskedPaths":["/proc/asound","/proc/acpi","/proc/kcore","/proc/keys","/proc/latency_stats","/proc/timer_list","/proc/timer_stats","/proc/sched_debug","/proc/scsi","/sys/firmware","/sys/devices/virtual/powercap"],"ReadonlyPaths":["/proc/bus","/proc/fs","/proc/irq","/proc/sys","/proc/sysrq-trigger"]},"GraphDriver":{"Data":{"LowerDir":"/var/lib/docker/overlay2/66cc59c0d92fa7dd9f7520aaabe2188334fe5656d10de1c0fe731b7d15e4fb06-init/diff:/var/lib/docker/overlay2/ef31536a949eb326e630eb5c06585f89f277d3194120108b4f62d19f3eeb4e09/diff:/var/lib/docker/overlay2/95f9afcc94b6e837673962e05eb93d4d7ec4221b858a133e1c25e38942277eec/diff:/var/lib/docker/overlay2/ee331284b3fc2b424b72a2bc16b2cd5a07e8a26cb42b36ff09c059771bda81b3/diff:/var/lib/docker/overlay2/ec41620e23d481075ee2c97dc71b3451bcf58cd3c77b6d44011c4d88e14819ee/diff:/var/lib/docker/overlay2/0c4d236976d94078616e13631c6d62114bd47f517e6c20ae87fd16b2af323bf3/diff:/var/lib/docker/overlay2/9cbd09a4730f3b94bad2699ca90d2623bef87b5d29ad35f6791567228dc6ea50/diff:/var/lib/docker/overlay2/49c6b144a5af1003acb8874315c20f87e5b38b69ef10a2609fd73a0f58db860b/diff","MergedDir":"/var/lib/docker/overlay2/66cc59c0d92fa7dd9f7520aaabe2188334fe5656d10de1c0fe731b7d15e4fb06/merged","UpperDir":"/var/lib/docker/overlay2/66cc59c0d92fa7dd9f7520aaabe2188334fe5656d10de1c0fe731b7d15e4fb06/diff","WorkDir":"/var/lib/docker/overlay2/66cc59c0d92fa7dd9f7520aaabe2188334fe5656d10de1c0fe731b7d15e4fb06/work"},"Name":"overlay2"},"Mounts":[],"Config":{"Hostname":"1c6250b3e6ad","Domainname":"","User":"nonroot","AttachStdin":false,"AttachStdout":false,"AttachStderr":false,"ExposedPorts":{"1080/tcp":{}},"Tty":false,"OpenStdin":false,"StdinOnce":false,"Env":["JAVA_VERSION=17.0.4","LANG=C.UTF-8","PATH=/usr/local/sbin:/usr/local/bin:/usr/sbin:/usr/bin:/sbin:/bin","SSL_CERT_FILE=/etc/ssl/certs/ca-certificates.crt","SERVER_PORT=1080"],"Cmd":["-serverPort","1080"],"Image":"mockserver/mockserver:5.15.0","Volumes":null,"WorkingDir":"/home/nonroot","Entrypoint":["java","-Dfile.encoding=UTF-8","-cp","/mockserver-netty-jar-with-dependencies.jar:/libs/*","-Dmockserver.propertyFile=/config/mockserver.properties","org.mockserver.cli.Main"],"OnBuild":null,"Labels":{"org.testcontainers":"true","org.testcontainers.lang":"java","org.testcontainers.sessionId":"866cccf5-0380-4737-9007-32cd48c5f550","org.testcontainers.version":"1.19.7"}},"NetworkSettings":{"Bridge":"","SandboxID":"f2e459c8dcea13fb4f62899692a4157e7d59aff2dcfa370ac05b8db3e8b40816","SandboxKey":"/var/run/docker/netns/f2e459c8dcea","Ports":{"1080/tcp":[{"HostIp":"0.0.0.0","HostPort":"58238"}]},"HairpinMode":false,"LinkLocalIPv6Address":"","LinkLocalIPv6PrefixLen":0,"SecondaryIPAddresses":null,"SecondaryIPv6Addresses":null,"EndpointID":"44ae08c6f318814314d5143e688fcdef6582bf59321ab7ff1a351c123a9d7d2d","Gateway":"172.17.0.1","GlobalIPv6Address":"","GlobalIPv6PrefixLen":0,"IPAddress":"172.17.0.3","IPPrefixLen":16,"IPv6Gateway":"","MacAddress":"02:42:ac:11:00:03","Networks":{"bridge":{"IPAMConfig":null,"Links":null,"Aliases":null,"MacAddress":"02:42:ac:11:00:03","DriverOpts":null,"NetworkID":"7af083136120d3fe2d01c03f59a72388b31236f6e3373668a4af64c6e3d90d73","EndpointID":"44ae08c6f318814314d5143e688fcdef6582bf59321ab7ff1a351c123a9d7d2d","Gateway":"172.17.0.1","IPAddress":"172.17.0.3","IPPrefixLen":16,"IPv6Gateway":"","GlobalIPv6Address":"","GlobalIPv6PrefixLen":0,"DNSNames":null}}}}[\n]"
17:43:49.339 [main] DEBUG com.github.dockerjava.zerodep.shaded.org.apache.hc.client5.http.wire - http-outgoing-1 << "[\r][\n]"
17:43:49.340 [main] DEBUG com.github.dockerjava.zerodep.shaded.org.apache.hc.client5.http.wire - http-outgoing-1 << "0[\r][\n]"
17:43:49.341 [main] DEBUG com.github.dockerjava.zerodep.shaded.org.apache.hc.client5.http.wire - http-outgoing-1 << "[\r][\n]"
17:43:49.341 [main] DEBUG com.github.dockerjava.zerodep.shaded.org.apache.hc.client5.http.impl.classic.InternalHttpClient - ep-0000000C: releasing valid endpoint
17:43:49.341 [main] DEBUG com.github.dockerjava.zerodep.shaded.org.apache.hc.client5.http.impl.io.PoolingHttpClientConnectionManager - ep-0000000C: releasing endpoint
17:43:49.341 [main] DEBUG com.github.dockerjava.zerodep.shaded.org.apache.hc.client5.http.impl.io.PoolingHttpClientConnectionManager - ep-0000000C: connection http-outgoing-1 can be kept alive for 3 MINUTES
17:43:49.341 [main] DEBUG com.github.dockerjava.zerodep.shaded.org.apache.hc.client5.http.impl.io.PoolingHttpClientConnectionManager - ep-0000000C: connection released [route: {}->unix://localhost:2375][total available: 1; route allocated: 1 of 2147483647; total allocated: 1 of 2147483647]
17:43:49.341 [main] DEBUG org.testcontainers.shaded.com.github.dockerjava.core.command.AbstrDockerCmd - Cmd: sha256:95de41c9a8f374c82ed7ddb5c3c239d745667a6c6ef37819d48507e8039aab68
17:43:49.341 [main] DEBUG com.github.dockerjava.zerodep.shaded.org.apache.hc.client5.http.impl.classic.InternalHttpClient - ex-0000000E: preparing request execution
17:43:49.342 [main] DEBUG com.github.dockerjava.zerodep.shaded.org.apache.hc.client5.http.protocol.RequestAddCookies - Cookie spec selected: strict
17:43:49.342 [main] DEBUG com.github.dockerjava.zerodep.shaded.org.apache.hc.client5.http.protocol.RequestAuthCache - Auth cache not set in the context
17:43:49.342 [main] DEBUG com.github.dockerjava.zerodep.shaded.org.apache.hc.client5.http.impl.classic.ProtocolExec - ex-0000000E: target auth state: UNCHALLENGED
17:43:49.342 [main] DEBUG com.github.dockerjava.zerodep.shaded.org.apache.hc.client5.http.impl.classic.ProtocolExec - ex-0000000E: proxy auth state: UNCHALLENGED
17:43:49.342 [main] DEBUG com.github.dockerjava.zerodep.shaded.org.apache.hc.client5.http.impl.classic.ConnectExec - ex-0000000E: acquiring connection with route {}->unix://localhost:2375
17:43:49.342 [main] DEBUG com.github.dockerjava.zerodep.shaded.org.apache.hc.client5.http.impl.classic.InternalHttpClient - ex-0000000E: acquiring endpoint (3 MINUTES)
17:43:49.342 [main] DEBUG com.github.dockerjava.zerodep.shaded.org.apache.hc.client5.http.impl.io.PoolingHttpClientConnectionManager - ex-0000000E: endpoint lease request (3 MINUTES) [route: {}->unix://localhost:2375][total available: 1; route allocated: 1 of 2147483647; total allocated: 1 of 2147483647]
17:43:49.342 [main] DEBUG com.github.dockerjava.zerodep.shaded.org.apache.hc.client5.http.impl.io.PoolingHttpClientConnectionManager - ex-0000000E: endpoint leased [route: {}->unix://localhost:2375][total available: 0; route allocated: 1 of 2147483647; total allocated: 1 of 2147483647]
17:43:49.342 [main] DEBUG com.github.dockerjava.zerodep.shaded.org.apache.hc.client5.http.impl.io.PoolingHttpClientConnectionManager - ex-0000000E: acquired ep-0000000D
17:43:49.342 [main] DEBUG com.github.dockerjava.zerodep.shaded.org.apache.hc.client5.http.impl.classic.InternalHttpClient - ex-0000000E: acquired endpoint ep-0000000D
17:43:49.342 [main] DEBUG com.github.dockerjava.zerodep.shaded.org.apache.hc.client5.http.impl.classic.MainClientExec - ex-0000000E: executing GET /v1.32/images/sha256:95de41c9a8f374c82ed7ddb5c3c239d745667a6c6ef37819d48507e8039aab68/json HTTP/1.1
17:43:49.342 [main] DEBUG com.github.dockerjava.zerodep.shaded.org.apache.hc.client5.http.impl.classic.InternalHttpClient - ep-0000000D: start execution ex-0000000E
17:43:49.342 [main] DEBUG com.github.dockerjava.zerodep.shaded.org.apache.hc.client5.http.impl.io.PoolingHttpClientConnectionManager - ep-0000000D: executing exchange ex-0000000E over http-outgoing-1
17:43:49.342 [main] DEBUG com.github.dockerjava.zerodep.shaded.org.apache.hc.client5.http.headers - http-outgoing-1 >> GET /v1.32/images/sha256:95de41c9a8f374c82ed7ddb5c3c239d745667a6c6ef37819d48507e8039aab68/json HTTP/1.1
17:43:49.342 [main] DEBUG com.github.dockerjava.zerodep.shaded.org.apache.hc.client5.http.headers - http-outgoing-1 >> accept: application/json
17:43:49.342 [main] DEBUG com.github.dockerjava.zerodep.shaded.org.apache.hc.client5.http.headers - http-outgoing-1 >> x-tc-sid: 866cccf5-0380-4737-9007-32cd48c5f550
17:43:49.342 [main] DEBUG com.github.dockerjava.zerodep.shaded.org.apache.hc.client5.http.headers - http-outgoing-1 >> User-Agent: tc-java/1.19.7
17:43:49.342 [main] DEBUG com.github.dockerjava.zerodep.shaded.org.apache.hc.client5.http.headers - http-outgoing-1 >> Accept-Encoding: gzip, x-gzip, deflate
17:43:49.342 [main] DEBUG com.github.dockerjava.zerodep.shaded.org.apache.hc.client5.http.headers - http-outgoing-1 >> Host: localhost:2375
17:43:49.342 [main] DEBUG com.github.dockerjava.zerodep.shaded.org.apache.hc.client5.http.headers - http-outgoing-1 >> Connection: keep-alive
17:43:49.342 [main] DEBUG com.github.dockerjava.zerodep.shaded.org.apache.hc.client5.http.wire - http-outgoing-1 >> "GET /v1.32/images/sha256:95de41c9a8f374c82ed7ddb5c3c239d745667a6c6ef37819d48507e8039aab68/json HTTP/1.1[\r][\n]"
17:43:49.342 [main] DEBUG com.github.dockerjava.zerodep.shaded.org.apache.hc.client5.http.wire - http-outgoing-1 >> "accept: application/json[\r][\n]"
17:43:49.342 [main] DEBUG com.github.dockerjava.zerodep.shaded.org.apache.hc.client5.http.wire - http-outgoing-1 >> "x-tc-sid: 866cccf5-0380-4737-9007-32cd48c5f550[\r][\n]"
17:43:49.342 [main] DEBUG com.github.dockerjava.zerodep.shaded.org.apache.hc.client5.http.wire - http-outgoing-1 >> "User-Agent: tc-java/1.19.7[\r][\n]"
17:43:49.342 [main] DEBUG com.github.dockerjava.zerodep.shaded.org.apache.hc.client5.http.wire - http-outgoing-1 >> "Accept-Encoding: gzip, x-gzip, deflate[\r][\n]"
17:43:49.342 [main] DEBUG com.github.dockerjava.zerodep.shaded.org.apache.hc.client5.http.wire - http-outgoing-1 >> "Host: localhost:2375[\r][\n]"
17:43:49.342 [main] DEBUG com.github.dockerjava.zerodep.shaded.org.apache.hc.client5.http.wire - http-outgoing-1 >> "Connection: keep-alive[\r][\n]"
17:43:49.342 [main] DEBUG com.github.dockerjava.zerodep.shaded.org.apache.hc.client5.http.wire - http-outgoing-1 >> "[\r][\n]"
17:43:49.343 [main] DEBUG com.github.dockerjava.zerodep.shaded.org.apache.hc.client5.http.wire - http-outgoing-1 << "HTTP/1.1 200 OK[\r][\n]"
17:43:49.343 [main] DEBUG com.github.dockerjava.zerodep.shaded.org.apache.hc.client5.http.wire - http-outgoing-1 << "Api-Version: 1.47[\r][\n]"
17:43:49.343 [main] DEBUG com.github.dockerjava.zerodep.shaded.org.apache.hc.client5.http.wire - http-outgoing-1 << "Content-Type: application/json[\r][\n]"
17:43:49.343 [main] DEBUG com.github.dockerjava.zerodep.shaded.org.apache.hc.client5.http.wire - http-outgoing-1 << "Date: Thu, 26 Jun 2025 16:43:49 GMT[\r][\n]"
17:43:49.343 [main] DEBUG com.github.dockerjava.zerodep.shaded.org.apache.hc.client5.http.wire - http-outgoing-1 << "Docker-Experimental: false[\r][\n]"
17:43:49.343 [main] DEBUG com.github.dockerjava.zerodep.shaded.org.apache.hc.client5.http.wire - http-outgoing-1 << "Ostype: linux[\r][\n]"
17:43:49.343 [main] DEBUG com.github.dockerjava.zerodep.shaded.org.apache.hc.client5.http.wire - http-outgoing-1 << "Server: Docker/27.4.0 (linux)[\r][\n]"
17:43:49.343 [main] DEBUG com.github.dockerjava.zerodep.shaded.org.apache.hc.client5.http.wire - http-outgoing-1 << "Transfer-Encoding: chunked[\r][\n]"
17:43:49.343 [main] DEBUG com.github.dockerjava.zerodep.shaded.org.apache.hc.client5.http.wire - http-outgoing-1 << "[\r][\n]"
17:43:49.343 [main] DEBUG com.github.dockerjava.zerodep.shaded.org.apache.hc.client5.http.headers - http-outgoing-1 << HTTP/1.1 200 OK
17:43:49.343 [main] DEBUG com.github.dockerjava.zerodep.shaded.org.apache.hc.client5.http.headers - http-outgoing-1 << Api-Version: 1.47
17:43:49.343 [main] DEBUG com.github.dockerjava.zerodep.shaded.org.apache.hc.client5.http.headers - http-outgoing-1 << Content-Type: application/json
17:43:49.343 [main] DEBUG com.github.dockerjava.zerodep.shaded.org.apache.hc.client5.http.headers - http-outgoing-1 << Date: Thu, 26 Jun 2025 16:43:49 GMT
17:43:49.343 [main] DEBUG com.github.dockerjava.zerodep.shaded.org.apache.hc.client5.http.headers - http-outgoing-1 << Docker-Experimental: false
17:43:49.343 [main] DEBUG com.github.dockerjava.zerodep.shaded.org.apache.hc.client5.http.headers - http-outgoing-1 << Ostype: linux
17:43:49.343 [main] DEBUG com.github.dockerjava.zerodep.shaded.org.apache.hc.client5.http.headers - http-outgoing-1 << Server: Docker/27.4.0 (linux)
17:43:49.343 [main] DEBUG com.github.dockerjava.zerodep.shaded.org.apache.hc.client5.http.headers - http-outgoing-1 << Transfer-Encoding: chunked
17:43:49.344 [main] DEBUG com.github.dockerjava.zerodep.shaded.org.apache.hc.client5.http.impl.classic.MainClientExec - ex-0000000E: connection can be kept alive for 3 MINUTES
17:43:49.344 [main] DEBUG com.github.dockerjava.zerodep.shaded.org.apache.hc.client5.http.wire - http-outgoing-1 << "bb5[\r][\n]"
17:43:49.344 [main] DEBUG com.github.dockerjava.zerodep.shaded.org.apache.hc.client5.http.wire - http-outgoing-1 << "{"Id":"sha256:95de41c9a8f374c82ed7ddb5c3c239d745667a6c6ef37819d48507e8039aab68","RepoTags":["mockserver/mockserver:5.15.0"],"RepoDigests":["mockserver/mockserver@sha256:0f9ef78c94894ac3e70135d156193b25e23872575d58e2228344964273b4af6b"],"Parent":"","Comment":"buildkit.dockerfile.v0","Created":"2023-01-12T09:24:32.534016275Z","ContainerConfig":{"Hostname":"","Domainname":"","User":"","AttachStdin":false,"AttachStdout":false,"AttachStderr":false,"Tty":false,"OpenStdin":false,"StdinOnce":false,"Env":null,"Cmd":null,"Image":"","Volumes":null,"WorkingDir":"","Entrypoint":null,"OnBuild":null,"Labels":null},"DockerVersion":"","Author":"James Bloom \"jamesdbloom@gmail.com\"","Config":{"Hostname":"","Domainname":"","User":"nonroot","AttachStdin":false,"AttachStdout":false,"AttachStderr":false,"ExposedPorts":{"1080/tcp":{}},"Tty":false,"OpenStdin":false,"StdinOnce":false,"Env":["JAVA_VERSION=17.0.4","LANG=C.UTF-8","PATH=/usr/local/sbin:/usr/local/bin:/usr/sbin:/usr/bin:/sbin:/bin","SSL_CERT_FILE=/etc/ssl/certs/ca-certificates.crt","SERVER_PORT=1080"],"Cmd":null,"ArgsEscaped":true,"Image":"","Volumes":null,"WorkingDir":"/home/nonroot","Entrypoint":["java","-Dfile.encoding=UTF-8","-cp","/mockserver-netty-jar-with-dependencies.jar:/libs/*","-Dmockserver.propertyFile=/config/mockserver.properties","org.mockserver.cli.Main"],"OnBuild":null,"Labels":null},"Architecture":"arm64","Os":"linux","Size":275668416,"VirtualSize":275668416,"GraphDriver":{"Data":{"LowerDir":"/var/lib/docker/overlay2/95f9afcc94b6e837673962e05eb93d4d7ec4221b858a133e1c25e38942277eec/diff:/var/lib/docker/overlay2/ee331284b3fc2b424b72a2bc16b2cd5a07e8a26cb42b36ff09c059771bda81b3/diff:/var/lib/docker/overlay2/ec41620e23d481075ee2c97dc71b3451bcf58cd3c77b6d44011c4d88e14819ee/diff:/var/lib/docker/overlay2/0c4d236976d94078616e13631c6d62114bd47f517e6c20ae87fd16b2af323bf3/diff:/var/lib/docker/overlay2/9cbd09a4730f3b94bad2699ca90d2623bef87b5d29ad35f6791567228dc6ea50/diff:/var/lib/docker/overlay2/49c6b144a5af1003acb8874315c20f87e5b38b69ef10a2609fd73a0f58db860b/diff","MergedDir":"/var/lib/docker/overlay2/ef31536a949eb326e630eb5c06585f89f277d3194120108b4f62d19f3eeb4e09/merged","UpperDir":"/var/lib/docker/overlay2/ef31536a949eb326e630eb5c06585f89f277d3194120108b4f62d19f3eeb4e09/diff","WorkDir":"/var/lib/docker/overlay2/ef31536a949eb326e630eb5c06585f89f277d3194120108b4f62d19f3eeb4e09/work"},"Name":"overlay2"},"RootFS":{"Type":"layers","Layers":["sha256:cb60fb9b862c6a89f92e484bc3b72bbc0352b41166df5c4a68bfb52f52504a7d","sha256:00c562532b203116c721c11aee6fe1fe50b5e2068cee2c343c1df1050a866b3e","sha256:e83d4114481dc897d49d5a9a8b68bf71c4f08f1a5c1adff44603c56b958fed53","sha256:45f84957a62ddbeee272fc25653d35160f934dd8bb930bc0d30b80d1cfb7cfd3","sha256:468a6b28e336b9ead462b8128b8d8c60e458a1facc41b5e925fca21b6718c368","sha256:f753c3e5f9d750c2e2b830fcb428451aa734456474d25fba225041ed34c29f05","sha256:bccdbe648bac42eb712b7623e7134b1ff1cb0be076d19174482e80d71f664949"]},"Metadata":{"LastTagTime":"0001-01-01T00:00:00Z"}}[\n]"
17:43:49.344 [main] DEBUG com.github.dockerjava.zerodep.shaded.org.apache.hc.client5.http.wire - http-outgoing-1 << "[\r][\n]"
17:43:49.344 [main] DEBUG com.github.dockerjava.zerodep.shaded.org.apache.hc.client5.http.wire - http-outgoing-1 << "0[\r][\n]"
17:43:49.344 [main] DEBUG com.github.dockerjava.zerodep.shaded.org.apache.hc.client5.http.wire - http-outgoing-1 << "[\r][\n]"
17:43:49.344 [main] DEBUG com.github.dockerjava.zerodep.shaded.org.apache.hc.client5.http.impl.classic.InternalHttpClient - ep-0000000D: releasing valid endpoint
17:43:49.344 [main] DEBUG com.github.dockerjava.zerodep.shaded.org.apache.hc.client5.http.impl.io.PoolingHttpClientConnectionManager - ep-0000000D: releasing endpoint
17:43:49.344 [main] DEBUG com.github.dockerjava.zerodep.shaded.org.apache.hc.client5.http.impl.io.PoolingHttpClientConnectionManager - ep-0000000D: connection http-outgoing-1 can be kept alive for 3 MINUTES
17:43:49.344 [main] DEBUG com.github.dockerjava.zerodep.shaded.org.apache.hc.client5.http.impl.io.PoolingHttpClientConnectionManager - ep-0000000D: connection released [route: {}->unix://localhost:2375][total available: 1; route allocated: 1 of 2147483647; total allocated: 1 of 2147483647]
17:43:49.344 [main] DEBUG org.testcontainers.shaded.com.github.dockerjava.core.command.AbstrDockerCmd - Cmd: 
17:43:49.344 [main] DEBUG com.github.dockerjava.zerodep.shaded.org.apache.hc.client5.http.impl.classic.InternalHttpClient - ex-0000000F: preparing request execution
17:43:49.345 [main] DEBUG com.github.dockerjava.zerodep.shaded.org.apache.hc.client5.http.protocol.RequestAddCookies - Cookie spec selected: strict
17:43:49.345 [main] DEBUG com.github.dockerjava.zerodep.shaded.org.apache.hc.client5.http.protocol.RequestAuthCache - Auth cache not set in the context
17:43:49.345 [main] DEBUG com.github.dockerjava.zerodep.shaded.org.apache.hc.client5.http.impl.classic.ProtocolExec - ex-0000000F: target auth state: UNCHALLENGED
17:43:49.345 [main] DEBUG com.github.dockerjava.zerodep.shaded.org.apache.hc.client5.http.impl.classic.ProtocolExec - ex-0000000F: proxy auth state: UNCHALLENGED
17:43:49.345 [main] DEBUG com.github.dockerjava.zerodep.shaded.org.apache.hc.client5.http.impl.classic.ConnectExec - ex-0000000F: acquiring connection with route {}->unix://localhost:2375
17:43:49.345 [main] DEBUG com.github.dockerjava.zerodep.shaded.org.apache.hc.client5.http.impl.classic.InternalHttpClient - ex-0000000F: acquiring endpoint (3 MINUTES)
17:43:49.345 [main] DEBUG com.github.dockerjava.zerodep.shaded.org.apache.hc.client5.http.impl.io.PoolingHttpClientConnectionManager - ex-0000000F: endpoint lease request (3 MINUTES) [route: {}->unix://localhost:2375][total available: 1; route allocated: 1 of 2147483647; total allocated: 1 of 2147483647]
17:43:49.345 [main] DEBUG com.github.dockerjava.zerodep.shaded.org.apache.hc.client5.http.impl.io.PoolingHttpClientConnectionManager - ex-0000000F: endpoint leased [route: {}->unix://localhost:2375][total available: 0; route allocated: 1 of 2147483647; total allocated: 1 of 2147483647]
17:43:49.345 [main] DEBUG com.github.dockerjava.zerodep.shaded.org.apache.hc.client5.http.impl.io.PoolingHttpClientConnectionManager - ex-0000000F: acquired ep-0000000E
17:43:49.345 [main] DEBUG com.github.dockerjava.zerodep.shaded.org.apache.hc.client5.http.impl.classic.InternalHttpClient - ex-0000000F: acquired endpoint ep-0000000E
17:43:49.345 [main] DEBUG com.github.dockerjava.zerodep.shaded.org.apache.hc.client5.http.impl.classic.MainClientExec - ex-0000000F: executing GET /v1.32/version HTTP/1.1
17:43:49.345 [main] DEBUG com.github.dockerjava.zerodep.shaded.org.apache.hc.client5.http.impl.classic.InternalHttpClient - ep-0000000E: start execution ex-0000000F
17:43:49.345 [main] DEBUG com.github.dockerjava.zerodep.shaded.org.apache.hc.client5.http.impl.io.PoolingHttpClientConnectionManager - ep-0000000E: executing exchange ex-0000000F over http-outgoing-1
17:43:49.345 [main] DEBUG com.github.dockerjava.zerodep.shaded.org.apache.hc.client5.http.headers - http-outgoing-1 >> GET /v1.32/version HTTP/1.1
17:43:49.345 [main] DEBUG com.github.dockerjava.zerodep.shaded.org.apache.hc.client5.http.headers - http-outgoing-1 >> accept: application/json
17:43:49.345 [main] DEBUG com.github.dockerjava.zerodep.shaded.org.apache.hc.client5.http.headers - http-outgoing-1 >> x-tc-sid: 866cccf5-0380-4737-9007-32cd48c5f550
17:43:49.345 [main] DEBUG com.github.dockerjava.zerodep.shaded.org.apache.hc.client5.http.headers - http-outgoing-1 >> User-Agent: tc-java/1.19.7
17:43:49.345 [main] DEBUG com.github.dockerjava.zerodep.shaded.org.apache.hc.client5.http.headers - http-outgoing-1 >> Accept-Encoding: gzip, x-gzip, deflate
17:43:49.345 [main] DEBUG com.github.dockerjava.zerodep.shaded.org.apache.hc.client5.http.headers - http-outgoing-1 >> Host: localhost:2375
17:43:49.345 [main] DEBUG com.github.dockerjava.zerodep.shaded.org.apache.hc.client5.http.headers - http-outgoing-1 >> Connection: keep-alive
17:43:49.345 [main] DEBUG com.github.dockerjava.zerodep.shaded.org.apache.hc.client5.http.wire - http-outgoing-1 >> "GET /v1.32/version HTTP/1.1[\r][\n]"
17:43:49.345 [main] DEBUG com.github.dockerjava.zerodep.shaded.org.apache.hc.client5.http.wire - http-outgoing-1 >> "accept: application/json[\r][\n]"
17:43:49.345 [main] DEBUG com.github.dockerjava.zerodep.shaded.org.apache.hc.client5.http.wire - http-outgoing-1 >> "x-tc-sid: 866cccf5-0380-4737-9007-32cd48c5f550[\r][\n]"
17:43:49.345 [main] DEBUG com.github.dockerjava.zerodep.shaded.org.apache.hc.client5.http.wire - http-outgoing-1 >> "User-Agent: tc-java/1.19.7[\r][\n]"
17:43:49.345 [main] DEBUG com.github.dockerjava.zerodep.shaded.org.apache.hc.client5.http.wire - http-outgoing-1 >> "Accept-Encoding: gzip, x-gzip, deflate[\r][\n]"
17:43:49.345 [main] DEBUG com.github.dockerjava.zerodep.shaded.org.apache.hc.client5.http.wire - http-outgoing-1 >> "Host: localhost:2375[\r][\n]"
17:43:49.345 [main] DEBUG com.github.dockerjava.zerodep.shaded.org.apache.hc.client5.http.wire - http-outgoing-1 >> "Connection: keep-alive[\r][\n]"
17:43:49.345 [main] DEBUG com.github.dockerjava.zerodep.shaded.org.apache.hc.client5.http.wire - http-outgoing-1 >> "[\r][\n]"
17:43:49.350 [main] DEBUG com.github.dockerjava.zerodep.shaded.org.apache.hc.client5.http.wire - http-outgoing-1 << "HTTP/1.1 200 OK[\r][\n]"
17:43:49.350 [main] DEBUG com.github.dockerjava.zerodep.shaded.org.apache.hc.client5.http.wire - http-outgoing-1 << "Api-Version: 1.47[\r][\n]"
17:43:49.350 [main] DEBUG com.github.dockerjava.zerodep.shaded.org.apache.hc.client5.http.wire - http-outgoing-1 << "Content-Type: application/json[\r][\n]"
17:43:49.350 [main] DEBUG com.github.dockerjava.zerodep.shaded.org.apache.hc.client5.http.wire - http-outgoing-1 << "Date: Thu, 26 Jun 2025 16:43:49 GMT[\r][\n]"
17:43:49.350 [main] DEBUG com.github.dockerjava.zerodep.shaded.org.apache.hc.client5.http.wire - http-outgoing-1 << "Docker-Experimental: false[\r][\n]"
17:43:49.350 [main] DEBUG com.github.dockerjava.zerodep.shaded.org.apache.hc.client5.http.wire - http-outgoing-1 << "Ostype: linux[\r][\n]"
17:43:49.350 [main] DEBUG com.github.dockerjava.zerodep.shaded.org.apache.hc.client5.http.wire - http-outgoing-1 << "Server: Docker/27.4.0 (linux)[\r][\n]"
17:43:49.350 [main] DEBUG com.github.dockerjava.zerodep.shaded.org.apache.hc.client5.http.wire - http-outgoing-1 << "Transfer-Encoding: chunked[\r][\n]"
17:43:49.350 [main] DEBUG com.github.dockerjava.zerodep.shaded.org.apache.hc.client5.http.wire - http-outgoing-1 << "[\r][\n]"
17:43:49.350 [main] DEBUG com.github.dockerjava.zerodep.shaded.org.apache.hc.client5.http.headers - http-outgoing-1 << HTTP/1.1 200 OK
17:43:49.350 [main] DEBUG com.github.dockerjava.zerodep.shaded.org.apache.hc.client5.http.headers - http-outgoing-1 << Api-Version: 1.47
17:43:49.350 [main] DEBUG com.github.dockerjava.zerodep.shaded.org.apache.hc.client5.http.headers - http-outgoing-1 << Content-Type: application/json
17:43:49.350 [main] DEBUG com.github.dockerjava.zerodep.shaded.org.apache.hc.client5.http.headers - http-outgoing-1 << Date: Thu, 26 Jun 2025 16:43:49 GMT
17:43:49.350 [main] DEBUG com.github.dockerjava.zerodep.shaded.org.apache.hc.client5.http.headers - http-outgoing-1 << Docker-Experimental: false
17:43:49.350 [main] DEBUG com.github.dockerjava.zerodep.shaded.org.apache.hc.client5.http.headers - http-outgoing-1 << Ostype: linux
17:43:49.350 [main] DEBUG com.github.dockerjava.zerodep.shaded.org.apache.hc.client5.http.headers - http-outgoing-1 << Server: Docker/27.4.0 (linux)
17:43:49.350 [main] DEBUG com.github.dockerjava.zerodep.shaded.org.apache.hc.client5.http.headers - http-outgoing-1 << Transfer-Encoding: chunked
17:43:49.350 [main] DEBUG com.github.dockerjava.zerodep.shaded.org.apache.hc.client5.http.impl.classic.MainClientExec - ex-0000000F: connection can be kept alive for 3 MINUTES
17:43:49.350 [main] DEBUG com.github.dockerjava.zerodep.shaded.org.apache.hc.client5.http.wire - http-outgoing-1 << "33d[\r][\n]"
17:43:49.350 [main] DEBUG com.github.dockerjava.zerodep.shaded.org.apache.hc.client5.http.wire - http-outgoing-1 << "{"Platform":{"Name":"Docker Desktop 4.37.1 (178610)"},"Components":[{"Name":"Engine","Version":"27.4.0","Details":{"ApiVersion":"1.47","Arch":"arm64","BuildTime":"2024-12-07T10:38:33.000000000+00:00","Experimental":"false","GitCommit":"92a8393","GoVersion":"go1.22.10","KernelVersion":"6.10.14-linuxkit","MinAPIVersion":"1.24","Os":"linux"}},{"Name":"containerd","Version":"1.7.21","Details":{"GitCommit":"472731909fa34bd7bc9c087e4c27943f9835f111"}},{"Name":"runc","Version":"1.1.13","Details":{"GitCommit":"v1.1.13-0-g58aa920"}},{"Name":"docker-init","Version":"0.19.0","Details":{"GitCommit":"de40ad0"}}],"Version":"27.4.0","ApiVersion":"1.47","MinAPIVersion":"1.24","GitCommit":"92a8393","GoVersion":"go1.22.10","Os":"linux","Arch":"arm64","KernelVersion":"6.10.14-linuxkit","BuildTime":"2024-12-07T10:38:33.000000000+00:00"}[\n]"
17:43:49.350 [main] DEBUG com.github.dockerjava.zerodep.shaded.org.apache.hc.client5.http.wire - http-outgoing-1 << "[\r][\n]"
17:43:49.350 [main] DEBUG com.github.dockerjava.zerodep.shaded.org.apache.hc.client5.http.wire - http-outgoing-1 << "0[\r][\n]"
17:43:49.350 [main] DEBUG com.github.dockerjava.zerodep.shaded.org.apache.hc.client5.http.wire - http-outgoing-1 << "[\r][\n]"
17:43:49.350 [main] DEBUG com.github.dockerjava.zerodep.shaded.org.apache.hc.client5.http.impl.classic.InternalHttpClient - ep-0000000E: releasing valid endpoint
17:43:49.350 [main] DEBUG com.github.dockerjava.zerodep.shaded.org.apache.hc.client5.http.impl.io.PoolingHttpClientConnectionManager - ep-0000000E: releasing endpoint
17:43:49.350 [main] DEBUG com.github.dockerjava.zerodep.shaded.org.apache.hc.client5.http.impl.io.PoolingHttpClientConnectionManager - ep-0000000E: connection http-outgoing-1 can be kept alive for 3 MINUTES
17:43:49.350 [main] DEBUG com.github.dockerjava.zerodep.shaded.org.apache.hc.client5.http.impl.io.PoolingHttpClientConnectionManager - ep-0000000E: connection released [route: {}->unix://localhost:2375][total available: 1; route allocated: 1 of 2147483647; total allocated: 1 of 2147483647]
17:43:49.351 [docker-java-stream--1655870852] DEBUG com.github.dockerjava.zerodep.shaded.org.apache.hc.client5.http.impl.classic.InternalHttpClient - ex-00000010: preparing request execution
17:43:49.351 [docker-java-stream--1655870852] DEBUG com.github.dockerjava.zerodep.shaded.org.apache.hc.client5.http.protocol.RequestAddCookies - Cookie spec selected: strict
17:43:49.351 [docker-java-stream--1655870852] DEBUG com.github.dockerjava.zerodep.shaded.org.apache.hc.client5.http.protocol.RequestAuthCache - Auth cache not set in the context
17:43:49.351 [docker-java-stream--1655870852] DEBUG com.github.dockerjava.zerodep.shaded.org.apache.hc.client5.http.impl.classic.ProtocolExec - ex-00000010: target auth state: UNCHALLENGED
17:43:49.351 [docker-java-stream--1655870852] DEBUG com.github.dockerjava.zerodep.shaded.org.apache.hc.client5.http.impl.classic.ProtocolExec - ex-00000010: proxy auth state: UNCHALLENGED
17:43:49.351 [docker-java-stream--1655870852] DEBUG com.github.dockerjava.zerodep.shaded.org.apache.hc.client5.http.impl.classic.ConnectExec - ex-00000010: acquiring connection with route {}->unix://localhost:2375
17:43:49.351 [docker-java-stream--1655870852] DEBUG com.github.dockerjava.zerodep.shaded.org.apache.hc.client5.http.impl.classic.InternalHttpClient - ex-00000010: acquiring endpoint (3 MINUTES)
17:43:49.351 [docker-java-stream--1655870852] DEBUG com.github.dockerjava.zerodep.shaded.org.apache.hc.client5.http.impl.io.PoolingHttpClientConnectionManager - ex-00000010: endpoint lease request (3 MINUTES) [route: {}->unix://localhost:2375][total available: 1; route allocated: 1 of 2147483647; total allocated: 1 of 2147483647]
17:43:49.351 [docker-java-stream--1655870852] DEBUG com.github.dockerjava.zerodep.shaded.org.apache.hc.client5.http.impl.io.PoolingHttpClientConnectionManager - ex-00000010: endpoint leased [route: {}->unix://localhost:2375][total available: 0; route allocated: 1 of 2147483647; total allocated: 1 of 2147483647]
17:43:49.351 [docker-java-stream--1655870852] DEBUG com.github.dockerjava.zerodep.shaded.org.apache.hc.client5.http.impl.io.PoolingHttpClientConnectionManager - ex-00000010: acquired ep-0000000F
17:43:49.351 [docker-java-stream--1655870852] DEBUG com.github.dockerjava.zerodep.shaded.org.apache.hc.client5.http.impl.classic.InternalHttpClient - ex-00000010: acquired endpoint ep-0000000F
17:43:49.351 [docker-java-stream--1655870852] DEBUG com.github.dockerjava.zerodep.shaded.org.apache.hc.client5.http.impl.classic.MainClientExec - ex-00000010: executing GET /v1.32/containers/1c6250b3e6ad9ba6fc240d62d878929876a59f7e8353afccabb68d0300c1df36/logs?stdout=true&stderr=true&follow=true&since=0 HTTP/1.1
17:43:49.351 [docker-java-stream--1655870852] DEBUG com.github.dockerjava.zerodep.shaded.org.apache.hc.client5.http.impl.classic.InternalHttpClient - ep-0000000F: start execution ex-00000010
17:43:49.351 [docker-java-stream--1655870852] DEBUG com.github.dockerjava.zerodep.shaded.org.apache.hc.client5.http.impl.io.PoolingHttpClientConnectionManager - ep-0000000F: executing exchange ex-00000010 over http-outgoing-1
17:43:49.351 [docker-java-stream--1655870852] DEBUG com.github.dockerjava.zerodep.shaded.org.apache.hc.client5.http.headers - http-outgoing-1 >> GET /v1.32/containers/1c6250b3e6ad9ba6fc240d62d878929876a59f7e8353afccabb68d0300c1df36/logs?stdout=true&stderr=true&follow=true&since=0 HTTP/1.1
17:43:49.351 [docker-java-stream--1655870852] DEBUG com.github.dockerjava.zerodep.shaded.org.apache.hc.client5.http.headers - http-outgoing-1 >> x-tc-sid: 866cccf5-0380-4737-9007-32cd48c5f550
17:43:49.351 [docker-java-stream--1655870852] DEBUG com.github.dockerjava.zerodep.shaded.org.apache.hc.client5.http.headers - http-outgoing-1 >> User-Agent: tc-java/1.19.7
17:43:49.351 [docker-java-stream--1655870852] DEBUG com.github.dockerjava.zerodep.shaded.org.apache.hc.client5.http.headers - http-outgoing-1 >> Accept-Encoding: gzip, x-gzip, deflate
17:43:49.351 [docker-java-stream--1655870852] DEBUG com.github.dockerjava.zerodep.shaded.org.apache.hc.client5.http.headers - http-outgoing-1 >> Host: localhost:2375
17:43:49.351 [docker-java-stream--1655870852] DEBUG com.github.dockerjava.zerodep.shaded.org.apache.hc.client5.http.headers - http-outgoing-1 >> Connection: keep-alive
17:43:49.351 [docker-java-stream--1655870852] DEBUG com.github.dockerjava.zerodep.shaded.org.apache.hc.client5.http.wire - http-outgoing-1 >> "GET /v1.32/containers/1c6250b3e6ad9ba6fc240d62d878929876a59f7e8353afccabb68d0300c1df36/logs?stdout=true&stderr=true&follow=true&since=0 HTTP/1.1[\r][\n]"
17:43:49.351 [docker-java-stream--1655870852] DEBUG com.github.dockerjava.zerodep.shaded.org.apache.hc.client5.http.wire - http-outgoing-1 >> "x-tc-sid: 866cccf5-0380-4737-9007-32cd48c5f550[\r][\n]"
17:43:49.351 [docker-java-stream--1655870852] DEBUG com.github.dockerjava.zerodep.shaded.org.apache.hc.client5.http.wire - http-outgoing-1 >> "User-Agent: tc-java/1.19.7[\r][\n]"
17:43:49.351 [docker-java-stream--1655870852] DEBUG com.github.dockerjava.zerodep.shaded.org.apache.hc.client5.http.wire - http-outgoing-1 >> "Accept-Encoding: gzip, x-gzip, deflate[\r][\n]"
17:43:49.351 [docker-java-stream--1655870852] DEBUG com.github.dockerjava.zerodep.shaded.org.apache.hc.client5.http.wire - http-outgoing-1 >> "Host: localhost:2375[\r][\n]"
17:43:49.351 [docker-java-stream--1655870852] DEBUG com.github.dockerjava.zerodep.shaded.org.apache.hc.client5.http.wire - http-outgoing-1 >> "Connection: keep-alive[\r][\n]"
17:43:49.351 [docker-java-stream--1655870852] DEBUG com.github.dockerjava.zerodep.shaded.org.apache.hc.client5.http.wire - http-outgoing-1 >> "[\r][\n]"
17:43:49.355 [docker-java-stream--1655870852] DEBUG com.github.dockerjava.zerodep.shaded.org.apache.hc.client5.http.wire - http-outgoing-1 << "HTTP/1.1 200 OK[\r][\n]"
17:43:49.355 [docker-java-stream--1655870852] DEBUG com.github.dockerjava.zerodep.shaded.org.apache.hc.client5.http.wire - http-outgoing-1 << "Api-Version: 1.47[\r][\n]"
17:43:49.355 [docker-java-stream--1655870852] DEBUG com.github.dockerjava.zerodep.shaded.org.apache.hc.client5.http.wire - http-outgoing-1 << "Content-Type: application/vnd.docker.raw-stream[\r][\n]"
17:43:49.355 [docker-java-stream--1655870852] DEBUG com.github.dockerjava.zerodep.shaded.org.apache.hc.client5.http.wire - http-outgoing-1 << "Date: Thu, 26 Jun 2025 16:43:49 GMT[\r][\n]"
17:43:49.355 [docker-java-stream--1655870852] DEBUG com.github.dockerjava.zerodep.shaded.org.apache.hc.client5.http.wire - http-outgoing-1 << "Docker-Experimental: false[\r][\n]"
17:43:49.355 [docker-java-stream--1655870852] DEBUG com.github.dockerjava.zerodep.shaded.org.apache.hc.client5.http.wire - http-outgoing-1 << "Ostype: linux[\r][\n]"
17:43:49.355 [docker-java-stream--1655870852] DEBUG com.github.dockerjava.zerodep.shaded.org.apache.hc.client5.http.wire - http-outgoing-1 << "Server: Docker/27.4.0 (linux)[\r][\n]"
17:43:49.355 [docker-java-stream--1655870852] DEBUG com.github.dockerjava.zerodep.shaded.org.apache.hc.client5.http.wire - http-outgoing-1 << "Transfer-Encoding: chunked[\r][\n]"
17:43:49.355 [docker-java-stream--1655870852] DEBUG com.github.dockerjava.zerodep.shaded.org.apache.hc.client5.http.wire - http-outgoing-1 << "[\r][\n]"
17:43:49.355 [docker-java-stream--1655870852] DEBUG com.github.dockerjava.zerodep.shaded.org.apache.hc.client5.http.headers - http-outgoing-1 << HTTP/1.1 200 OK
17:43:49.355 [docker-java-stream--1655870852] DEBUG com.github.dockerjava.zerodep.shaded.org.apache.hc.client5.http.headers - http-outgoing-1 << Api-Version: 1.47
17:43:49.355 [docker-java-stream--1655870852] DEBUG com.github.dockerjava.zerodep.shaded.org.apache.hc.client5.http.headers - http-outgoing-1 << Content-Type: application/vnd.docker.raw-stream
17:43:49.355 [docker-java-stream--1655870852] DEBUG com.github.dockerjava.zerodep.shaded.org.apache.hc.client5.http.headers - http-outgoing-1 << Date: Thu, 26 Jun 2025 16:43:49 GMT
17:43:49.355 [docker-java-stream--1655870852] DEBUG com.github.dockerjava.zerodep.shaded.org.apache.hc.client5.http.headers - http-outgoing-1 << Docker-Experimental: false
17:43:49.355 [docker-java-stream--1655870852] DEBUG com.github.dockerjava.zerodep.shaded.org.apache.hc.client5.http.headers - http-outgoing-1 << Ostype: linux
17:43:49.355 [docker-java-stream--1655870852] DEBUG com.github.dockerjava.zerodep.shaded.org.apache.hc.client5.http.headers - http-outgoing-1 << Server: Docker/27.4.0 (linux)
17:43:49.355 [docker-java-stream--1655870852] DEBUG com.github.dockerjava.zerodep.shaded.org.apache.hc.client5.http.headers - http-outgoing-1 << Transfer-Encoding: chunked
17:43:49.355 [docker-java-stream--1655870852] DEBUG com.github.dockerjava.zerodep.shaded.org.apache.hc.client5.http.impl.classic.MainClientExec - ex-00000010: connection can be kept alive for 3 MINUTES
17:43:50.112 [docker-java-stream--1655870852] DEBUG com.github.dockerjava.zerodep.shaded.org.apache.hc.client5.http.wire - http-outgoing-1 << "16f[\r][\n]"
17:43:50.112 [docker-java-stream--1655870852] DEBUG com.github.dockerjava.zerodep.shaded.org.apache.hc.client5.http.wire - http-outgoing-1 << "[0x1][0x0][0x0][0x0][0x0][0x0][0x0]=2025-06-26 16:43:50 5.15.0 INFO using environment variables:[\n]"
17:43:50.112 [docker-java-stream--1655870852] DEBUG com.github.dockerjava.zerodep.shaded.org.apache.hc.client5.http.wire - http-outgoing-1 << "[0x1][0x0][0x0][0x0][0x0][0x0][0x0][0x1][\n]"
17:43:50.112 [docker-java-stream--1655870852] DEBUG com.github.dockerjava.zerodep.shaded.org.apache.hc.client5.http.wire - http-outgoing-1 << "[0x1][0x0][0x0][0x0][0x0][0x0][0x0][0x4]  [[\n]"
17:43:50.112 [docker-java-stream--1655870852] DEBUG com.github.dockerjava.zerodep.shaded.org.apache.hc.client5.http.wire - http-outgoing-1 << "[0x1][0x0][0x0][0x0][0x0][0x0][0x0][0x4]  [0x9][\n]"
17:43:50.112 [docker-java-stream--1655870852] DEBUG com.github.dockerjava.zerodep.shaded.org.apache.hc.client5.http.wire - http-outgoing-1 << "[0x1][0x0][0x0][0x0][0x0][0x0][0x0][0x4]  ][\n]"
17:43:50.112 [docker-java-stream--1655870852] DEBUG com.github.dockerjava.zerodep.shaded.org.apache.hc.client5.http.wire - http-outgoing-1 << "[0x1][0x0][0x0][0x0][0x0][0x0][0x0][0x1][\n]"
17:43:50.112 [docker-java-stream--1655870852] DEBUG com.github.dockerjava.zerodep.shaded.org.apache.hc.client5.http.wire - http-outgoing-1 << "[0x1][0x0][0x0][0x0][0x0][0x0][0x0][0x18] and system properties:[\n]"
17:43:50.112 [docker-java-stream--1655870852] DEBUG com.github.dockerjava.zerodep.shaded.org.apache.hc.client5.http.wire - http-outgoing-1 << "[0x1][0x0][0x0][0x0][0x0][0x0][0x0][0x1][\n]"
17:43:50.112 [docker-java-stream--1655870852] DEBUG com.github.dockerjava.zerodep.shaded.org.apache.hc.client5.http.wire - http-outgoing-1 << "[0x1][0x0][0x0][0x0][0x0][0x0][0x0][0x4]  [[\n]"
17:43:50.112 [docker-java-stream--1655870852] DEBUG com.github.dockerjava.zerodep.shaded.org.apache.hc.client5.http.wire - http-outgoing-1 << "[0x1][0x0][0x0][0x0][0x0][0x0][0x0]9  [0x9]mockserver.propertyFile=/config/mockserver.properties[\n]"
17:43:50.112 [docker-java-stream--1655870852] DEBUG com.github.dockerjava.zerodep.shaded.org.apache.hc.client5.http.wire - http-outgoing-1 << "[0x1][0x0][0x0][0x0][0x0][0x0][0x0][0x4]  ][\n]"
17:43:50.112 [docker-java-stream--1655870852] DEBUG com.github.dockerjava.zerodep.shaded.org.apache.hc.client5.http.wire - http-outgoing-1 << "[0x1][0x0][0x0][0x0][0x0][0x0][0x0][0x1][\n]"
17:43:50.112 [docker-java-stream--1655870852] DEBUG com.github.dockerjava.zerodep.shaded.org.apache.hc.client5.http.wire - http-outgoing-1 << "[0x1][0x0][0x0][0x0][0x0][0x0][0x0][0x1b] and command line options:[\n]"
17:43:50.112 [docker-java-stream--1655870852] DEBUG com.github.dockerjava.zerodep.shaded.org.apache.hc.client5.http.wire - http-outgoing-1 << "[0x1][0x0][0x0][0x0][0x0][0x0][0x0][0x1][\n]"
17:43:50.112 [docker-java-stream--1655870852] DEBUG com.github.dockerjava.zerodep.shaded.org.apache.hc.client5.http.wire - http-outgoing-1 << "[0x1][0x0][0x0][0x0][0x0][0x0][0x0][0x4]  [[\n]"
17:43:50.112 [docker-java-stream--1655870852] DEBUG com.github.dockerjava.zerodep.shaded.org.apache.hc.client5.http.wire - http-outgoing-1 << "[0x1][0x0][0x0][0x0][0x0][0x0][0x0][0x13]  [0x9]serverPort=1080[\n]"
17:43:50.112 [docker-java-stream--1655870852] DEBUG com.github.dockerjava.zerodep.shaded.org.apache.hc.client5.http.wire - http-outgoing-1 << "[0x1][0x0][0x0][0x0][0x0][0x0][0x0][0x4]  ][\n]"
17:43:50.112 [docker-java-stream--1655870852] DEBUG com.github.dockerjava.zerodep.shaded.org.apache.hc.client5.http.wire - http-outgoing-1 << "[0x1][0x0][0x0][0x0][0x0][0x0][0x0][0x2] [\n]"
17:43:50.112 [docker-java-stream--1655870852] DEBUG com.github.dockerjava.zerodep.shaded.org.apache.hc.client5.http.wire - http-outgoing-1 << "[\r][\n]"
17:43:50.113 [main] DEBUG org.testcontainers.containers.output.WaitingConsumer - STDOUT: 
17:43:50.113 [main] DEBUG org.testcontainers.containers.output.WaitingConsumer - STDOUT:  
17:43:50.113 [main] DEBUG org.testcontainers.containers.output.WaitingConsumer - STDOUT:   ]
17:43:50.113 [main] DEBUG org.testcontainers.containers.output.WaitingConsumer - STDOUT:   	serverPort=1080
17:43:50.113 [main] DEBUG org.testcontainers.containers.output.WaitingConsumer - STDOUT:   [
17:43:50.113 [main] DEBUG org.testcontainers.containers.output.WaitingConsumer - STDOUT: 
17:43:50.113 [main] DEBUG org.testcontainers.containers.output.WaitingConsumer - STDOUT:  and command line options:
17:43:50.113 [main] DEBUG org.testcontainers.containers.output.WaitingConsumer - STDOUT: 
17:43:50.113 [main] DEBUG org.testcontainers.containers.output.WaitingConsumer - STDOUT:   ]
17:43:50.113 [main] DEBUG org.testcontainers.containers.output.WaitingConsumer - STDOUT:   	mockserver.propertyFile=/config/mockserver.properties
17:43:50.113 [main] DEBUG org.testcontainers.containers.output.WaitingConsumer - STDOUT:   [
17:43:50.113 [main] DEBUG org.testcontainers.containers.output.WaitingConsumer - STDOUT: 
17:43:50.113 [main] DEBUG org.testcontainers.containers.output.WaitingConsumer - STDOUT:  and system properties:
17:43:50.113 [main] DEBUG org.testcontainers.containers.output.WaitingConsumer - STDOUT: 
17:43:50.113 [main] DEBUG org.testcontainers.containers.output.WaitingConsumer - STDOUT:   ]
17:43:50.113 [main] DEBUG org.testcontainers.containers.output.WaitingConsumer - STDOUT:   	
17:43:50.113 [main] DEBUG org.testcontainers.containers.output.WaitingConsumer - STDOUT:   [
17:43:50.113 [main] DEBUG org.testcontainers.containers.output.WaitingConsumer - STDOUT: 2025-06-26 16:43:50 5.15.0 INFO using environment variables:
17:43:50.466 [docker-java-stream--1655870852] DEBUG com.github.dockerjava.zerodep.shaded.org.apache.hc.client5.http.wire - http-outgoing-1 << "18d[\r][\n]"
17:43:50.466 [docker-java-stream--1655870852] DEBUG com.github.dockerjava.zerodep.shaded.org.apache.hc.client5.http.wire - http-outgoing-1 << "[0x1][0x0][0x0][0x0][0x0][0x0][0x0]D2025-06-26 16:43:50 5.15.0 INFO logger level is INFO, change using:[\n]"
17:43:50.467 [docker-java-stream--1655870852] DEBUG com.github.dockerjava.zerodep.shaded.org.apache.hc.client5.http.wire - http-outgoing-1 << "[0x1][0x0][0x0][0x0][0x0][0x0][0x0]B - 'ConfigurationProperties.logLevel(String level)' in Java code,[\n]"
17:43:50.467 [docker-java-stream--1655870852] DEBUG com.github.dockerjava.zerodep.shaded.org.apache.hc.client5.http.wire - http-outgoing-1 << "[0x1][0x0][0x0][0x0][0x0][0x0][0x0]& - '-logLevel' command line argument,[\n]"
17:43:50.467 [docker-java-stream--1655870852] DEBUG com.github.dockerjava.zerodep.shaded.org.apache.hc.client5.http.wire - http-outgoing-1 << "[0x1][0x0][0x0][0x0][0x0][0x0][0x0]1 - 'mockserver.logLevel' JVM system property or,[\n]"
17:43:50.467 [docker-java-stream--1655870852] DEBUG com.github.dockerjava.zerodep.shaded.org.apache.hc.client5.http.wire - http-outgoing-1 << "[0x1][0x0][0x0][0x0][0x0][0x0][0x0]D - 'mockserver.logLevel' property value in 'mockserver.properties' [\n]"
17:43:50.467 [docker-java-stream--1655870852] DEBUG com.github.dockerjava.zerodep.shaded.org.apache.hc.client5.http.wire - http-outgoing-1 << "[0x1][0x0][0x0][0x0][0x0][0x0][0x0]<2025-06-26 16:43:50 5.15.0 INFO 1080 started on port: 1080 [\n]"
17:43:50.467 [docker-java-stream--1655870852] DEBUG com.github.dockerjava.zerodep.shaded.org.apache.hc.client5.http.wire - http-outgoing-1 << "[\r][\n]"
17:43:50.467 [main] DEBUG org.testcontainers.containers.output.WaitingConsumer - STDOUT: 2025-06-26 16:43:50 5.15.0 INFO 1080 started on port: 1080 
17:43:50.468 [docker-java-stream--1655870852] DEBUG com.github.dockerjava.zerodep.shaded.org.apache.hc.client5.http.wire - http-outgoing-1 << "[read] I/O error: null"
17:43:50.468 [main] DEBUG com.github.dockerjava.zerodep.shaded.org.apache.hc.client5.http.impl.classic.InternalHttpClient - ep-0000000F: cancel
17:43:50.468 [main] DEBUG com.github.dockerjava.zerodep.shaded.org.apache.hc.client5.http.impl.io.DefaultManagedHttpClientConnection - http-outgoing-1: close connection IMMEDIATE
17:43:50.468 [main] DEBUG com.github.dockerjava.zerodep.shaded.org.apache.hc.client5.http.impl.classic.InternalHttpClient - ep-0000000F: endpoint closed
17:43:50.468 [main] DEBUG com.github.dockerjava.zerodep.shaded.org.apache.hc.client5.http.impl.classic.InternalHttpClient - ep-0000000F: discarding endpoint
17:43:50.468 [main] DEBUG com.github.dockerjava.zerodep.shaded.org.apache.hc.client5.http.impl.io.PoolingHttpClientConnectionManager - ep-0000000F: releasing endpoint
17:43:50.468 [main] DEBUG com.github.dockerjava.zerodep.shaded.org.apache.hc.client5.http.impl.io.PoolingHttpClientConnectionManager - ep-0000000F: connection is not kept alive
17:43:50.468 [docker-java-stream--1655870852] DEBUG com.github.dockerjava.zerodep.shaded.org.apache.hc.client5.http.wire - http-outgoing-1 << "[read] I/O error: null"
17:43:50.468 [main] DEBUG com.github.dockerjava.zerodep.shaded.org.apache.hc.client5.http.impl.io.PoolingHttpClientConnectionManager - ep-0000000F: connection released [route: {}->unix://localhost:2375][total available: 0; route allocated: 0 of 2147483647; total allocated: 0 of 2147483647]
17:43:50.468 [main] INFO tc.mockserver/mockserver:5.15.0 - Container mockserver/mockserver:5.15.0 started in PT1.330289S
17:43:50.468 [docker-java-stream--1655870852] DEBUG com.github.dockerjava.zerodep.ApacheDockerHttpClientImpl$ApacheResponse - Failed to close the response
java.nio.channels.ClosedChannelException: null
	at java.base/sun.nio.ch.SocketChannelImpl.ensureOpenAndConnected(SocketChannelImpl.java:222)
	at java.base/sun.nio.ch.SocketChannelImpl.blockingRead(SocketChannelImpl.java:1311)
	at java.base/sun.nio.ch.SocketInputStream.read(SocketInputStream.java:70)
	at com.github.dockerjava.zerodep.shaded.org.apache.hc.client5.http.impl.io.LoggingInputStream.read(LoggingInputStream.java:81)
	at com.github.dockerjava.zerodep.shaded.org.apache.hc.core5.http.impl.io.SessionInputBufferImpl.fillBuffer(SessionInputBufferImpl.java:149)
	at com.github.dockerjava.zerodep.shaded.org.apache.hc.core5.http.impl.io.SessionInputBufferImpl.readLine(SessionInputBufferImpl.java:280)
	at com.github.dockerjava.zerodep.shaded.org.apache.hc.core5.http.impl.io.ChunkedInputStream.getChunkSize(ChunkedInputStream.java:261)
	at com.github.dockerjava.zerodep.shaded.org.apache.hc.core5.http.impl.io.ChunkedInputStream.nextChunk(ChunkedInputStream.java:222)
	at com.github.dockerjava.zerodep.shaded.org.apache.hc.core5.http.impl.io.ChunkedInputStream.read(ChunkedInputStream.java:147)
	at com.github.dockerjava.zerodep.shaded.org.apache.hc.core5.http.impl.io.ChunkedInputStream.close(ChunkedInputStream.java:314)
	at com.github.dockerjava.zerodep.shaded.org.apache.hc.core5.io.Closer.close(Closer.java:48)
	at com.github.dockerjava.zerodep.shaded.org.apache.hc.core5.http.impl.io.IncomingHttpEntity.close(IncomingHttpEntity.java:111)
	at com.github.dockerjava.zerodep.shaded.org.apache.hc.core5.http.io.entity.HttpEntityWrapper.close(HttpEntityWrapper.java:120)
	at com.github.dockerjava.zerodep.shaded.org.apache.hc.core5.io.Closer.close(Closer.java:48)
	at com.github.dockerjava.zerodep.shaded.org.apache.hc.core5.http.message.BasicClassicHttpResponse.close(BasicClassicHttpResponse.java:93)
	at com.github.dockerjava.zerodep.shaded.org.apache.hc.client5.http.impl.classic.CloseableHttpResponse.close(CloseableHttpResponse.java:200)
	at com.github.dockerjava.zerodep.ApacheDockerHttpClientImpl$ApacheResponse.close(ApacheDockerHttpClientImpl.java:271)
	at org.testcontainers.shaded.com.github.dockerjava.core.DefaultInvocationBuilder.lambda$executeAndStream$1(DefaultInvocationBuilder.java:277)
	at java.base/java.lang.Thread.run(Thread.java:1583)
17:43:50.650 [main] DEBUG io.netty.util.internal.logging.InternalLoggerFactory - Using SLF4J as the default logging framework
17:43:50.650 [main] DEBUG io.netty.channel.MultithreadEventLoopGroup - -Dio.netty.eventLoopThreads: 16
17:43:50.662 [main] DEBUG io.netty.util.internal.InternalThreadLocalMap - -Dio.netty.threadLocalMap.stringBuilder.initialSize: 1024
17:43:50.662 [main] DEBUG io.netty.util.internal.InternalThreadLocalMap - -Dio.netty.threadLocalMap.stringBuilder.maxSize: 4096
17:43:50.675 [main] DEBUG io.netty.util.internal.PlatformDependent0 - -Dio.netty.noUnsafe: false
17:43:50.675 [main] DEBUG io.netty.util.internal.PlatformDependent0 - Java version: 21
17:43:50.675 [main] DEBUG io.netty.util.internal.PlatformDependent0 - sun.misc.Unsafe.theUnsafe: available
17:43:50.675 [main] DEBUG io.netty.util.internal.PlatformDependent0 - sun.misc.Unsafe.copyMemory: available
17:43:50.676 [main] DEBUG io.netty.util.internal.PlatformDependent0 - java.nio.Buffer.address: available
17:43:50.676 [main] DEBUG io.netty.util.internal.PlatformDependent0 - direct buffer constructor: unavailable: java.nio.DirectByteBuffer.<init>(long,int)
17:43:50.676 [main] DEBUG io.netty.util.internal.PlatformDependent0 - java.nio.Bits.unaligned: available, true
17:43:50.677 [main] DEBUG io.netty.util.internal.PlatformDependent0 - jdk.internal.misc.Unsafe.allocateUninitializedArray(int): unavailable: class io.netty.util.internal.PlatformDependent0$6 cannot access class jdk.internal.misc.Unsafe (in module java.base) because module java.base does not export jdk.internal.misc to unnamed module @5340477f
17:43:50.677 [main] DEBUG io.netty.util.internal.PlatformDependent0 - java.nio.DirectByteBuffer.<init>(long, int): unavailable
17:43:50.677 [main] DEBUG io.netty.util.internal.PlatformDependent - sun.misc.Unsafe: available
17:43:50.678 [main] DEBUG io.netty.util.internal.PlatformDependent - maxDirectMemory: 4294967296 bytes (maybe)
17:43:50.678 [main] DEBUG io.netty.util.internal.PlatformDependent - -Dio.netty.tmpdir: /var/folders/5j/rpbdn1vn5jz4fw_1wbsqhg6h0000gn/T (java.io.tmpdir)
17:43:50.679 [main] DEBUG io.netty.util.internal.PlatformDependent - -Dio.netty.bitMode: 64 (sun.arch.data.model)
17:43:50.679 [main] DEBUG io.netty.util.internal.PlatformDependent - Platform: MacOS
17:43:50.679 [main] DEBUG io.netty.util.internal.PlatformDependent - -Dio.netty.maxDirectMemory: -1 bytes
17:43:50.679 [main] DEBUG io.netty.util.internal.PlatformDependent - -Dio.netty.uninitializedArrayAllocationThreshold: -1
17:43:50.679 [main] DEBUG io.netty.util.internal.CleanerJava9 - java.nio.ByteBuffer.cleaner(): available
17:43:50.679 [main] DEBUG io.netty.util.internal.PlatformDependent - -Dio.netty.noPreferDirect: false
17:43:50.680 [main] DEBUG io.netty.channel.nio.NioEventLoop - -Dio.netty.noKeySetOptimization: false
17:43:50.680 [main] DEBUG io.netty.channel.nio.NioEventLoop - -Dio.netty.selectorAutoRebuildThreshold: 512
17:43:50.684 [main] DEBUG io.netty.util.internal.PlatformDependent - org.jctools-core.MpscChunkedArrayQueue: available
17:43:50.965 [main] DEBUG io.netty.util.ResourceLeakDetector - -Dio.netty.leakDetection.level: simple
17:43:50.966 [main] DEBUG io.netty.util.ResourceLeakDetector - -Dio.netty.leakDetection.targetRecords: 4
17:43:50.966 [main] DEBUG io.netty.buffer.PooledByteBufAllocator - -Dio.netty.allocator.numHeapArenas: 16
17:43:50.966 [main] DEBUG io.netty.buffer.PooledByteBufAllocator - -Dio.netty.allocator.numDirectArenas: 16
17:43:50.966 [main] DEBUG io.netty.buffer.PooledByteBufAllocator - -Dio.netty.allocator.pageSize: 8192
17:43:50.966 [main] DEBUG io.netty.buffer.PooledByteBufAllocator - -Dio.netty.allocator.maxOrder: 9
17:43:50.966 [main] DEBUG io.netty.buffer.PooledByteBufAllocator - -Dio.netty.allocator.chunkSize: 4194304
17:43:50.966 [main] DEBUG io.netty.buffer.PooledByteBufAllocator - -Dio.netty.allocator.smallCacheSize: 256
17:43:50.966 [main] DEBUG io.netty.buffer.PooledByteBufAllocator - -Dio.netty.allocator.normalCacheSize: 64
17:43:50.966 [main] DEBUG io.netty.buffer.PooledByteBufAllocator - -Dio.netty.allocator.maxCachedBufferCapacity: 32768
17:43:50.966 [main] DEBUG io.netty.buffer.PooledByteBufAllocator - -Dio.netty.allocator.cacheTrimInterval: 8192
17:43:50.966 [main] DEBUG io.netty.buffer.PooledByteBufAllocator - -Dio.netty.allocator.cacheTrimIntervalMillis: 0
17:43:50.966 [main] DEBUG io.netty.buffer.PooledByteBufAllocator - -Dio.netty.allocator.useCacheForAllThreads: false
17:43:50.966 [main] DEBUG io.netty.buffer.PooledByteBufAllocator - -Dio.netty.allocator.maxCachedByteBuffersPerChunk: 1023
17:43:50.978 [main] DEBUG io.netty.channel.DefaultChannelId - -Dio.netty.processId: 48402 (auto-detected)
17:43:50.980 [main] DEBUG io.netty.util.NetUtil - -Djava.net.preferIPv4Stack: false
17:43:50.981 [main] DEBUG io.netty.util.NetUtil - -Djava.net.preferIPv6Addresses: false
17:43:50.984 [main] DEBUG io.netty.util.NetUtilInitializations - Loopback interface: lo0 (lo0, 0:0:0:0:0:0:0:1%lo0)
17:43:50.984 [main] DEBUG io.netty.util.NetUtil - Failed to get SOMAXCONN from sysctl and file /proc/sys/net/core/somaxconn. Default: 128
17:43:50.985 [main] DEBUG io.netty.channel.DefaultChannelId - -Dio.netty.machineId: c6:35:d9:ff:fe:e9:1e:64 (auto-detected)
17:43:50.999 [main] DEBUG io.netty.buffer.ByteBufUtil - -Dio.netty.allocator.type: pooled
17:43:51.000 [main] DEBUG io.netty.buffer.ByteBufUtil - -Dio.netty.threadLocalDirectBufferSize: 0
17:43:51.000 [main] DEBUG io.netty.buffer.ByteBufUtil - -Dio.netty.maxThreadLocalCharBufferSize: 16384
17:43:51.020 [MockServer-MockServerClient-eventLoop0] DEBUG io.netty.buffer.AbstractByteBuf - -Dio.netty.buffer.checkAccessible: true
17:43:51.020 [MockServer-MockServerClient-eventLoop0] DEBUG io.netty.buffer.AbstractByteBuf - -Dio.netty.buffer.checkBounds: true
17:43:51.020 [MockServer-MockServerClient-eventLoop0] DEBUG io.netty.util.ResourceLeakDetectorFactory - Loaded default ResourceLeakDetector: io.netty.util.ResourceLeakDetector@58a8e4a9
17:43:51.057 [MockServer-MockServerClient-eventLoop0] DEBUG io.netty.util.Recycler - -Dio.netty.recycler.maxCapacityPerThread: 4096
17:43:51.057 [MockServer-MockServerClient-eventLoop0] DEBUG io.netty.util.Recycler - -Dio.netty.recycler.ratio: 8
17:43:51.057 [MockServer-MockServerClient-eventLoop0] DEBUG io.netty.util.Recycler - -Dio.netty.recycler.chunkSize: 32
17:43:51.057 [MockServer-MockServerClient-eventLoop0] DEBUG io.netty.util.Recycler - -Dio.netty.recycler.blocking: false
17:43:51.604 [MockServer-MockServerClient-eventLoop0] DEBUG io.netty.handler.codec.compression.Brotli - brotli4j not in the classpath; Brotli support will be unavailable.
17:43:51.657 [main] DEBUG com.networknt.schema.PropertiesValidator - validate( {"httpRequest":{"method":"GET","path":"/api/tags"},"httpResponse":{"statusCode":200,"headers":{"Content-Type":["application/json"]},"body":"{\"models\": [{\"name\": \"mock-model\"}]}"},"id":"2adc6a7b-a046-4f90-82bd-b3bc01b4ba66","priority":0,"timeToLive":{"unlimited":true},"times":{"unlimited":true}}, {"httpRequest":{"method":"GET","path":"/api/tags"},"httpResponse":{"statusCode":200,"headers":{"Content-Type":["application/json"]},"body":"{\"models\": [{\"name\": \"mock-model\"}]}"},"id":"2adc6a7b-a046-4f90-82bd-b3bc01b4ba66","priority":0,"timeToLive":{"unlimited":true},"times":{"unlimited":true}}, $)
17:43:51.658 [main] DEBUG com.networknt.schema.TypeValidator - validate( "2adc6a7b-a046-4f90-82bd-b3bc01b4ba66", {"httpRequest":{"method":"GET","path":"/api/tags"},"httpResponse":{"statusCode":200,"headers":{"Content-Type":["application/json"]},"body":"{\"models\": [{\"name\": \"mock-model\"}]}"},"id":"2adc6a7b-a046-4f90-82bd-b3bc01b4ba66","priority":0,"timeToLive":{"unlimited":true},"times":{"unlimited":true}}, $.id)
17:43:51.658 [main] DEBUG com.networknt.schema.TypeValidator - validate( 0, {"httpRequest":{"method":"GET","path":"/api/tags"},"httpResponse":{"statusCode":200,"headers":{"Content-Type":["application/json"]},"body":"{\"models\": [{\"name\": \"mock-model\"}]}"},"id":"2adc6a7b-a046-4f90-82bd-b3bc01b4ba66","priority":0,"timeToLive":{"unlimited":true},"times":{"unlimited":true}}, $.priority)
17:43:51.659 [main] DEBUG com.networknt.schema.RefValidator - validate( {"method":"GET","path":"/api/tags"}, {"httpRequest":{"method":"GET","path":"/api/tags"},"httpResponse":{"statusCode":200,"headers":{"Content-Type":["application/json"]},"body":"{\"models\": [{\"name\": \"mock-model\"}]}"},"id":"2adc6a7b-a046-4f90-82bd-b3bc01b4ba66","priority":0,"timeToLive":{"unlimited":true},"times":{"unlimited":true}}, $.httpRequest)
17:43:51.659 [main] DEBUG com.networknt.schema.RequiredValidator - validate( {"method":"GET","path":"/api/tags"}, {"httpRequest":{"method":"GET","path":"/api/tags"},"httpResponse":{"statusCode":200,"headers":{"Content-Type":["application/json"]},"body":"{\"models\": [{\"name\": \"mock-model\"}]}"},"id":"2adc6a7b-a046-4f90-82bd-b3bc01b4ba66","priority":0,"timeToLive":{"unlimited":true},"times":{"unlimited":true}}, $.httpRequest)
17:43:51.659 [main] DEBUG com.networknt.schema.RefValidator - validate( {"method":"GET","path":"/api/tags"}, {"httpRequest":{"method":"GET","path":"/api/tags"},"httpResponse":{"statusCode":200,"headers":{"Content-Type":["application/json"]},"body":"{\"models\": [{\"name\": \"mock-model\"}]}"},"id":"2adc6a7b-a046-4f90-82bd-b3bc01b4ba66","priority":0,"timeToLive":{"unlimited":true},"times":{"unlimited":true}}, $.httpRequest)
17:43:51.659 [main] DEBUG com.networknt.schema.PropertiesValidator - validate( {"method":"GET","path":"/api/tags"}, {"httpRequest":{"method":"GET","path":"/api/tags"},"httpResponse":{"statusCode":200,"headers":{"Content-Type":["application/json"]},"body":"{\"models\": [{\"name\": \"mock-model\"}]}"},"id":"2adc6a7b-a046-4f90-82bd-b3bc01b4ba66","priority":0,"timeToLive":{"unlimited":true},"times":{"unlimited":true}}, $.httpRequest)
17:43:51.659 [main] DEBUG com.networknt.schema.RefValidator - validate( "GET", {"httpRequest":{"method":"GET","path":"/api/tags"},"httpResponse":{"statusCode":200,"headers":{"Content-Type":["application/json"]},"body":"{\"models\": [{\"name\": \"mock-model\"}]}"},"id":"2adc6a7b-a046-4f90-82bd-b3bc01b4ba66","priority":0,"timeToLive":{"unlimited":true},"times":{"unlimited":true}}, $.httpRequest.method)
17:43:51.659 [main] DEBUG com.networknt.schema.OneOfValidator - validate( "GET", {"httpRequest":{"method":"GET","path":"/api/tags"},"httpResponse":{"statusCode":200,"headers":{"Content-Type":["application/json"]},"body":"{\"models\": [{\"name\": \"mock-model\"}]}"},"id":"2adc6a7b-a046-4f90-82bd-b3bc01b4ba66","priority":0,"timeToLive":{"unlimited":true},"times":{"unlimited":true}}, $.httpRequest.method)
17:43:51.659 [main] DEBUG com.networknt.schema.TypeValidator - validate( "GET", {"httpRequest":{"method":"GET","path":"/api/tags"},"httpResponse":{"statusCode":200,"headers":{"Content-Type":["application/json"]},"body":"{\"models\": [{\"name\": \"mock-model\"}]}"},"id":"2adc6a7b-a046-4f90-82bd-b3bc01b4ba66","priority":0,"timeToLive":{"unlimited":true},"times":{"unlimited":true}}, $.httpRequest.method)
17:43:51.659 [main] DEBUG com.networknt.schema.PropertiesValidator - validate( "GET", {"httpRequest":{"method":"GET","path":"/api/tags"},"httpResponse":{"statusCode":200,"headers":{"Content-Type":["application/json"]},"body":"{\"models\": [{\"name\": \"mock-model\"}]}"},"id":"2adc6a7b-a046-4f90-82bd-b3bc01b4ba66","priority":0,"timeToLive":{"unlimited":true},"times":{"unlimited":true}}, $.httpRequest.method)
17:43:51.659 [main] DEBUG com.networknt.schema.AdditionalPropertiesValidator - validate( "GET", {"httpRequest":{"method":"GET","path":"/api/tags"},"httpResponse":{"statusCode":200,"headers":{"Content-Type":["application/json"]},"body":"{\"models\": [{\"name\": \"mock-model\"}]}"},"id":"2adc6a7b-a046-4f90-82bd-b3bc01b4ba66","priority":0,"timeToLive":{"unlimited":true},"times":{"unlimited":true}}, $.httpRequest.method)
17:43:51.659 [main] DEBUG com.networknt.schema.TypeValidator - validate( "GET", {"httpRequest":{"method":"GET","path":"/api/tags"},"httpResponse":{"statusCode":200,"headers":{"Content-Type":["application/json"]},"body":"{\"models\": [{\"name\": \"mock-model\"}]}"},"id":"2adc6a7b-a046-4f90-82bd-b3bc01b4ba66","priority":0,"timeToLive":{"unlimited":true},"times":{"unlimited":true}}, $.httpRequest.method)
17:43:51.660 [main] DEBUG com.networknt.schema.RefValidator - validate( "/api/tags", {"httpRequest":{"method":"GET","path":"/api/tags"},"httpResponse":{"statusCode":200,"headers":{"Content-Type":["application/json"]},"body":"{\"models\": [{\"name\": \"mock-model\"}]}"},"id":"2adc6a7b-a046-4f90-82bd-b3bc01b4ba66","priority":0,"timeToLive":{"unlimited":true},"times":{"unlimited":true}}, $.httpRequest.path)
17:43:51.660 [main] DEBUG com.networknt.schema.OneOfValidator - validate( "/api/tags", {"httpRequest":{"method":"GET","path":"/api/tags"},"httpResponse":{"statusCode":200,"headers":{"Content-Type":["application/json"]},"body":"{\"models\": [{\"name\": \"mock-model\"}]}"},"id":"2adc6a7b-a046-4f90-82bd-b3bc01b4ba66","priority":0,"timeToLive":{"unlimited":true},"times":{"unlimited":true}}, $.httpRequest.path)
17:43:51.660 [main] DEBUG com.networknt.schema.TypeValidator - validate( "/api/tags", {"httpRequest":{"method":"GET","path":"/api/tags"},"httpResponse":{"statusCode":200,"headers":{"Content-Type":["application/json"]},"body":"{\"models\": [{\"name\": \"mock-model\"}]}"},"id":"2adc6a7b-a046-4f90-82bd-b3bc01b4ba66","priority":0,"timeToLive":{"unlimited":true},"times":{"unlimited":true}}, $.httpRequest.path)
17:43:51.660 [main] DEBUG com.networknt.schema.PropertiesValidator - validate( "/api/tags", {"httpRequest":{"method":"GET","path":"/api/tags"},"httpResponse":{"statusCode":200,"headers":{"Content-Type":["application/json"]},"body":"{\"models\": [{\"name\": \"mock-model\"}]}"},"id":"2adc6a7b-a046-4f90-82bd-b3bc01b4ba66","priority":0,"timeToLive":{"unlimited":true},"times":{"unlimited":true}}, $.httpRequest.path)
17:43:51.661 [main] DEBUG com.networknt.schema.AdditionalPropertiesValidator - validate( "/api/tags", {"httpRequest":{"method":"GET","path":"/api/tags"},"httpResponse":{"statusCode":200,"headers":{"Content-Type":["application/json"]},"body":"{\"models\": [{\"name\": \"mock-model\"}]}"},"id":"2adc6a7b-a046-4f90-82bd-b3bc01b4ba66","priority":0,"timeToLive":{"unlimited":true},"times":{"unlimited":true}}, $.httpRequest.path)
17:43:51.661 [main] DEBUG com.networknt.schema.TypeValidator - validate( "/api/tags", {"httpRequest":{"method":"GET","path":"/api/tags"},"httpResponse":{"statusCode":200,"headers":{"Content-Type":["application/json"]},"body":"{\"models\": [{\"name\": \"mock-model\"}]}"},"id":"2adc6a7b-a046-4f90-82bd-b3bc01b4ba66","priority":0,"timeToLive":{"unlimited":true},"times":{"unlimited":true}}, $.httpRequest.path)
17:43:51.661 [main] DEBUG com.networknt.schema.AdditionalPropertiesValidator - validate( {"method":"GET","path":"/api/tags"}, {"httpRequest":{"method":"GET","path":"/api/tags"},"httpResponse":{"statusCode":200,"headers":{"Content-Type":["application/json"]},"body":"{\"models\": [{\"name\": \"mock-model\"}]}"},"id":"2adc6a7b-a046-4f90-82bd-b3bc01b4ba66","priority":0,"timeToLive":{"unlimited":true},"times":{"unlimited":true}}, $.httpRequest)
17:43:51.661 [main] DEBUG com.networknt.schema.TypeValidator - validate( {"method":"GET","path":"/api/tags"}, {"httpRequest":{"method":"GET","path":"/api/tags"},"httpResponse":{"statusCode":200,"headers":{"Content-Type":["application/json"]},"body":"{\"models\": [{\"name\": \"mock-model\"}]}"},"id":"2adc6a7b-a046-4f90-82bd-b3bc01b4ba66","priority":0,"timeToLive":{"unlimited":true},"times":{"unlimited":true}}, $.httpRequest)
17:43:51.661 [main] DEBUG com.networknt.schema.RefValidator - validate( {"statusCode":200,"headers":{"Content-Type":["application/json"]},"body":"{\"models\": [{\"name\": \"mock-model\"}]}"}, {"httpRequest":{"method":"GET","path":"/api/tags"},"httpResponse":{"statusCode":200,"headers":{"Content-Type":["application/json"]},"body":"{\"models\": [{\"name\": \"mock-model\"}]}"},"id":"2adc6a7b-a046-4f90-82bd-b3bc01b4ba66","priority":0,"timeToLive":{"unlimited":true},"times":{"unlimited":true}}, $.httpResponse)
17:43:51.661 [main] DEBUG com.networknt.schema.PropertiesValidator - validate( {"statusCode":200,"headers":{"Content-Type":["application/json"]},"body":"{\"models\": [{\"name\": \"mock-model\"}]}"}, {"httpRequest":{"method":"GET","path":"/api/tags"},"httpResponse":{"statusCode":200,"headers":{"Content-Type":["application/json"]},"body":"{\"models\": [{\"name\": \"mock-model\"}]}"},"id":"2adc6a7b-a046-4f90-82bd-b3bc01b4ba66","priority":0,"timeToLive":{"unlimited":true},"times":{"unlimited":true}}, $.httpResponse)
17:43:51.662 [main] DEBUG com.networknt.schema.RefValidator - validate( "{\"models\": [{\"name\": \"mock-model\"}]}", {"httpRequest":{"method":"GET","path":"/api/tags"},"httpResponse":{"statusCode":200,"headers":{"Content-Type":["application/json"]},"body":"{\"models\": [{\"name\": \"mock-model\"}]}"},"id":"2adc6a7b-a046-4f90-82bd-b3bc01b4ba66","priority":0,"timeToLive":{"unlimited":true},"times":{"unlimited":true}}, $.httpResponse.body)
17:43:51.662 [main] DEBUG com.networknt.schema.RequiredValidator - validate( "{\"models\": [{\"name\": \"mock-model\"}]}", {"httpRequest":{"method":"GET","path":"/api/tags"},"httpResponse":{"statusCode":200,"headers":{"Content-Type":["application/json"]},"body":"{\"models\": [{\"name\": \"mock-model\"}]}"},"id":"2adc6a7b-a046-4f90-82bd-b3bc01b4ba66","priority":0,"timeToLive":{"unlimited":true},"times":{"unlimited":true}}, $.httpResponse.body)
17:43:51.662 [main] DEBUG com.networknt.schema.PropertiesValidator - validate( "{\"models\": [{\"name\": \"mock-model\"}]}", {"httpRequest":{"method":"GET","path":"/api/tags"},"httpResponse":{"statusCode":200,"headers":{"Content-Type":["application/json"]},"body":"{\"models\": [{\"name\": \"mock-model\"}]}"},"id":"2adc6a7b-a046-4f90-82bd-b3bc01b4ba66","priority":0,"timeToLive":{"unlimited":true},"times":{"unlimited":true}}, $.httpResponse.body)
17:43:51.662 [main] DEBUG com.networknt.schema.AdditionalPropertiesValidator - validate( "{\"models\": [{\"name\": \"mock-model\"}]}", {"httpRequest":{"method":"GET","path":"/api/tags"},"httpResponse":{"statusCode":200,"headers":{"Content-Type":["application/json"]},"body":"{\"models\": [{\"name\": \"mock-model\"}]}"},"id":"2adc6a7b-a046-4f90-82bd-b3bc01b4ba66","priority":0,"timeToLive":{"unlimited":true},"times":{"unlimited":true}}, $.httpResponse.body)
17:43:51.662 [main] DEBUG com.networknt.schema.TypeValidator - validate( "{\"models\": [{\"name\": \"mock-model\"}]}", {"httpRequest":{"method":"GET","path":"/api/tags"},"httpResponse":{"statusCode":200,"headers":{"Content-Type":["application/json"]},"body":"{\"models\": [{\"name\": \"mock-model\"}]}"},"id":"2adc6a7b-a046-4f90-82bd-b3bc01b4ba66","priority":0,"timeToLive":{"unlimited":true},"times":{"unlimited":true}}, $.httpResponse.body)
17:43:51.662 [main] DEBUG com.networknt.schema.PropertiesValidator - validate( "{\"models\": [{\"name\": \"mock-model\"}]}", {"httpRequest":{"method":"GET","path":"/api/tags"},"httpResponse":{"statusCode":200,"headers":{"Content-Type":["application/json"]},"body":"{\"models\": [{\"name\": \"mock-model\"}]}"},"id":"2adc6a7b-a046-4f90-82bd-b3bc01b4ba66","priority":0,"timeToLive":{"unlimited":true},"times":{"unlimited":true}}, $.httpResponse.body)
17:43:51.662 [main] DEBUG com.networknt.schema.AdditionalPropertiesValidator - validate( "{\"models\": [{\"name\": \"mock-model\"}]}", {"httpRequest":{"method":"GET","path":"/api/tags"},"httpResponse":{"statusCode":200,"headers":{"Content-Type":["application/json"]},"body":"{\"models\": [{\"name\": \"mock-model\"}]}"},"id":"2adc6a7b-a046-4f90-82bd-b3bc01b4ba66","priority":0,"timeToLive":{"unlimited":true},"times":{"unlimited":true}}, $.httpResponse.body)
17:43:51.662 [main] DEBUG com.networknt.schema.TypeValidator - validate( "{\"models\": [{\"name\": \"mock-model\"}]}", {"httpRequest":{"method":"GET","path":"/api/tags"},"httpResponse":{"statusCode":200,"headers":{"Content-Type":["application/json"]},"body":"{\"models\": [{\"name\": \"mock-model\"}]}"},"id":"2adc6a7b-a046-4f90-82bd-b3bc01b4ba66","priority":0,"timeToLive":{"unlimited":true},"times":{"unlimited":true}}, $.httpResponse.body)
17:43:51.662 [main] DEBUG com.networknt.schema.AdditionalPropertiesValidator - validate( "{\"models\": [{\"name\": \"mock-model\"}]}", {"httpRequest":{"method":"GET","path":"/api/tags"},"httpResponse":{"statusCode":200,"headers":{"Content-Type":["application/json"]},"body":"{\"models\": [{\"name\": \"mock-model\"}]}"},"id":"2adc6a7b-a046-4f90-82bd-b3bc01b4ba66","priority":0,"timeToLive":{"unlimited":true},"times":{"unlimited":true}}, $.httpResponse.body)
17:43:51.662 [main] DEBUG com.networknt.schema.TypeValidator - validate( "{\"models\": [{\"name\": \"mock-model\"}]}", {"httpRequest":{"method":"GET","path":"/api/tags"},"httpResponse":{"statusCode":200,"headers":{"Content-Type":["application/json"]},"body":"{\"models\": [{\"name\": \"mock-model\"}]}"},"id":"2adc6a7b-a046-4f90-82bd-b3bc01b4ba66","priority":0,"timeToLive":{"unlimited":true},"times":{"unlimited":true}}, $.httpResponse.body)
17:43:51.662 [main] DEBUG com.networknt.schema.AdditionalPropertiesValidator - validate( "{\"models\": [{\"name\": \"mock-model\"}]}", {"httpRequest":{"method":"GET","path":"/api/tags"},"httpResponse":{"statusCode":200,"headers":{"Content-Type":["application/json"]},"body":"{\"models\": [{\"name\": \"mock-model\"}]}"},"id":"2adc6a7b-a046-4f90-82bd-b3bc01b4ba66","priority":0,"timeToLive":{"unlimited":true},"times":{"unlimited":true}}, $.httpResponse.body)
17:43:51.662 [main] DEBUG com.networknt.schema.TypeValidator - validate( "{\"models\": [{\"name\": \"mock-model\"}]}", {"httpRequest":{"method":"GET","path":"/api/tags"},"httpResponse":{"statusCode":200,"headers":{"Content-Type":["application/json"]},"body":"{\"models\": [{\"name\": \"mock-model\"}]}"},"id":"2adc6a7b-a046-4f90-82bd-b3bc01b4ba66","priority":0,"timeToLive":{"unlimited":true},"times":{"unlimited":true}}, $.httpResponse.body)
17:43:51.662 [main] DEBUG com.networknt.schema.PropertiesValidator - validate( "{\"models\": [{\"name\": \"mock-model\"}]}", {"httpRequest":{"method":"GET","path":"/api/tags"},"httpResponse":{"statusCode":200,"headers":{"Content-Type":["application/json"]},"body":"{\"models\": [{\"name\": \"mock-model\"}]}"},"id":"2adc6a7b-a046-4f90-82bd-b3bc01b4ba66","priority":0,"timeToLive":{"unlimited":true},"times":{"unlimited":true}}, $.httpResponse.body)
17:43:51.662 [main] DEBUG com.networknt.schema.AdditionalPropertiesValidator - validate( "{\"models\": [{\"name\": \"mock-model\"}]}", {"httpRequest":{"method":"GET","path":"/api/tags"},"httpResponse":{"statusCode":200,"headers":{"Content-Type":["application/json"]},"body":"{\"models\": [{\"name\": \"mock-model\"}]}"},"id":"2adc6a7b-a046-4f90-82bd-b3bc01b4ba66","priority":0,"timeToLive":{"unlimited":true},"times":{"unlimited":true}}, $.httpResponse.body)
17:43:51.662 [main] DEBUG com.networknt.schema.TypeValidator - validate( "{\"models\": [{\"name\": \"mock-model\"}]}", {"httpRequest":{"method":"GET","path":"/api/tags"},"httpResponse":{"statusCode":200,"headers":{"Content-Type":["application/json"]},"body":"{\"models\": [{\"name\": \"mock-model\"}]}"},"id":"2adc6a7b-a046-4f90-82bd-b3bc01b4ba66","priority":0,"timeToLive":{"unlimited":true},"times":{"unlimited":true}}, $.httpResponse.body)
17:43:51.663 [main] DEBUG com.networknt.schema.PropertiesValidator - validate( "{\"models\": [{\"name\": \"mock-model\"}]}", {"httpRequest":{"method":"GET","path":"/api/tags"},"httpResponse":{"statusCode":200,"headers":{"Content-Type":["application/json"]},"body":"{\"models\": [{\"name\": \"mock-model\"}]}"},"id":"2adc6a7b-a046-4f90-82bd-b3bc01b4ba66","priority":0,"timeToLive":{"unlimited":true},"times":{"unlimited":true}}, $.httpResponse.body)
17:43:51.663 [main] DEBUG com.networknt.schema.AdditionalPropertiesValidator - validate( "{\"models\": [{\"name\": \"mock-model\"}]}", {"httpRequest":{"method":"GET","path":"/api/tags"},"httpResponse":{"statusCode":200,"headers":{"Content-Type":["application/json"]},"body":"{\"models\": [{\"name\": \"mock-model\"}]}"},"id":"2adc6a7b-a046-4f90-82bd-b3bc01b4ba66","priority":0,"timeToLive":{"unlimited":true},"times":{"unlimited":true}}, $.httpResponse.body)
17:43:51.663 [main] DEBUG com.networknt.schema.TypeValidator - validate( "{\"models\": [{\"name\": \"mock-model\"}]}", {"httpRequest":{"method":"GET","path":"/api/tags"},"httpResponse":{"statusCode":200,"headers":{"Content-Type":["application/json"]},"body":"{\"models\": [{\"name\": \"mock-model\"}]}"},"id":"2adc6a7b-a046-4f90-82bd-b3bc01b4ba66","priority":0,"timeToLive":{"unlimited":true},"times":{"unlimited":true}}, $.httpResponse.body)
17:43:51.663 [main] DEBUG com.networknt.schema.TypeValidator - validate( "{\"models\": [{\"name\": \"mock-model\"}]}", {"httpRequest":{"method":"GET","path":"/api/tags"},"httpResponse":{"statusCode":200,"headers":{"Content-Type":["application/json"]},"body":"{\"models\": [{\"name\": \"mock-model\"}]}"},"id":"2adc6a7b-a046-4f90-82bd-b3bc01b4ba66","priority":0,"timeToLive":{"unlimited":true},"times":{"unlimited":true}}, $.httpResponse.body)
17:43:51.663 [main] DEBUG com.networknt.schema.RefValidator - validate( {"Content-Type":["application/json"]}, {"httpRequest":{"method":"GET","path":"/api/tags"},"httpResponse":{"statusCode":200,"headers":{"Content-Type":["application/json"]},"body":"{\"models\": [{\"name\": \"mock-model\"}]}"},"id":"2adc6a7b-a046-4f90-82bd-b3bc01b4ba66","priority":0,"timeToLive":{"unlimited":true},"times":{"unlimited":true}}, $.httpResponse.headers)
17:43:51.663 [main] DEBUG com.networknt.schema.OneOfValidator - validate( {"Content-Type":["application/json"]}, {"httpRequest":{"method":"GET","path":"/api/tags"},"httpResponse":{"statusCode":200,"headers":{"Content-Type":["application/json"]},"body":"{\"models\": [{\"name\": \"mock-model\"}]}"},"id":"2adc6a7b-a046-4f90-82bd-b3bc01b4ba66","priority":0,"timeToLive":{"unlimited":true},"times":{"unlimited":true}}, $.httpResponse.headers)
17:43:51.663 [main] DEBUG com.networknt.schema.AdditionalPropertiesValidator - validate( {"Content-Type":["application/json"]}, {"httpRequest":{"method":"GET","path":"/api/tags"},"httpResponse":{"statusCode":200,"headers":{"Content-Type":["application/json"]},"body":"{\"models\": [{\"name\": \"mock-model\"}]}"},"id":"2adc6a7b-a046-4f90-82bd-b3bc01b4ba66","priority":0,"timeToLive":{"unlimited":true},"times":{"unlimited":true}}, $.httpResponse.headers)
17:43:51.664 [main] DEBUG com.networknt.schema.ItemsValidator - validate( {"Content-Type":["application/json"]}, {"httpRequest":{"method":"GET","path":"/api/tags"},"httpResponse":{"statusCode":200,"headers":{"Content-Type":["application/json"]},"body":"{\"models\": [{\"name\": \"mock-model\"}]}"},"id":"2adc6a7b-a046-4f90-82bd-b3bc01b4ba66","priority":0,"timeToLive":{"unlimited":true},"times":{"unlimited":true}}, $.httpResponse.headers)
17:43:51.664 [main] DEBUG com.networknt.schema.TypeValidator - validate( {"Content-Type":["application/json"]}, {"httpRequest":{"method":"GET","path":"/api/tags"},"httpResponse":{"statusCode":200,"headers":{"Content-Type":["application/json"]},"body":"{\"models\": [{\"name\": \"mock-model\"}]}"},"id":"2adc6a7b-a046-4f90-82bd-b3bc01b4ba66","priority":0,"timeToLive":{"unlimited":true},"times":{"unlimited":true}}, $.httpResponse.headers)
17:43:51.664 [main] DEBUG com.networknt.schema.PropertiesValidator - validate( {"Content-Type":["application/json"]}, {"httpRequest":{"method":"GET","path":"/api/tags"},"httpResponse":{"statusCode":200,"headers":{"Content-Type":["application/json"]},"body":"{\"models\": [{\"name\": \"mock-model\"}]}"},"id":"2adc6a7b-a046-4f90-82bd-b3bc01b4ba66","priority":0,"timeToLive":{"unlimited":true},"times":{"unlimited":true}}, $.httpResponse.headers)
17:43:51.664 [main] DEBUG com.networknt.schema.AdditionalPropertiesValidator - validate( {"Content-Type":["application/json"]}, {"httpRequest":{"method":"GET","path":"/api/tags"},"httpResponse":{"statusCode":200,"headers":{"Content-Type":["application/json"]},"body":"{\"models\": [{\"name\": \"mock-model\"}]}"},"id":"2adc6a7b-a046-4f90-82bd-b3bc01b4ba66","priority":0,"timeToLive":{"unlimited":true},"times":{"unlimited":true}}, $.httpResponse.headers)
17:43:51.664 [main] DEBUG com.networknt.schema.PatternPropertiesValidator - validate( {"Content-Type":["application/json"]}, {"httpRequest":{"method":"GET","path":"/api/tags"},"httpResponse":{"statusCode":200,"headers":{"Content-Type":["application/json"]},"body":"{\"models\": [{\"name\": \"mock-model\"}]}"},"id":"2adc6a7b-a046-4f90-82bd-b3bc01b4ba66","priority":0,"timeToLive":{"unlimited":true},"times":{"unlimited":true}}, $.httpResponse.headers)
17:43:51.664 [main] DEBUG com.networknt.schema.OneOfValidator - validate( ["application/json"], {"httpRequest":{"method":"GET","path":"/api/tags"},"httpResponse":{"statusCode":200,"headers":{"Content-Type":["application/json"]},"body":"{\"models\": [{\"name\": \"mock-model\"}]}"},"id":"2adc6a7b-a046-4f90-82bd-b3bc01b4ba66","priority":0,"timeToLive":{"unlimited":true},"times":{"unlimited":true}}, $.httpResponse.headers.Content-Type)
17:43:51.664 [main] DEBUG com.networknt.schema.TypeValidator - validate( ["application/json"], {"httpRequest":{"method":"GET","path":"/api/tags"},"httpResponse":{"statusCode":200,"headers":{"Content-Type":["application/json"]},"body":"{\"models\": [{\"name\": \"mock-model\"}]}"},"id":"2adc6a7b-a046-4f90-82bd-b3bc01b4ba66","priority":0,"timeToLive":{"unlimited":true},"times":{"unlimited":true}}, $.httpResponse.headers.Content-Type)
17:43:51.664 [main] DEBUG com.networknt.schema.AdditionalPropertiesValidator - validate( ["application/json"], {"httpRequest":{"method":"GET","path":"/api/tags"},"httpResponse":{"statusCode":200,"headers":{"Content-Type":["application/json"]},"body":"{\"models\": [{\"name\": \"mock-model\"}]}"},"id":"2adc6a7b-a046-4f90-82bd-b3bc01b4ba66","priority":0,"timeToLive":{"unlimited":true},"times":{"unlimited":true}}, $.httpResponse.headers.Content-Type)
17:43:51.664 [main] DEBUG com.networknt.schema.ItemsValidator - validate( ["application/json"], {"httpRequest":{"method":"GET","path":"/api/tags"},"httpResponse":{"statusCode":200,"headers":{"Content-Type":["application/json"]},"body":"{\"models\": [{\"name\": \"mock-model\"}]}"},"id":"2adc6a7b-a046-4f90-82bd-b3bc01b4ba66","priority":0,"timeToLive":{"unlimited":true},"times":{"unlimited":true}}, $.httpResponse.headers.Content-Type)
17:43:51.664 [main] DEBUG com.networknt.schema.RefValidator - validate( "application/json", {"httpRequest":{"method":"GET","path":"/api/tags"},"httpResponse":{"statusCode":200,"headers":{"Content-Type":["application/json"]},"body":"{\"models\": [{\"name\": \"mock-model\"}]}"},"id":"2adc6a7b-a046-4f90-82bd-b3bc01b4ba66","priority":0,"timeToLive":{"unlimited":true},"times":{"unlimited":true}}, $.httpResponse.headers.Content-Type[0])
17:43:51.664 [main] DEBUG com.networknt.schema.OneOfValidator - validate( "application/json", {"httpRequest":{"method":"GET","path":"/api/tags"},"httpResponse":{"statusCode":200,"headers":{"Content-Type":["application/json"]},"body":"{\"models\": [{\"name\": \"mock-model\"}]}"},"id":"2adc6a7b-a046-4f90-82bd-b3bc01b4ba66","priority":0,"timeToLive":{"unlimited":true},"times":{"unlimited":true}}, $.httpResponse.headers.Content-Type[0])
17:43:51.664 [main] DEBUG com.networknt.schema.TypeValidator - validate( "application/json", {"httpRequest":{"method":"GET","path":"/api/tags"},"httpResponse":{"statusCode":200,"headers":{"Content-Type":["application/json"]},"body":"{\"models\": [{\"name\": \"mock-model\"}]}"},"id":"2adc6a7b-a046-4f90-82bd-b3bc01b4ba66","priority":0,"timeToLive":{"unlimited":true},"times":{"unlimited":true}}, $.httpResponse.headers.Content-Type[0])
17:43:51.664 [main] DEBUG com.networknt.schema.PropertiesValidator - validate( "application/json", {"httpRequest":{"method":"GET","path":"/api/tags"},"httpResponse":{"statusCode":200,"headers":{"Content-Type":["application/json"]},"body":"{\"models\": [{\"name\": \"mock-model\"}]}"},"id":"2adc6a7b-a046-4f90-82bd-b3bc01b4ba66","priority":0,"timeToLive":{"unlimited":true},"times":{"unlimited":true}}, $.httpResponse.headers.Content-Type[0])
17:43:51.664 [main] DEBUG com.networknt.schema.AdditionalPropertiesValidator - validate( "application/json", {"httpRequest":{"method":"GET","path":"/api/tags"},"httpResponse":{"statusCode":200,"headers":{"Content-Type":["application/json"]},"body":"{\"models\": [{\"name\": \"mock-model\"}]}"},"id":"2adc6a7b-a046-4f90-82bd-b3bc01b4ba66","priority":0,"timeToLive":{"unlimited":true},"times":{"unlimited":true}}, $.httpResponse.headers.Content-Type[0])
17:43:51.665 [main] DEBUG com.networknt.schema.TypeValidator - validate( "application/json", {"httpRequest":{"method":"GET","path":"/api/tags"},"httpResponse":{"statusCode":200,"headers":{"Content-Type":["application/json"]},"body":"{\"models\": [{\"name\": \"mock-model\"}]}"},"id":"2adc6a7b-a046-4f90-82bd-b3bc01b4ba66","priority":0,"timeToLive":{"unlimited":true},"times":{"unlimited":true}}, $.httpResponse.headers.Content-Type[0])
17:43:51.665 [main] DEBUG com.networknt.schema.TypeValidator - validate( ["application/json"], {"httpRequest":{"method":"GET","path":"/api/tags"},"httpResponse":{"statusCode":200,"headers":{"Content-Type":["application/json"]},"body":"{\"models\": [{\"name\": \"mock-model\"}]}"},"id":"2adc6a7b-a046-4f90-82bd-b3bc01b4ba66","priority":0,"timeToLive":{"unlimited":true},"times":{"unlimited":true}}, $.httpResponse.headers.Content-Type)
17:43:51.665 [main] DEBUG com.networknt.schema.PropertiesValidator - validate( ["application/json"], {"httpRequest":{"method":"GET","path":"/api/tags"},"httpResponse":{"statusCode":200,"headers":{"Content-Type":["application/json"]},"body":"{\"models\": [{\"name\": \"mock-model\"}]}"},"id":"2adc6a7b-a046-4f90-82bd-b3bc01b4ba66","priority":0,"timeToLive":{"unlimited":true},"times":{"unlimited":true}}, $.httpResponse.headers.Content-Type)
17:43:51.665 [main] DEBUG com.networknt.schema.AdditionalPropertiesValidator - validate( ["application/json"], {"httpRequest":{"method":"GET","path":"/api/tags"},"httpResponse":{"statusCode":200,"headers":{"Content-Type":["application/json"]},"body":"{\"models\": [{\"name\": \"mock-model\"}]}"},"id":"2adc6a7b-a046-4f90-82bd-b3bc01b4ba66","priority":0,"timeToLive":{"unlimited":true},"times":{"unlimited":true}}, $.httpResponse.headers.Content-Type)
17:43:51.665 [main] DEBUG com.networknt.schema.TypeValidator - validate( ["application/json"], {"httpRequest":{"method":"GET","path":"/api/tags"},"httpResponse":{"statusCode":200,"headers":{"Content-Type":["application/json"]},"body":"{\"models\": [{\"name\": \"mock-model\"}]}"},"id":"2adc6a7b-a046-4f90-82bd-b3bc01b4ba66","priority":0,"timeToLive":{"unlimited":true},"times":{"unlimited":true}}, $.httpResponse.headers.Content-Type)
17:43:51.665 [main] DEBUG com.networknt.schema.TypeValidator - validate( {"Content-Type":["application/json"]}, {"httpRequest":{"method":"GET","path":"/api/tags"},"httpResponse":{"statusCode":200,"headers":{"Content-Type":["application/json"]},"body":"{\"models\": [{\"name\": \"mock-model\"}]}"},"id":"2adc6a7b-a046-4f90-82bd-b3bc01b4ba66","priority":0,"timeToLive":{"unlimited":true},"times":{"unlimited":true}}, $.httpResponse.headers)
17:43:51.665 [main] DEBUG com.networknt.schema.TypeValidator - validate( 200, {"httpRequest":{"method":"GET","path":"/api/tags"},"httpResponse":{"statusCode":200,"headers":{"Content-Type":["application/json"]},"body":"{\"models\": [{\"name\": \"mock-model\"}]}"},"id":"2adc6a7b-a046-4f90-82bd-b3bc01b4ba66","priority":0,"timeToLive":{"unlimited":true},"times":{"unlimited":true}}, $.httpResponse.statusCode)
17:43:51.665 [main] DEBUG com.networknt.schema.AdditionalPropertiesValidator - validate( {"statusCode":200,"headers":{"Content-Type":["application/json"]},"body":"{\"models\": [{\"name\": \"mock-model\"}]}"}, {"httpRequest":{"method":"GET","path":"/api/tags"},"httpResponse":{"statusCode":200,"headers":{"Content-Type":["application/json"]},"body":"{\"models\": [{\"name\": \"mock-model\"}]}"},"id":"2adc6a7b-a046-4f90-82bd-b3bc01b4ba66","priority":0,"timeToLive":{"unlimited":true},"times":{"unlimited":true}}, $.httpResponse)
17:43:51.665 [main] DEBUG com.networknt.schema.TypeValidator - validate( {"statusCode":200,"headers":{"Content-Type":["application/json"]},"body":"{\"models\": [{\"name\": \"mock-model\"}]}"}, {"httpRequest":{"method":"GET","path":"/api/tags"},"httpResponse":{"statusCode":200,"headers":{"Content-Type":["application/json"]},"body":"{\"models\": [{\"name\": \"mock-model\"}]}"},"id":"2adc6a7b-a046-4f90-82bd-b3bc01b4ba66","priority":0,"timeToLive":{"unlimited":true},"times":{"unlimited":true}}, $.httpResponse)
17:43:51.665 [main] DEBUG com.networknt.schema.RefValidator - validate( {"unlimited":true}, {"httpRequest":{"method":"GET","path":"/api/tags"},"httpResponse":{"statusCode":200,"headers":{"Content-Type":["application/json"]},"body":"{\"models\": [{\"name\": \"mock-model\"}]}"},"id":"2adc6a7b-a046-4f90-82bd-b3bc01b4ba66","priority":0,"timeToLive":{"unlimited":true},"times":{"unlimited":true}}, $.times)
17:43:51.665 [main] DEBUG com.networknt.schema.PropertiesValidator - validate( {"unlimited":true}, {"httpRequest":{"method":"GET","path":"/api/tags"},"httpResponse":{"statusCode":200,"headers":{"Content-Type":["application/json"]},"body":"{\"models\": [{\"name\": \"mock-model\"}]}"},"id":"2adc6a7b-a046-4f90-82bd-b3bc01b4ba66","priority":0,"timeToLive":{"unlimited":true},"times":{"unlimited":true}}, $.times)
17:43:51.665 [main] DEBUG com.networknt.schema.TypeValidator - validate( true, {"httpRequest":{"method":"GET","path":"/api/tags"},"httpResponse":{"statusCode":200,"headers":{"Content-Type":["application/json"]},"body":"{\"models\": [{\"name\": \"mock-model\"}]}"},"id":"2adc6a7b-a046-4f90-82bd-b3bc01b4ba66","priority":0,"timeToLive":{"unlimited":true},"times":{"unlimited":true}}, $.times.unlimited)
17:43:51.665 [main] DEBUG com.networknt.schema.AdditionalPropertiesValidator - validate( {"unlimited":true}, {"httpRequest":{"method":"GET","path":"/api/tags"},"httpResponse":{"statusCode":200,"headers":{"Content-Type":["application/json"]},"body":"{\"models\": [{\"name\": \"mock-model\"}]}"},"id":"2adc6a7b-a046-4f90-82bd-b3bc01b4ba66","priority":0,"timeToLive":{"unlimited":true},"times":{"unlimited":true}}, $.times)
17:43:51.665 [main] DEBUG com.networknt.schema.TypeValidator - validate( {"unlimited":true}, {"httpRequest":{"method":"GET","path":"/api/tags"},"httpResponse":{"statusCode":200,"headers":{"Content-Type":["application/json"]},"body":"{\"models\": [{\"name\": \"mock-model\"}]}"},"id":"2adc6a7b-a046-4f90-82bd-b3bc01b4ba66","priority":0,"timeToLive":{"unlimited":true},"times":{"unlimited":true}}, $.times)
17:43:51.665 [main] DEBUG com.networknt.schema.RefValidator - validate( {"unlimited":true}, {"httpRequest":{"method":"GET","path":"/api/tags"},"httpResponse":{"statusCode":200,"headers":{"Content-Type":["application/json"]},"body":"{\"models\": [{\"name\": \"mock-model\"}]}"},"id":"2adc6a7b-a046-4f90-82bd-b3bc01b4ba66","priority":0,"timeToLive":{"unlimited":true},"times":{"unlimited":true}}, $.timeToLive)
17:43:51.665 [main] DEBUG com.networknt.schema.PropertiesValidator - validate( {"unlimited":true}, {"httpRequest":{"method":"GET","path":"/api/tags"},"httpResponse":{"statusCode":200,"headers":{"Content-Type":["application/json"]},"body":"{\"models\": [{\"name\": \"mock-model\"}]}"},"id":"2adc6a7b-a046-4f90-82bd-b3bc01b4ba66","priority":0,"timeToLive":{"unlimited":true},"times":{"unlimited":true}}, $.timeToLive)
17:43:51.665 [main] DEBUG com.networknt.schema.TypeValidator - validate( true, {"httpRequest":{"method":"GET","path":"/api/tags"},"httpResponse":{"statusCode":200,"headers":{"Content-Type":["application/json"]},"body":"{\"models\": [{\"name\": \"mock-model\"}]}"},"id":"2adc6a7b-a046-4f90-82bd-b3bc01b4ba66","priority":0,"timeToLive":{"unlimited":true},"times":{"unlimited":true}}, $.timeToLive.unlimited)
17:43:51.666 [main] DEBUG com.networknt.schema.AdditionalPropertiesValidator - validate( {"unlimited":true}, {"httpRequest":{"method":"GET","path":"/api/tags"},"httpResponse":{"statusCode":200,"headers":{"Content-Type":["application/json"]},"body":"{\"models\": [{\"name\": \"mock-model\"}]}"},"id":"2adc6a7b-a046-4f90-82bd-b3bc01b4ba66","priority":0,"timeToLive":{"unlimited":true},"times":{"unlimited":true}}, $.timeToLive)
17:43:51.666 [main] DEBUG com.networknt.schema.TypeValidator - validate( {"unlimited":true}, {"httpRequest":{"method":"GET","path":"/api/tags"},"httpResponse":{"statusCode":200,"headers":{"Content-Type":["application/json"]},"body":"{\"models\": [{\"name\": \"mock-model\"}]}"},"id":"2adc6a7b-a046-4f90-82bd-b3bc01b4ba66","priority":0,"timeToLive":{"unlimited":true},"times":{"unlimited":true}}, $.timeToLive)
17:43:51.666 [main] DEBUG com.networknt.schema.AdditionalPropertiesValidator - validate( {"httpRequest":{"method":"GET","path":"/api/tags"},"httpResponse":{"statusCode":200,"headers":{"Content-Type":["application/json"]},"body":"{\"models\": [{\"name\": \"mock-model\"}]}"},"id":"2adc6a7b-a046-4f90-82bd-b3bc01b4ba66","priority":0,"timeToLive":{"unlimited":true},"times":{"unlimited":true}}, {"httpRequest":{"method":"GET","path":"/api/tags"},"httpResponse":{"statusCode":200,"headers":{"Content-Type":["application/json"]},"body":"{\"models\": [{\"name\": \"mock-model\"}]}"},"id":"2adc6a7b-a046-4f90-82bd-b3bc01b4ba66","priority":0,"timeToLive":{"unlimited":true},"times":{"unlimited":true}}, $)
17:43:51.666 [main] DEBUG com.networknt.schema.OneOfValidator - validate( {"httpRequest":{"method":"GET","path":"/api/tags"},"httpResponse":{"statusCode":200,"headers":{"Content-Type":["application/json"]},"body":"{\"models\": [{\"name\": \"mock-model\"}]}"},"id":"2adc6a7b-a046-4f90-82bd-b3bc01b4ba66","priority":0,"timeToLive":{"unlimited":true},"times":{"unlimited":true}}, {"httpRequest":{"method":"GET","path":"/api/tags"},"httpResponse":{"statusCode":200,"headers":{"Content-Type":["application/json"]},"body":"{\"models\": [{\"name\": \"mock-model\"}]}"},"id":"2adc6a7b-a046-4f90-82bd-b3bc01b4ba66","priority":0,"timeToLive":{"unlimited":true},"times":{"unlimited":true}}, $)
17:43:51.666 [main] DEBUG com.networknt.schema.RequiredValidator - validate( {"httpRequest":{"method":"GET","path":"/api/tags"},"httpResponse":{"statusCode":200,"headers":{"Content-Type":["application/json"]},"body":"{\"models\": [{\"name\": \"mock-model\"}]}"},"id":"2adc6a7b-a046-4f90-82bd-b3bc01b4ba66","priority":0,"timeToLive":{"unlimited":true},"times":{"unlimited":true}}, {"httpRequest":{"method":"GET","path":"/api/tags"},"httpResponse":{"statusCode":200,"headers":{"Content-Type":["application/json"]},"body":"{\"models\": [{\"name\": \"mock-model\"}]}"},"id":"2adc6a7b-a046-4f90-82bd-b3bc01b4ba66","priority":0,"timeToLive":{"unlimited":true},"times":{"unlimited":true}}, $)
17:43:51.666 [main] DEBUG com.networknt.schema.RequiredValidator - validate( {"httpRequest":{"method":"GET","path":"/api/tags"},"httpResponse":{"statusCode":200,"headers":{"Content-Type":["application/json"]},"body":"{\"models\": [{\"name\": \"mock-model\"}]}"},"id":"2adc6a7b-a046-4f90-82bd-b3bc01b4ba66","priority":0,"timeToLive":{"unlimited":true},"times":{"unlimited":true}}, {"httpRequest":{"method":"GET","path":"/api/tags"},"httpResponse":{"statusCode":200,"headers":{"Content-Type":["application/json"]},"body":"{\"models\": [{\"name\": \"mock-model\"}]}"},"id":"2adc6a7b-a046-4f90-82bd-b3bc01b4ba66","priority":0,"timeToLive":{"unlimited":true},"times":{"unlimited":true}}, $)
17:43:51.666 [main] DEBUG com.networknt.schema.RequiredValidator - validate( {"httpRequest":{"method":"GET","path":"/api/tags"},"httpResponse":{"statusCode":200,"headers":{"Content-Type":["application/json"]},"body":"{\"models\": [{\"name\": \"mock-model\"}]}"},"id":"2adc6a7b-a046-4f90-82bd-b3bc01b4ba66","priority":0,"timeToLive":{"unlimited":true},"times":{"unlimited":true}}, {"httpRequest":{"method":"GET","path":"/api/tags"},"httpResponse":{"statusCode":200,"headers":{"Content-Type":["application/json"]},"body":"{\"models\": [{\"name\": \"mock-model\"}]}"},"id":"2adc6a7b-a046-4f90-82bd-b3bc01b4ba66","priority":0,"timeToLive":{"unlimited":true},"times":{"unlimited":true}}, $)
17:43:51.666 [main] DEBUG com.networknt.schema.RequiredValidator - validate( {"httpRequest":{"method":"GET","path":"/api/tags"},"httpResponse":{"statusCode":200,"headers":{"Content-Type":["application/json"]},"body":"{\"models\": [{\"name\": \"mock-model\"}]}"},"id":"2adc6a7b-a046-4f90-82bd-b3bc01b4ba66","priority":0,"timeToLive":{"unlimited":true},"times":{"unlimited":true}}, {"httpRequest":{"method":"GET","path":"/api/tags"},"httpResponse":{"statusCode":200,"headers":{"Content-Type":["application/json"]},"body":"{\"models\": [{\"name\": \"mock-model\"}]}"},"id":"2adc6a7b-a046-4f90-82bd-b3bc01b4ba66","priority":0,"timeToLive":{"unlimited":true},"times":{"unlimited":true}}, $)
17:43:51.666 [main] DEBUG com.networknt.schema.RequiredValidator - validate( {"httpRequest":{"method":"GET","path":"/api/tags"},"httpResponse":{"statusCode":200,"headers":{"Content-Type":["application/json"]},"body":"{\"models\": [{\"name\": \"mock-model\"}]}"},"id":"2adc6a7b-a046-4f90-82bd-b3bc01b4ba66","priority":0,"timeToLive":{"unlimited":true},"times":{"unlimited":true}}, {"httpRequest":{"method":"GET","path":"/api/tags"},"httpResponse":{"statusCode":200,"headers":{"Content-Type":["application/json"]},"body":"{\"models\": [{\"name\": \"mock-model\"}]}"},"id":"2adc6a7b-a046-4f90-82bd-b3bc01b4ba66","priority":0,"timeToLive":{"unlimited":true},"times":{"unlimited":true}}, $)
17:43:51.666 [main] DEBUG com.networknt.schema.RequiredValidator - validate( {"httpRequest":{"method":"GET","path":"/api/tags"},"httpResponse":{"statusCode":200,"headers":{"Content-Type":["application/json"]},"body":"{\"models\": [{\"name\": \"mock-model\"}]}"},"id":"2adc6a7b-a046-4f90-82bd-b3bc01b4ba66","priority":0,"timeToLive":{"unlimited":true},"times":{"unlimited":true}}, {"httpRequest":{"method":"GET","path":"/api/tags"},"httpResponse":{"statusCode":200,"headers":{"Content-Type":["application/json"]},"body":"{\"models\": [{\"name\": \"mock-model\"}]}"},"id":"2adc6a7b-a046-4f90-82bd-b3bc01b4ba66","priority":0,"timeToLive":{"unlimited":true},"times":{"unlimited":true}}, $)
17:43:51.666 [main] DEBUG com.networknt.schema.RequiredValidator - validate( {"httpRequest":{"method":"GET","path":"/api/tags"},"httpResponse":{"statusCode":200,"headers":{"Content-Type":["application/json"]},"body":"{\"models\": [{\"name\": \"mock-model\"}]}"},"id":"2adc6a7b-a046-4f90-82bd-b3bc01b4ba66","priority":0,"timeToLive":{"unlimited":true},"times":{"unlimited":true}}, {"httpRequest":{"method":"GET","path":"/api/tags"},"httpResponse":{"statusCode":200,"headers":{"Content-Type":["application/json"]},"body":"{\"models\": [{\"name\": \"mock-model\"}]}"},"id":"2adc6a7b-a046-4f90-82bd-b3bc01b4ba66","priority":0,"timeToLive":{"unlimited":true},"times":{"unlimited":true}}, $)
17:43:51.666 [main] DEBUG com.networknt.schema.RequiredValidator - validate( {"httpRequest":{"method":"GET","path":"/api/tags"},"httpResponse":{"statusCode":200,"headers":{"Content-Type":["application/json"]},"body":"{\"models\": [{\"name\": \"mock-model\"}]}"},"id":"2adc6a7b-a046-4f90-82bd-b3bc01b4ba66","priority":0,"timeToLive":{"unlimited":true},"times":{"unlimited":true}}, {"httpRequest":{"method":"GET","path":"/api/tags"},"httpResponse":{"statusCode":200,"headers":{"Content-Type":["application/json"]},"body":"{\"models\": [{\"name\": \"mock-model\"}]}"},"id":"2adc6a7b-a046-4f90-82bd-b3bc01b4ba66","priority":0,"timeToLive":{"unlimited":true},"times":{"unlimited":true}}, $)
17:43:51.666 [main] DEBUG com.networknt.schema.RequiredValidator - validate( {"httpRequest":{"method":"GET","path":"/api/tags"},"httpResponse":{"statusCode":200,"headers":{"Content-Type":["application/json"]},"body":"{\"models\": [{\"name\": \"mock-model\"}]}"},"id":"2adc6a7b-a046-4f90-82bd-b3bc01b4ba66","priority":0,"timeToLive":{"unlimited":true},"times":{"unlimited":true}}, {"httpRequest":{"method":"GET","path":"/api/tags"},"httpResponse":{"statusCode":200,"headers":{"Content-Type":["application/json"]},"body":"{\"models\": [{\"name\": \"mock-model\"}]}"},"id":"2adc6a7b-a046-4f90-82bd-b3bc01b4ba66","priority":0,"timeToLive":{"unlimited":true},"times":{"unlimited":true}}, $)
17:43:51.666 [main] DEBUG com.networknt.schema.RequiredValidator - validate( {"httpRequest":{"method":"GET","path":"/api/tags"},"httpResponse":{"statusCode":200,"headers":{"Content-Type":["application/json"]},"body":"{\"models\": [{\"name\": \"mock-model\"}]}"},"id":"2adc6a7b-a046-4f90-82bd-b3bc01b4ba66","priority":0,"timeToLive":{"unlimited":true},"times":{"unlimited":true}}, {"httpRequest":{"method":"GET","path":"/api/tags"},"httpResponse":{"statusCode":200,"headers":{"Content-Type":["application/json"]},"body":"{\"models\": [{\"name\": \"mock-model\"}]}"},"id":"2adc6a7b-a046-4f90-82bd-b3bc01b4ba66","priority":0,"timeToLive":{"unlimited":true},"times":{"unlimited":true}}, $)
17:43:51.666 [main] DEBUG com.networknt.schema.TypeValidator - validate( {"httpRequest":{"method":"GET","path":"/api/tags"},"httpResponse":{"statusCode":200,"headers":{"Content-Type":["application/json"]},"body":"{\"models\": [{\"name\": \"mock-model\"}]}"},"id":"2adc6a7b-a046-4f90-82bd-b3bc01b4ba66","priority":0,"timeToLive":{"unlimited":true},"times":{"unlimited":true}}, {"httpRequest":{"method":"GET","path":"/api/tags"},"httpResponse":{"statusCode":200,"headers":{"Content-Type":["application/json"]},"body":"{\"models\": [{\"name\": \"mock-model\"}]}"},"id":"2adc6a7b-a046-4f90-82bd-b3bc01b4ba66","priority":0,"timeToLive":{"unlimited":true},"times":{"unlimited":true}}, $)
17:43:51.789 [main] DEBUG com.networknt.schema.PropertiesValidator - validate( {"httpRequest":{"method":"POST","path":"/api/chat"},"httpResponse":{"statusCode":200,"headers":{"Content-Type":["application/json"]},"body":"{\"message\": {\"role\": \"assistant\", \"content\": \"Hello from MockServer!\"}}"},"id":"2dab81a9-d887-4010-897d-17e7233140c2","priority":0,"timeToLive":{"unlimited":true},"times":{"unlimited":true}}, {"httpRequest":{"method":"POST","path":"/api/chat"},"httpResponse":{"statusCode":200,"headers":{"Content-Type":["application/json"]},"body":"{\"message\": {\"role\": \"assistant\", \"content\": \"Hello from MockServer!\"}}"},"id":"2dab81a9-d887-4010-897d-17e7233140c2","priority":0,"timeToLive":{"unlimited":true},"times":{"unlimited":true}}, $)
17:43:51.789 [main] DEBUG com.networknt.schema.TypeValidator - validate( "2dab81a9-d887-4010-897d-17e7233140c2", {"httpRequest":{"method":"POST","path":"/api/chat"},"httpResponse":{"statusCode":200,"headers":{"Content-Type":["application/json"]},"body":"{\"message\": {\"role\": \"assistant\", \"content\": \"Hello from MockServer!\"}}"},"id":"2dab81a9-d887-4010-897d-17e7233140c2","priority":0,"timeToLive":{"unlimited":true},"times":{"unlimited":true}}, $.id)
17:43:51.789 [main] DEBUG com.networknt.schema.TypeValidator - validate( 0, {"httpRequest":{"method":"POST","path":"/api/chat"},"httpResponse":{"statusCode":200,"headers":{"Content-Type":["application/json"]},"body":"{\"message\": {\"role\": \"assistant\", \"content\": \"Hello from MockServer!\"}}"},"id":"2dab81a9-d887-4010-897d-17e7233140c2","priority":0,"timeToLive":{"unlimited":true},"times":{"unlimited":true}}, $.priority)
17:43:51.789 [main] DEBUG com.networknt.schema.RefValidator - validate( {"method":"POST","path":"/api/chat"}, {"httpRequest":{"method":"POST","path":"/api/chat"},"httpResponse":{"statusCode":200,"headers":{"Content-Type":["application/json"]},"body":"{\"message\": {\"role\": \"assistant\", \"content\": \"Hello from MockServer!\"}}"},"id":"2dab81a9-d887-4010-897d-17e7233140c2","priority":0,"timeToLive":{"unlimited":true},"times":{"unlimited":true}}, $.httpRequest)
17:43:51.789 [main] DEBUG com.networknt.schema.RequiredValidator - validate( {"method":"POST","path":"/api/chat"}, {"httpRequest":{"method":"POST","path":"/api/chat"},"httpResponse":{"statusCode":200,"headers":{"Content-Type":["application/json"]},"body":"{\"message\": {\"role\": \"assistant\", \"content\": \"Hello from MockServer!\"}}"},"id":"2dab81a9-d887-4010-897d-17e7233140c2","priority":0,"timeToLive":{"unlimited":true},"times":{"unlimited":true}}, $.httpRequest)
17:43:51.789 [main] DEBUG com.networknt.schema.RefValidator - validate( {"method":"POST","path":"/api/chat"}, {"httpRequest":{"method":"POST","path":"/api/chat"},"httpResponse":{"statusCode":200,"headers":{"Content-Type":["application/json"]},"body":"{\"message\": {\"role\": \"assistant\", \"content\": \"Hello from MockServer!\"}}"},"id":"2dab81a9-d887-4010-897d-17e7233140c2","priority":0,"timeToLive":{"unlimited":true},"times":{"unlimited":true}}, $.httpRequest)
17:43:51.789 [main] DEBUG com.networknt.schema.PropertiesValidator - validate( {"method":"POST","path":"/api/chat"}, {"httpRequest":{"method":"POST","path":"/api/chat"},"httpResponse":{"statusCode":200,"headers":{"Content-Type":["application/json"]},"body":"{\"message\": {\"role\": \"assistant\", \"content\": \"Hello from MockServer!\"}}"},"id":"2dab81a9-d887-4010-897d-17e7233140c2","priority":0,"timeToLive":{"unlimited":true},"times":{"unlimited":true}}, $.httpRequest)
17:43:51.789 [main] DEBUG com.networknt.schema.RefValidator - validate( "POST", {"httpRequest":{"method":"POST","path":"/api/chat"},"httpResponse":{"statusCode":200,"headers":{"Content-Type":["application/json"]},"body":"{\"message\": {\"role\": \"assistant\", \"content\": \"Hello from MockServer!\"}}"},"id":"2dab81a9-d887-4010-897d-17e7233140c2","priority":0,"timeToLive":{"unlimited":true},"times":{"unlimited":true}}, $.httpRequest.method)
17:43:51.789 [main] DEBUG com.networknt.schema.OneOfValidator - validate( "POST", {"httpRequest":{"method":"POST","path":"/api/chat"},"httpResponse":{"statusCode":200,"headers":{"Content-Type":["application/json"]},"body":"{\"message\": {\"role\": \"assistant\", \"content\": \"Hello from MockServer!\"}}"},"id":"2dab81a9-d887-4010-897d-17e7233140c2","priority":0,"timeToLive":{"unlimited":true},"times":{"unlimited":true}}, $.httpRequest.method)
17:43:51.789 [main] DEBUG com.networknt.schema.TypeValidator - validate( "POST", {"httpRequest":{"method":"POST","path":"/api/chat"},"httpResponse":{"statusCode":200,"headers":{"Content-Type":["application/json"]},"body":"{\"message\": {\"role\": \"assistant\", \"content\": \"Hello from MockServer!\"}}"},"id":"2dab81a9-d887-4010-897d-17e7233140c2","priority":0,"timeToLive":{"unlimited":true},"times":{"unlimited":true}}, $.httpRequest.method)
17:43:51.789 [main] DEBUG com.networknt.schema.PropertiesValidator - validate( "POST", {"httpRequest":{"method":"POST","path":"/api/chat"},"httpResponse":{"statusCode":200,"headers":{"Content-Type":["application/json"]},"body":"{\"message\": {\"role\": \"assistant\", \"content\": \"Hello from MockServer!\"}}"},"id":"2dab81a9-d887-4010-897d-17e7233140c2","priority":0,"timeToLive":{"unlimited":true},"times":{"unlimited":true}}, $.httpRequest.method)
17:43:51.789 [main] DEBUG com.networknt.schema.AdditionalPropertiesValidator - validate( "POST", {"httpRequest":{"method":"POST","path":"/api/chat"},"httpResponse":{"statusCode":200,"headers":{"Content-Type":["application/json"]},"body":"{\"message\": {\"role\": \"assistant\", \"content\": \"Hello from MockServer!\"}}"},"id":"2dab81a9-d887-4010-897d-17e7233140c2","priority":0,"timeToLive":{"unlimited":true},"times":{"unlimited":true}}, $.httpRequest.method)
17:43:51.789 [main] DEBUG com.networknt.schema.TypeValidator - validate( "POST", {"httpRequest":{"method":"POST","path":"/api/chat"},"httpResponse":{"statusCode":200,"headers":{"Content-Type":["application/json"]},"body":"{\"message\": {\"role\": \"assistant\", \"content\": \"Hello from MockServer!\"}}"},"id":"2dab81a9-d887-4010-897d-17e7233140c2","priority":0,"timeToLive":{"unlimited":true},"times":{"unlimited":true}}, $.httpRequest.method)
17:43:51.790 [main] DEBUG com.networknt.schema.RefValidator - validate( "/api/chat", {"httpRequest":{"method":"POST","path":"/api/chat"},"httpResponse":{"statusCode":200,"headers":{"Content-Type":["application/json"]},"body":"{\"message\": {\"role\": \"assistant\", \"content\": \"Hello from MockServer!\"}}"},"id":"2dab81a9-d887-4010-897d-17e7233140c2","priority":0,"timeToLive":{"unlimited":true},"times":{"unlimited":true}}, $.httpRequest.path)
17:43:51.790 [main] DEBUG com.networknt.schema.OneOfValidator - validate( "/api/chat", {"httpRequest":{"method":"POST","path":"/api/chat"},"httpResponse":{"statusCode":200,"headers":{"Content-Type":["application/json"]},"body":"{\"message\": {\"role\": \"assistant\", \"content\": \"Hello from MockServer!\"}}"},"id":"2dab81a9-d887-4010-897d-17e7233140c2","priority":0,"timeToLive":{"unlimited":true},"times":{"unlimited":true}}, $.httpRequest.path)
17:43:51.790 [main] DEBUG com.networknt.schema.TypeValidator - validate( "/api/chat", {"httpRequest":{"method":"POST","path":"/api/chat"},"httpResponse":{"statusCode":200,"headers":{"Content-Type":["application/json"]},"body":"{\"message\": {\"role\": \"assistant\", \"content\": \"Hello from MockServer!\"}}"},"id":"2dab81a9-d887-4010-897d-17e7233140c2","priority":0,"timeToLive":{"unlimited":true},"times":{"unlimited":true}}, $.httpRequest.path)
17:43:51.790 [main] DEBUG com.networknt.schema.PropertiesValidator - validate( "/api/chat", {"httpRequest":{"method":"POST","path":"/api/chat"},"httpResponse":{"statusCode":200,"headers":{"Content-Type":["application/json"]},"body":"{\"message\": {\"role\": \"assistant\", \"content\": \"Hello from MockServer!\"}}"},"id":"2dab81a9-d887-4010-897d-17e7233140c2","priority":0,"timeToLive":{"unlimited":true},"times":{"unlimited":true}}, $.httpRequest.path)
17:43:51.790 [main] DEBUG com.networknt.schema.AdditionalPropertiesValidator - validate( "/api/chat", {"httpRequest":{"method":"POST","path":"/api/chat"},"httpResponse":{"statusCode":200,"headers":{"Content-Type":["application/json"]},"body":"{\"message\": {\"role\": \"assistant\", \"content\": \"Hello from MockServer!\"}}"},"id":"2dab81a9-d887-4010-897d-17e7233140c2","priority":0,"timeToLive":{"unlimited":true},"times":{"unlimited":true}}, $.httpRequest.path)
17:43:51.790 [main] DEBUG com.networknt.schema.TypeValidator - validate( "/api/chat", {"httpRequest":{"method":"POST","path":"/api/chat"},"httpResponse":{"statusCode":200,"headers":{"Content-Type":["application/json"]},"body":"{\"message\": {\"role\": \"assistant\", \"content\": \"Hello from MockServer!\"}}"},"id":"2dab81a9-d887-4010-897d-17e7233140c2","priority":0,"timeToLive":{"unlimited":true},"times":{"unlimited":true}}, $.httpRequest.path)
17:43:51.790 [main] DEBUG com.networknt.schema.AdditionalPropertiesValidator - validate( {"method":"POST","path":"/api/chat"}, {"httpRequest":{"method":"POST","path":"/api/chat"},"httpResponse":{"statusCode":200,"headers":{"Content-Type":["application/json"]},"body":"{\"message\": {\"role\": \"assistant\", \"content\": \"Hello from MockServer!\"}}"},"id":"2dab81a9-d887-4010-897d-17e7233140c2","priority":0,"timeToLive":{"unlimited":true},"times":{"unlimited":true}}, $.httpRequest)
17:43:51.790 [main] DEBUG com.networknt.schema.TypeValidator - validate( {"method":"POST","path":"/api/chat"}, {"httpRequest":{"method":"POST","path":"/api/chat"},"httpResponse":{"statusCode":200,"headers":{"Content-Type":["application/json"]},"body":"{\"message\": {\"role\": \"assistant\", \"content\": \"Hello from MockServer!\"}}"},"id":"2dab81a9-d887-4010-897d-17e7233140c2","priority":0,"timeToLive":{"unlimited":true},"times":{"unlimited":true}}, $.httpRequest)
17:43:51.790 [main] DEBUG com.networknt.schema.RefValidator - validate( {"statusCode":200,"headers":{"Content-Type":["application/json"]},"body":"{\"message\": {\"role\": \"assistant\", \"content\": \"Hello from MockServer!\"}}"}, {"httpRequest":{"method":"POST","path":"/api/chat"},"httpResponse":{"statusCode":200,"headers":{"Content-Type":["application/json"]},"body":"{\"message\": {\"role\": \"assistant\", \"content\": \"Hello from MockServer!\"}}"},"id":"2dab81a9-d887-4010-897d-17e7233140c2","priority":0,"timeToLive":{"unlimited":true},"times":{"unlimited":true}}, $.httpResponse)
17:43:51.790 [main] DEBUG com.networknt.schema.PropertiesValidator - validate( {"statusCode":200,"headers":{"Content-Type":["application/json"]},"body":"{\"message\": {\"role\": \"assistant\", \"content\": \"Hello from MockServer!\"}}"}, {"httpRequest":{"method":"POST","path":"/api/chat"},"httpResponse":{"statusCode":200,"headers":{"Content-Type":["application/json"]},"body":"{\"message\": {\"role\": \"assistant\", \"content\": \"Hello from MockServer!\"}}"},"id":"2dab81a9-d887-4010-897d-17e7233140c2","priority":0,"timeToLive":{"unlimited":true},"times":{"unlimited":true}}, $.httpResponse)
17:43:51.790 [main] DEBUG com.networknt.schema.RefValidator - validate( "{\"message\": {\"role\": \"assistant\", \"content\": \"Hello from MockServer!\"}}", {"httpRequest":{"method":"POST","path":"/api/chat"},"httpResponse":{"statusCode":200,"headers":{"Content-Type":["application/json"]},"body":"{\"message\": {\"role\": \"assistant\", \"content\": \"Hello from MockServer!\"}}"},"id":"2dab81a9-d887-4010-897d-17e7233140c2","priority":0,"timeToLive":{"unlimited":true},"times":{"unlimited":true}}, $.httpResponse.body)
17:43:51.790 [main] DEBUG com.networknt.schema.RequiredValidator - validate( "{\"message\": {\"role\": \"assistant\", \"content\": \"Hello from MockServer!\"}}", {"httpRequest":{"method":"POST","path":"/api/chat"},"httpResponse":{"statusCode":200,"headers":{"Content-Type":["application/json"]},"body":"{\"message\": {\"role\": \"assistant\", \"content\": \"Hello from MockServer!\"}}"},"id":"2dab81a9-d887-4010-897d-17e7233140c2","priority":0,"timeToLive":{"unlimited":true},"times":{"unlimited":true}}, $.httpResponse.body)
17:43:51.790 [main] DEBUG com.networknt.schema.PropertiesValidator - validate( "{\"message\": {\"role\": \"assistant\", \"content\": \"Hello from MockServer!\"}}", {"httpRequest":{"method":"POST","path":"/api/chat"},"httpResponse":{"statusCode":200,"headers":{"Content-Type":["application/json"]},"body":"{\"message\": {\"role\": \"assistant\", \"content\": \"Hello from MockServer!\"}}"},"id":"2dab81a9-d887-4010-897d-17e7233140c2","priority":0,"timeToLive":{"unlimited":true},"times":{"unlimited":true}}, $.httpResponse.body)
17:43:51.790 [main] DEBUG com.networknt.schema.AdditionalPropertiesValidator - validate( "{\"message\": {\"role\": \"assistant\", \"content\": \"Hello from MockServer!\"}}", {"httpRequest":{"method":"POST","path":"/api/chat"},"httpResponse":{"statusCode":200,"headers":{"Content-Type":["application/json"]},"body":"{\"message\": {\"role\": \"assistant\", \"content\": \"Hello from MockServer!\"}}"},"id":"2dab81a9-d887-4010-897d-17e7233140c2","priority":0,"timeToLive":{"unlimited":true},"times":{"unlimited":true}}, $.httpResponse.body)
17:43:51.790 [main] DEBUG com.networknt.schema.TypeValidator - validate( "{\"message\": {\"role\": \"assistant\", \"content\": \"Hello from MockServer!\"}}", {"httpRequest":{"method":"POST","path":"/api/chat"},"httpResponse":{"statusCode":200,"headers":{"Content-Type":["application/json"]},"body":"{\"message\": {\"role\": \"assistant\", \"content\": \"Hello from MockServer!\"}}"},"id":"2dab81a9-d887-4010-897d-17e7233140c2","priority":0,"timeToLive":{"unlimited":true},"times":{"unlimited":true}}, $.httpResponse.body)
17:43:51.790 [main] DEBUG com.networknt.schema.PropertiesValidator - validate( "{\"message\": {\"role\": \"assistant\", \"content\": \"Hello from MockServer!\"}}", {"httpRequest":{"method":"POST","path":"/api/chat"},"httpResponse":{"statusCode":200,"headers":{"Content-Type":["application/json"]},"body":"{\"message\": {\"role\": \"assistant\", \"content\": \"Hello from MockServer!\"}}"},"id":"2dab81a9-d887-4010-897d-17e7233140c2","priority":0,"timeToLive":{"unlimited":true},"times":{"unlimited":true}}, $.httpResponse.body)
17:43:51.790 [main] DEBUG com.networknt.schema.AdditionalPropertiesValidator - validate( "{\"message\": {\"role\": \"assistant\", \"content\": \"Hello from MockServer!\"}}", {"httpRequest":{"method":"POST","path":"/api/chat"},"httpResponse":{"statusCode":200,"headers":{"Content-Type":["application/json"]},"body":"{\"message\": {\"role\": \"assistant\", \"content\": \"Hello from MockServer!\"}}"},"id":"2dab81a9-d887-4010-897d-17e7233140c2","priority":0,"timeToLive":{"unlimited":true},"times":{"unlimited":true}}, $.httpResponse.body)
17:43:51.790 [main] DEBUG com.networknt.schema.TypeValidator - validate( "{\"message\": {\"role\": \"assistant\", \"content\": \"Hello from MockServer!\"}}", {"httpRequest":{"method":"POST","path":"/api/chat"},"httpResponse":{"statusCode":200,"headers":{"Content-Type":["application/json"]},"body":"{\"message\": {\"role\": \"assistant\", \"content\": \"Hello from MockServer!\"}}"},"id":"2dab81a9-d887-4010-897d-17e7233140c2","priority":0,"timeToLive":{"unlimited":true},"times":{"unlimited":true}}, $.httpResponse.body)
17:43:51.790 [main] DEBUG com.networknt.schema.AdditionalPropertiesValidator - validate( "{\"message\": {\"role\": \"assistant\", \"content\": \"Hello from MockServer!\"}}", {"httpRequest":{"method":"POST","path":"/api/chat"},"httpResponse":{"statusCode":200,"headers":{"Content-Type":["application/json"]},"body":"{\"message\": {\"role\": \"assistant\", \"content\": \"Hello from MockServer!\"}}"},"id":"2dab81a9-d887-4010-897d-17e7233140c2","priority":0,"timeToLive":{"unlimited":true},"times":{"unlimited":true}}, $.httpResponse.body)
17:43:51.790 [main] DEBUG com.networknt.schema.TypeValidator - validate( "{\"message\": {\"role\": \"assistant\", \"content\": \"Hello from MockServer!\"}}", {"httpRequest":{"method":"POST","path":"/api/chat"},"httpResponse":{"statusCode":200,"headers":{"Content-Type":["application/json"]},"body":"{\"message\": {\"role\": \"assistant\", \"content\": \"Hello from MockServer!\"}}"},"id":"2dab81a9-d887-4010-897d-17e7233140c2","priority":0,"timeToLive":{"unlimited":true},"times":{"unlimited":true}}, $.httpResponse.body)
17:43:51.790 [main] DEBUG com.networknt.schema.AdditionalPropertiesValidator - validate( "{\"message\": {\"role\": \"assistant\", \"content\": \"Hello from MockServer!\"}}", {"httpRequest":{"method":"POST","path":"/api/chat"},"httpResponse":{"statusCode":200,"headers":{"Content-Type":["application/json"]},"body":"{\"message\": {\"role\": \"assistant\", \"content\": \"Hello from MockServer!\"}}"},"id":"2dab81a9-d887-4010-897d-17e7233140c2","priority":0,"timeToLive":{"unlimited":true},"times":{"unlimited":true}}, $.httpResponse.body)
17:43:51.790 [main] DEBUG com.networknt.schema.TypeValidator - validate( "{\"message\": {\"role\": \"assistant\", \"content\": \"Hello from MockServer!\"}}", {"httpRequest":{"method":"POST","path":"/api/chat"},"httpResponse":{"statusCode":200,"headers":{"Content-Type":["application/json"]},"body":"{\"message\": {\"role\": \"assistant\", \"content\": \"Hello from MockServer!\"}}"},"id":"2dab81a9-d887-4010-897d-17e7233140c2","priority":0,"timeToLive":{"unlimited":true},"times":{"unlimited":true}}, $.httpResponse.body)
17:43:51.790 [main] DEBUG com.networknt.schema.PropertiesValidator - validate( "{\"message\": {\"role\": \"assistant\", \"content\": \"Hello from MockServer!\"}}", {"httpRequest":{"method":"POST","path":"/api/chat"},"httpResponse":{"statusCode":200,"headers":{"Content-Type":["application/json"]},"body":"{\"message\": {\"role\": \"assistant\", \"content\": \"Hello from MockServer!\"}}"},"id":"2dab81a9-d887-4010-897d-17e7233140c2","priority":0,"timeToLive":{"unlimited":true},"times":{"unlimited":true}}, $.httpResponse.body)
17:43:51.790 [main] DEBUG com.networknt.schema.AdditionalPropertiesValidator - validate( "{\"message\": {\"role\": \"assistant\", \"content\": \"Hello from MockServer!\"}}", {"httpRequest":{"method":"POST","path":"/api/chat"},"httpResponse":{"statusCode":200,"headers":{"Content-Type":["application/json"]},"body":"{\"message\": {\"role\": \"assistant\", \"content\": \"Hello from MockServer!\"}}"},"id":"2dab81a9-d887-4010-897d-17e7233140c2","priority":0,"timeToLive":{"unlimited":true},"times":{"unlimited":true}}, $.httpResponse.body)
17:43:51.790 [main] DEBUG com.networknt.schema.TypeValidator - validate( "{\"message\": {\"role\": \"assistant\", \"content\": \"Hello from MockServer!\"}}", {"httpRequest":{"method":"POST","path":"/api/chat"},"httpResponse":{"statusCode":200,"headers":{"Content-Type":["application/json"]},"body":"{\"message\": {\"role\": \"assistant\", \"content\": \"Hello from MockServer!\"}}"},"id":"2dab81a9-d887-4010-897d-17e7233140c2","priority":0,"timeToLive":{"unlimited":true},"times":{"unlimited":true}}, $.httpResponse.body)
17:43:51.791 [main] DEBUG com.networknt.schema.PropertiesValidator - validate( "{\"message\": {\"role\": \"assistant\", \"content\": \"Hello from MockServer!\"}}", {"httpRequest":{"method":"POST","path":"/api/chat"},"httpResponse":{"statusCode":200,"headers":{"Content-Type":["application/json"]},"body":"{\"message\": {\"role\": \"assistant\", \"content\": \"Hello from MockServer!\"}}"},"id":"2dab81a9-d887-4010-897d-17e7233140c2","priority":0,"timeToLive":{"unlimited":true},"times":{"unlimited":true}}, $.httpResponse.body)
17:43:51.791 [main] DEBUG com.networknt.schema.AdditionalPropertiesValidator - validate( "{\"message\": {\"role\": \"assistant\", \"content\": \"Hello from MockServer!\"}}", {"httpRequest":{"method":"POST","path":"/api/chat"},"httpResponse":{"statusCode":200,"headers":{"Content-Type":["application/json"]},"body":"{\"message\": {\"role\": \"assistant\", \"content\": \"Hello from MockServer!\"}}"},"id":"2dab81a9-d887-4010-897d-17e7233140c2","priority":0,"timeToLive":{"unlimited":true},"times":{"unlimited":true}}, $.httpResponse.body)
17:43:51.791 [main] DEBUG com.networknt.schema.TypeValidator - validate( "{\"message\": {\"role\": \"assistant\", \"content\": \"Hello from MockServer!\"}}", {"httpRequest":{"method":"POST","path":"/api/chat"},"httpResponse":{"statusCode":200,"headers":{"Content-Type":["application/json"]},"body":"{\"message\": {\"role\": \"assistant\", \"content\": \"Hello from MockServer!\"}}"},"id":"2dab81a9-d887-4010-897d-17e7233140c2","priority":0,"timeToLive":{"unlimited":true},"times":{"unlimited":true}}, $.httpResponse.body)
17:43:51.791 [main] DEBUG com.networknt.schema.TypeValidator - validate( "{\"message\": {\"role\": \"assistant\", \"content\": \"Hello from MockServer!\"}}", {"httpRequest":{"method":"POST","path":"/api/chat"},"httpResponse":{"statusCode":200,"headers":{"Content-Type":["application/json"]},"body":"{\"message\": {\"role\": \"assistant\", \"content\": \"Hello from MockServer!\"}}"},"id":"2dab81a9-d887-4010-897d-17e7233140c2","priority":0,"timeToLive":{"unlimited":true},"times":{"unlimited":true}}, $.httpResponse.body)
17:43:51.791 [main] DEBUG com.networknt.schema.RefValidator - validate( {"Content-Type":["application/json"]}, {"httpRequest":{"method":"POST","path":"/api/chat"},"httpResponse":{"statusCode":200,"headers":{"Content-Type":["application/json"]},"body":"{\"message\": {\"role\": \"assistant\", \"content\": \"Hello from MockServer!\"}}"},"id":"2dab81a9-d887-4010-897d-17e7233140c2","priority":0,"timeToLive":{"unlimited":true},"times":{"unlimited":true}}, $.httpResponse.headers)
17:43:51.791 [main] DEBUG com.networknt.schema.OneOfValidator - validate( {"Content-Type":["application/json"]}, {"httpRequest":{"method":"POST","path":"/api/chat"},"httpResponse":{"statusCode":200,"headers":{"Content-Type":["application/json"]},"body":"{\"message\": {\"role\": \"assistant\", \"content\": \"Hello from MockServer!\"}}"},"id":"2dab81a9-d887-4010-897d-17e7233140c2","priority":0,"timeToLive":{"unlimited":true},"times":{"unlimited":true}}, $.httpResponse.headers)
17:43:51.791 [main] DEBUG com.networknt.schema.AdditionalPropertiesValidator - validate( {"Content-Type":["application/json"]}, {"httpRequest":{"method":"POST","path":"/api/chat"},"httpResponse":{"statusCode":200,"headers":{"Content-Type":["application/json"]},"body":"{\"message\": {\"role\": \"assistant\", \"content\": \"Hello from MockServer!\"}}"},"id":"2dab81a9-d887-4010-897d-17e7233140c2","priority":0,"timeToLive":{"unlimited":true},"times":{"unlimited":true}}, $.httpResponse.headers)
17:43:51.791 [main] DEBUG com.networknt.schema.ItemsValidator - validate( {"Content-Type":["application/json"]}, {"httpRequest":{"method":"POST","path":"/api/chat"},"httpResponse":{"statusCode":200,"headers":{"Content-Type":["application/json"]},"body":"{\"message\": {\"role\": \"assistant\", \"content\": \"Hello from MockServer!\"}}"},"id":"2dab81a9-d887-4010-897d-17e7233140c2","priority":0,"timeToLive":{"unlimited":true},"times":{"unlimited":true}}, $.httpResponse.headers)
17:43:51.791 [main] DEBUG com.networknt.schema.TypeValidator - validate( {"Content-Type":["application/json"]}, {"httpRequest":{"method":"POST","path":"/api/chat"},"httpResponse":{"statusCode":200,"headers":{"Content-Type":["application/json"]},"body":"{\"message\": {\"role\": \"assistant\", \"content\": \"Hello from MockServer!\"}}"},"id":"2dab81a9-d887-4010-897d-17e7233140c2","priority":0,"timeToLive":{"unlimited":true},"times":{"unlimited":true}}, $.httpResponse.headers)
17:43:51.791 [main] DEBUG com.networknt.schema.PropertiesValidator - validate( {"Content-Type":["application/json"]}, {"httpRequest":{"method":"POST","path":"/api/chat"},"httpResponse":{"statusCode":200,"headers":{"Content-Type":["application/json"]},"body":"{\"message\": {\"role\": \"assistant\", \"content\": \"Hello from MockServer!\"}}"},"id":"2dab81a9-d887-4010-897d-17e7233140c2","priority":0,"timeToLive":{"unlimited":true},"times":{"unlimited":true}}, $.httpResponse.headers)
17:43:51.791 [main] DEBUG com.networknt.schema.AdditionalPropertiesValidator - validate( {"Content-Type":["application/json"]}, {"httpRequest":{"method":"POST","path":"/api/chat"},"httpResponse":{"statusCode":200,"headers":{"Content-Type":["application/json"]},"body":"{\"message\": {\"role\": \"assistant\", \"content\": \"Hello from MockServer!\"}}"},"id":"2dab81a9-d887-4010-897d-17e7233140c2","priority":0,"timeToLive":{"unlimited":true},"times":{"unlimited":true}}, $.httpResponse.headers)
17:43:51.791 [main] DEBUG com.networknt.schema.PatternPropertiesValidator - validate( {"Content-Type":["application/json"]}, {"httpRequest":{"method":"POST","path":"/api/chat"},"httpResponse":{"statusCode":200,"headers":{"Content-Type":["application/json"]},"body":"{\"message\": {\"role\": \"assistant\", \"content\": \"Hello from MockServer!\"}}"},"id":"2dab81a9-d887-4010-897d-17e7233140c2","priority":0,"timeToLive":{"unlimited":true},"times":{"unlimited":true}}, $.httpResponse.headers)
17:43:51.791 [main] DEBUG com.networknt.schema.OneOfValidator - validate( ["application/json"], {"httpRequest":{"method":"POST","path":"/api/chat"},"httpResponse":{"statusCode":200,"headers":{"Content-Type":["application/json"]},"body":"{\"message\": {\"role\": \"assistant\", \"content\": \"Hello from MockServer!\"}}"},"id":"2dab81a9-d887-4010-897d-17e7233140c2","priority":0,"timeToLive":{"unlimited":true},"times":{"unlimited":true}}, $.httpResponse.headers.Content-Type)
17:43:51.791 [main] DEBUG com.networknt.schema.TypeValidator - validate( ["application/json"], {"httpRequest":{"method":"POST","path":"/api/chat"},"httpResponse":{"statusCode":200,"headers":{"Content-Type":["application/json"]},"body":"{\"message\": {\"role\": \"assistant\", \"content\": \"Hello from MockServer!\"}}"},"id":"2dab81a9-d887-4010-897d-17e7233140c2","priority":0,"timeToLive":{"unlimited":true},"times":{"unlimited":true}}, $.httpResponse.headers.Content-Type)
17:43:51.791 [main] DEBUG com.networknt.schema.AdditionalPropertiesValidator - validate( ["application/json"], {"httpRequest":{"method":"POST","path":"/api/chat"},"httpResponse":{"statusCode":200,"headers":{"Content-Type":["application/json"]},"body":"{\"message\": {\"role\": \"assistant\", \"content\": \"Hello from MockServer!\"}}"},"id":"2dab81a9-d887-4010-897d-17e7233140c2","priority":0,"timeToLive":{"unlimited":true},"times":{"unlimited":true}}, $.httpResponse.headers.Content-Type)
17:43:51.791 [main] DEBUG com.networknt.schema.ItemsValidator - validate( ["application/json"], {"httpRequest":{"method":"POST","path":"/api/chat"},"httpResponse":{"statusCode":200,"headers":{"Content-Type":["application/json"]},"body":"{\"message\": {\"role\": \"assistant\", \"content\": \"Hello from MockServer!\"}}"},"id":"2dab81a9-d887-4010-897d-17e7233140c2","priority":0,"timeToLive":{"unlimited":true},"times":{"unlimited":true}}, $.httpResponse.headers.Content-Type)
17:43:51.791 [main] DEBUG com.networknt.schema.RefValidator - validate( "application/json", {"httpRequest":{"method":"POST","path":"/api/chat"},"httpResponse":{"statusCode":200,"headers":{"Content-Type":["application/json"]},"body":"{\"message\": {\"role\": \"assistant\", \"content\": \"Hello from MockServer!\"}}"},"id":"2dab81a9-d887-4010-897d-17e7233140c2","priority":0,"timeToLive":{"unlimited":true},"times":{"unlimited":true}}, $.httpResponse.headers.Content-Type[0])
17:43:51.791 [main] DEBUG com.networknt.schema.OneOfValidator - validate( "application/json", {"httpRequest":{"method":"POST","path":"/api/chat"},"httpResponse":{"statusCode":200,"headers":{"Content-Type":["application/json"]},"body":"{\"message\": {\"role\": \"assistant\", \"content\": \"Hello from MockServer!\"}}"},"id":"2dab81a9-d887-4010-897d-17e7233140c2","priority":0,"timeToLive":{"unlimited":true},"times":{"unlimited":true}}, $.httpResponse.headers.Content-Type[0])
17:43:51.791 [main] DEBUG com.networknt.schema.TypeValidator - validate( "application/json", {"httpRequest":{"method":"POST","path":"/api/chat"},"httpResponse":{"statusCode":200,"headers":{"Content-Type":["application/json"]},"body":"{\"message\": {\"role\": \"assistant\", \"content\": \"Hello from MockServer!\"}}"},"id":"2dab81a9-d887-4010-897d-17e7233140c2","priority":0,"timeToLive":{"unlimited":true},"times":{"unlimited":true}}, $.httpResponse.headers.Content-Type[0])
17:43:51.791 [main] DEBUG com.networknt.schema.PropertiesValidator - validate( "application/json", {"httpRequest":{"method":"POST","path":"/api/chat"},"httpResponse":{"statusCode":200,"headers":{"Content-Type":["application/json"]},"body":"{\"message\": {\"role\": \"assistant\", \"content\": \"Hello from MockServer!\"}}"},"id":"2dab81a9-d887-4010-897d-17e7233140c2","priority":0,"timeToLive":{"unlimited":true},"times":{"unlimited":true}}, $.httpResponse.headers.Content-Type[0])
17:43:51.791 [main] DEBUG com.networknt.schema.AdditionalPropertiesValidator - validate( "application/json", {"httpRequest":{"method":"POST","path":"/api/chat"},"httpResponse":{"statusCode":200,"headers":{"Content-Type":["application/json"]},"body":"{\"message\": {\"role\": \"assistant\", \"content\": \"Hello from MockServer!\"}}"},"id":"2dab81a9-d887-4010-897d-17e7233140c2","priority":0,"timeToLive":{"unlimited":true},"times":{"unlimited":true}}, $.httpResponse.headers.Content-Type[0])
17:43:51.791 [main] DEBUG com.networknt.schema.TypeValidator - validate( "application/json", {"httpRequest":{"method":"POST","path":"/api/chat"},"httpResponse":{"statusCode":200,"headers":{"Content-Type":["application/json"]},"body":"{\"message\": {\"role\": \"assistant\", \"content\": \"Hello from MockServer!\"}}"},"id":"2dab81a9-d887-4010-897d-17e7233140c2","priority":0,"timeToLive":{"unlimited":true},"times":{"unlimited":true}}, $.httpResponse.headers.Content-Type[0])
17:43:51.791 [main] DEBUG com.networknt.schema.TypeValidator - validate( ["application/json"], {"httpRequest":{"method":"POST","path":"/api/chat"},"httpResponse":{"statusCode":200,"headers":{"Content-Type":["application/json"]},"body":"{\"message\": {\"role\": \"assistant\", \"content\": \"Hello from MockServer!\"}}"},"id":"2dab81a9-d887-4010-897d-17e7233140c2","priority":0,"timeToLive":{"unlimited":true},"times":{"unlimited":true}}, $.httpResponse.headers.Content-Type)
17:43:51.791 [main] DEBUG com.networknt.schema.PropertiesValidator - validate( ["application/json"], {"httpRequest":{"method":"POST","path":"/api/chat"},"httpResponse":{"statusCode":200,"headers":{"Content-Type":["application/json"]},"body":"{\"message\": {\"role\": \"assistant\", \"content\": \"Hello from MockServer!\"}}"},"id":"2dab81a9-d887-4010-897d-17e7233140c2","priority":0,"timeToLive":{"unlimited":true},"times":{"unlimited":true}}, $.httpResponse.headers.Content-Type)
17:43:51.791 [main] DEBUG com.networknt.schema.AdditionalPropertiesValidator - validate( ["application/json"], {"httpRequest":{"method":"POST","path":"/api/chat"},"httpResponse":{"statusCode":200,"headers":{"Content-Type":["application/json"]},"body":"{\"message\": {\"role\": \"assistant\", \"content\": \"Hello from MockServer!\"}}"},"id":"2dab81a9-d887-4010-897d-17e7233140c2","priority":0,"timeToLive":{"unlimited":true},"times":{"unlimited":true}}, $.httpResponse.headers.Content-Type)
17:43:51.791 [main] DEBUG com.networknt.schema.TypeValidator - validate( ["application/json"], {"httpRequest":{"method":"POST","path":"/api/chat"},"httpResponse":{"statusCode":200,"headers":{"Content-Type":["application/json"]},"body":"{\"message\": {\"role\": \"assistant\", \"content\": \"Hello from MockServer!\"}}"},"id":"2dab81a9-d887-4010-897d-17e7233140c2","priority":0,"timeToLive":{"unlimited":true},"times":{"unlimited":true}}, $.httpResponse.headers.Content-Type)
17:43:51.792 [main] DEBUG com.networknt.schema.TypeValidator - validate( {"Content-Type":["application/json"]}, {"httpRequest":{"method":"POST","path":"/api/chat"},"httpResponse":{"statusCode":200,"headers":{"Content-Type":["application/json"]},"body":"{\"message\": {\"role\": \"assistant\", \"content\": \"Hello from MockServer!\"}}"},"id":"2dab81a9-d887-4010-897d-17e7233140c2","priority":0,"timeToLive":{"unlimited":true},"times":{"unlimited":true}}, $.httpResponse.headers)
17:43:51.792 [main] DEBUG com.networknt.schema.TypeValidator - validate( 200, {"httpRequest":{"method":"POST","path":"/api/chat"},"httpResponse":{"statusCode":200,"headers":{"Content-Type":["application/json"]},"body":"{\"message\": {\"role\": \"assistant\", \"content\": \"Hello from MockServer!\"}}"},"id":"2dab81a9-d887-4010-897d-17e7233140c2","priority":0,"timeToLive":{"unlimited":true},"times":{"unlimited":true}}, $.httpResponse.statusCode)
17:43:51.792 [main] DEBUG com.networknt.schema.AdditionalPropertiesValidator - validate( {"statusCode":200,"headers":{"Content-Type":["application/json"]},"body":"{\"message\": {\"role\": \"assistant\", \"content\": \"Hello from MockServer!\"}}"}, {"httpRequest":{"method":"POST","path":"/api/chat"},"httpResponse":{"statusCode":200,"headers":{"Content-Type":["application/json"]},"body":"{\"message\": {\"role\": \"assistant\", \"content\": \"Hello from MockServer!\"}}"},"id":"2dab81a9-d887-4010-897d-17e7233140c2","priority":0,"timeToLive":{"unlimited":true},"times":{"unlimited":true}}, $.httpResponse)
17:43:51.792 [main] DEBUG com.networknt.schema.TypeValidator - validate( {"statusCode":200,"headers":{"Content-Type":["application/json"]},"body":"{\"message\": {\"role\": \"assistant\", \"content\": \"Hello from MockServer!\"}}"}, {"httpRequest":{"method":"POST","path":"/api/chat"},"httpResponse":{"statusCode":200,"headers":{"Content-Type":["application/json"]},"body":"{\"message\": {\"role\": \"assistant\", \"content\": \"Hello from MockServer!\"}}"},"id":"2dab81a9-d887-4010-897d-17e7233140c2","priority":0,"timeToLive":{"unlimited":true},"times":{"unlimited":true}}, $.httpResponse)
17:43:51.792 [main] DEBUG com.networknt.schema.RefValidator - validate( {"unlimited":true}, {"httpRequest":{"method":"POST","path":"/api/chat"},"httpResponse":{"statusCode":200,"headers":{"Content-Type":["application/json"]},"body":"{\"message\": {\"role\": \"assistant\", \"content\": \"Hello from MockServer!\"}}"},"id":"2dab81a9-d887-4010-897d-17e7233140c2","priority":0,"timeToLive":{"unlimited":true},"times":{"unlimited":true}}, $.times)
17:43:51.792 [main] DEBUG com.networknt.schema.PropertiesValidator - validate( {"unlimited":true}, {"httpRequest":{"method":"POST","path":"/api/chat"},"httpResponse":{"statusCode":200,"headers":{"Content-Type":["application/json"]},"body":"{\"message\": {\"role\": \"assistant\", \"content\": \"Hello from MockServer!\"}}"},"id":"2dab81a9-d887-4010-897d-17e7233140c2","priority":0,"timeToLive":{"unlimited":true},"times":{"unlimited":true}}, $.times)
17:43:51.792 [main] DEBUG com.networknt.schema.TypeValidator - validate( true, {"httpRequest":{"method":"POST","path":"/api/chat"},"httpResponse":{"statusCode":200,"headers":{"Content-Type":["application/json"]},"body":"{\"message\": {\"role\": \"assistant\", \"content\": \"Hello from MockServer!\"}}"},"id":"2dab81a9-d887-4010-897d-17e7233140c2","priority":0,"timeToLive":{"unlimited":true},"times":{"unlimited":true}}, $.times.unlimited)
17:43:51.792 [main] DEBUG com.networknt.schema.AdditionalPropertiesValidator - validate( {"unlimited":true}, {"httpRequest":{"method":"POST","path":"/api/chat"},"httpResponse":{"statusCode":200,"headers":{"Content-Type":["application/json"]},"body":"{\"message\": {\"role\": \"assistant\", \"content\": \"Hello from MockServer!\"}}"},"id":"2dab81a9-d887-4010-897d-17e7233140c2","priority":0,"timeToLive":{"unlimited":true},"times":{"unlimited":true}}, $.times)
17:43:51.792 [main] DEBUG com.networknt.schema.TypeValidator - validate( {"unlimited":true}, {"httpRequest":{"method":"POST","path":"/api/chat"},"httpResponse":{"statusCode":200,"headers":{"Content-Type":["application/json"]},"body":"{\"message\": {\"role\": \"assistant\", \"content\": \"Hello from MockServer!\"}}"},"id":"2dab81a9-d887-4010-897d-17e7233140c2","priority":0,"timeToLive":{"unlimited":true},"times":{"unlimited":true}}, $.times)
17:43:51.792 [main] DEBUG com.networknt.schema.RefValidator - validate( {"unlimited":true}, {"httpRequest":{"method":"POST","path":"/api/chat"},"httpResponse":{"statusCode":200,"headers":{"Content-Type":["application/json"]},"body":"{\"message\": {\"role\": \"assistant\", \"content\": \"Hello from MockServer!\"}}"},"id":"2dab81a9-d887-4010-897d-17e7233140c2","priority":0,"timeToLive":{"unlimited":true},"times":{"unlimited":true}}, $.timeToLive)
17:43:51.792 [main] DEBUG com.networknt.schema.PropertiesValidator - validate( {"unlimited":true}, {"httpRequest":{"method":"POST","path":"/api/chat"},"httpResponse":{"statusCode":200,"headers":{"Content-Type":["application/json"]},"body":"{\"message\": {\"role\": \"assistant\", \"content\": \"Hello from MockServer!\"}}"},"id":"2dab81a9-d887-4010-897d-17e7233140c2","priority":0,"timeToLive":{"unlimited":true},"times":{"unlimited":true}}, $.timeToLive)
17:43:51.792 [main] DEBUG com.networknt.schema.TypeValidator - validate( true, {"httpRequest":{"method":"POST","path":"/api/chat"},"httpResponse":{"statusCode":200,"headers":{"Content-Type":["application/json"]},"body":"{\"message\": {\"role\": \"assistant\", \"content\": \"Hello from MockServer!\"}}"},"id":"2dab81a9-d887-4010-897d-17e7233140c2","priority":0,"timeToLive":{"unlimited":true},"times":{"unlimited":true}}, $.timeToLive.unlimited)
17:43:51.792 [main] DEBUG com.networknt.schema.AdditionalPropertiesValidator - validate( {"unlimited":true}, {"httpRequest":{"method":"POST","path":"/api/chat"},"httpResponse":{"statusCode":200,"headers":{"Content-Type":["application/json"]},"body":"{\"message\": {\"role\": \"assistant\", \"content\": \"Hello from MockServer!\"}}"},"id":"2dab81a9-d887-4010-897d-17e7233140c2","priority":0,"timeToLive":{"unlimited":true},"times":{"unlimited":true}}, $.timeToLive)
17:43:51.792 [main] DEBUG com.networknt.schema.TypeValidator - validate( {"unlimited":true}, {"httpRequest":{"method":"POST","path":"/api/chat"},"httpResponse":{"statusCode":200,"headers":{"Content-Type":["application/json"]},"body":"{\"message\": {\"role\": \"assistant\", \"content\": \"Hello from MockServer!\"}}"},"id":"2dab81a9-d887-4010-897d-17e7233140c2","priority":0,"timeToLive":{"unlimited":true},"times":{"unlimited":true}}, $.timeToLive)
17:43:51.792 [main] DEBUG com.networknt.schema.AdditionalPropertiesValidator - validate( {"httpRequest":{"method":"POST","path":"/api/chat"},"httpResponse":{"statusCode":200,"headers":{"Content-Type":["application/json"]},"body":"{\"message\": {\"role\": \"assistant\", \"content\": \"Hello from MockServer!\"}}"},"id":"2dab81a9-d887-4010-897d-17e7233140c2","priority":0,"timeToLive":{"unlimited":true},"times":{"unlimited":true}}, {"httpRequest":{"method":"POST","path":"/api/chat"},"httpResponse":{"statusCode":200,"headers":{"Content-Type":["application/json"]},"body":"{\"message\": {\"role\": \"assistant\", \"content\": \"Hello from MockServer!\"}}"},"id":"2dab81a9-d887-4010-897d-17e7233140c2","priority":0,"timeToLive":{"unlimited":true},"times":{"unlimited":true}}, $)
17:43:51.792 [main] DEBUG com.networknt.schema.OneOfValidator - validate( {"httpRequest":{"method":"POST","path":"/api/chat"},"httpResponse":{"statusCode":200,"headers":{"Content-Type":["application/json"]},"body":"{\"message\": {\"role\": \"assistant\", \"content\": \"Hello from MockServer!\"}}"},"id":"2dab81a9-d887-4010-897d-17e7233140c2","priority":0,"timeToLive":{"unlimited":true},"times":{"unlimited":true}}, {"httpRequest":{"method":"POST","path":"/api/chat"},"httpResponse":{"statusCode":200,"headers":{"Content-Type":["application/json"]},"body":"{\"message\": {\"role\": \"assistant\", \"content\": \"Hello from MockServer!\"}}"},"id":"2dab81a9-d887-4010-897d-17e7233140c2","priority":0,"timeToLive":{"unlimited":true},"times":{"unlimited":true}}, $)
17:43:51.792 [main] DEBUG com.networknt.schema.RequiredValidator - validate( {"httpRequest":{"method":"POST","path":"/api/chat"},"httpResponse":{"statusCode":200,"headers":{"Content-Type":["application/json"]},"body":"{\"message\": {\"role\": \"assistant\", \"content\": \"Hello from MockServer!\"}}"},"id":"2dab81a9-d887-4010-897d-17e7233140c2","priority":0,"timeToLive":{"unlimited":true},"times":{"unlimited":true}}, {"httpRequest":{"method":"POST","path":"/api/chat"},"httpResponse":{"statusCode":200,"headers":{"Content-Type":["application/json"]},"body":"{\"message\": {\"role\": \"assistant\", \"content\": \"Hello from MockServer!\"}}"},"id":"2dab81a9-d887-4010-897d-17e7233140c2","priority":0,"timeToLive":{"unlimited":true},"times":{"unlimited":true}}, $)
17:43:51.792 [main] DEBUG com.networknt.schema.RequiredValidator - validate( {"httpRequest":{"method":"POST","path":"/api/chat"},"httpResponse":{"statusCode":200,"headers":{"Content-Type":["application/json"]},"body":"{\"message\": {\"role\": \"assistant\", \"content\": \"Hello from MockServer!\"}}"},"id":"2dab81a9-d887-4010-897d-17e7233140c2","priority":0,"timeToLive":{"unlimited":true},"times":{"unlimited":true}}, {"httpRequest":{"method":"POST","path":"/api/chat"},"httpResponse":{"statusCode":200,"headers":{"Content-Type":["application/json"]},"body":"{\"message\": {\"role\": \"assistant\", \"content\": \"Hello from MockServer!\"}}"},"id":"2dab81a9-d887-4010-897d-17e7233140c2","priority":0,"timeToLive":{"unlimited":true},"times":{"unlimited":true}}, $)
17:43:51.792 [main] DEBUG com.networknt.schema.RequiredValidator - validate( {"httpRequest":{"method":"POST","path":"/api/chat"},"httpResponse":{"statusCode":200,"headers":{"Content-Type":["application/json"]},"body":"{\"message\": {\"role\": \"assistant\", \"content\": \"Hello from MockServer!\"}}"},"id":"2dab81a9-d887-4010-897d-17e7233140c2","priority":0,"timeToLive":{"unlimited":true},"times":{"unlimited":true}}, {"httpRequest":{"method":"POST","path":"/api/chat"},"httpResponse":{"statusCode":200,"headers":{"Content-Type":["application/json"]},"body":"{\"message\": {\"role\": \"assistant\", \"content\": \"Hello from MockServer!\"}}"},"id":"2dab81a9-d887-4010-897d-17e7233140c2","priority":0,"timeToLive":{"unlimited":true},"times":{"unlimited":true}}, $)
17:43:51.792 [main] DEBUG com.networknt.schema.RequiredValidator - validate( {"httpRequest":{"method":"POST","path":"/api/chat"},"httpResponse":{"statusCode":200,"headers":{"Content-Type":["application/json"]},"body":"{\"message\": {\"role\": \"assistant\", \"content\": \"Hello from MockServer!\"}}"},"id":"2dab81a9-d887-4010-897d-17e7233140c2","priority":0,"timeToLive":{"unlimited":true},"times":{"unlimited":true}}, {"httpRequest":{"method":"POST","path":"/api/chat"},"httpResponse":{"statusCode":200,"headers":{"Content-Type":["application/json"]},"body":"{\"message\": {\"role\": \"assistant\", \"content\": \"Hello from MockServer!\"}}"},"id":"2dab81a9-d887-4010-897d-17e7233140c2","priority":0,"timeToLive":{"unlimited":true},"times":{"unlimited":true}}, $)
17:43:51.792 [main] DEBUG com.networknt.schema.RequiredValidator - validate( {"httpRequest":{"method":"POST","path":"/api/chat"},"httpResponse":{"statusCode":200,"headers":{"Content-Type":["application/json"]},"body":"{\"message\": {\"role\": \"assistant\", \"content\": \"Hello from MockServer!\"}}"},"id":"2dab81a9-d887-4010-897d-17e7233140c2","priority":0,"timeToLive":{"unlimited":true},"times":{"unlimited":true}}, {"httpRequest":{"method":"POST","path":"/api/chat"},"httpResponse":{"statusCode":200,"headers":{"Content-Type":["application/json"]},"body":"{\"message\": {\"role\": \"assistant\", \"content\": \"Hello from MockServer!\"}}"},"id":"2dab81a9-d887-4010-897d-17e7233140c2","priority":0,"timeToLive":{"unlimited":true},"times":{"unlimited":true}}, $)
17:43:51.792 [main] DEBUG com.networknt.schema.RequiredValidator - validate( {"httpRequest":{"method":"POST","path":"/api/chat"},"httpResponse":{"statusCode":200,"headers":{"Content-Type":["application/json"]},"body":"{\"message\": {\"role\": \"assistant\", \"content\": \"Hello from MockServer!\"}}"},"id":"2dab81a9-d887-4010-897d-17e7233140c2","priority":0,"timeToLive":{"unlimited":true},"times":{"unlimited":true}}, {"httpRequest":{"method":"POST","path":"/api/chat"},"httpResponse":{"statusCode":200,"headers":{"Content-Type":["application/json"]},"body":"{\"message\": {\"role\": \"assistant\", \"content\": \"Hello from MockServer!\"}}"},"id":"2dab81a9-d887-4010-897d-17e7233140c2","priority":0,"timeToLive":{"unlimited":true},"times":{"unlimited":true}}, $)
17:43:51.793 [main] DEBUG com.networknt.schema.RequiredValidator - validate( {"httpRequest":{"method":"POST","path":"/api/chat"},"httpResponse":{"statusCode":200,"headers":{"Content-Type":["application/json"]},"body":"{\"message\": {\"role\": \"assistant\", \"content\": \"Hello from MockServer!\"}}"},"id":"2dab81a9-d887-4010-897d-17e7233140c2","priority":0,"timeToLive":{"unlimited":true},"times":{"unlimited":true}}, {"httpRequest":{"method":"POST","path":"/api/chat"},"httpResponse":{"statusCode":200,"headers":{"Content-Type":["application/json"]},"body":"{\"message\": {\"role\": \"assistant\", \"content\": \"Hello from MockServer!\"}}"},"id":"2dab81a9-d887-4010-897d-17e7233140c2","priority":0,"timeToLive":{"unlimited":true},"times":{"unlimited":true}}, $)
17:43:51.793 [main] DEBUG com.networknt.schema.RequiredValidator - validate( {"httpRequest":{"method":"POST","path":"/api/chat"},"httpResponse":{"statusCode":200,"headers":{"Content-Type":["application/json"]},"body":"{\"message\": {\"role\": \"assistant\", \"content\": \"Hello from MockServer!\"}}"},"id":"2dab81a9-d887-4010-897d-17e7233140c2","priority":0,"timeToLive":{"unlimited":true},"times":{"unlimited":true}}, {"httpRequest":{"method":"POST","path":"/api/chat"},"httpResponse":{"statusCode":200,"headers":{"Content-Type":["application/json"]},"body":"{\"message\": {\"role\": \"assistant\", \"content\": \"Hello from MockServer!\"}}"},"id":"2dab81a9-d887-4010-897d-17e7233140c2","priority":0,"timeToLive":{"unlimited":true},"times":{"unlimited":true}}, $)
17:43:51.793 [main] DEBUG com.networknt.schema.RequiredValidator - validate( {"httpRequest":{"method":"POST","path":"/api/chat"},"httpResponse":{"statusCode":200,"headers":{"Content-Type":["application/json"]},"body":"{\"message\": {\"role\": \"assistant\", \"content\": \"Hello from MockServer!\"}}"},"id":"2dab81a9-d887-4010-897d-17e7233140c2","priority":0,"timeToLive":{"unlimited":true},"times":{"unlimited":true}}, {"httpRequest":{"method":"POST","path":"/api/chat"},"httpResponse":{"statusCode":200,"headers":{"Content-Type":["application/json"]},"body":"{\"message\": {\"role\": \"assistant\", \"content\": \"Hello from MockServer!\"}}"},"id":"2dab81a9-d887-4010-897d-17e7233140c2","priority":0,"timeToLive":{"unlimited":true},"times":{"unlimited":true}}, $)
17:43:51.793 [main] DEBUG com.networknt.schema.RequiredValidator - validate( {"httpRequest":{"method":"POST","path":"/api/chat"},"httpResponse":{"statusCode":200,"headers":{"Content-Type":["application/json"]},"body":"{\"message\": {\"role\": \"assistant\", \"content\": \"Hello from MockServer!\"}}"},"id":"2dab81a9-d887-4010-897d-17e7233140c2","priority":0,"timeToLive":{"unlimited":true},"times":{"unlimited":true}}, {"httpRequest":{"method":"POST","path":"/api/chat"},"httpResponse":{"statusCode":200,"headers":{"Content-Type":["application/json"]},"body":"{\"message\": {\"role\": \"assistant\", \"content\": \"Hello from MockServer!\"}}"},"id":"2dab81a9-d887-4010-897d-17e7233140c2","priority":0,"timeToLive":{"unlimited":true},"times":{"unlimited":true}}, $)
17:43:51.793 [main] DEBUG com.networknt.schema.TypeValidator - validate( {"httpRequest":{"method":"POST","path":"/api/chat"},"httpResponse":{"statusCode":200,"headers":{"Content-Type":["application/json"]},"body":"{\"message\": {\"role\": \"assistant\", \"content\": \"Hello from MockServer!\"}}"},"id":"2dab81a9-d887-4010-897d-17e7233140c2","priority":0,"timeToLive":{"unlimited":true},"times":{"unlimited":true}}, {"httpRequest":{"method":"POST","path":"/api/chat"},"httpResponse":{"statusCode":200,"headers":{"Content-Type":["application/json"]},"body":"{\"message\": {\"role\": \"assistant\", \"content\": \"Hello from MockServer!\"}}"},"id":"2dab81a9-d887-4010-897d-17e7233140c2","priority":0,"timeToLive":{"unlimited":true},"times":{"unlimited":true}}, $)

  .   ____          _            __ _ _
 /\\ / ___'_ __ _ _(_)_ __  __ _ \ \ \ \
( ( )\___ | '_ | '_| | '_ \/ _` | \ \ \ \
 \\/  ___)| |_)| | | | | || (_| |  ) ) ) )
  '  |____| .__|_| |_|_| |_\__, | / / / /
 =========|_|==============|___/=/_/_/_/
 :: Spring Boot ::                (v2.6.6)

2025-06-26 17:43:51.970  INFO 48402 --- [           main] c.e.c.e.OllamaChatEngineIntegrationTest  : Starting OllamaChatEngineIntegrationTest using Java 21.0.7 on Mac with PID 48402 (started by manoj in /Users/manoj/Documents/GitHub/react-springboot-chat-app/backend/integration-test)
2025-06-26 17:43:51.971  INFO 48402 --- [           main] c.e.c.e.OllamaChatEngineIntegrationTest  : No active profile set, falling back to 1 default profile: "default"
2025-06-26 17:43:52.670  INFO 48402 --- [           main] o.s.cloud.context.scope.GenericScope     : BeanFactory id=082334df-f63e-3a5a-b548-d94710f4d46c
2025-06-26 17:43:53.160  WARN 48402 --- [           main] o.s.b.a.m.MustacheAutoConfiguration      : Cannot find template location: classpath:/templates/ (please add some templates, check your Mustache configuration, or set spring.mustache.check-template-location=false)
2025-06-26 17:43:53.247  INFO 48402 --- [           main] c.e.c.e.OllamaChatEngineIntegrationTest  : Started OllamaChatEngineIntegrationTest in 1.43 seconds (JVM running for 5.993)
]]></system-out>
  </testcase>
  <testcase name="getModels_returnsMockedModel" classname="com.example.chatapp.engine.OllamaChatEngineIntegrationTest" time="0.013"/>
</testsuite>