<?xml version="1.0" encoding="UTF-8"?>
<testsuite xmlns:xsi="http://www.w3.org/2001/XMLSchema-instance" xsi:noNamespaceSchemaLocation="https://maven.apache.org/surefire/maven-surefire-plugin/xsd/surefire-test-report.xsd" version="3.0.2" name="com.example.chatapp.ChatServiceTest" time="0.412" tests="8" errors="0" skipped="0" failures="0">
  <properties>
    <property name="java.specification.version" value="21"/>
    <property name="sun.jnu.encoding" value="UTF-8"/>
    <property name="java.class.path" value="/Users/manoj/Documents/GitHub/react-springboot-chat-app/backend/app/target/test-classes:/Users/manoj/Documents/GitHub/react-springboot-chat-app/backend/app/target/classes:/Users/manoj/.m2/repository/org/springframework/boot/spring-boot-starter-web/2.6.6/spring-boot-starter-web-2.6.6.jar:/Users/manoj/.m2/repository/org/springframework/boot/spring-boot-starter-json/2.6.6/spring-boot-starter-json-2.6.6.jar:/Users/manoj/.m2/repository/com/fasterxml/jackson/core/jackson-databind/2.13.2.2/jackson-databind-2.13.2.2.jar:/Users/manoj/.m2/repository/com/fasterxml/jackson/datatype/jackson-datatype-jdk8/2.13.2/jackson-datatype-jdk8-2.13.2.jar:/Users/manoj/.m2/repository/com/fasterxml/jackson/datatype/jackson-datatype-jsr310/2.13.2/jackson-datatype-jsr310-2.13.2.jar:/Users/manoj/.m2/repository/com/fasterxml/jackson/module/jackson-module-parameter-names/2.13.2/jackson-module-parameter-names-2.13.2.jar:/Users/manoj/.m2/repository/org/springframework/boot/spring-boot-starter-tomcat/2.6.6/spring-boot-starter-tomcat-2.6.6.jar:/Users/manoj/.m2/repository/org/apache/tomcat/embed/tomcat-embed-core/9.0.60/tomcat-embed-core-9.0.60.jar:/Users/manoj/.m2/repository/org/apache/tomcat/embed/tomcat-embed-websocket/9.0.60/tomcat-embed-websocket-9.0.60.jar:/Users/manoj/.m2/repository/org/springframework/spring-web/5.3.18/spring-web-5.3.18.jar:/Users/manoj/.m2/repository/org/springframework/spring-beans/5.3.18/spring-beans-5.3.18.jar:/Users/manoj/.m2/repository/org/springframework/spring-webmvc/5.3.18/spring-webmvc-5.3.18.jar:/Users/manoj/.m2/repository/org/springframework/spring-aop/5.3.18/spring-aop-5.3.18.jar:/Users/manoj/.m2/repository/org/springframework/spring-context/5.3.18/spring-context-5.3.18.jar:/Users/manoj/.m2/repository/org/springframework/spring-expression/5.3.18/spring-expression-5.3.18.jar:/Users/manoj/.m2/repository/org/springframework/boot/spring-boot-starter-test/2.6.6/spring-boot-starter-test-2.6.6.jar:/Users/manoj/.m2/repository/org/springframework/boot/spring-boot-test/2.6.6/spring-boot-test-2.6.6.jar:/Users/manoj/.m2/repository/org/springframework/boot/spring-boot-test-autoconfigure/2.6.6/spring-boot-test-autoconfigure-2.6.6.jar:/Users/manoj/.m2/repository/com/jayway/jsonpath/json-path/2.6.0/json-path-2.6.0.jar:/Users/manoj/.m2/repository/net/minidev/json-smart/2.4.8/json-smart-2.4.8.jar:/Users/manoj/.m2/repository/net/minidev/accessors-smart/2.4.8/accessors-smart-2.4.8.jar:/Users/manoj/.m2/repository/org/ow2/asm/asm/9.1/asm-9.1.jar:/Users/manoj/.m2/repository/jakarta/xml/bind/jakarta.xml.bind-api/2.3.3/jakarta.xml.bind-api-2.3.3.jar:/Users/manoj/.m2/repository/jakarta/activation/jakarta.activation-api/1.2.2/jakarta.activation-api-1.2.2.jar:/Users/manoj/.m2/repository/org/assertj/assertj-core/3.21.0/assertj-core-3.21.0.jar:/Users/manoj/.m2/repository/org/hamcrest/hamcrest/2.2/hamcrest-2.2.jar:/Users/manoj/.m2/repository/org/junit/jupiter/junit-jupiter/5.8.2/junit-jupiter-5.8.2.jar:/Users/manoj/.m2/repository/org/junit/jupiter/junit-jupiter-params/5.8.2/junit-jupiter-params-5.8.2.jar:/Users/manoj/.m2/repository/org/junit/jupiter/junit-jupiter-engine/5.8.2/junit-jupiter-engine-5.8.2.jar:/Users/manoj/.m2/repository/org/junit/platform/junit-platform-engine/1.8.2/junit-platform-engine-1.8.2.jar:/Users/manoj/.m2/repository/org/skyscreamer/jsonassert/1.5.0/jsonassert-1.5.0.jar:/Users/manoj/.m2/repository/com/vaadin/external/google/android-json/0.0.20131108.vaadin1/android-json-0.0.20131108.vaadin1.jar:/Users/manoj/.m2/repository/org/springframework/spring-core/5.3.18/spring-core-5.3.18.jar:/Users/manoj/.m2/repository/org/springframework/spring-jcl/5.3.18/spring-jcl-5.3.18.jar:/Users/manoj/.m2/repository/org/springframework/spring-test/5.3.18/spring-test-5.3.18.jar:/Users/manoj/.m2/repository/org/xmlunit/xmlunit-core/2.8.4/xmlunit-core-2.8.4.jar:/Users/manoj/.m2/repository/org/springframework/boot/spring-boot-starter/2.6.6/spring-boot-starter-2.6.6.jar:/Users/manoj/.m2/repository/org/springframework/boot/spring-boot/2.6.6/spring-boot-2.6.6.jar:/Users/manoj/.m2/repository/org/springframework/boot/spring-boot-autoconfigure/2.6.6/spring-boot-autoconfigure-2.6.6.jar:/Users/manoj/.m2/repository/org/springframework/boot/spring-boot-starter-logging/2.6.6/spring-boot-starter-logging-2.6.6.jar:/Users/manoj/.m2/repository/ch/qos/logback/logback-classic/1.2.11/logback-classic-1.2.11.jar:/Users/manoj/.m2/repository/ch/qos/logback/logback-core/1.2.11/logback-core-1.2.11.jar:/Users/manoj/.m2/repository/org/apache/logging/log4j/log4j-to-slf4j/2.17.2/log4j-to-slf4j-2.17.2.jar:/Users/manoj/.m2/repository/org/apache/logging/log4j/log4j-api/2.17.2/log4j-api-2.17.2.jar:/Users/manoj/.m2/repository/org/slf4j/jul-to-slf4j/1.7.36/jul-to-slf4j-1.7.36.jar:/Users/manoj/.m2/repository/jakarta/annotation/jakarta.annotation-api/1.3.5/jakarta.annotation-api-1.3.5.jar:/Users/manoj/.m2/repository/org/yaml/snakeyaml/1.29/snakeyaml-1.29.jar:/Users/manoj/.m2/repository/org/springframework/cloud/spring-cloud-starter-openfeign/3.1.7/spring-cloud-starter-openfeign-3.1.7.jar:/Users/manoj/.m2/repository/org/springframework/cloud/spring-cloud-starter/3.1.6/spring-cloud-starter-3.1.6.jar:/Users/manoj/.m2/repository/org/springframework/cloud/spring-cloud-context/3.1.6/spring-cloud-context-3.1.6.jar:/Users/manoj/.m2/repository/org/springframework/security/spring-security-rsa/1.0.11.RELEASE/spring-security-rsa-1.0.11.RELEASE.jar:/Users/manoj/.m2/repository/org/bouncycastle/bcpkix-jdk15on/1.69/bcpkix-jdk15on-1.69.jar:/Users/manoj/.m2/repository/org/bouncycastle/bcprov-jdk15on/1.69/bcprov-jdk15on-1.69.jar:/Users/manoj/.m2/repository/org/bouncycastle/bcutil-jdk15on/1.69/bcutil-jdk15on-1.69.jar:/Users/manoj/.m2/repository/org/springframework/cloud/spring-cloud-openfeign-core/3.1.7/spring-cloud-openfeign-core-3.1.7.jar:/Users/manoj/.m2/repository/org/springframework/boot/spring-boot-starter-aop/2.6.6/spring-boot-starter-aop-2.6.6.jar:/Users/manoj/.m2/repository/org/aspectj/aspectjweaver/1.9.7/aspectjweaver-1.9.7.jar:/Users/manoj/.m2/repository/io/github/openfeign/form/feign-form-spring/3.8.0/feign-form-spring-3.8.0.jar:/Users/manoj/.m2/repository/io/github/openfeign/form/feign-form/3.8.0/feign-form-3.8.0.jar:/Users/manoj/.m2/repository/commons-fileupload/commons-fileupload/1.4/commons-fileupload-1.4.jar:/Users/manoj/.m2/repository/org/springframework/cloud/spring-cloud-commons/3.1.6/spring-cloud-commons-3.1.6.jar:/Users/manoj/.m2/repository/org/springframework/security/spring-security-crypto/5.6.2/spring-security-crypto-5.6.2.jar:/Users/manoj/.m2/repository/io/github/openfeign/feign-core/11.10/feign-core-11.10.jar:/Users/manoj/.m2/repository/io/github/openfeign/feign-slf4j/11.10/feign-slf4j-11.10.jar:/Users/manoj/.m2/repository/org/springframework/boot/spring-boot-starter-validation/2.6.6/spring-boot-starter-validation-2.6.6.jar:/Users/manoj/.m2/repository/org/apache/tomcat/embed/tomcat-embed-el/9.0.60/tomcat-embed-el-9.0.60.jar:/Users/manoj/.m2/repository/org/hibernate/validator/hibernate-validator/6.2.3.Final/hibernate-validator-6.2.3.Final.jar:/Users/manoj/.m2/repository/jakarta/validation/jakarta.validation-api/2.0.2/jakarta.validation-api-2.0.2.jar:/Users/manoj/.m2/repository/org/jboss/logging/jboss-logging/3.4.3.Final/jboss-logging-3.4.3.Final.jar:/Users/manoj/.m2/repository/com/fasterxml/classmate/1.5.1/classmate-1.5.1.jar:/Users/manoj/.m2/repository/org/testcontainers/junit-jupiter/1.19.7/junit-jupiter-1.19.7.jar:/Users/manoj/.m2/repository/org/testcontainers/testcontainers/1.19.7/testcontainers-1.19.7.jar:/Users/manoj/.m2/repository/org/apache/commons/commons-compress/1.24.0/commons-compress-1.24.0.jar:/Users/manoj/.m2/repository/org/rnorth/duct-tape/duct-tape/1.0.8/duct-tape-1.0.8.jar:/Users/manoj/.m2/repository/org/jetbrains/annotations/17.0.0/annotations-17.0.0.jar:/Users/manoj/.m2/repository/com/github/docker-java/docker-java-api/3.3.6/docker-java-api-3.3.6.jar:/Users/manoj/.m2/repository/com/github/docker-java/docker-java-transport-zerodep/3.3.6/docker-java-transport-zerodep-3.3.6.jar:/Users/manoj/.m2/repository/com/github/docker-java/docker-java-transport/3.3.6/docker-java-transport-3.3.6.jar:/Users/manoj/.m2/repository/net/java/dev/jna/jna/5.13.0/jna-5.13.0.jar:/Users/manoj/.m2/repository/org/testcontainers/mockserver/1.19.7/mockserver-1.19.7.jar:/Users/manoj/.m2/repository/org/mock-server/mockserver-client-java/5.15.0/mockserver-client-java-5.15.0.jar:/Users/manoj/.m2/repository/org/mock-server/mockserver-core/5.15.0/mockserver-core-5.15.0.jar:/Users/manoj/.m2/repository/com/lmax/disruptor/3.4.4/disruptor-3.4.4.jar:/Users/manoj/.m2/repository/javax/servlet/javax.servlet-api/4.0.1/javax.servlet-api-4.0.1.jar:/Users/manoj/.m2/repository/io/netty/netty-buffer/4.1.75.Final/netty-buffer-4.1.75.Final.jar:/Users/manoj/.m2/repository/io/netty/netty-common/4.1.75.Final/netty-common-4.1.75.Final.jar:/Users/manoj/.m2/repository/io/netty/netty-codec/4.1.75.Final/netty-codec-4.1.75.Final.jar:/Users/manoj/.m2/repository/io/netty/netty-codec-http/4.1.75.Final/netty-codec-http-4.1.75.Final.jar:/Users/manoj/.m2/repository/io/netty/netty-codec-http2/4.1.75.Final/netty-codec-http2-4.1.75.Final.jar:/Users/manoj/.m2/repository/io/netty/netty-codec-socks/4.1.75.Final/netty-codec-socks-4.1.75.Final.jar:/Users/manoj/.m2/repository/io/netty/netty-handler/4.1.75.Final/netty-handler-4.1.75.Final.jar:/Users/manoj/.m2/repository/io/netty/netty-resolver/4.1.75.Final/netty-resolver-4.1.75.Final.jar:/Users/manoj/.m2/repository/io/netty/netty-handler-proxy/4.1.75.Final/netty-handler-proxy-4.1.75.Final.jar:/Users/manoj/.m2/repository/io/netty/netty-transport/4.1.75.Final/netty-transport-4.1.75.Final.jar:/Users/manoj/.m2/repository/io/netty/netty-tcnative-boringssl-static/2.0.51.Final/netty-tcnative-boringssl-static-2.0.51.Final.jar:/Users/manoj/.m2/repository/io/netty/netty-tcnative-classes/2.0.51.Final/netty-tcnative-classes-2.0.51.Final.jar:/Users/manoj/.m2/repository/io/netty/netty-tcnative-boringssl-static/2.0.51.Final/netty-tcnative-boringssl-static-2.0.51.Final-linux-x86_64.jar:/Users/manoj/.m2/repository/io/netty/netty-tcnative-boringssl-static/2.0.51.Final/netty-tcnative-boringssl-static-2.0.51.Final-linux-aarch_64.jar:/Users/manoj/.m2/repository/io/netty/netty-tcnative-boringssl-static/2.0.51.Final/netty-tcnative-boringssl-static-2.0.51.Final-osx-x86_64.jar:/Users/manoj/.m2/repository/io/netty/netty-tcnative-boringssl-static/2.0.51.Final/netty-tcnative-boringssl-static-2.0.51.Final-osx-aarch_64.jar:/Users/manoj/.m2/repository/io/netty/netty-tcnative-boringssl-static/2.0.51.Final/netty-tcnative-boringssl-static-2.0.51.Final-windows-x86_64.jar:/Users/manoj/.m2/repository/com/jcraft/jzlib/1.1.3/jzlib-1.1.3.jar:/Users/manoj/.m2/repository/com/fasterxml/uuid/java-uuid-generator/4.1.0/java-uuid-generator-4.1.0.jar:/Users/manoj/.m2/repository/org/bouncycastle/bcprov-jdk18on/1.72/bcprov-jdk18on-1.72.jar:/Users/manoj/.m2/repository/org/bouncycastle/bcpkix-jdk18on/1.72/bcpkix-jdk18on-1.72.jar:/Users/manoj/.m2/repository/org/bouncycastle/bcutil-jdk18on/1.72/bcutil-jdk18on-1.72.jar:/Users/manoj/.m2/repository/com/nimbusds/nimbus-jose-jwt/9.28/nimbus-jose-jwt-9.28.jar:/Users/manoj/.m2/repository/com/github/stephenc/jcip/jcip-annotations/1.0-1/jcip-annotations-1.0-1.jar:/Users/manoj/.m2/repository/org/apache/velocity/velocity-engine-scripting/2.3/velocity-engine-scripting-2.3.jar:/Users/manoj/.m2/repository/org/apache/velocity/velocity-engine-core/2.3/velocity-engine-core-2.3.jar:/Users/manoj/.m2/repository/org/apache/velocity/tools/velocity-tools-generic/3.1/velocity-tools-generic-3.1.jar:/Users/manoj/.m2/repository/commons-beanutils/commons-beanutils/1.9.4/commons-beanutils-1.9.4.jar:/Users/manoj/.m2/repository/commons-logging/commons-logging/1.2/commons-logging-1.2.jar:/Users/manoj/.m2/repository/commons-collections/commons-collections/3.2.2/commons-collections-3.2.2.jar:/Users/manoj/.m2/repository/org/apache/commons/commons-digester3/3.2/commons-digester3-3.2.jar:/Users/manoj/.m2/repository/com/github/cliftonlabs/json-simple/3.0.2/json-simple-3.0.2.jar:/Users/manoj/.m2/repository/com/samskivert/jmustache/1.15/jmustache-1.15.jar:/Users/manoj/.m2/repository/com/fasterxml/jackson/core/jackson-core/2.13.2/jackson-core-2.13.2.jar:/Users/manoj/.m2/repository/com/fasterxml/jackson/core/jackson-annotations/2.13.2/jackson-annotations-2.13.2.jar:/Users/manoj/.m2/repository/net/javacrumbs/json-unit/json-unit-core/2.36.0/json-unit-core-2.36.0.jar:/Users/manoj/.m2/repository/com/networknt/json-schema-validator/1.0.76/json-schema-validator-1.0.76.jar:/Users/manoj/.m2/repository/com/ethlo/time/itu/1.7.0/itu-1.7.0.jar:/Users/manoj/.m2/repository/io/swagger/parser/v3/swagger-parser/2.1.10/swagger-parser-2.1.10.jar:/Users/manoj/.m2/repository/io/swagger/parser/v3/swagger-parser-v2-converter/2.1.10/swagger-parser-v2-converter-2.1.10.jar:/Users/manoj/.m2/repository/io/swagger/swagger-core/1.6.9/swagger-core-1.6.9.jar:/Users/manoj/.m2/repository/io/swagger/swagger-models/1.6.9/swagger-models-1.6.9.jar:/Users/manoj/.m2/repository/io/swagger/swagger-annotations/1.6.9/swagger-annotations-1.6.9.jar:/Users/manoj/.m2/repository/io/swagger/swagger-parser/1.0.64/swagger-parser-1.0.64.jar:/Users/manoj/.m2/repository/io/swagger/swagger-compat-spec-parser/1.0.64/swagger-compat-spec-parser-1.0.64.jar:/Users/manoj/.m2/repository/com/github/java-json-tools/json-schema-validator/2.2.14/json-schema-validator-2.2.14.jar:/Users/manoj/.m2/repository/com/github/java-json-tools/jackson-coreutils-equivalence/1.0/jackson-coreutils-equivalence-1.0.jar:/Users/manoj/.m2/repository/com/github/java-json-tools/json-schema-core/1.2.14/json-schema-core-1.2.14.jar:/Users/manoj/.m2/repository/com/github/java-json-tools/uri-template/0.10/uri-template-0.10.jar:/Users/manoj/.m2/repository/org/mozilla/rhino/1.7.7.2/rhino-1.7.7.2.jar:/Users/manoj/.m2/repository/com/sun/mail/mailapi/1.6.2/mailapi-1.6.2.jar:/Users/manoj/.m2/repository/joda-time/joda-time/2.10.5/joda-time-2.10.5.jar:/Users/manoj/.m2/repository/com/googlecode/libphonenumber/libphonenumber/8.11.1/libphonenumber-8.11.1.jar:/Users/manoj/.m2/repository/net/sf/jopt-simple/jopt-simple/5.0.4/jopt-simple-5.0.4.jar:/Users/manoj/.m2/repository/com/github/java-json-tools/json-patch/1.13/json-patch-1.13.jar:/Users/manoj/.m2/repository/com/github/java-json-tools/msg-simple/1.2/msg-simple-1.2.jar:/Users/manoj/.m2/repository/com/github/java-json-tools/btf/1.3/btf-1.3.jar:/Users/manoj/.m2/repository/com/github/java-json-tools/jackson-coreutils/2.0/jackson-coreutils-2.0.jar:/Users/manoj/.m2/repository/io/swagger/core/v3/swagger-models/2.2.8/swagger-models-2.2.8.jar:/Users/manoj/.m2/repository/io/swagger/parser/v3/swagger-parser-core/2.1.10/swagger-parser-core-2.1.10.jar:/Users/manoj/.m2/repository/io/swagger/parser/v3/swagger-parser-v3/2.1.10/swagger-parser-v3-2.1.10.jar:/Users/manoj/.m2/repository/io/swagger/core/v3/swagger-core/2.2.8/swagger-core-2.2.8.jar:/Users/manoj/.m2/repository/io/swagger/core/v3/swagger-annotations/2.2.8/swagger-annotations-2.2.8.jar:/Users/manoj/.m2/repository/com/fasterxml/jackson/dataformat/jackson-dataformat-yaml/2.13.2/jackson-dataformat-yaml-2.13.2.jar:/Users/manoj/.m2/repository/com/sun/xml/bind/jaxb-impl/4.0.1/jaxb-impl-4.0.1.jar:/Users/manoj/.m2/repository/com/sun/xml/bind/jaxb-core/4.0.1/jaxb-core-4.0.1.jar:/Users/manoj/.m2/repository/org/eclipse/angus/angus-activation/1.0.0/angus-activation-1.0.0.jar:/Users/manoj/.m2/repository/org/xmlunit/xmlunit-placeholders/2.8.4/xmlunit-placeholders-2.8.4.jar:/Users/manoj/.m2/repository/commons-io/commons-io/2.11.0/commons-io-2.11.0.jar:/Users/manoj/.m2/repository/org/apache/commons/commons-text/1.10.0/commons-text-1.10.0.jar:/Users/manoj/.m2/repository/commons-codec/commons-codec/1.15/commons-codec-1.15.jar:/Users/manoj/.m2/repository/io/github/classgraph/classgraph/4.8.154/classgraph-4.8.154.jar:/Users/manoj/.m2/repository/io/prometheus/simpleclient/0.12.0/simpleclient-0.12.0.jar:/Users/manoj/.m2/repository/io/prometheus/simpleclient_tracer_otel/0.12.0/simpleclient_tracer_otel-0.12.0.jar:/Users/manoj/.m2/repository/io/prometheus/simpleclient_tracer_common/0.12.0/simpleclient_tracer_common-0.12.0.jar:/Users/manoj/.m2/repository/io/prometheus/simpleclient_tracer_otel_agent/0.12.0/simpleclient_tracer_otel_agent-0.12.0.jar:/Users/manoj/.m2/repository/io/prometheus/simpleclient_httpserver/0.12.0/simpleclient_httpserver-0.12.0.jar:/Users/manoj/.m2/repository/io/prometheus/simpleclient_common/0.12.0/simpleclient_common-0.12.0.jar:/Users/manoj/.m2/repository/org/apache/commons/commons-lang3/3.12.0/commons-lang3-3.12.0.jar:/Users/manoj/.m2/repository/com/google/guava/guava/31.1-jre/guava-31.1-jre.jar:/Users/manoj/.m2/repository/com/google/guava/failureaccess/1.0.1/failureaccess-1.0.1.jar:/Users/manoj/.m2/repository/com/google/guava/listenablefuture/9999.0-empty-to-avoid-conflict-with-guava/listenablefuture-9999.0-empty-to-avoid-conflict-with-guava.jar:/Users/manoj/.m2/repository/org/checkerframework/checker-qual/3.12.0/checker-qual-3.12.0.jar:/Users/manoj/.m2/repository/com/google/errorprone/error_prone_annotations/2.11.0/error_prone_annotations-2.11.0.jar:/Users/manoj/.m2/repository/com/google/j2objc/j2objc-annotations/1.3/j2objc-annotations-1.3.jar:/Users/manoj/.m2/repository/org/slf4j/slf4j-api/1.7.36/slf4j-api-1.7.36.jar:/Users/manoj/.m2/repository/com/github/spotbugs/spotbugs-annotations/4.9.3/spotbugs-annotations-4.9.3.jar:/Users/manoj/.m2/repository/com/google/code/findbugs/jsr305/3.0.2/jsr305-3.0.2.jar:/Users/manoj/.m2/repository/io/rest-assured/spring-mock-mvc/4.4.0/spring-mock-mvc-4.4.0.jar:/Users/manoj/.m2/repository/io/rest-assured/spring-commons/4.4.0/spring-commons-4.4.0.jar:/Users/manoj/.m2/repository/io/rest-assured/rest-assured/4.4.0/rest-assured-4.4.0.jar:/Users/manoj/.m2/repository/org/codehaus/groovy/groovy/3.0.10/groovy-3.0.10.jar:/Users/manoj/.m2/repository/org/codehaus/groovy/groovy-xml/3.0.10/groovy-xml-3.0.10.jar:/Users/manoj/.m2/repository/org/apache/httpcomponents/httpclient/4.5.13/httpclient-4.5.13.jar:/Users/manoj/.m2/repository/org/apache/httpcomponents/httpcore/4.4.15/httpcore-4.4.15.jar:/Users/manoj/.m2/repository/org/apache/httpcomponents/httpmime/4.5.13/httpmime-4.5.13.jar:/Users/manoj/.m2/repository/org/ccil/cowan/tagsoup/tagsoup/1.2.1/tagsoup-1.2.1.jar:/Users/manoj/.m2/repository/io/rest-assured/json-path/4.4.0/json-path-4.4.0.jar:/Users/manoj/.m2/repository/org/codehaus/groovy/groovy-json/3.0.10/groovy-json-3.0.10.jar:/Users/manoj/.m2/repository/io/rest-assured/rest-assured-common/4.4.0/rest-assured-common-4.4.0.jar:/Users/manoj/.m2/repository/io/rest-assured/xml-path/4.4.0/xml-path-4.4.0.jar:/Users/manoj/.m2/repository/com/toomuchcoding/jsonassert/jsonassert/0.4.14/jsonassert-0.4.14.jar:/Users/manoj/.m2/repository/org/mockito/mockito-core/4.11.0/mockito-core-4.11.0.jar:/Users/manoj/.m2/repository/org/objenesis/objenesis/3.3/objenesis-3.3.jar:/Users/manoj/.m2/repository/org/mockito/mockito-junit-jupiter/4.11.0/mockito-junit-jupiter-4.11.0.jar:/Users/manoj/.m2/repository/org/junit/jupiter/junit-jupiter-api/5.8.2/junit-jupiter-api-5.8.2.jar:/Users/manoj/.m2/repository/org/opentest4j/opentest4j/1.2.0/opentest4j-1.2.0.jar:/Users/manoj/.m2/repository/org/junit/platform/junit-platform-commons/1.8.2/junit-platform-commons-1.8.2.jar:/Users/manoj/.m2/repository/org/apiguardian/apiguardian-api/1.1.2/apiguardian-api-1.1.2.jar:/Users/manoj/.m2/repository/net/bytebuddy/byte-buddy/1.14.13/byte-buddy-1.14.13.jar:/Users/manoj/.m2/repository/net/bytebuddy/byte-buddy-agent/1.14.13/byte-buddy-agent-1.14.13.jar:/Users/manoj/.m2/repository/junit/junit/4.13.2/junit-4.13.2.jar:/Users/manoj/.m2/repository/org/hamcrest/hamcrest-core/2.2/hamcrest-core-2.2.jar:"/>
    <property name="java.vm.vendor" value="Eclipse Adoptium"/>
    <property name="sun.arch.data.model" value="64"/>
    <property name="java.vendor.url" value="https://adoptium.net/"/>
    <property name="user.timezone" value="Europe/Dublin"/>
    <property name="os.name" value="Mac OS X"/>
    <property name="java.vm.specification.version" value="21"/>
    <property name="sun.java.launcher" value="SUN_STANDARD"/>
    <property name="user.country" value="IE"/>
    <property name="sun.boot.library.path" value="/Library/Java/JavaVirtualMachines/temurin-21.jdk/Contents/Home/lib"/>
    <property name="sun.java.command" value="/Users/manoj/Documents/GitHub/react-springboot-chat-app/backend/app/target/surefire/surefirebooter-20250626174341577_3.jar /Users/manoj/Documents/GitHub/react-springboot-chat-app/backend/app/target/surefire 2025-06-26T17-43-41_543-jvmRun1 surefire-20250626174341577_1tmp surefire_0-20250626174341577_2tmp"/>
    <property name="http.nonProxyHosts" value="local|*.local|169.254/16|*.169.254/16"/>
    <property name="jdk.debug" value="release"/>
    <property name="surefire.test.class.path" value="/Users/manoj/Documents/GitHub/react-springboot-chat-app/backend/app/target/test-classes:/Users/manoj/Documents/GitHub/react-springboot-chat-app/backend/app/target/classes:/Users/manoj/.m2/repository/org/springframework/boot/spring-boot-starter-web/2.6.6/spring-boot-starter-web-2.6.6.jar:/Users/manoj/.m2/repository/org/springframework/boot/spring-boot-starter-json/2.6.6/spring-boot-starter-json-2.6.6.jar:/Users/manoj/.m2/repository/com/fasterxml/jackson/core/jackson-databind/2.13.2.2/jackson-databind-2.13.2.2.jar:/Users/manoj/.m2/repository/com/fasterxml/jackson/datatype/jackson-datatype-jdk8/2.13.2/jackson-datatype-jdk8-2.13.2.jar:/Users/manoj/.m2/repository/com/fasterxml/jackson/datatype/jackson-datatype-jsr310/2.13.2/jackson-datatype-jsr310-2.13.2.jar:/Users/manoj/.m2/repository/com/fasterxml/jackson/module/jackson-module-parameter-names/2.13.2/jackson-module-parameter-names-2.13.2.jar:/Users/manoj/.m2/repository/org/springframework/boot/spring-boot-starter-tomcat/2.6.6/spring-boot-starter-tomcat-2.6.6.jar:/Users/manoj/.m2/repository/org/apache/tomcat/embed/tomcat-embed-core/9.0.60/tomcat-embed-core-9.0.60.jar:/Users/manoj/.m2/repository/org/apache/tomcat/embed/tomcat-embed-websocket/9.0.60/tomcat-embed-websocket-9.0.60.jar:/Users/manoj/.m2/repository/org/springframework/spring-web/5.3.18/spring-web-5.3.18.jar:/Users/manoj/.m2/repository/org/springframework/spring-beans/5.3.18/spring-beans-5.3.18.jar:/Users/manoj/.m2/repository/org/springframework/spring-webmvc/5.3.18/spring-webmvc-5.3.18.jar:/Users/manoj/.m2/repository/org/springframework/spring-aop/5.3.18/spring-aop-5.3.18.jar:/Users/manoj/.m2/repository/org/springframework/spring-context/5.3.18/spring-context-5.3.18.jar:/Users/manoj/.m2/repository/org/springframework/spring-expression/5.3.18/spring-expression-5.3.18.jar:/Users/manoj/.m2/repository/org/springframework/boot/spring-boot-starter-test/2.6.6/spring-boot-starter-test-2.6.6.jar:/Users/manoj/.m2/repository/org/springframework/boot/spring-boot-test/2.6.6/spring-boot-test-2.6.6.jar:/Users/manoj/.m2/repository/org/springframework/boot/spring-boot-test-autoconfigure/2.6.6/spring-boot-test-autoconfigure-2.6.6.jar:/Users/manoj/.m2/repository/com/jayway/jsonpath/json-path/2.6.0/json-path-2.6.0.jar:/Users/manoj/.m2/repository/net/minidev/json-smart/2.4.8/json-smart-2.4.8.jar:/Users/manoj/.m2/repository/net/minidev/accessors-smart/2.4.8/accessors-smart-2.4.8.jar:/Users/manoj/.m2/repository/org/ow2/asm/asm/9.1/asm-9.1.jar:/Users/manoj/.m2/repository/jakarta/xml/bind/jakarta.xml.bind-api/2.3.3/jakarta.xml.bind-api-2.3.3.jar:/Users/manoj/.m2/repository/jakarta/activation/jakarta.activation-api/1.2.2/jakarta.activation-api-1.2.2.jar:/Users/manoj/.m2/repository/org/assertj/assertj-core/3.21.0/assertj-core-3.21.0.jar:/Users/manoj/.m2/repository/org/hamcrest/hamcrest/2.2/hamcrest-2.2.jar:/Users/manoj/.m2/repository/org/junit/jupiter/junit-jupiter/5.8.2/junit-jupiter-5.8.2.jar:/Users/manoj/.m2/repository/org/junit/jupiter/junit-jupiter-params/5.8.2/junit-jupiter-params-5.8.2.jar:/Users/manoj/.m2/repository/org/junit/jupiter/junit-jupiter-engine/5.8.2/junit-jupiter-engine-5.8.2.jar:/Users/manoj/.m2/repository/org/junit/platform/junit-platform-engine/1.8.2/junit-platform-engine-1.8.2.jar:/Users/manoj/.m2/repository/org/skyscreamer/jsonassert/1.5.0/jsonassert-1.5.0.jar:/Users/manoj/.m2/repository/com/vaadin/external/google/android-json/0.0.20131108.vaadin1/android-json-0.0.20131108.vaadin1.jar:/Users/manoj/.m2/repository/org/springframework/spring-core/5.3.18/spring-core-5.3.18.jar:/Users/manoj/.m2/repository/org/springframework/spring-jcl/5.3.18/spring-jcl-5.3.18.jar:/Users/manoj/.m2/repository/org/springframework/spring-test/5.3.18/spring-test-5.3.18.jar:/Users/manoj/.m2/repository/org/xmlunit/xmlunit-core/2.8.4/xmlunit-core-2.8.4.jar:/Users/manoj/.m2/repository/org/springframework/boot/spring-boot-starter/2.6.6/spring-boot-starter-2.6.6.jar:/Users/manoj/.m2/repository/org/springframework/boot/spring-boot/2.6.6/spring-boot-2.6.6.jar:/Users/manoj/.m2/repository/org/springframework/boot/spring-boot-autoconfigure/2.6.6/spring-boot-autoconfigure-2.6.6.jar:/Users/manoj/.m2/repository/org/springframework/boot/spring-boot-starter-logging/2.6.6/spring-boot-starter-logging-2.6.6.jar:/Users/manoj/.m2/repository/ch/qos/logback/logback-classic/1.2.11/logback-classic-1.2.11.jar:/Users/manoj/.m2/repository/ch/qos/logback/logback-core/1.2.11/logback-core-1.2.11.jar:/Users/manoj/.m2/repository/org/apache/logging/log4j/log4j-to-slf4j/2.17.2/log4j-to-slf4j-2.17.2.jar:/Users/manoj/.m2/repository/org/apache/logging/log4j/log4j-api/2.17.2/log4j-api-2.17.2.jar:/Users/manoj/.m2/repository/org/slf4j/jul-to-slf4j/1.7.36/jul-to-slf4j-1.7.36.jar:/Users/manoj/.m2/repository/jakarta/annotation/jakarta.annotation-api/1.3.5/jakarta.annotation-api-1.3.5.jar:/Users/manoj/.m2/repository/org/yaml/snakeyaml/1.29/snakeyaml-1.29.jar:/Users/manoj/.m2/repository/org/springframework/cloud/spring-cloud-starter-openfeign/3.1.7/spring-cloud-starter-openfeign-3.1.7.jar:/Users/manoj/.m2/repository/org/springframework/cloud/spring-cloud-starter/3.1.6/spring-cloud-starter-3.1.6.jar:/Users/manoj/.m2/repository/org/springframework/cloud/spring-cloud-context/3.1.6/spring-cloud-context-3.1.6.jar:/Users/manoj/.m2/repository/org/springframework/security/spring-security-rsa/1.0.11.RELEASE/spring-security-rsa-1.0.11.RELEASE.jar:/Users/manoj/.m2/repository/org/bouncycastle/bcpkix-jdk15on/1.69/bcpkix-jdk15on-1.69.jar:/Users/manoj/.m2/repository/org/bouncycastle/bcprov-jdk15on/1.69/bcprov-jdk15on-1.69.jar:/Users/manoj/.m2/repository/org/bouncycastle/bcutil-jdk15on/1.69/bcutil-jdk15on-1.69.jar:/Users/manoj/.m2/repository/org/springframework/cloud/spring-cloud-openfeign-core/3.1.7/spring-cloud-openfeign-core-3.1.7.jar:/Users/manoj/.m2/repository/org/springframework/boot/spring-boot-starter-aop/2.6.6/spring-boot-starter-aop-2.6.6.jar:/Users/manoj/.m2/repository/org/aspectj/aspectjweaver/1.9.7/aspectjweaver-1.9.7.jar:/Users/manoj/.m2/repository/io/github/openfeign/form/feign-form-spring/3.8.0/feign-form-spring-3.8.0.jar:/Users/manoj/.m2/repository/io/github/openfeign/form/feign-form/3.8.0/feign-form-3.8.0.jar:/Users/manoj/.m2/repository/commons-fileupload/commons-fileupload/1.4/commons-fileupload-1.4.jar:/Users/manoj/.m2/repository/org/springframework/cloud/spring-cloud-commons/3.1.6/spring-cloud-commons-3.1.6.jar:/Users/manoj/.m2/repository/org/springframework/security/spring-security-crypto/5.6.2/spring-security-crypto-5.6.2.jar:/Users/manoj/.m2/repository/io/github/openfeign/feign-core/11.10/feign-core-11.10.jar:/Users/manoj/.m2/repository/io/github/openfeign/feign-slf4j/11.10/feign-slf4j-11.10.jar:/Users/manoj/.m2/repository/org/springframework/boot/spring-boot-starter-validation/2.6.6/spring-boot-starter-validation-2.6.6.jar:/Users/manoj/.m2/repository/org/apache/tomcat/embed/tomcat-embed-el/9.0.60/tomcat-embed-el-9.0.60.jar:/Users/manoj/.m2/repository/org/hibernate/validator/hibernate-validator/6.2.3.Final/hibernate-validator-6.2.3.Final.jar:/Users/manoj/.m2/repository/jakarta/validation/jakarta.validation-api/2.0.2/jakarta.validation-api-2.0.2.jar:/Users/manoj/.m2/repository/org/jboss/logging/jboss-logging/3.4.3.Final/jboss-logging-3.4.3.Final.jar:/Users/manoj/.m2/repository/com/fasterxml/classmate/1.5.1/classmate-1.5.1.jar:/Users/manoj/.m2/repository/org/testcontainers/junit-jupiter/1.19.7/junit-jupiter-1.19.7.jar:/Users/manoj/.m2/repository/org/testcontainers/testcontainers/1.19.7/testcontainers-1.19.7.jar:/Users/manoj/.m2/repository/org/apache/commons/commons-compress/1.24.0/commons-compress-1.24.0.jar:/Users/manoj/.m2/repository/org/rnorth/duct-tape/duct-tape/1.0.8/duct-tape-1.0.8.jar:/Users/manoj/.m2/repository/org/jetbrains/annotations/17.0.0/annotations-17.0.0.jar:/Users/manoj/.m2/repository/com/github/docker-java/docker-java-api/3.3.6/docker-java-api-3.3.6.jar:/Users/manoj/.m2/repository/com/github/docker-java/docker-java-transport-zerodep/3.3.6/docker-java-transport-zerodep-3.3.6.jar:/Users/manoj/.m2/repository/com/github/docker-java/docker-java-transport/3.3.6/docker-java-transport-3.3.6.jar:/Users/manoj/.m2/repository/net/java/dev/jna/jna/5.13.0/jna-5.13.0.jar:/Users/manoj/.m2/repository/org/testcontainers/mockserver/1.19.7/mockserver-1.19.7.jar:/Users/manoj/.m2/repository/org/mock-server/mockserver-client-java/5.15.0/mockserver-client-java-5.15.0.jar:/Users/manoj/.m2/repository/org/mock-server/mockserver-core/5.15.0/mockserver-core-5.15.0.jar:/Users/manoj/.m2/repository/com/lmax/disruptor/3.4.4/disruptor-3.4.4.jar:/Users/manoj/.m2/repository/javax/servlet/javax.servlet-api/4.0.1/javax.servlet-api-4.0.1.jar:/Users/manoj/.m2/repository/io/netty/netty-buffer/4.1.75.Final/netty-buffer-4.1.75.Final.jar:/Users/manoj/.m2/repository/io/netty/netty-common/4.1.75.Final/netty-common-4.1.75.Final.jar:/Users/manoj/.m2/repository/io/netty/netty-codec/4.1.75.Final/netty-codec-4.1.75.Final.jar:/Users/manoj/.m2/repository/io/netty/netty-codec-http/4.1.75.Final/netty-codec-http-4.1.75.Final.jar:/Users/manoj/.m2/repository/io/netty/netty-codec-http2/4.1.75.Final/netty-codec-http2-4.1.75.Final.jar:/Users/manoj/.m2/repository/io/netty/netty-codec-socks/4.1.75.Final/netty-codec-socks-4.1.75.Final.jar:/Users/manoj/.m2/repository/io/netty/netty-handler/4.1.75.Final/netty-handler-4.1.75.Final.jar:/Users/manoj/.m2/repository/io/netty/netty-resolver/4.1.75.Final/netty-resolver-4.1.75.Final.jar:/Users/manoj/.m2/repository/io/netty/netty-handler-proxy/4.1.75.Final/netty-handler-proxy-4.1.75.Final.jar:/Users/manoj/.m2/repository/io/netty/netty-transport/4.1.75.Final/netty-transport-4.1.75.Final.jar:/Users/manoj/.m2/repository/io/netty/netty-tcnative-boringssl-static/2.0.51.Final/netty-tcnative-boringssl-static-2.0.51.Final.jar:/Users/manoj/.m2/repository/io/netty/netty-tcnative-classes/2.0.51.Final/netty-tcnative-classes-2.0.51.Final.jar:/Users/manoj/.m2/repository/io/netty/netty-tcnative-boringssl-static/2.0.51.Final/netty-tcnative-boringssl-static-2.0.51.Final-linux-x86_64.jar:/Users/manoj/.m2/repository/io/netty/netty-tcnative-boringssl-static/2.0.51.Final/netty-tcnative-boringssl-static-2.0.51.Final-linux-aarch_64.jar:/Users/manoj/.m2/repository/io/netty/netty-tcnative-boringssl-static/2.0.51.Final/netty-tcnative-boringssl-static-2.0.51.Final-osx-x86_64.jar:/Users/manoj/.m2/repository/io/netty/netty-tcnative-boringssl-static/2.0.51.Final/netty-tcnative-boringssl-static-2.0.51.Final-osx-aarch_64.jar:/Users/manoj/.m2/repository/io/netty/netty-tcnative-boringssl-static/2.0.51.Final/netty-tcnative-boringssl-static-2.0.51.Final-windows-x86_64.jar:/Users/manoj/.m2/repository/com/jcraft/jzlib/1.1.3/jzlib-1.1.3.jar:/Users/manoj/.m2/repository/com/fasterxml/uuid/java-uuid-generator/4.1.0/java-uuid-generator-4.1.0.jar:/Users/manoj/.m2/repository/org/bouncycastle/bcprov-jdk18on/1.72/bcprov-jdk18on-1.72.jar:/Users/manoj/.m2/repository/org/bouncycastle/bcpkix-jdk18on/1.72/bcpkix-jdk18on-1.72.jar:/Users/manoj/.m2/repository/org/bouncycastle/bcutil-jdk18on/1.72/bcutil-jdk18on-1.72.jar:/Users/manoj/.m2/repository/com/nimbusds/nimbus-jose-jwt/9.28/nimbus-jose-jwt-9.28.jar:/Users/manoj/.m2/repository/com/github/stephenc/jcip/jcip-annotations/1.0-1/jcip-annotations-1.0-1.jar:/Users/manoj/.m2/repository/org/apache/velocity/velocity-engine-scripting/2.3/velocity-engine-scripting-2.3.jar:/Users/manoj/.m2/repository/org/apache/velocity/velocity-engine-core/2.3/velocity-engine-core-2.3.jar:/Users/manoj/.m2/repository/org/apache/velocity/tools/velocity-tools-generic/3.1/velocity-tools-generic-3.1.jar:/Users/manoj/.m2/repository/commons-beanutils/commons-beanutils/1.9.4/commons-beanutils-1.9.4.jar:/Users/manoj/.m2/repository/commons-logging/commons-logging/1.2/commons-logging-1.2.jar:/Users/manoj/.m2/repository/commons-collections/commons-collections/3.2.2/commons-collections-3.2.2.jar:/Users/manoj/.m2/repository/org/apache/commons/commons-digester3/3.2/commons-digester3-3.2.jar:/Users/manoj/.m2/repository/com/github/cliftonlabs/json-simple/3.0.2/json-simple-3.0.2.jar:/Users/manoj/.m2/repository/com/samskivert/jmustache/1.15/jmustache-1.15.jar:/Users/manoj/.m2/repository/com/fasterxml/jackson/core/jackson-core/2.13.2/jackson-core-2.13.2.jar:/Users/manoj/.m2/repository/com/fasterxml/jackson/core/jackson-annotations/2.13.2/jackson-annotations-2.13.2.jar:/Users/manoj/.m2/repository/net/javacrumbs/json-unit/json-unit-core/2.36.0/json-unit-core-2.36.0.jar:/Users/manoj/.m2/repository/com/networknt/json-schema-validator/1.0.76/json-schema-validator-1.0.76.jar:/Users/manoj/.m2/repository/com/ethlo/time/itu/1.7.0/itu-1.7.0.jar:/Users/manoj/.m2/repository/io/swagger/parser/v3/swagger-parser/2.1.10/swagger-parser-2.1.10.jar:/Users/manoj/.m2/repository/io/swagger/parser/v3/swagger-parser-v2-converter/2.1.10/swagger-parser-v2-converter-2.1.10.jar:/Users/manoj/.m2/repository/io/swagger/swagger-core/1.6.9/swagger-core-1.6.9.jar:/Users/manoj/.m2/repository/io/swagger/swagger-models/1.6.9/swagger-models-1.6.9.jar:/Users/manoj/.m2/repository/io/swagger/swagger-annotations/1.6.9/swagger-annotations-1.6.9.jar:/Users/manoj/.m2/repository/io/swagger/swagger-parser/1.0.64/swagger-parser-1.0.64.jar:/Users/manoj/.m2/repository/io/swagger/swagger-compat-spec-parser/1.0.64/swagger-compat-spec-parser-1.0.64.jar:/Users/manoj/.m2/repository/com/github/java-json-tools/json-schema-validator/2.2.14/json-schema-validator-2.2.14.jar:/Users/manoj/.m2/repository/com/github/java-json-tools/jackson-coreutils-equivalence/1.0/jackson-coreutils-equivalence-1.0.jar:/Users/manoj/.m2/repository/com/github/java-json-tools/json-schema-core/1.2.14/json-schema-core-1.2.14.jar:/Users/manoj/.m2/repository/com/github/java-json-tools/uri-template/0.10/uri-template-0.10.jar:/Users/manoj/.m2/repository/org/mozilla/rhino/1.7.7.2/rhino-1.7.7.2.jar:/Users/manoj/.m2/repository/com/sun/mail/mailapi/1.6.2/mailapi-1.6.2.jar:/Users/manoj/.m2/repository/joda-time/joda-time/2.10.5/joda-time-2.10.5.jar:/Users/manoj/.m2/repository/com/googlecode/libphonenumber/libphonenumber/8.11.1/libphonenumber-8.11.1.jar:/Users/manoj/.m2/repository/net/sf/jopt-simple/jopt-simple/5.0.4/jopt-simple-5.0.4.jar:/Users/manoj/.m2/repository/com/github/java-json-tools/json-patch/1.13/json-patch-1.13.jar:/Users/manoj/.m2/repository/com/github/java-json-tools/msg-simple/1.2/msg-simple-1.2.jar:/Users/manoj/.m2/repository/com/github/java-json-tools/btf/1.3/btf-1.3.jar:/Users/manoj/.m2/repository/com/github/java-json-tools/jackson-coreutils/2.0/jackson-coreutils-2.0.jar:/Users/manoj/.m2/repository/io/swagger/core/v3/swagger-models/2.2.8/swagger-models-2.2.8.jar:/Users/manoj/.m2/repository/io/swagger/parser/v3/swagger-parser-core/2.1.10/swagger-parser-core-2.1.10.jar:/Users/manoj/.m2/repository/io/swagger/parser/v3/swagger-parser-v3/2.1.10/swagger-parser-v3-2.1.10.jar:/Users/manoj/.m2/repository/io/swagger/core/v3/swagger-core/2.2.8/swagger-core-2.2.8.jar:/Users/manoj/.m2/repository/io/swagger/core/v3/swagger-annotations/2.2.8/swagger-annotations-2.2.8.jar:/Users/manoj/.m2/repository/com/fasterxml/jackson/dataformat/jackson-dataformat-yaml/2.13.2/jackson-dataformat-yaml-2.13.2.jar:/Users/manoj/.m2/repository/com/sun/xml/bind/jaxb-impl/4.0.1/jaxb-impl-4.0.1.jar:/Users/manoj/.m2/repository/com/sun/xml/bind/jaxb-core/4.0.1/jaxb-core-4.0.1.jar:/Users/manoj/.m2/repository/org/eclipse/angus/angus-activation/1.0.0/angus-activation-1.0.0.jar:/Users/manoj/.m2/repository/org/xmlunit/xmlunit-placeholders/2.8.4/xmlunit-placeholders-2.8.4.jar:/Users/manoj/.m2/repository/commons-io/commons-io/2.11.0/commons-io-2.11.0.jar:/Users/manoj/.m2/repository/org/apache/commons/commons-text/1.10.0/commons-text-1.10.0.jar:/Users/manoj/.m2/repository/commons-codec/commons-codec/1.15/commons-codec-1.15.jar:/Users/manoj/.m2/repository/io/github/classgraph/classgraph/4.8.154/classgraph-4.8.154.jar:/Users/manoj/.m2/repository/io/prometheus/simpleclient/0.12.0/simpleclient-0.12.0.jar:/Users/manoj/.m2/repository/io/prometheus/simpleclient_tracer_otel/0.12.0/simpleclient_tracer_otel-0.12.0.jar:/Users/manoj/.m2/repository/io/prometheus/simpleclient_tracer_common/0.12.0/simpleclient_tracer_common-0.12.0.jar:/Users/manoj/.m2/repository/io/prometheus/simpleclient_tracer_otel_agent/0.12.0/simpleclient_tracer_otel_agent-0.12.0.jar:/Users/manoj/.m2/repository/io/prometheus/simpleclient_httpserver/0.12.0/simpleclient_httpserver-0.12.0.jar:/Users/manoj/.m2/repository/io/prometheus/simpleclient_common/0.12.0/simpleclient_common-0.12.0.jar:/Users/manoj/.m2/repository/org/apache/commons/commons-lang3/3.12.0/commons-lang3-3.12.0.jar:/Users/manoj/.m2/repository/com/google/guava/guava/31.1-jre/guava-31.1-jre.jar:/Users/manoj/.m2/repository/com/google/guava/failureaccess/1.0.1/failureaccess-1.0.1.jar:/Users/manoj/.m2/repository/com/google/guava/listenablefuture/9999.0-empty-to-avoid-conflict-with-guava/listenablefuture-9999.0-empty-to-avoid-conflict-with-guava.jar:/Users/manoj/.m2/repository/org/checkerframework/checker-qual/3.12.0/checker-qual-3.12.0.jar:/Users/manoj/.m2/repository/com/google/errorprone/error_prone_annotations/2.11.0/error_prone_annotations-2.11.0.jar:/Users/manoj/.m2/repository/com/google/j2objc/j2objc-annotations/1.3/j2objc-annotations-1.3.jar:/Users/manoj/.m2/repository/org/slf4j/slf4j-api/1.7.36/slf4j-api-1.7.36.jar:/Users/manoj/.m2/repository/com/github/spotbugs/spotbugs-annotations/4.9.3/spotbugs-annotations-4.9.3.jar:/Users/manoj/.m2/repository/com/google/code/findbugs/jsr305/3.0.2/jsr305-3.0.2.jar:/Users/manoj/.m2/repository/io/rest-assured/spring-mock-mvc/4.4.0/spring-mock-mvc-4.4.0.jar:/Users/manoj/.m2/repository/io/rest-assured/spring-commons/4.4.0/spring-commons-4.4.0.jar:/Users/manoj/.m2/repository/io/rest-assured/rest-assured/4.4.0/rest-assured-4.4.0.jar:/Users/manoj/.m2/repository/org/codehaus/groovy/groovy/3.0.10/groovy-3.0.10.jar:/Users/manoj/.m2/repository/org/codehaus/groovy/groovy-xml/3.0.10/groovy-xml-3.0.10.jar:/Users/manoj/.m2/repository/org/apache/httpcomponents/httpclient/4.5.13/httpclient-4.5.13.jar:/Users/manoj/.m2/repository/org/apache/httpcomponents/httpcore/4.4.15/httpcore-4.4.15.jar:/Users/manoj/.m2/repository/org/apache/httpcomponents/httpmime/4.5.13/httpmime-4.5.13.jar:/Users/manoj/.m2/repository/org/ccil/cowan/tagsoup/tagsoup/1.2.1/tagsoup-1.2.1.jar:/Users/manoj/.m2/repository/io/rest-assured/json-path/4.4.0/json-path-4.4.0.jar:/Users/manoj/.m2/repository/org/codehaus/groovy/groovy-json/3.0.10/groovy-json-3.0.10.jar:/Users/manoj/.m2/repository/io/rest-assured/rest-assured-common/4.4.0/rest-assured-common-4.4.0.jar:/Users/manoj/.m2/repository/io/rest-assured/xml-path/4.4.0/xml-path-4.4.0.jar:/Users/manoj/.m2/repository/com/toomuchcoding/jsonassert/jsonassert/0.4.14/jsonassert-0.4.14.jar:/Users/manoj/.m2/repository/org/mockito/mockito-core/4.11.0/mockito-core-4.11.0.jar:/Users/manoj/.m2/repository/org/objenesis/objenesis/3.3/objenesis-3.3.jar:/Users/manoj/.m2/repository/org/mockito/mockito-junit-jupiter/4.11.0/mockito-junit-jupiter-4.11.0.jar:/Users/manoj/.m2/repository/org/junit/jupiter/junit-jupiter-api/5.8.2/junit-jupiter-api-5.8.2.jar:/Users/manoj/.m2/repository/org/opentest4j/opentest4j/1.2.0/opentest4j-1.2.0.jar:/Users/manoj/.m2/repository/org/junit/platform/junit-platform-commons/1.8.2/junit-platform-commons-1.8.2.jar:/Users/manoj/.m2/repository/org/apiguardian/apiguardian-api/1.1.2/apiguardian-api-1.1.2.jar:/Users/manoj/.m2/repository/net/bytebuddy/byte-buddy/1.14.13/byte-buddy-1.14.13.jar:/Users/manoj/.m2/repository/net/bytebuddy/byte-buddy-agent/1.14.13/byte-buddy-agent-1.14.13.jar:/Users/manoj/.m2/repository/junit/junit/4.13.2/junit-4.13.2.jar:/Users/manoj/.m2/repository/org/hamcrest/hamcrest-core/2.2/hamcrest-core-2.2.jar:"/>
    <property name="sun.cpu.endian" value="little"/>
    <property name="user.home" value="/Users/manoj"/>
    <property name="user.language" value="en"/>
    <property name="java.specification.vendor" value="Oracle Corporation"/>
    <property name="java.version.date" value="2025-04-15"/>
    <property name="java.home" value="/Library/Java/JavaVirtualMachines/temurin-21.jdk/Contents/Home"/>
    <property name="file.separator" value="/"/>
    <property name="basedir" value="/Users/manoj/Documents/GitHub/react-springboot-chat-app/backend/app"/>
    <property name="java.vm.compressedOopsMode" value="Zero based"/>
    <property name="line.separator" value="&#10;"/>
    <property name="java.vm.specification.vendor" value="Oracle Corporation"/>
    <property name="java.specification.name" value="Java Platform API Specification"/>
    <property name="apple.awt.application.name" value="ForkedBooter"/>
    <property name="surefire.real.class.path" value="/Users/manoj/Documents/GitHub/react-springboot-chat-app/backend/app/target/surefire/surefirebooter-20250626174341577_3.jar"/>
    <property name="sun.management.compiler" value="HotSpot 64-Bit Tiered Compilers"/>
    <property name="ftp.nonProxyHosts" value="local|*.local|169.254/16|*.169.254/16"/>
    <property name="java.runtime.version" value="21.0.7+6-LTS"/>
    <property name="user.name" value="manoj"/>
    <property name="stdout.encoding" value="UTF-8"/>
    <property name="path.separator" value=":"/>
    <property name="os.version" value="15.5"/>
    <property name="java.runtime.name" value="OpenJDK Runtime Environment"/>
    <property name="file.encoding" value="UTF-8"/>
    <property name="java.vm.name" value="OpenJDK 64-Bit Server VM"/>
    <property name="java.vendor.version" value="Temurin-21.0.7+6"/>
    <property name="localRepository" value="/Users/manoj/.m2/repository"/>
    <property name="java.vendor.url.bug" value="https://github.com/adoptium/adoptium-support/issues"/>
    <property name="java.io.tmpdir" value="/var/folders/5j/rpbdn1vn5jz4fw_1wbsqhg6h0000gn/T/"/>
    <property name="java.version" value="21.0.7"/>
    <property name="user.dir" value="/Users/manoj/Documents/GitHub/react-springboot-chat-app/backend/app"/>
    <property name="os.arch" value="aarch64"/>
    <property name="java.vm.specification.name" value="Java Virtual Machine Specification"/>
    <property name="native.encoding" value="UTF-8"/>
    <property name="java.library.path" value="/Users/manoj/Library/Java/Extensions:/Library/Java/Extensions:/Network/Library/Java/Extensions:/System/Library/Java/Extensions:/usr/lib/java:."/>
    <property name="java.vm.info" value="mixed mode, sharing"/>
    <property name="stderr.encoding" value="UTF-8"/>
    <property name="java.vendor" value="Eclipse Adoptium"/>
    <property name="java.vm.version" value="21.0.7+6-LTS"/>
    <property name="sun.io.unicode.encoding" value="UnicodeBig"/>
    <property name="socksNonProxyHosts" value="local|*.local|169.254/16|*.169.254/16"/>
    <property name="java.class.version" value="65.0"/>
  </properties>
  <testcase name="searchWeb_returnsStub" classname="com.example.chatapp.ChatServiceTest" time="0.372">
    <system-out><![CDATA[17:43:42.422 [main] INFO com.example.chatapp.service.ChatService - Performing web search for query: q
]]></system-out>
  </testcase>
  <testcase name="getModels_returnsModels_whenEngineExists" classname="com.example.chatapp.ChatServiceTest" time="0.018">
    <system-out><![CDATA[17:43:42.444 [main] DEBUG com.example.chatapp.service.ChatService - Fetching models for server: server1
]]></system-out>
  </testcase>
  <testcase name="resetContext_warns_whenEngineMissing" classname="com.example.chatapp.ChatServiceTest" time="0.002">
    <system-out><![CDATA[17:43:42.447 [main] WARN com.example.chatapp.service.ChatService - Attempted to reset context for unknown server: unknown
]]></system-out>
  </testcase>
  <testcase name="sendMessage_returnsUnknown_whenEngineMissing" classname="com.example.chatapp.ChatServiceTest" time="0.001">
    <system-out><![CDATA[17:43:42.449 [main] WARN com.example.chatapp.service.ChatService - Attempted to send message to unknown server: unknown
]]></system-out>
  </testcase>
  <testcase name="getModels_returnsEmpty_whenEngineMissing" classname="com.example.chatapp.ChatServiceTest" time="0.001">
    <system-out><![CDATA[17:43:42.450 [main] WARN com.example.chatapp.service.ChatService - Requested models for unknown server: unknown
]]></system-out>
  </testcase>
  <testcase name="resetContext_callsEngine_whenExists" classname="com.example.chatapp.ChatServiceTest" time="0.006">
    <system-out><![CDATA[17:43:42.452 [main] INFO com.example.chatapp.service.ChatService - Resetting context for server: server1, session: sid
]]></system-out>
  </testcase>
  <testcase name="getServers_returnsServerList" classname="com.example.chatapp.ChatServiceTest" time="0.0">
    <system-out><![CDATA[17:43:42.457 [main] DEBUG com.example.chatapp.service.ChatService - Fetching list of servers
]]></system-out>
  </testcase>
  <testcase name="sendMessage_returnsResult_whenEngineExists" classname="com.example.chatapp.ChatServiceTest" time="0.002">
    <system-out><![CDATA[17:43:42.460 [main] INFO com.example.chatapp.service.ChatService - Sending message to server: server1, model: m, session: sid
]]></system-out>
  </testcase>
</testsuite>